#
# A fatal error has been detected by the Java Runtime Environment:
#
#  SIGBUS (0xa) at pc=0x00000001380014f0, pid=14893, tid=29191
#
# JRE version: OpenJDK Runtime Environment (17.0.1+12) (build 17.0.1+12-39)
# Java VM: OpenJDK 64-Bit Server VM (17.0.1+12-39, mixed mode, sharing, tiered, compressed oops, compressed class ptrs, g1 gc, bsd-aarch64)
# Problematic frame:
# v  ~StubRoutines::SafeFetchN
#
# No core dump will be written. Core dumps have been disabled. To enable core dumping, try "ulimit -c unlimited" before starting Java again
#
# If you would like to submit a bug report, please visit:
#   https://bugreport.java.com/bugreport/crash.jsp
# The crash happened outside the Java Virtual Machine in native code.
# See problematic frame for where to report the bug.
#

---------------  S U M M A R Y ------------

Command Line: -javaagent:/Applications/IntelliJ IDEA CE.app/Contents/lib/idea_rt.jar=57518:/Applications/IntelliJ IDEA CE.app/Contents/bin -Dfile.encoding=UTF-8 --module-path=/Users/alexbigas/.m2/repository/org/openjfx/javafx-fxml/17.0.1/javafx-fxml-17.0.1-mac-aarch64.jar:/Users/alexbigas/Desktop/kursach_demo/target/classes:/Users/alexbigas/.m2/repository/org/openjfx/javafx-controls/17.0.1/javafx-controls-17.0.1-mac-aarch64.jar:/Users/alexbigas/.m2/repository/org/openjfx/javafx-graphics/17.0.1/javafx-graphics-17.0.1-mac-aarch64.jar:/Users/alexbigas/.m2/repository/org/openjfx/javafx-base/17.0.1/javafx-base-17.0.1-mac-aarch64.jar -Djdk.module.main=com.example.kursach_demo com.example.kursach_demo/com.example.kursach_demo.Main

Host: "MacBookAir10,1" arm64 1 MHz, 8 cores, 8G, Darwin 21.6.0, macOS 12.6 (21G115)
Time: Mon Nov  7 16:57:22 2022 EET elapsed time: 7.276106 seconds (0d 0h 0m 7s)

---------------  T H R E A D  ---------------

Current thread (0x00000001198e2a00):  JavaThread "InvokeLaterDispatcher" daemon [_thread_in_native, id=29191, stack(0x000000016e2a8000,0x000000016e4ab000)]

Stack: [0x000000016e2a8000,0x000000016e4ab000],  sp=0x000000016e4aa770,  free space=2057k
Native frames: (J=compiled Java code, j=interpreted, Vv=VM code, C=native code)
v  ~StubRoutines::SafeFetchN
V  [libjvm.dylib+0x7a068c]  OopStorage::release(oopDesc* const*)+0x20
V  [libjvm.dylib+0x4b98c4]  jni_DeleteGlobalRef+0xd8
C  [libglass.dylib+0xab08]  -[GlassRunnable dealloc]+0x34
C  [Foundation+0x852b8]  -[_NSThreadPerformInfo dealloc]+0x30
C  [Foundation+0x51824]  -[NSObject(NSThreadPerformAdditions) performSelectorOnMainThread:withObject:waitUntilDone:]+0x88
C  0xdb020001380098ac
J 1969 c1 com.sun.glass.ui.mac.MacApplication.submitForLaterInvocation(Ljava/lang/Runnable;)V javafx.graphics (6 bytes) @ 0x00000001389403d8 [0x0000000138940340+0x0000000000000098]
C  0x0000000786800ac0

Java frames: (J=compiled Java code, j=interpreted, Vv=VM code)
j  com.sun.glass.ui.mac.MacApplication._submitForLaterInvocation(Ljava/lang/Runnable;)V+0 javafx.graphics
J 1969 c1 com.sun.glass.ui.mac.MacApplication.submitForLaterInvocation(Ljava/lang/Runnable;)V javafx.graphics (6 bytes) @ 0x00000001389403d8 [0x0000000138940340+0x0000000000000098]
j  com.sun.glass.ui.InvokeLaterDispatcher.run()V+82 javafx.graphics
v  ~StubRoutines::call_stub

siginfo: si_signo: 10 (SIGBUS), si_code: 1 (BUS_ADRALN), si_addr: 0x00000001380014f0

Register to memory mapping:

 x0=0x0000000118e049c8 is a global jni handle
 x1=0x0 is NULL
 x2=0x0000000786b835c0 is an oop: com.sun.glass.ui.InvokeLaterDispatcher$Future 
{0x0000000786b835c0} - klass: 'com/sun/glass/ui/InvokeLaterDispatcher$Future'
 - ---- fields (total size 3 words):
 - private 'done' 'Z' @12  true
 - private final 'runnable' 'Ljava/lang/Runnable;' @16  a 'com/sun/javafx/tk/quantum/QuantumToolkit$$Lambda$85+0x0000000800c3a040'{0x00000007868e4c00} (f0d1c980)
 - final synthetic 'this$0' 'Lcom/sun/glass/ui/InvokeLaterDispatcher;' @20  a 'com/sun/glass/ui/InvokeLaterDispatcher'{0x0000000786800ac0} (f0d00158)
 x3=0x0 is NULL
 x4=0x00000000000130a8 is an unknown value
 x5=0x0 is NULL
 x6=0x0 is NULL
 x7=0x0 is NULL
 x8=0x00000001380014ec is at begin+0 in a stub
StubRoutines::SafeFetchN [0x00000001380014ec, 0x00000001380014f8] (12 bytes)
 x9=0x0 is NULL
x10=0x2010000030300000 is an unknown value
x11=0x0000000000000007 is an unknown value
x12=0x0000000000000005 is an unknown value
x13=0x000060000242c140 points into unknown readable memory: 0x7f1f8001166ee9e8 | e8 e9 6e 16 01 80 1f 7f
x14=0x0000180000000000 is an unknown value
x15=0x0000000116729f98: OBJC_CLASS_$_GlassRunnable+0 in /Users/alexbigas/.openjfx/cache/17.0.1/libglass.dylib at 0x00000001166e4000
x16=0x000000018c2c70fc: pthread_getspecific+0 in /usr/lib/system/libsystem_pthread.dylib at 0x000000018c2c5000
x17=0x0000600002e3eca0 points into unknown readable memory: 0xfffffffffffffffe | fe ff ff ff ff ff ff ff
x18=0x0 is NULL
x19=0x000060000212c150 points into unknown readable memory: 0x0000600000828170 | 70 81 82 00 00 60 00 00
x20=0x0000000118e047c0 points into unknown readable memory: 0x0000002000000744 | 44 07 00 00 20 00 00 00
x21=0x0000000118e049c8 is a global jni handle
x22=0x00000001198e2a00 is a thread
x23=0x0000000000000001 is an unknown value
x24=0x0000000118e04980 is a global jni handle
x25=0x00000001063455d8: _ZN12StubRoutines17_safefetchN_entryE+0 in /Users/alexbigas/Library/Java/JavaVirtualMachines/openjdk-17.0.1/Contents/Home/lib/server/libjvm.dylib at 0x000000010579c000
x26=0x0000000114519518 is pointing into metadata
x27=0x0 is NULL
x28=0x00000001198e2a00 is a thread


Registers:
 x0=0x0000000118e049c8  x1=0x0000000000000000  x2=0x0000000786b835c0  x3=0x0000000000000000
 x4=0x00000000000130a8  x5=0x0000000000000000  x6=0x0000000000000000  x7=0x0000000000000000
 x8=0x00000001380014ec  x9=0x0000000000000000 x10=0x2010000030300000 x11=0x0000000000000007
x12=0x0000000000000005 x13=0x000060000242c140 x14=0x0000180000000000 x15=0x0000000116729f98
x16=0x000000018c2c70fc x17=0x0000600002e3eca0 x18=0x0000000000000000 x19=0x000060000212c150
x20=0x0000000118e047c0 x21=0x0000000118e049c8 x22=0x00000001198e2a00 x23=0x0000000000000001
x24=0x0000000118e04980 x25=0x00000001063455d8 x26=0x0000000114519518 x27=0x0000000000000000
x28=0x00000001198e2a00  fp=0x000000016e4aa7b0  lr=0x0000000105f3b45c  sp=0x000000016e4aa770
pc=0x00000001380014f0 cpsr=0x0000000060001000
Top of Stack: (sp=0x000000016e4aa770)
0x000000016e4aa770:   0000000114519518 0000000000000001
0x000000016e4aa780:   000000016e4aa978 0000000000000000
0x000000016e4aa790:   00000001198e9aa8 0000000118e049b8
0x000000016e4aa7a0:   0000000118e049b8 000060000212c150
0x000000016e4aa7b0:   000000016e4aa7f0 0000000105f3c68c
0x000000016e4aa7c0:   0000000000000001 0000000118e049b8
0x000000016e4aa7d0:   00000001198e9aa8 0000000118e049b8
0x000000016e4aa7e0:   0000000000000001 00000001198e9800
0x000000016e4aa7f0:   000000016e4aa830 0000000105c558c4
0x000000016e4aa800:   000000016e4aa978 0000600000820890
0x000000016e4aa810:   00006000008207c0 00000001d6609909
0x000000016e4aa820:   0000000000000000 00006000008207c0
0x000000016e4aa830:   000000016e4aa860 00000001166eeb08
0x000000016e4aa840:   e25ea409019c0043 0000000000000000
0x000000016e4aa850:   0000000000000000 0000600001f12700
0x000000016e4aa860:   000000016e4aa8a0 000000018d29d2b8
0x000000016e4aa870:   000000016e4aa978 0000600000820890
0x000000016e4aa880:   00006000008207c0 e25ea409019c0043
0x000000016e4aa890:   0000000000000000 0000000000000000
0x000000016e4aa8a0:   000000016e4aa8e0 6e0980018d269824
0x000000016e4aa8b0:   000000016e4aa978 00000001380087c0
0x000000016e4aa8c0:   0000000000000000 000000010634cf90
0x000000016e4aa8d0:   000000016e4aa8f0 0000000138007730
0x000000016e4aa8e0:   000000016e4aa950 db020001380098ac
0x000000016e4aa8f0:   00000007868e4c00 0000000000000000
0x000000016e4aa900:   000000016e4aa900 0000000000000000
0x000000016e4aa910:   000000016e4aa978 0000000114519518
0x000000016e4aa920:   0000000786835f78 0000000000000000
0x000000016e4aa930:   0000000000000000 00000001144f7a20
0x000000016e4aa940:   0000000000000000 000000016e4aa980
0x000000016e4aa950:   000000016e4aaa60 00000001389403d8
0x000000016e4aa960:   0000000000000000 0000000000000000 

Instructions: (pc=0x00000001380014f0)
0x00000001380013f0:   f2a0c629 f2c00029 6d425935 1e640886
0x0000000138001400:   0c402d31 1e6408c7 1f5654d0 1e6c1017
0x0000000138001410:   1f5050d0 1f504cd0 1f5048d0 1e650af6
0x0000000138001420:   1f50d8f6 1f5694d6 1f5158f6 1e762880
0x0000000138001430:   36000501 1e614000 14000026 2e251ca5
0x0000000138001440:   d2843009 f2a0c629 f2c00029 6d425d36
0x0000000138001450:   1e600806 0c402d32 1f5758c7 1e6c101a
0x0000000138001460:   1f4754c7 1e650805 1f4750c7 d2866668
0x0000000138001470:   f2a7fa68 1f474cc7 1e6608c0 1f4748c7
0x0000000138001480:   1e6e1019 eb08007f 540000ac 1f479400
0x0000000138001490:   1f460340 1e603b20 1400000e d2a7fd29
0x00000001380014a0:   eb09007f 540000ac 51480069 d3607d29
0x00000001380014b0:   9e670121 14000002 1e6a5001 1f679417
0x00000001380014c0:   1f668742 1e613b23 1e773857 1e773860
0x00000001380014d0:   a8c17ff3 910003bf a8c17bfd d65f03c0
0x00000001380014e0:   b9400001 aa0103e0 d65f03c0 f9400001
0x00000001380014f0:   aa0103e0 d65f03c0 00000000 00000000
0x0000000138001500:   00000000 00000000 00000000 00000000
0x0000000138001510:   00000000 00000000 00000000 00000000
0x0000000138001520:   00000000 00000000 00000000 00000000
0x0000000138001530:   00000000 00000000 00000000 00000000
0x0000000138001540:   00000000 00000000 00000000 00000000
0x0000000138001550:   00000000 00000000 00000000 00000000
0x0000000138001560:   00000000 00000000 00000000 00000000
0x0000000138001570:   00000000 00000000 00000000 00000000
0x0000000138001580:   00000000 00000000 00000000 00000000
0x0000000138001590:   00000000 00000000 00000000 00000000
0x00000001380015a0:   00000000 00000000 00000000 00000000
0x00000001380015b0:   00000000 00000000 00000000 00000000
0x00000001380015c0:   00000000 00000000 00000000 00000000
0x00000001380015d0:   00000000 00000000 00000000 00000000
0x00000001380015e0:   00000000 00000000 00000000 00000000 


Stack slot to memory mapping:
stack at sp + 0 slots: 0x0000000114519518 is pointing into metadata
stack at sp + 1 slots: 0x0000000000000001 is an unknown value
stack at sp + 2 slots: 0x000000016e4aa978 is pointing into the stack for thread: 0x00000001198e2a00
stack at sp + 3 slots: 0x0 is NULL
stack at sp + 4 slots: 0x00000001198e9aa8 points into unknown readable memory: 0x0000000106302728 | 28 27 30 06 01 00 00 00
stack at sp + 5 slots: 0x0000000118e049b8 is a global jni handle
stack at sp + 6 slots: 0x0000000118e049b8 is a global jni handle
stack at sp + 7 slots: 0x000060000212c150 points into unknown readable memory: 0x0000600000828170 | 70 81 82 00 00 60 00 00

StubRoutines::SafeFetchN [0x00000001380014ec, 0x00000001380014f8] (12 bytes)
[MachCode]
  0x00000001380014ec: 0100 40f9 | e003 01aa | c003 5fd6 
[/MachCode]

---------------  P R O C E S S  ---------------

Threads class SMR info:
_java_thread_list=0x0000600000a3a8a0, length=20, elements={
0x000000012980e200, 0x0000000119824e00, 0x0000000119825400, 0x0000000119019a00,
0x0000000129012000, 0x000000012900dc00, 0x0000000119018200, 0x0000000129835600,
0x000000012900e200, 0x000000011901b400, 0x000000012900f600, 0x000000012900e800,
0x00000001198dfe00, 0x00000001198e2a00, 0x00000001198e9800, 0x0000000129aa8c00,
0x0000000119973400, 0x0000000119193000, 0x0000000129b07200, 0x000000011b06ce00
}

Java Threads: ( => current thread )
  0x000000012980e200 JavaThread "main" [_thread_blocked, id=9987, stack(0x000000016b8a0000,0x000000016baa3000)]
  0x0000000119824e00 JavaThread "Reference Handler" daemon [_thread_blocked, id=15619, stack(0x000000016c6f4000,0x000000016c8f7000)]
  0x0000000119825400 JavaThread "Finalizer" daemon [_thread_blocked, id=16643, stack(0x000000016c900000,0x000000016cb03000)]
  0x0000000119019a00 JavaThread "Signal Dispatcher" daemon [_thread_blocked, id=22787, stack(0x000000016cc24000,0x000000016ce27000)]
  0x0000000129012000 JavaThread "Service Thread" daemon [_thread_blocked, id=42243, stack(0x000000016ce30000,0x000000016d033000)]
  0x000000012900dc00 JavaThread "Monitor Deflation Thread" daemon [_thread_blocked, id=41987, stack(0x000000016d03c000,0x000000016d23f000)]
  0x0000000119018200 JavaThread "C2 CompilerThread0" daemon [_thread_blocked, id=41731, stack(0x000000016d248000,0x000000016d44b000)]
  0x0000000129835600 JavaThread "C1 CompilerThread0" daemon [_thread_blocked, id=41219, stack(0x000000016d454000,0x000000016d657000)]
  0x000000012900e200 JavaThread "Sweeper thread" daemon [_thread_blocked, id=40707, stack(0x000000016d660000,0x000000016d863000)]
  0x000000011901b400 JavaThread "Common-Cleaner" daemon [_thread_blocked, id=23811, stack(0x000000016d86c000,0x000000016da6f000)]
  0x000000012900f600 JavaThread "Monitor Ctrl-Break" daemon [_thread_in_native, id=39939, stack(0x000000016da78000,0x000000016dc7b000)]
  0x000000012900e800 JavaThread "Notification Thread" daemon [_thread_blocked, id=39683, stack(0x000000016dc84000,0x000000016de87000)]
  0x00000001198dfe00 JavaThread "QuantumRenderer-0" daemon [_thread_blocked, id=38915, stack(0x000000016e09c000,0x000000016e29f000)]
=>0x00000001198e2a00 JavaThread "InvokeLaterDispatcher" daemon [_thread_in_native, id=29191, stack(0x000000016e2a8000,0x000000016e4ab000)]
  0x00000001198e9800 JavaThread "JavaFX Application Thread" [_thread_in_vm, id=259, stack(0x000000016b018000,0x000000016b814000)]
  0x0000000129aa8c00 JavaThread "JavaFX-Launcher" [_thread_blocked, id=52487, stack(0x000000016e7d8000,0x000000016e9db000)]
  0x0000000119973400 JavaThread "Prism Font Disposer" daemon [_thread_blocked, id=58887, stack(0x000000016f420000,0x000000016f623000)]
  0x0000000119193000 JavaThread "Cleaner-0" daemon [_thread_blocked, id=67079, stack(0x000000016f744000,0x000000016f947000)]
  0x0000000129b07200 JavaThread "Attach Listener" daemon [_thread_blocked, id=64003, stack(0x000000016f950000,0x000000016fb53000)]
  0x000000011b06ce00 JavaThread "PulseTimer-CVDisplayLink thread" daemon [_thread_in_native, id=51723, stack(0x000000016e4b4000,0x000000016e537000)]

Other Threads:
  0x0000000118f08550 VMThread "VM Thread" [stack: 0x000000016c4e8000,0x000000016c6eb000] [id=15107]
  0x0000000128f06d90 WatcherThread [stack: 0x000000016de90000,0x000000016e093000] [id=24323]
  0x000000012a007830 GCTaskThread "GC Thread#0" [stack: 0x000000016baac000,0x000000016bcaf000] [id=19971]
  0x0000000128e3b440 GCTaskThread "GC Thread#1" [stack: 0x000000016e9e4000,0x000000016ebe7000] [id=56067]
  0x0000000128e3b6f0 GCTaskThread "GC Thread#2" [stack: 0x000000016ebf0000,0x000000016edf3000] [id=56579]
  0x0000000128e3bd90 GCTaskThread "GC Thread#3" [stack: 0x000000016edfc000,0x000000016efff000] [id=75779]
  0x0000000128e3c600 GCTaskThread "GC Thread#4" [stack: 0x000000016f008000,0x000000016f20b000] [id=75267]
  0x0000000128e3ce70 GCTaskThread "GC Thread#5" [stack: 0x000000016f214000,0x000000016f417000] [id=75011]
  0x0000000128f041f0 ConcurrentGCThread "G1 Main Marker" [stack: 0x000000016bcb8000,0x000000016bebb000] [id=19459]
  0x0000000118f041e0 ConcurrentGCThread "G1 Conc#0" [stack: 0x000000016bec4000,0x000000016c0c7000] [id=12547]
  0x000000011a8058b0 ConcurrentGCThread "G1 Refine#0" [stack: 0x000000016c0d0000,0x000000016c2d3000] [id=13059]
  0x0000000118f04a50 ConcurrentGCThread "G1 Service" [stack: 0x000000016c2dc000,0x000000016c4df000] [id=17923]

Threads with active compile tasks:

VM state: not at safepoint (normal execution)

VM Mutex/Monitor currently owned by a thread: None

Heap address: 0x0000000780000000, size: 2048 MB, Compressed Oops mode: Zero based, Oop shift amount: 3

CDS archive(s) mapped at: [0x0000000800000000-0x0000000800bd4000-0x0000000800bd4000), size 12402688, SharedBaseAddress: 0x0000000800000000, ArchiveRelocationMode: 0.
Compressed class space mapped at: 0x0000000800c00000-0x0000000840c00000, reserved size: 1073741824
Narrow klass base: 0x0000000800000000, Narrow klass shift: 0, Narrow klass range: 0x100000000

GC Precious Log:
 CPUs: 8 total, 8 available
 Memory: 8192M
 Large Page Support: Disabled
 NUMA Support: Disabled
 Compressed Oops: Enabled (Zero based)
 Heap Region Size: 1M
 Heap Min Capacity: 8M
 Heap Initial Capacity: 128M
 Heap Max Capacity: 2G
 Pre-touch: Disabled
 Parallel Workers: 8
 Concurrent Workers: 2
 Concurrent Refinement Workers: 8
 Periodic GC: Disabled

Heap:
 garbage-first heap   total 133120K, used 33420K [0x0000000780000000, 0x0000000800000000)
  region size 1024K, 31 young (31744K), 3 survivors (3072K)
 Metaspace       used 14193K, committed 14464K, reserved 1064960K
  class space    used 2157K, committed 2304K, reserved 1048576K

Heap Regions: E=young(eden), S=young(survivor), O=old, HS=humongous(starts), HC=humongous(continues), CS=collection set, F=free, OA=open archive, CA=closed archive, TAMS=top-at-mark-start (previous, next)
|   0|0x0000000780000000, 0x00000007800ab000, 0x0000000780100000| 66%| O|  |TAMS 0x0000000780000000, 0x0000000780000000| Untracked 
|   1|0x0000000780100000, 0x0000000780200000, 0x0000000780200000|100%|HS|  |TAMS 0x0000000780100000, 0x0000000780100000| Complete 
|   2|0x0000000780200000, 0x0000000780300000, 0x0000000780300000|100%|HC|  |TAMS 0x0000000780200000, 0x0000000780200000| Complete 
|   3|0x0000000780300000, 0x0000000780300000, 0x0000000780400000|  0%| F|  |TAMS 0x0000000780300000, 0x0000000780300000| Untracked 
|   4|0x0000000780400000, 0x0000000780400000, 0x0000000780500000|  0%| F|  |TAMS 0x0000000780400000, 0x0000000780400000| Untracked 
|   5|0x0000000780500000, 0x0000000780500000, 0x0000000780600000|  0%| F|  |TAMS 0x0000000780500000, 0x0000000780500000| Untracked 
|   6|0x0000000780600000, 0x0000000780600000, 0x0000000780700000|  0%| F|  |TAMS 0x0000000780600000, 0x0000000780600000| Untracked 
|   7|0x0000000780700000, 0x0000000780700000, 0x0000000780800000|  0%| F|  |TAMS 0x0000000780700000, 0x0000000780700000| Untracked 
|   8|0x0000000780800000, 0x0000000780800000, 0x0000000780900000|  0%| F|  |TAMS 0x0000000780800000, 0x0000000780800000| Untracked 
|   9|0x0000000780900000, 0x0000000780900000, 0x0000000780a00000|  0%| F|  |TAMS 0x0000000780900000, 0x0000000780900000| Untracked 
|  10|0x0000000780a00000, 0x0000000780a00000, 0x0000000780b00000|  0%| F|  |TAMS 0x0000000780a00000, 0x0000000780a00000| Untracked 
|  11|0x0000000780b00000, 0x0000000780b00000, 0x0000000780c00000|  0%| F|  |TAMS 0x0000000780b00000, 0x0000000780b00000| Untracked 
|  12|0x0000000780c00000, 0x0000000780c00000, 0x0000000780d00000|  0%| F|  |TAMS 0x0000000780c00000, 0x0000000780c00000| Untracked 
|  13|0x0000000780d00000, 0x0000000780d00000, 0x0000000780e00000|  0%| F|  |TAMS 0x0000000780d00000, 0x0000000780d00000| Untracked 
|  14|0x0000000780e00000, 0x0000000780e00000, 0x0000000780f00000|  0%| F|  |TAMS 0x0000000780e00000, 0x0000000780e00000| Untracked 
|  15|0x0000000780f00000, 0x0000000780f00000, 0x0000000781000000|  0%| F|  |TAMS 0x0000000780f00000, 0x0000000780f00000| Untracked 
|  16|0x0000000781000000, 0x0000000781000000, 0x0000000781100000|  0%| F|  |TAMS 0x0000000781000000, 0x0000000781000000| Untracked 
|  17|0x0000000781100000, 0x0000000781100000, 0x0000000781200000|  0%| F|  |TAMS 0x0000000781100000, 0x0000000781100000| Untracked 
|  18|0x0000000781200000, 0x0000000781200000, 0x0000000781300000|  0%| F|  |TAMS 0x0000000781200000, 0x0000000781200000| Untracked 
|  19|0x0000000781300000, 0x0000000781300000, 0x0000000781400000|  0%| F|  |TAMS 0x0000000781300000, 0x0000000781300000| Untracked 
|  20|0x0000000781400000, 0x0000000781400000, 0x0000000781500000|  0%| F|  |TAMS 0x0000000781400000, 0x0000000781400000| Untracked 
|  21|0x0000000781500000, 0x0000000781500000, 0x0000000781600000|  0%| F|  |TAMS 0x0000000781500000, 0x0000000781500000| Untracked 
|  22|0x0000000781600000, 0x0000000781600000, 0x0000000781700000|  0%| F|  |TAMS 0x0000000781600000, 0x0000000781600000| Untracked 
|  23|0x0000000781700000, 0x0000000781700000, 0x0000000781800000|  0%| F|  |TAMS 0x0000000781700000, 0x0000000781700000| Untracked 
|  24|0x0000000781800000, 0x0000000781800000, 0x0000000781900000|  0%| F|  |TAMS 0x0000000781800000, 0x0000000781800000| Untracked 
|  25|0x0000000781900000, 0x0000000781900000, 0x0000000781a00000|  0%| F|  |TAMS 0x0000000781900000, 0x0000000781900000| Untracked 
|  26|0x0000000781a00000, 0x0000000781a00000, 0x0000000781b00000|  0%| F|  |TAMS 0x0000000781a00000, 0x0000000781a00000| Untracked 
|  27|0x0000000781b00000, 0x0000000781b00000, 0x0000000781c00000|  0%| F|  |TAMS 0x0000000781b00000, 0x0000000781b00000| Untracked 
|  28|0x0000000781c00000, 0x0000000781c00000, 0x0000000781d00000|  0%| F|  |TAMS 0x0000000781c00000, 0x0000000781c00000| Untracked 
|  29|0x0000000781d00000, 0x0000000781d00000, 0x0000000781e00000|  0%| F|  |TAMS 0x0000000781d00000, 0x0000000781d00000| Untracked 
|  30|0x0000000781e00000, 0x0000000781e00000, 0x0000000781f00000|  0%| F|  |TAMS 0x0000000781e00000, 0x0000000781e00000| Untracked 
|  31|0x0000000781f00000, 0x0000000781f00000, 0x0000000782000000|  0%| F|  |TAMS 0x0000000781f00000, 0x0000000781f00000| Untracked 
|  32|0x0000000782000000, 0x0000000782000000, 0x0000000782100000|  0%| F|  |TAMS 0x0000000782000000, 0x0000000782000000| Untracked 
|  33|0x0000000782100000, 0x0000000782100000, 0x0000000782200000|  0%| F|  |TAMS 0x0000000782100000, 0x0000000782100000| Untracked 
|  34|0x0000000782200000, 0x0000000782200000, 0x0000000782300000|  0%| F|  |TAMS 0x0000000782200000, 0x0000000782200000| Untracked 
|  35|0x0000000782300000, 0x0000000782300000, 0x0000000782400000|  0%| F|  |TAMS 0x0000000782300000, 0x0000000782300000| Untracked 
|  36|0x0000000782400000, 0x0000000782400000, 0x0000000782500000|  0%| F|  |TAMS 0x0000000782400000, 0x0000000782400000| Untracked 
|  37|0x0000000782500000, 0x0000000782500000, 0x0000000782600000|  0%| F|  |TAMS 0x0000000782500000, 0x0000000782500000| Untracked 
|  38|0x0000000782600000, 0x0000000782600000, 0x0000000782700000|  0%| F|  |TAMS 0x0000000782600000, 0x0000000782600000| Untracked 
|  39|0x0000000782700000, 0x0000000782700000, 0x0000000782800000|  0%| F|  |TAMS 0x0000000782700000, 0x0000000782700000| Untracked 
|  40|0x0000000782800000, 0x0000000782800000, 0x0000000782900000|  0%| F|  |TAMS 0x0000000782800000, 0x0000000782800000| Untracked 
|  41|0x0000000782900000, 0x0000000782900000, 0x0000000782a00000|  0%| F|  |TAMS 0x0000000782900000, 0x0000000782900000| Untracked 
|  42|0x0000000782a00000, 0x0000000782a00000, 0x0000000782b00000|  0%| F|  |TAMS 0x0000000782a00000, 0x0000000782a00000| Untracked 
|  43|0x0000000782b00000, 0x0000000782b00000, 0x0000000782c00000|  0%| F|  |TAMS 0x0000000782b00000, 0x0000000782b00000| Untracked 
|  44|0x0000000782c00000, 0x0000000782c00000, 0x0000000782d00000|  0%| F|  |TAMS 0x0000000782c00000, 0x0000000782c00000| Untracked 
|  45|0x0000000782d00000, 0x0000000782d00000, 0x0000000782e00000|  0%| F|  |TAMS 0x0000000782d00000, 0x0000000782d00000| Untracked 
|  46|0x0000000782e00000, 0x0000000782e00000, 0x0000000782f00000|  0%| F|  |TAMS 0x0000000782e00000, 0x0000000782e00000| Untracked 
|  47|0x0000000782f00000, 0x0000000782f00000, 0x0000000783000000|  0%| F|  |TAMS 0x0000000782f00000, 0x0000000782f00000| Untracked 
|  48|0x0000000783000000, 0x0000000783000000, 0x0000000783100000|  0%| F|  |TAMS 0x0000000783000000, 0x0000000783000000| Untracked 
|  49|0x0000000783100000, 0x0000000783100000, 0x0000000783200000|  0%| F|  |TAMS 0x0000000783100000, 0x0000000783100000| Untracked 
|  50|0x0000000783200000, 0x0000000783200000, 0x0000000783300000|  0%| F|  |TAMS 0x0000000783200000, 0x0000000783200000| Untracked 
|  51|0x0000000783300000, 0x0000000783300000, 0x0000000783400000|  0%| F|  |TAMS 0x0000000783300000, 0x0000000783300000| Untracked 
|  52|0x0000000783400000, 0x0000000783400000, 0x0000000783500000|  0%| F|  |TAMS 0x0000000783400000, 0x0000000783400000| Untracked 
|  53|0x0000000783500000, 0x0000000783500000, 0x0000000783600000|  0%| F|  |TAMS 0x0000000783500000, 0x0000000783500000| Untracked 
|  54|0x0000000783600000, 0x0000000783600000, 0x0000000783700000|  0%| F|  |TAMS 0x0000000783600000, 0x0000000783600000| Untracked 
|  55|0x0000000783700000, 0x0000000783700000, 0x0000000783800000|  0%| F|  |TAMS 0x0000000783700000, 0x0000000783700000| Untracked 
|  56|0x0000000783800000, 0x0000000783800000, 0x0000000783900000|  0%| F|  |TAMS 0x0000000783800000, 0x0000000783800000| Untracked 
|  57|0x0000000783900000, 0x0000000783900000, 0x0000000783a00000|  0%| F|  |TAMS 0x0000000783900000, 0x0000000783900000| Untracked 
|  58|0x0000000783a00000, 0x0000000783a00000, 0x0000000783b00000|  0%| F|  |TAMS 0x0000000783a00000, 0x0000000783a00000| Untracked 
|  59|0x0000000783b00000, 0x0000000783b00000, 0x0000000783c00000|  0%| F|  |TAMS 0x0000000783b00000, 0x0000000783b00000| Untracked 
|  60|0x0000000783c00000, 0x0000000783c00000, 0x0000000783d00000|  0%| F|  |TAMS 0x0000000783c00000, 0x0000000783c00000| Untracked 
|  61|0x0000000783d00000, 0x0000000783d00000, 0x0000000783e00000|  0%| F|  |TAMS 0x0000000783d00000, 0x0000000783d00000| Untracked 
|  62|0x0000000783e00000, 0x0000000783e00000, 0x0000000783f00000|  0%| F|  |TAMS 0x0000000783e00000, 0x0000000783e00000| Untracked 
|  63|0x0000000783f00000, 0x0000000783f00000, 0x0000000784000000|  0%| F|  |TAMS 0x0000000783f00000, 0x0000000783f00000| Untracked 
|  64|0x0000000784000000, 0x0000000784000000, 0x0000000784100000|  0%| F|  |TAMS 0x0000000784000000, 0x0000000784000000| Untracked 
|  65|0x0000000784100000, 0x0000000784100000, 0x0000000784200000|  0%| F|  |TAMS 0x0000000784100000, 0x0000000784100000| Untracked 
|  66|0x0000000784200000, 0x0000000784200000, 0x0000000784300000|  0%| F|  |TAMS 0x0000000784200000, 0x0000000784200000| Untracked 
|  67|0x0000000784300000, 0x0000000784300000, 0x0000000784400000|  0%| F|  |TAMS 0x0000000784300000, 0x0000000784300000| Untracked 
|  68|0x0000000784400000, 0x0000000784400000, 0x0000000784500000|  0%| F|  |TAMS 0x0000000784400000, 0x0000000784400000| Untracked 
|  69|0x0000000784500000, 0x0000000784500000, 0x0000000784600000|  0%| F|  |TAMS 0x0000000784500000, 0x0000000784500000| Untracked 
|  70|0x0000000784600000, 0x0000000784600000, 0x0000000784700000|  0%| F|  |TAMS 0x0000000784600000, 0x0000000784600000| Untracked 
|  71|0x0000000784700000, 0x0000000784700000, 0x0000000784800000|  0%| F|  |TAMS 0x0000000784700000, 0x0000000784700000| Untracked 
|  72|0x0000000784800000, 0x0000000784800000, 0x0000000784900000|  0%| F|  |TAMS 0x0000000784800000, 0x0000000784800000| Untracked 
|  73|0x0000000784900000, 0x0000000784900000, 0x0000000784a00000|  0%| F|  |TAMS 0x0000000784900000, 0x0000000784900000| Untracked 
|  74|0x0000000784a00000, 0x0000000784a00000, 0x0000000784b00000|  0%| F|  |TAMS 0x0000000784a00000, 0x0000000784a00000| Untracked 
|  75|0x0000000784b00000, 0x0000000784b00000, 0x0000000784c00000|  0%| F|  |TAMS 0x0000000784b00000, 0x0000000784b00000| Untracked 
|  76|0x0000000784c00000, 0x0000000784c00000, 0x0000000784d00000|  0%| F|  |TAMS 0x0000000784c00000, 0x0000000784c00000| Untracked 
|  77|0x0000000784d00000, 0x0000000784d00000, 0x0000000784e00000|  0%| F|  |TAMS 0x0000000784d00000, 0x0000000784d00000| Untracked 
|  78|0x0000000784e00000, 0x0000000784e00000, 0x0000000784f00000|  0%| F|  |TAMS 0x0000000784e00000, 0x0000000784e00000| Untracked 
|  79|0x0000000784f00000, 0x0000000784f00000, 0x0000000785000000|  0%| F|  |TAMS 0x0000000784f00000, 0x0000000784f00000| Untracked 
|  80|0x0000000785000000, 0x0000000785000000, 0x0000000785100000|  0%| F|  |TAMS 0x0000000785000000, 0x0000000785000000| Untracked 
|  81|0x0000000785100000, 0x0000000785100000, 0x0000000785200000|  0%| F|  |TAMS 0x0000000785100000, 0x0000000785100000| Untracked 
|  82|0x0000000785200000, 0x0000000785200000, 0x0000000785300000|  0%| F|  |TAMS 0x0000000785200000, 0x0000000785200000| Untracked 
|  83|0x0000000785300000, 0x0000000785300000, 0x0000000785400000|  0%| F|  |TAMS 0x0000000785300000, 0x0000000785300000| Untracked 
|  84|0x0000000785400000, 0x0000000785400000, 0x0000000785500000|  0%| F|  |TAMS 0x0000000785400000, 0x0000000785400000| Untracked 
|  85|0x0000000785500000, 0x0000000785500000, 0x0000000785600000|  0%| F|  |TAMS 0x0000000785500000, 0x0000000785500000| Untracked 
|  86|0x0000000785600000, 0x0000000785600000, 0x0000000785700000|  0%| F|  |TAMS 0x0000000785600000, 0x0000000785600000| Untracked 
|  87|0x0000000785700000, 0x0000000785700000, 0x0000000785800000|  0%| F|  |TAMS 0x0000000785700000, 0x0000000785700000| Untracked 
|  88|0x0000000785800000, 0x0000000785800000, 0x0000000785900000|  0%| F|  |TAMS 0x0000000785800000, 0x0000000785800000| Untracked 
|  89|0x0000000785900000, 0x0000000785900000, 0x0000000785a00000|  0%| F|  |TAMS 0x0000000785900000, 0x0000000785900000| Untracked 
|  90|0x0000000785a00000, 0x0000000785a00000, 0x0000000785b00000|  0%| F|  |TAMS 0x0000000785a00000, 0x0000000785a00000| Untracked 
|  91|0x0000000785b00000, 0x0000000785b00000, 0x0000000785c00000|  0%| F|  |TAMS 0x0000000785b00000, 0x0000000785b00000| Untracked 
|  92|0x0000000785c00000, 0x0000000785c00000, 0x0000000785d00000|  0%| F|  |TAMS 0x0000000785c00000, 0x0000000785c00000| Untracked 
|  93|0x0000000785d00000, 0x0000000785d00000, 0x0000000785e00000|  0%| F|  |TAMS 0x0000000785d00000, 0x0000000785d00000| Untracked 
|  94|0x0000000785e00000, 0x0000000785e00000, 0x0000000785f00000|  0%| F|  |TAMS 0x0000000785e00000, 0x0000000785e00000| Untracked 
|  95|0x0000000785f00000, 0x0000000785f00000, 0x0000000786000000|  0%| F|  |TAMS 0x0000000785f00000, 0x0000000785f00000| Untracked 
|  96|0x0000000786000000, 0x0000000786000000, 0x0000000786100000|  0%| F|  |TAMS 0x0000000786000000, 0x0000000786000000| Untracked 
|  97|0x0000000786100000, 0x00000007861c7ec8, 0x0000000786200000| 78%| E|  |TAMS 0x0000000786100000, 0x0000000786100000| Complete 
|  98|0x0000000786200000, 0x0000000786300000, 0x0000000786300000|100%| E|CS|TAMS 0x0000000786200000, 0x0000000786200000| Complete 
|  99|0x0000000786300000, 0x0000000786400000, 0x0000000786400000|100%| E|CS|TAMS 0x0000000786300000, 0x0000000786300000| Complete 
| 100|0x0000000786400000, 0x0000000786500000, 0x0000000786500000|100%| E|CS|TAMS 0x0000000786400000, 0x0000000786400000| Complete 
| 101|0x0000000786500000, 0x0000000786600000, 0x0000000786600000|100%| E|CS|TAMS 0x0000000786500000, 0x0000000786500000| Complete 
| 102|0x0000000786600000, 0x0000000786700000, 0x0000000786700000|100%| S|CS|TAMS 0x0000000786600000, 0x0000000786600000| Complete 
| 103|0x0000000786700000, 0x0000000786800000, 0x0000000786800000|100%| S|CS|TAMS 0x0000000786700000, 0x0000000786700000| Complete 
| 104|0x0000000786800000, 0x0000000786900000, 0x0000000786900000|100%| S|CS|TAMS 0x0000000786800000, 0x0000000786800000| Complete 
| 105|0x0000000786900000, 0x0000000786a00000, 0x0000000786a00000|100%| E|CS|TAMS 0x0000000786900000, 0x0000000786900000| Complete 
| 106|0x0000000786a00000, 0x0000000786b00000, 0x0000000786b00000|100%| E|CS|TAMS 0x0000000786a00000, 0x0000000786a00000| Complete 
| 107|0x0000000786b00000, 0x0000000786c00000, 0x0000000786c00000|100%| E|CS|TAMS 0x0000000786b00000, 0x0000000786b00000| Complete 
| 108|0x0000000786c00000, 0x0000000786d00000, 0x0000000786d00000|100%| E|CS|TAMS 0x0000000786c00000, 0x0000000786c00000| Complete 
| 109|0x0000000786d00000, 0x0000000786e00000, 0x0000000786e00000|100%| E|CS|TAMS 0x0000000786d00000, 0x0000000786d00000| Complete 
| 110|0x0000000786e00000, 0x0000000786f00000, 0x0000000786f00000|100%| E|CS|TAMS 0x0000000786e00000, 0x0000000786e00000| Complete 
| 111|0x0000000786f00000, 0x0000000787000000, 0x0000000787000000|100%| E|CS|TAMS 0x0000000786f00000, 0x0000000786f00000| Complete 
| 112|0x0000000787000000, 0x0000000787100000, 0x0000000787100000|100%| E|CS|TAMS 0x0000000787000000, 0x0000000787000000| Complete 
| 113|0x0000000787100000, 0x0000000787200000, 0x0000000787200000|100%| E|  |TAMS 0x0000000787100000, 0x0000000787100000| Complete 
| 114|0x0000000787200000, 0x0000000787300000, 0x0000000787300000|100%| E|CS|TAMS 0x0000000787200000, 0x0000000787200000| Complete 
| 115|0x0000000787300000, 0x0000000787400000, 0x0000000787400000|100%| E|CS|TAMS 0x0000000787300000, 0x0000000787300000| Complete 
| 116|0x0000000787400000, 0x0000000787500000, 0x0000000787500000|100%| E|CS|TAMS 0x0000000787400000, 0x0000000787400000| Complete 
| 117|0x0000000787500000, 0x0000000787600000, 0x0000000787600000|100%| E|CS|TAMS 0x0000000787500000, 0x0000000787500000| Complete 
| 118|0x0000000787600000, 0x0000000787700000, 0x0000000787700000|100%| E|CS|TAMS 0x0000000787600000, 0x0000000787600000| Complete 
| 119|0x0000000787700000, 0x0000000787800000, 0x0000000787800000|100%| E|CS|TAMS 0x0000000787700000, 0x0000000787700000| Complete 
| 120|0x0000000787800000, 0x0000000787900000, 0x0000000787900000|100%| E|CS|TAMS 0x0000000787800000, 0x0000000787800000| Complete 
| 121|0x0000000787900000, 0x0000000787a00000, 0x0000000787a00000|100%| E|CS|TAMS 0x0000000787900000, 0x0000000787900000| Complete 
| 122|0x0000000787a00000, 0x0000000787b00000, 0x0000000787b00000|100%| E|CS|TAMS 0x0000000787a00000, 0x0000000787a00000| Complete 
| 123|0x0000000787b00000, 0x0000000787c00000, 0x0000000787c00000|100%| E|CS|TAMS 0x0000000787b00000, 0x0000000787b00000| Complete 
| 124|0x0000000787c00000, 0x0000000787d00000, 0x0000000787d00000|100%| E|CS|TAMS 0x0000000787c00000, 0x0000000787c00000| Complete 
| 125|0x0000000787d00000, 0x0000000787e00000, 0x0000000787e00000|100%| E|CS|TAMS 0x0000000787d00000, 0x0000000787d00000| Complete 
| 126|0x0000000787e00000, 0x0000000787f00000, 0x0000000787f00000|100%| E|CS|TAMS 0x0000000787e00000, 0x0000000787e00000| Complete 
| 127|0x0000000787f00000, 0x0000000788000000, 0x0000000788000000|100%| E|CS|TAMS 0x0000000787f00000, 0x0000000787f00000| Complete 
|2046|0x00000007ffe00000, 0x00000007ffe78000, 0x00000007fff00000| 46%|OA|  |TAMS 0x00000007ffe00000, 0x00000007ffe00000| Untracked 
|2047|0x00000007fff00000, 0x00000007fff80000, 0x0000000800000000| 50%|CA|  |TAMS 0x00000007fff00000, 0x00000007fff00000| Untracked 

Card table byte_map: [0x0000000104f18000,0x0000000105318000] _byte_map_base: 0x0000000101318000

Marking Bits (Prev, Next): (CMBitMap*) 0x000000011a008210, (CMBitMap*) 0x000000011a008250
 Prev Bits: [0x000000010de28000, 0x000000010fe28000)
 Next Bits: [0x000000010fe28000, 0x0000000111e28000)

Polling page: 0x0000000104770000

Metaspace:

Usage:
  Non-class:     11.75 MB used.
      Class:      2.11 MB used.
       Both:     13.86 MB used.

Virtual space:
  Non-class space:       16.00 MB reserved,      11.88 MB ( 74%) committed,  2 nodes.
      Class space:        1.00 GB reserved,       2.25 MB ( <1%) committed,  1 nodes.
             Both:        1.02 GB reserved,      14.12 MB (  1%) committed. 

Chunk freelists:
   Non-Class:  3.55 MB
       Class:  1.62 MB
        Both:  5.17 MB

MaxMetaspaceSize: unlimited
CompressedClassSpaceSize: 1.00 GB
Initial GC threshold: 21.00 MB
Current GC threshold: 21.00 MB
CDS: on
MetaspaceReclaimPolicy: balanced
 - commit_granule_bytes: 65536.
 - commit_granule_words: 8192.
 - virtual_space_node_default_size: 1048576.
 - enlarge_chunks_in_place: 1.
 - new_chunks_are_fully_committed: 0.
 - uncommit_free_chunks: 1.
 - use_allocation_guard: 0.
 - handle_deallocations: 1.


Internal statistics:

num_allocs_failed_limit: 0.
num_arena_births: 158.
num_arena_deaths: 0.
num_vsnodes_births: 3.
num_vsnodes_deaths: 0.
num_space_committed: 226.
num_space_uncommitted: 0.
num_chunks_returned_to_freelist: 0.
num_chunks_taken_from_freelist: 606.
num_chunk_merges: 0.
num_chunk_splits: 434.
num_chunks_enlarged: 352.
num_purges: 0.
num_inconsistent_stats: 0.

CodeHeap 'non-profiled nmethods': size=120032Kb used=750Kb max_used=750Kb free=119282Kb
 bounds [0x000000013fac8000, 0x000000013fd38000, 0x0000000147000000]
CodeHeap 'profiled nmethods': size=120016Kb used=3906Kb max_used=3906Kb free=116109Kb
 bounds [0x0000000138594000, 0x0000000138974000, 0x000000013fac8000]
CodeHeap 'non-nmethods': size=5712Kb used=1371Kb max_used=1449Kb free=4340Kb
 bounds [0x0000000138000000, 0x0000000138270000, 0x0000000138594000]
 total_blobs=2770 nmethods=2011 adapters=675
 compilation: enabled
              stopped_count=0, restarted_count=0
 full_count=0

Compilation events (20 events):
Event: 6.878 Thread 0x0000000129835600 2062       1       com.sun.prism.impl.BaseContext::getPerspectiveTransformNoClone (5 bytes)
Event: 6.878 Thread 0x0000000129835600 nmethod 2062 0x000000013fb82910 code [0x000000013fb82a80, 0x000000013fb82b68]
Event: 6.878 Thread 0x0000000129835600 2063       1       com.sun.prism.es2.ES2Shader::isPixcoordUsed (5 bytes)
Event: 6.878 Thread 0x0000000129835600 nmethod 2063 0x000000013fb82c10 code [0x000000013fb82d80, 0x000000013fb82e68]
Event: 6.878 Thread 0x0000000129835600 2064       3       com.sun.prism.impl.ManagedResource::isValid (20 bytes)
Event: 6.878 Thread 0x0000000129835600 nmethod 2064 0x0000000138961d90 code [0x0000000138961f40, 0x0000000138962128]
Event: 6.878 Thread 0x0000000129835600 2065       3       javafx.scene.Node::isPickOnBounds (19 bytes)
Event: 6.878 Thread 0x0000000129835600 nmethod 2065 0x0000000138962210 code [0x00000001389623c0, 0x0000000138962798]
Event: 6.878 Thread 0x0000000129835600 2066       3       com.sun.javafx.geom.RectBounds::intersects (98 bytes)
Event: 6.879 Thread 0x0000000129835600 nmethod 2066 0x0000000138962910 code [0x0000000138962bc0, 0x00000001389637b8]
Event: 6.879 Thread 0x0000000129835600 2067       1       com.sun.javafx.sg.prism.NGGroup::getChildren (5 bytes)
Event: 6.879 Thread 0x0000000129835600 nmethod 2067 0x000000013fb82f10 code [0x000000013fb83080, 0x000000013fb83168]
Event: 6.879 Thread 0x0000000129835600 2068       3       com.sun.javafx.geom.transform.AffineBase::is2D (24 bytes)
Event: 6.879 Thread 0x0000000129835600 nmethod 2068 0x0000000138963a10 code [0x0000000138963c00, 0x0000000138964108]
Event: 6.879 Thread 0x0000000129835600 2069       3       com.sun.javafx.sg.prism.NGGroup::clearDirty (21 bytes)
Event: 6.879 Thread 0x0000000129835600 nmethod 2069 0x0000000138964210 code [0x0000000138964400, 0x0000000138964848]
Event: 6.879 Thread 0x0000000129835600 2070       1       com.sun.prism.impl.ManagedResource::isPermanent (5 bytes)
Event: 6.879 Thread 0x0000000129835600 nmethod 2070 0x000000013fb83210 code [0x000000013fb83380, 0x000000013fb83468]
Event: 7.258 Thread 0x0000000119018200 2071       4       jdk.internal.misc.Unsafe::weakCompareAndSetInt (11 bytes)
Event: 7.259 Thread 0x0000000119018200 nmethod 2071 0x000000013fb83510 code [0x000000013fb83680, 0x000000013fb83720]

GC Heap History (2 events):
Event: 0.466 GC heap before
{Heap before GC invocations=0 (full 0):
 garbage-first heap   total 133120K, used 23520K [0x0000000780000000, 0x0000000800000000)
  region size 1024K, 23 young (23552K), 0 survivors (0K)
 Metaspace       used 6821K, committed 7040K, reserved 1056768K
  class space    used 873K, committed 960K, reserved 1048576K
}
Event: 0.486 GC heap after
{Heap after GC invocations=1 (full 0):
 garbage-first heap   total 133120K, used 4748K [0x0000000780000000, 0x0000000800000000)
  region size 1024K, 3 young (3072K), 3 survivors (3072K)
 Metaspace       used 6821K, committed 7040K, reserved 1056768K
  class space    used 873K, committed 960K, reserved 1048576K
}

Deoptimization events (20 events):
Event: 4.810 Thread 0x00000001198dfe00 DEOPT PACKING pc=0x00000001388a4510 sp=0x000000016e29d5b0
Event: 4.810 Thread 0x00000001198dfe00 DEOPT UNPACKING pc=0x000000013803eb7c sp=0x000000016e29d160 mode 0
Event: 5.313 Thread 0x00000001198dfe00 DEOPT PACKING pc=0x00000001388dd254 sp=0x000000016e29c810
Event: 5.313 Thread 0x00000001198dfe00 DEOPT UNPACKING pc=0x000000013803eb7c sp=0x000000016e29c430 mode 0
Event: 5.812 Thread 0x00000001198dfe00 DEOPT PACKING pc=0x0000000138918694 sp=0x000000016e29c6f0
Event: 5.812 Thread 0x00000001198dfe00 DEOPT UNPACKING pc=0x000000013803eb7c sp=0x000000016e29c2f0 mode 0
Event: 5.978 Thread 0x00000001198dfe00 Uncommon trap: trap_request=0xffffff45 fr.pc=0x000000013fb5eec4 relative=0x0000000000000704
Event: 5.978 Thread 0x00000001198dfe00 Uncommon trap: reason=unstable_if action=reinterpret pc=0x000000013fb5eec4 method=com.sun.marlin.MaskMarlinAlphaConsumer.setAndClearRelativeAlphas([I[IIII)V @ 548 c2
Event: 5.978 Thread 0x00000001198dfe00 DEOPT PACKING pc=0x000000013fb5eec4 sp=0x000000016e29d700
Event: 5.978 Thread 0x00000001198dfe00 DEOPT UNPACKING pc=0x000000013803ed1c sp=0x000000016e29d610 mode 2
Event: 5.979 Thread 0x00000001198dfe00 DEOPT PACKING pc=0x00000001388a33e0 sp=0x000000016e29d7b0
Event: 5.979 Thread 0x00000001198dfe00 DEOPT UNPACKING pc=0x000000013803eb7c sp=0x000000016e29d450 mode 0
Event: 5.981 Thread 0x00000001198dfe00 DEOPT PACKING pc=0x000000013894d3a0 sp=0x000000016e29c6e0
Event: 5.981 Thread 0x00000001198dfe00 DEOPT UNPACKING pc=0x000000013803eb7c sp=0x000000016e29c340 mode 0
Event: 5.981 Thread 0x00000001198dfe00 DEOPT PACKING pc=0x000000013894d3a0 sp=0x000000016e29c6e0
Event: 5.981 Thread 0x00000001198dfe00 DEOPT UNPACKING pc=0x000000013803eb7c sp=0x000000016e29c340 mode 0
Event: 5.981 Thread 0x00000001198dfe00 DEOPT PACKING pc=0x000000013894d3a0 sp=0x000000016e29c6e0
Event: 5.981 Thread 0x00000001198dfe00 DEOPT UNPACKING pc=0x000000013803eb7c sp=0x000000016e29c340 mode 0
Event: 5.981 Thread 0x00000001198dfe00 DEOPT PACKING pc=0x000000013894d3a0 sp=0x000000016e29c6e0
Event: 5.981 Thread 0x00000001198dfe00 DEOPT UNPACKING pc=0x000000013803eb7c sp=0x000000016e29c340 mode 0

Classes unloaded (0 events):
No events

Classes redefined (0 events):
No events

Internal exceptions (20 events):
Event: 0.388 Thread 0x00000001198e9800 Exception <a 'java/lang/NullPointerException'{0x0000000786e18100}> (0x0000000786e18100) 
thrown [open/src/hotspot/share/interpreter/linkResolver.cpp, line 1357]
Event: 0.465 Thread 0x00000001198e9800 Exception <a 'java/lang/NoSuchMethodError'{0x00000007869f2920}: 'void java.lang.invoke.DirectMethodHandle$Holder.invokeStaticInit(java.lang.Object, java.lang.Object)'> (0x00000007869f2920) 
thrown [open/src/hotspot/share/interpreter/linkResolver.cpp, line 766]
Event: 0.491 Thread 0x00000001198e9800 Exception <a 'java/lang/NoSuchMethodError'{0x0000000787f54fc8}: 'void java.lang.invoke.DirectMethodHandle$Holder.invokeSpecial(java.lang.Object, java.lang.Object, java.lang.Object, java.lang.Object, java.lang.Object)'> (0x0000000787f54fc8) 
thrown [open/src/hotspot/share/interpreter/linkResolver.cpp, line 766]
Event: 0.496 Thread 0x00000001198e9800 Exception <a 'sun/nio/fs/UnixException'{0x0000000787fb3e88}> (0x0000000787fb3e88) 
thrown [open/src/hotspot/share/prims/jni.cpp, line 516]
Event: 0.583 Thread 0x00000001198e9800 Exception <a 'sun/nio/fs/UnixException'{0x0000000787ce4708}> (0x0000000787ce4708) 
thrown [open/src/hotspot/share/prims/jni.cpp, line 516]
Event: 0.592 Thread 0x00000001198e9800 Implicit null exception at 0x000000013fb0e1d4 to 0x000000013fb0e540
Event: 0.593 Thread 0x00000001198e9800 Implicit null exception at 0x000000013fb0b394 to 0x000000013fb0b710
Event: 0.673 Thread 0x00000001198e9800 Exception <a 'java/lang/NoSuchMethodError'{0x00000007876676c0}: 'java.lang.Object java.lang.invoke.DirectMethodHandle$Holder.invokeInterface(java.lang.Object, java.lang.Object, java.lang.Object)'> (0x00000007876676c0) 
thrown [open/src/hotspot/share/interpreter/linkResolver.cpp, line 766]
Event: 0.673 Thread 0x00000001198e9800 Exception <a 'java/lang/IncompatibleClassChangeError'{0x000000078766b048}: Found class java.lang.Object, but interface was expected> (0x000000078766b048) 
thrown [open/src/hotspot/share/interpreter/linkResolver.cpp, line 833]
Event: 0.690 Thread 0x00000001198e9800 Exception <a 'java/lang/ClassNotFoundException'{0x00000007874897d8}: com/sun/javafx/scene/control/skin/resources/controls> (0x00000007874897d8) 
thrown [open/src/hotspot/share/prims/jni.cpp, line 535]
Event: 0.690 Thread 0x00000001198e9800 Exception <a 'java/lang/ClassNotFoundException'{0x0000000787497778}: com/sun/javafx/scene/control/skin/resources/controls_en> (0x0000000787497778) 
thrown [open/src/hotspot/share/prims/jni.cpp, line 535]
Event: 0.690 Thread 0x00000001198e9800 Exception <a 'java/lang/ClassNotFoundException'{0x0000000787498710}: com/sun/javafx/scene/control/skin/resources/controls_en_GB> (0x0000000787498710) 
thrown [open/src/hotspot/share/prims/jni.cpp, line 535]
Event: 0.707 Thread 0x00000001198e9800 Exception <a 'java/lang/NoSuchMethodError'{0x00000007872bcc80}: 'void java.lang.invoke.DirectMethodHandle$Holder.invokeSpecial(java.lang.Object, java.lang.Object, java.lang.Object, java.lang.Object, java.lang.Object, java.lang.Object)'> (0x00000007872bcc80) 
thrown [open/src/hotspot/share/interpreter/linkResolver.cpp, line 766]
Event: 0.757 Thread 0x00000001198e9800 Exception <a 'java/lang/NoSuchMethodError'{0x0000000786b120d0}: 'java.lang.Object java.lang.invoke.DirectMethodHandle$Holder.newInvokeSpecial(java.lang.Object, java.lang.Object, int, int)'> (0x0000000786b120d0) 
thrown [open/src/hotspot/share/interpreter/linkResolver.cpp, line 766]
Event: 0.762 Thread 0x00000001198e9800 Exception <a 'java/lang/NoSuchMethodError'{0x0000000786b2cf80}: 'java.lang.Object java.lang.invoke.DirectMethodHandle$Holder.newInvokeSpecial(java.lang.Object, java.lang.Object, int)'> (0x0000000786b2cf80) 
thrown [open/src/hotspot/share/interpreter/linkResolver.cpp, line 766]
Event: 0.815 Thread 0x00000001198dfe00 Exception <a 'java/lang/NoSuchMethodError'{0x0000000786906c60}: 'int java.lang.invoke.DirectMethodHandle$Holder.invokeStaticInit(java.lang.Object, java.lang.Object)'> (0x0000000786906c60) 
thrown [open/src/hotspot/share/interpreter/linkResolver.cpp, line 766]
Event: 0.817 Thread 0x00000001198e9800 Exception <a 'java/lang/NoSuchMethodError'{0x000000078697f200}: 'long java.lang.invoke.DirectMethodHandle$Holder.invokeStatic(java.lang.Object, java.lang.Object, java.lang.Object)'> (0x000000078697f200) 
thrown [open/src/hotspot/share/interpreter/linkResolver.cpp, line 766]
Event: 0.817 Thread 0x00000001198e9800 Exception <a 'java/lang/NoSuchMethodError'{0x00000007869829a8}: 'long java.lang.invoke.DirectMethodHandle$Holder.invokeStaticInit(java.lang.Object, java.lang.Object, java.lang.Object)'> (0x00000007869829a8) 
thrown [open/src/hotspot/share/interpreter/linkResolver.cpp, line 766]
Event: 0.818 Thread 0x00000001198e9800 Exception <a 'java/lang/NoSuchMethodError'{0x000000078699a5b0}: 'java.lang.Object java.lang.invoke.DirectMethodHandle$Holder.newInvokeSpecial(java.lang.Object, java.lang.Object, long)'> (0x000000078699a5b0) 
thrown [open/src/hotspot/share/interpreter/linkResolver.cpp, line 766]
Event: 0.818 Thread 0x00000001198e9800 Exception <a 'java/lang/NoSuchMethodError'{0x000000078699de78}: 'java.lang.Object java.lang.invoke.Invokers$Holder.linkToTargetMethod(java.lang.Object, long, java.lang.Object)'> (0x000000078699de78) 
thrown [open/src/hotspot/share/interpreter/linkResolver.cpp, line 766]

VM Operations (20 events):
Event: 0.563 Executing VM operation: HandshakeAllThreads
Event: 0.563 Executing VM operation: HandshakeAllThreads done
Event: 0.699 Executing VM operation: ICBufferFull
Event: 0.699 Executing VM operation: ICBufferFull done
Event: 0.745 Executing VM operation: ICBufferFull
Event: 0.745 Executing VM operation: ICBufferFull done
Event: 1.129 Executing VM operation: ICBufferFull
Event: 1.129 Executing VM operation: ICBufferFull done
Event: 2.134 Executing VM operation: Cleanup
Event: 2.134 Executing VM operation: Cleanup done
Event: 3.138 Executing VM operation: Cleanup
Event: 3.138 Executing VM operation: Cleanup done
Event: 4.141 Executing VM operation: Cleanup
Event: 4.141 Executing VM operation: Cleanup done
Event: 5.141 Executing VM operation: Cleanup
Event: 5.141 Executing VM operation: Cleanup done
Event: 6.146 Executing VM operation: Cleanup
Event: 6.146 Executing VM operation: Cleanup done
Event: 7.151 Executing VM operation: Cleanup
Event: 7.152 Executing VM operation: Cleanup done

Events (20 events):
Event: 6.852 loading class sun/text/resources/BreakIteratorResources
Event: 6.852 loading class sun/util/resources/BreakIteratorResourceBundle
Event: 6.852 loading class sun/util/resources/BreakIteratorResourceBundle done
Event: 6.852 loading class sun/text/resources/BreakIteratorResources done
Event: 6.852 loading class sun/text/resources/BreakIteratorResources_en
Event: 6.852 loading class sun/text/resources/BreakIteratorResources_en done
Event: 6.852 loading class sun/util/resources/Bundles$2
Event: 6.852 loading class sun/util/resources/Bundles$2 done
Event: 6.856 loading class sun/text/RuleBasedBreakIterator
Event: 6.858 loading class sun/text/RuleBasedBreakIterator done
Event: 6.858 loading class jdk/internal/misc/ScopedMemoryAccess$Scope
Event: 6.858 loading class jdk/internal/misc/ScopedMemoryAccess$Scope done
Event: 6.858 loading class sun/text/CompactByteArray
Event: 6.858 loading class sun/text/CompactByteArray done
Event: 6.858 loading class sun/text/SupplementaryCharacterData
Event: 6.858 loading class sun/text/SupplementaryCharacterData done
Event: 6.858 loading class java/text/BreakIterator$BreakIteratorCache
Event: 6.858 loading class java/text/BreakIterator$BreakIteratorCache done
Event: 6.859 loading class java/text/StringCharacterIterator
Event: 6.859 loading class java/text/StringCharacterIterator done


Dynamic libraries:
0x0000000104720000 	/Users/alexbigas/Library/Java/JavaVirtualMachines/openjdk-17.0.1/Contents/Home/lib/libjli.dylib
0x0000000196d7a000 	/usr/lib/libz.1.dylib
0x0000000196e31000 	/usr/lib/libSystem.B.dylib
0x0000000196e2b000 	/usr/lib/system/libcache.dylib
0x0000000196de9000 	/usr/lib/system/libcommonCrypto.dylib
0x0000000196e12000 	/usr/lib/system/libcompiler_rt.dylib
0x0000000196e09000 	/usr/lib/system/libcopyfile.dylib
0x000000018c04f000 	/usr/lib/system/libcorecrypto.dylib
0x000000018c104000 	/usr/lib/system/libdispatch.dylib
0x000000018c2d2000 	/usr/lib/system/libdyld.dylib
0x0000000196e21000 	/usr/lib/system/libkeymgr.dylib
0x0000000196dc4000 	/usr/lib/system/libmacho.dylib
0x00000001964b4000 	/usr/lib/system/libquarantine.dylib
0x0000000196e1e000 	/usr/lib/system/libremovefile.dylib
0x000000019144a000 	/usr/lib/system/libsystem_asl.dylib
0x000000018bff1000 	/usr/lib/system/libsystem_blocks.dylib
0x000000018c18c000 	/usr/lib/system/libsystem_c.dylib
0x0000000196e16000 	/usr/lib/system/libsystem_collections.dylib
0x0000000195949000 	/usr/lib/system/libsystem_configuration.dylib
0x0000000194ba2000 	/usr/lib/system/libsystem_containermanager.dylib
0x0000000196b21000 	/usr/lib/system/libsystem_coreservices.dylib
0x000000018ea03000 	/usr/lib/system/libsystem_darwin.dylib
0x0000000196e22000 	/usr/lib/system/libsystem_dnssd.dylib
0x000000018c189000 	/usr/lib/system/libsystem_featureflags.dylib
0x000000018c2e7000 	/usr/lib/system/libsystem_info.dylib
0x0000000196d8c000 	/usr/lib/system/libsystem_m.dylib
0x000000018c0d9000 	/usr/lib/system/libsystem_malloc.dylib
0x00000001913d8000 	/usr/lib/system/libsystem_networkextension.dylib
0x000000018ee5c000 	/usr/lib/system/libsystem_notify.dylib
0x000000019d185000 	/usr/lib/system/libsystem_product_info_filter.dylib
0x000000019594e000 	/usr/lib/system/libsystem_sandbox.dylib
0x0000000196e1b000 	/usr/lib/system/libsystem_secinit.dylib
0x000000018c28d000 	/usr/lib/system/libsystem_kernel.dylib
0x000000018c2df000 	/usr/lib/system/libsystem_platform.dylib
0x000000018c2c5000 	/usr/lib/system/libsystem_pthread.dylib
0x0000000192bae000 	/usr/lib/system/libsystem_symptoms.dylib
0x000000018c035000 	/usr/lib/system/libsystem_trace.dylib
0x0000000196df6000 	/usr/lib/system/libunwind.dylib
0x000000018bff3000 	/usr/lib/system/libxpc.dylib
0x000000018c275000 	/usr/lib/libc++abi.dylib
0x000000018c14b000 	/usr/lib/libobjc.A.dylib
0x0000000196e01000 	/usr/lib/liboah.dylib
0x000000018c20e000 	/usr/lib/libc++.1.dylib
0x00000001a2cb4000 	/System/Library/Frameworks/Cocoa.framework/Versions/A/Cocoa
0x000000018eebd000 	/System/Library/Frameworks/AppKit.framework/Versions/C/AppKit
0x00000001923d4000 	/System/Library/Frameworks/CoreData.framework/Versions/A/CoreData
0x000000018d218000 	/System/Library/Frameworks/Foundation.framework/Versions/C/Foundation
0x000000018fd76000 	/System/Library/PrivateFrameworks/UIFoundation.framework/Versions/A/UIFoundation
0x000000019ce7f000 	/System/Library/PrivateFrameworks/RemoteViewServices.framework/Versions/A/RemoteViewServices
0x00000001952f0000 	/System/Library/PrivateFrameworks/XCTTargetBootstrap.framework/Versions/A/XCTTargetBootstrap
0x0000000198b73000 	/System/Library/PrivateFrameworks/InternationalSupport.framework/Versions/A/InternationalSupport
0x0000000198bfc000 	/System/Library/PrivateFrameworks/UserActivity.framework/Versions/A/UserActivity
0x0000000198068000 	/usr/lib/libspindump.dylib
0x000000018ffe7000 	/System/Library/Frameworks/UniformTypeIdentifiers.framework/Versions/A/UniformTypeIdentifiers
0x0000000193838000 	/usr/lib/libapp_launch_measurement.dylib
0x0000000192d60000 	/System/Library/PrivateFrameworks/CoreAnalytics.framework/Versions/A/CoreAnalytics
0x000000019383b000 	/System/Library/PrivateFrameworks/CoreAutoLayout.framework/Versions/A/CoreAutoLayout
0x0000000194bdf000 	/System/Library/Frameworks/Metal.framework/Versions/A/Metal
0x0000000195959000 	/usr/lib/liblangid.dylib
0x00000001952f5000 	/System/Library/PrivateFrameworks/CoreSVG.framework/Versions/A/CoreSVG
0x000000019147e000 	/System/Library/PrivateFrameworks/SkyLight.framework/Versions/A/SkyLight
0x000000019185a000 	/System/Library/Frameworks/CoreGraphics.framework/Versions/A/CoreGraphics
0x000000019d54b000 	/System/Library/Frameworks/Accelerate.framework/Versions/A/Accelerate
0x0000000197adf000 	/System/Library/PrivateFrameworks/IconServices.framework/Versions/A/IconServices
0x0000000194bc1000 	/System/Library/Frameworks/IOSurface.framework/Versions/A/IOSurface
0x0000000192d91000 	/usr/lib/libDiagnosticMessagesClient.dylib
0x00000001a0a51000 	/System/Library/Frameworks/ApplicationServices.framework/Versions/A/ApplicationServices
0x00000001952d8000 	/System/Library/PrivateFrameworks/DFRFoundation.framework/Versions/A/DFRFoundation
0x000000018e74d000 	/usr/lib/libicucore.A.dylib
0x0000000199a21000 	/System/Library/Frameworks/AudioToolbox.framework/Versions/A/AudioToolbox
0x0000000198b7f000 	/System/Library/PrivateFrameworks/DataDetectorsCore.framework/Versions/A/DataDetectorsCore
0x00000001af59d000 	/System/Library/PrivateFrameworks/TextInput.framework/Versions/A/TextInput
0x00000001913f3000 	/usr/lib/libMobileGestalt.dylib
0x0000000194fa4000 	/System/Library/Frameworks/Carbon.framework/Versions/A/Frameworks/HIToolbox.framework/Versions/A/HIToolbox
0x0000000193211000 	/System/Library/Frameworks/QuartzCore.framework/Versions/A/QuartzCore
0x000000018e3ce000 	/System/Library/Frameworks/Security.framework/Versions/A/Security
0x000000019cebf000 	/System/Library/Frameworks/Carbon.framework/Versions/A/Frameworks/SpeechRecognition.framework/Versions/A/SpeechRecognition
0x000000019358d000 	/System/Library/PrivateFrameworks/CoreUI.framework/Versions/A/CoreUI
0x000000018dcaa000 	/System/Library/Frameworks/CoreAudio.framework/Versions/A/CoreAudio
0x0000000192e85000 	/System/Library/Frameworks/DiskArbitration.framework/Versions/A/DiskArbitration
0x0000000198472000 	/System/Library/PrivateFrameworks/MultitouchSupport.framework/Versions/A/MultitouchSupport
0x00000001913f1000 	/usr/lib/libenergytrace.dylib
0x000000018ed85000 	/System/Library/Frameworks/IOKit.framework/Versions/A/IOKit
0x000000019d2ae000 	/System/Library/Frameworks/CoreServices.framework/Versions/A/CoreServices
0x00000001937c8000 	/System/Library/PrivateFrameworks/PerformanceAnalysis.framework/Versions/A/PerformanceAnalysis
0x00000001eda47000 	/System/Library/Frameworks/OpenGL.framework/Versions/A/OpenGL
0x00000001963cc000 	/System/Library/PrivateFrameworks/MobileKeyBag.framework/Versions/A/MobileKeyBag
0x0000000191e68000 	/System/Library/Frameworks/ColorSync.framework/Versions/A/ColorSync
0x000000018c314000 	/System/Library/Frameworks/CoreFoundation.framework/Versions/A/CoreFoundation
0x0000000195575000 	/System/Library/Frameworks/CoreImage.framework/Versions/A/CoreImage
0x000000018dace000 	/System/Library/Frameworks/CoreText.framework/Versions/A/CoreText
0x0000000195325000 	/System/Library/Frameworks/ImageIO.framework/Versions/A/ImageIO
0x0000000196e37000 	/System/Library/PrivateFrameworks/SoftLinking.framework/Versions/A/SoftLinking
0x0000000193886000 	/usr/lib/libxml2.2.dylib
0x00000001970d0000 	/usr/lib/libcompression.dylib
0x0000000198acf000 	/System/Library/PrivateFrameworks/TextureIO.framework/Versions/A/TextureIO
0x00000001977f8000 	/usr/lib/libate.dylib
0x00000001976bd000 	/usr/lib/liblzma.5.dylib
0x000000018cf0b000 	/System/Library/Frameworks/SystemConfiguration.framework/Versions/A/SystemConfiguration
0x0000000196e33000 	/usr/lib/libfakelink.dylib
0x0000000190f23000 	/System/Library/Frameworks/CFNetwork.framework/Versions/A/CFNetwork
0x0000000196f79000 	/usr/lib/libarchive.2.dylib
0x0000000195955000 	/System/Library/PrivateFrameworks/AppleSystemInfo.framework/Versions/A/AppleSystemInfo
0x00000001964df000 	/usr/lib/libbsm.0.dylib
0x0000000190490000 	/usr/lib/libnetwork.dylib
0x0000000196dcd000 	/usr/lib/system/libkxld.dylib
0x00000001960f9000 	/System/Library/PrivateFrameworks/IOMobileFramebuffer.framework/Versions/A/IOMobileFramebuffer
0x000000020be36000 	/usr/lib/libCoreEntitlements.dylib
0x0000000196b03000 	/System/Library/PrivateFrameworks/AppleFSCompression.framework/Versions/A/AppleFSCompression
0x00000001964c7000 	/usr/lib/libcoretls.dylib
0x00000001976d6000 	/usr/lib/libcoretls_cfhelpers.dylib
0x00000001970cb000 	/usr/lib/libpam.2.dylib
0x00000001927c4000 	/usr/lib/libsqlite3.dylib
0x000000019773f000 	/usr/lib/libxar.1.dylib
0x0000000196b14000 	/usr/lib/libbz2.1.0.dylib
0x0000000196e38000 	/usr/lib/libpcap.A.dylib
0x0000000192ba5000 	/usr/lib/libdns_services.dylib
0x000000019709e000 	/usr/lib/libapple_nghttp2.dylib
0x0000000196e75000 	/usr/lib/libiconv.2.dylib
0x0000000196dc3000 	/usr/lib/libcharset.1.dylib
0x0000000193804000 	/System/Library/Frameworks/CoreServices.framework/Versions/A/Frameworks/FSEvents.framework/Versions/A/FSEvents
0x000000018ea0e000 	/System/Library/Frameworks/CoreServices.framework/Versions/A/Frameworks/CarbonCore.framework/Versions/A/CarbonCore
0x0000000192de5000 	/System/Library/Frameworks/CoreServices.framework/Versions/A/Frameworks/Metadata.framework/Versions/A/Metadata
0x0000000196b27000 	/System/Library/Frameworks/CoreServices.framework/Versions/A/Frameworks/OSServices.framework/Versions/A/OSServices
0x0000000196fff000 	/System/Library/Frameworks/CoreServices.framework/Versions/A/Frameworks/SearchKit.framework/Versions/A/SearchKit
0x0000000192b33000 	/System/Library/Frameworks/CoreServices.framework/Versions/A/Frameworks/AE.framework/Versions/A/AE
0x000000018c85b000 	/System/Library/Frameworks/CoreServices.framework/Versions/A/Frameworks/LaunchServices.framework/Versions/A/LaunchServices
0x0000000197666000 	/System/Library/Frameworks/CoreServices.framework/Versions/A/Frameworks/DictionaryServices.framework/Versions/A/DictionaryServices
0x0000000193811000 	/System/Library/Frameworks/CoreServices.framework/Versions/A/Frameworks/SharedFileList.framework/Versions/A/SharedFileList
0x00000001964b7000 	/usr/lib/libCheckFix.dylib
0x0000000191462000 	/System/Library/PrivateFrameworks/TCC.framework/Versions/A/TCC
0x000000019595b000 	/System/Library/PrivateFrameworks/CoreNLP.framework/Versions/A/CoreNLP
0x0000000192d94000 	/System/Library/PrivateFrameworks/MetadataUtilities.framework/Versions/A/MetadataUtilities
0x000000018cfc5000 	/usr/lib/libmecabra.dylib
0x00000001964f0000 	/usr/lib/libmecab.dylib
0x000000018cf91000 	/usr/lib/libCRFSuite.dylib
0x000000019654d000 	/usr/lib/libgermantok.dylib
0x0000000197077000 	/usr/lib/libThaiTokenizer.dylib
0x0000000192e8d000 	/System/Library/Frameworks/Accelerate.framework/Versions/A/Frameworks/vImage.framework/Versions/A/vImage
0x000000019d285000 	/System/Library/Frameworks/Accelerate.framework/Versions/A/Frameworks/vecLib.framework/Versions/A/vecLib
0x0000000197784000 	/System/Library/Frameworks/Accelerate.framework/Versions/A/Frameworks/vecLib.framework/Versions/A/libvMisc.dylib
0x0000000196000000 	/System/Library/Frameworks/Accelerate.framework/Versions/A/Frameworks/vecLib.framework/Versions/A/libvDSP.dylib
0x000000018cbe6000 	/System/Library/Frameworks/Accelerate.framework/Versions/A/Frameworks/vecLib.framework/Versions/A/libBLAS.dylib
0x00000001971a1000 	/System/Library/Frameworks/Accelerate.framework/Versions/A/Frameworks/vecLib.framework/Versions/A/libLAPACK.dylib
0x0000000196550000 	/System/Library/Frameworks/Accelerate.framework/Versions/A/Frameworks/vecLib.framework/Versions/A/libLinearAlgebra.dylib
0x00000001970b6000 	/System/Library/Frameworks/Accelerate.framework/Versions/A/Frameworks/vecLib.framework/Versions/A/libSparseBLAS.dylib
0x000000019719c000 	/System/Library/Frameworks/Accelerate.framework/Versions/A/Frameworks/vecLib.framework/Versions/A/libQuadrature.dylib
0x0000000195a54000 	/System/Library/Frameworks/Accelerate.framework/Versions/A/Frameworks/vecLib.framework/Versions/A/libBNNS.dylib
0x000000018cea4000 	/System/Library/Frameworks/Accelerate.framework/Versions/A/Frameworks/vecLib.framework/Versions/A/libSparse.dylib
0x0000000195a4c000 	/System/Library/PrivateFrameworks/LinguisticData.framework/Versions/A/LinguisticData
0x000000018ce5c000 	/System/Library/PrivateFrameworks/Lexicon.framework/Versions/A/Lexicon
0x000000019777c000 	/usr/lib/libChineseTokenizer.dylib
0x000000018d60a000 	/System/Library/PrivateFrameworks/LanguageModeling.framework/Versions/A/LanguageModeling
0x0000000197079000 	/System/Library/PrivateFrameworks/AppleSauce.framework/Versions/A/AppleSauce
0x00000001960e6000 	/System/Library/PrivateFrameworks/CoreEmoji.framework/Versions/A/CoreEmoji
0x0000000196f67000 	/usr/lib/libcmph.dylib
0x00000001937e4000 	/System/Library/Frameworks/OpenDirectory.framework/Versions/A/Frameworks/CFOpenDirectory.framework/Versions/A/CFOpenDirectory
0x00000001937d4000 	/System/Library/Frameworks/OpenDirectory.framework/Versions/A/OpenDirectory
0x00000001976d8000 	/System/Library/PrivateFrameworks/APFS.framework/Versions/A/APFS
0x0000000196407000 	/System/Library/Frameworks/SecurityFoundation.framework/Versions/A/SecurityFoundation
0x000000019774e000 	/usr/lib/libutil.dylib
0x000000018ed47000 	/System/Library/PrivateFrameworks/CoreServicesStore.framework/Versions/A/CoreServicesStore
0x0000000197752000 	/usr/lib/libxslt.1.dylib
0x000000019649b000 	/System/Library/PrivateFrameworks/BackgroundTaskManagement.framework/Versions/A/BackgroundTaskManagement
0x00000001989f0000 	/System/Library/Frameworks/ImageIO.framework/Versions/A/Resources/libRadiance.dylib
0x00000001989f9000 	/System/Library/Frameworks/ImageIO.framework/Versions/A/Resources/libJPEG.dylib
0x000000019894a000 	/System/Library/Frameworks/ImageIO.framework/Versions/A/Resources/libPng.dylib
0x000000019896c000 	/System/Library/Frameworks/ImageIO.framework/Versions/A/Resources/libTIFF.dylib
0x0000000198a54000 	/System/Library/Frameworks/ImageIO.framework/Versions/A/Resources/libGIF.dylib
0x0000000198382000 	/System/Library/Frameworks/ImageIO.framework/Versions/A/Resources/libJP2.dylib
0x0000000197aa4000 	/usr/lib/libexpat.1.dylib
0x000000019833d000 	/System/Library/PrivateFrameworks/AppleJPEG.framework/Versions/A/AppleJPEG
0x0000000194e60000 	/System/Library/PrivateFrameworks/FontServices.framework/libFontParser.dylib
0x0000000192ad8000 	/System/Library/PrivateFrameworks/RunningBoardServices.framework/Versions/A/RunningBoardServices
0x00000001a338b000 	/System/Library/PrivateFrameworks/IOSurfaceAccelerator.framework/Versions/A/IOSurfaceAccelerator
0x000000019846e000 	/System/Library/PrivateFrameworks/WatchdogClient.framework/Versions/A/WatchdogClient
0x000000018d70a000 	/System/Library/Frameworks/CoreDisplay.framework/Versions/A/CoreDisplay
0x0000000194d4a000 	/System/Library/Frameworks/CoreMedia.framework/Versions/A/CoreMedia
0x0000000194bd5000 	/System/Library/PrivateFrameworks/IOAccelerator.framework/Versions/A/IOAccelerator
0x0000000193974000 	/System/Library/Frameworks/CoreVideo.framework/Versions/A/CoreVideo
0x00000001970c9000 	/System/Library/Frameworks/MetalPerformanceShaders.framework/Versions/A/MetalPerformanceShaders
0x00000001984ad000 	/System/Library/Frameworks/VideoToolbox.framework/Versions/A/VideoToolbox
0x0000000192a1c000 	/System/Library/PrivateFrameworks/BaseBoard.framework/Versions/A/BaseBoard
0x00000001927aa000 	/System/Library/PrivateFrameworks/ProtocolBuffer.framework/Versions/A/ProtocolBuffer
0x00000001989eb000 	/System/Library/PrivateFrameworks/GPUWrangler.framework/Versions/A/GPUWrangler
0x00000001989cb000 	/System/Library/PrivateFrameworks/IOPresentment.framework/Versions/A/IOPresentment
0x00000001989f3000 	/System/Library/PrivateFrameworks/DSExternalDisplay.framework/Versions/A/DSExternalDisplay
0x00000001eda3a000 	/System/Library/Frameworks/OpenGL.framework/Versions/A/Libraries/libCoreFSCache.dylib
0x00000001f8904000 	/System/Library/PrivateFrameworks/GPUCompiler.framework/Versions/31001/Libraries/libGPUCompilerUtils.dylib
0x0000000198a59000 	/System/Library/PrivateFrameworks/CMCaptureCore.framework/Versions/A/CMCaptureCore
0x0000000198055000 	/System/Library/PrivateFrameworks/AppServerSupport.framework/Versions/A/AppServerSupport
0x000000019a2df000 	/System/Library/PrivateFrameworks/perfdata.framework/Versions/A/perfdata
0x000000018d82a000 	/System/Library/PrivateFrameworks/AudioToolboxCore.framework/Versions/A/AudioToolboxCore
0x0000000194d23000 	/System/Library/PrivateFrameworks/caulk.framework/Versions/A/caulk
0x0000000199bd4000 	/usr/lib/libAudioStatistics.dylib
0x00000001abbf0000 	/System/Library/PrivateFrameworks/SystemPolicy.framework/Versions/A/SystemPolicy
0x0000000199e40000 	/usr/lib/libSMC.dylib
0x00000001a2b92000 	/System/Library/Frameworks/CoreMIDI.framework/Versions/A/CoreMIDI
0x0000000198918000 	/usr/lib/libAudioToolboxUtility.dylib
0x00000001a7d53000 	/System/Library/PrivateFrameworks/OSAServicesClient.framework/Versions/A/OSAServicesClient
0x000000019a2ec000 	/usr/lib/libperfcheck.dylib
0x00000001ac70f000 	/usr/lib/libmis.dylib
0x00000001eda9c000 	/System/Library/Frameworks/OpenGL.framework/Versions/A/Libraries/libGLU.dylib
0x00000001eda5b000 	/System/Library/Frameworks/OpenGL.framework/Versions/A/Libraries/libGFXShared.dylib
0x00000001edc48000 	/System/Library/Frameworks/OpenGL.framework/Versions/A/Libraries/libGL.dylib
0x00000001eda64000 	/System/Library/Frameworks/OpenGL.framework/Versions/A/Libraries/libGLImage.dylib
0x00000001eda58000 	/System/Library/Frameworks/OpenGL.framework/Versions/A/Libraries/libCVMSPluginSupport.dylib
0x00000001eda41000 	/System/Library/Frameworks/OpenGL.framework/Versions/A/Libraries/libCoreVMClient.dylib
0x00000001958d5000 	/System/Library/Frameworks/MetalPerformanceShaders.framework/Versions/A/Frameworks/MPSCore.framework/Versions/A/MPSCore
0x0000000196a76000 	/System/Library/Frameworks/MetalPerformanceShaders.framework/Versions/A/Frameworks/MPSImage.framework/Versions/A/MPSImage
0x0000000196565000 	/System/Library/Frameworks/MetalPerformanceShaders.framework/Versions/A/Frameworks/MPSNeuralNetwork.framework/Versions/A/MPSNeuralNetwork
0x000000019699e000 	/System/Library/Frameworks/MetalPerformanceShaders.framework/Versions/A/Frameworks/MPSMatrix.framework/Versions/A/MPSMatrix
0x0000000196777000 	/System/Library/Frameworks/MetalPerformanceShaders.framework/Versions/A/Frameworks/MPSRayIntersector.framework/Versions/A/MPSRayIntersector
0x00000001969cf000 	/System/Library/Frameworks/MetalPerformanceShaders.framework/Versions/A/Frameworks/MPSNDArray.framework/Versions/A/MPSNDArray
0x00000001f0543000 	/System/Library/Frameworks/MetalPerformanceShaders.framework/Versions/A/Frameworks/MPSFunctions.framework/Versions/A/MPSFunctions
0x000000018cabc000 	/System/Library/PrivateFrameworks/MetalTools.framework/Versions/A/MetalTools
0x0000000195953000 	/System/Library/PrivateFrameworks/AggregateDictionary.framework/Versions/A/AggregateDictionary
0x0000000197889000 	/usr/lib/libIOReport.dylib
0x00000001a1bab000 	/System/Library/PrivateFrameworks/ASEProcessing.framework/Versions/A/ASEProcessing
0x0000000197bfe000 	/System/Library/PrivateFrameworks/FaceCore.framework/Versions/A/FaceCore
0x0000000197bf0000 	/System/Library/PrivateFrameworks/GraphVisualizer.framework/Versions/A/GraphVisualizer
0x00000001f881b000 	/System/Library/PrivateFrameworks/FontServices.framework/Versions/A/FontServices
0x0000000198011000 	/System/Library/PrivateFrameworks/OTSVG.framework/Versions/A/OTSVG
0x000000019353d000 	/System/Library/Frameworks/ApplicationServices.framework/Versions/A/Frameworks/ATS.framework/Versions/A/Resources/libFontRegistry.dylib
0x000000019805e000 	/System/Library/PrivateFrameworks/FontServices.framework/libhvf.dylib
0x00000001f881c000 	/System/Library/PrivateFrameworks/FontServices.framework/libXTFontStaticRegistryData.dylib
0x00000001edde9000 	/System/Library/Frameworks/OpenCL.framework/Versions/A/OpenCL
0x0000000197a58000 	/System/Library/PrivateFrameworks/AppleVA.framework/Versions/A/AppleVA
0x0000000199bfc000 	/System/Library/Frameworks/ApplicationServices.framework/Versions/A/Frameworks/ATS.framework/Versions/A/ATS
0x0000000191f67000 	/System/Library/Frameworks/ApplicationServices.framework/Versions/A/Frameworks/HIServices.framework/Versions/A/HIServices
0x0000000198a63000 	/System/Library/Frameworks/ApplicationServices.framework/Versions/A/Frameworks/PrintCore.framework/Versions/A/PrintCore
0x0000000199f93000 	/System/Library/Frameworks/ApplicationServices.framework/Versions/A/Frameworks/QD.framework/Versions/A/QD
0x0000000199f8b000 	/System/Library/Frameworks/ApplicationServices.framework/Versions/A/Frameworks/ColorSyncLegacy.framework/Versions/A/ColorSyncLegacy
0x0000000199be8000 	/System/Library/Frameworks/ApplicationServices.framework/Versions/A/Frameworks/SpeechSynthesis.framework/Versions/A/SpeechSynthesis
0x0000000198a24000 	/System/Library/Frameworks/ApplicationServices.framework/Versions/A/Frameworks/ATSUI.framework/Versions/A/ATSUI
0x0000000199f20000 	/usr/lib/libcups.2.dylib
0x000000019a2fa000 	/System/Library/Frameworks/Kerberos.framework/Versions/A/Kerberos
0x000000019a30b000 	/System/Library/Frameworks/GSS.framework/Versions/A/GSS
0x0000000199c6c000 	/usr/lib/libresolv.9.dylib
0x000000019806d000 	/System/Library/PrivateFrameworks/Heimdal.framework/Versions/A/Heimdal
0x00000001a0de1000 	/System/Library/Frameworks/Kerberos.framework/Versions/A/Libraries/libHeimdalProxy.dylib
0x0000000192bb7000 	/System/Library/Frameworks/Network.framework/Versions/A/Network
0x0000000197abf000 	/usr/lib/libheimdal-asn1.dylib
0x000000019a35b000 	/System/Library/PrivateFrameworks/CommonAuth.framework/Versions/A/CommonAuth
0x0000000199b62000 	/System/Library/PrivateFrameworks/AudioSession.framework/Versions/A/AudioSession
0x0000000197b51000 	/System/Library/PrivateFrameworks/MediaExperience.framework/Versions/A/MediaExperience
0x00000001999e7000 	/System/Library/PrivateFrameworks/AudioSession.framework/libSessionUtility.dylib
0x0000000199f9f000 	/System/Library/PrivateFrameworks/AudioResourceArbitration.framework/Versions/A/AudioResourceArbitration
0x000000019e162000 	/System/Library/PrivateFrameworks/PowerLog.framework/Versions/A/PowerLog
0x0000000197ac9000 	/System/Library/PrivateFrameworks/IconFoundation.framework/Versions/A/IconFoundation
0x000000019ceab000 	/System/Library/PrivateFrameworks/SpeechRecognitionCore.framework/Versions/A/SpeechRecognitionCore
0x000000010579c000 	/Users/alexbigas/Library/Java/JavaVirtualMachines/openjdk-17.0.1/Contents/Home/lib/server/libjvm.dylib
0x0000000104784000 	/Users/alexbigas/Library/Java/JavaVirtualMachines/openjdk-17.0.1/Contents/Home/lib/libjimage.dylib
0x00000001047b0000 	/Users/alexbigas/Library/Java/JavaVirtualMachines/openjdk-17.0.1/Contents/Home/lib/libinstrument.dylib
0x00000001048cc000 	/Users/alexbigas/Library/Java/JavaVirtualMachines/openjdk-17.0.1/Contents/Home/lib/libjava.dylib
0x0000000113e28000 	/Users/alexbigas/Library/Java/JavaVirtualMachines/openjdk-17.0.1/Contents/Home/lib/libnio.dylib
0x0000000113e48000 	/Users/alexbigas/Library/Java/JavaVirtualMachines/openjdk-17.0.1/Contents/Home/lib/libnet.dylib
0x0000000104898000 	/Users/alexbigas/Library/Java/JavaVirtualMachines/openjdk-17.0.1/Contents/Home/lib/libzip.dylib
0x00000001048b0000 	/Users/alexbigas/.openjfx/cache/17.0.1/libprism_es2.dylib
0x000000018ed0a000 	/System/Library/PrivateFrameworks/CoreServicesInternal.framework/Versions/A/CoreServicesInternal
0x00000001edc52000 	/System/Library/Frameworks/OpenGL.framework/Versions/A/Resources/GLEngine.bundle/GLEngine
0x00000001edada000 	/System/Library/Frameworks/OpenGL.framework/Versions/A/Libraries/libGLProgrammability.dylib
0x0000000116648000 	/System/Library/Extensions/AppleMetalOpenGLRenderer.bundle/Contents/MacOS/AppleMetalOpenGLRenderer
0x00000001eddc1000 	/System/Library/Frameworks/OpenGL.framework/Versions/A/Resources/GLRendererFloat.bundle/GLRendererFloat
0x00000001edec1000 	/System/Library/Extensions/AGXMetal13_3.bundle/Contents/MacOS/AGXMetal13_3
0x00000001ac72b000 	/System/Library/PrivateFrameworks/GPURawCounter.framework/Versions/A/GPURawCounter
0x00000001a6ebc000 	/System/Library/PrivateFrameworks/IOGPU.framework/Versions/A/IOGPU
0x00000001166e4000 	/Users/alexbigas/.openjfx/cache/17.0.1/libglass.dylib
0x000000019e3ba000 	/System/Library/Frameworks/FileProvider.framework/Versions/A/FileProvider
0x0000000192984000 	/System/Library/Frameworks/Accounts.framework/Versions/A/Accounts
0x000000019e53e000 	/System/Library/PrivateFrameworks/GenerationalStorage.framework/Versions/A/GenerationalStorage
0x000000019f101000 	/System/Library/PrivateFrameworks/CoreSymbolication.framework/Versions/A/CoreSymbolication
0x000000019e156000 	/System/Library/PrivateFrameworks/SymptomDiagnosticReporter.framework/Versions/A/SymptomDiagnosticReporter
0x000000018fffb000 	/System/Library/PrivateFrameworks/DesktopServicesPriv.framework/Versions/A/DesktopServicesPriv
0x000000018ee6c000 	/usr/lib/libsandbox.1.dylib
0x0000000193a02000 	/System/Library/PrivateFrameworks/UserManagement.framework/Versions/A/UserManagement
0x000000019f0be000 	/System/Library/PrivateFrameworks/DebugSymbols.framework/Versions/A/DebugSymbols
0x0000000199f7e000 	/System/Library/PrivateFrameworks/NetAuth.framework/Versions/A/NetAuth
0x000000019ae9c000 	/System/Library/PrivateFrameworks/Sharing.framework/Versions/A/Sharing
0x00000001939d2000 	/System/Library/PrivateFrameworks/login.framework/Versions/A/Frameworks/loginsupport.framework/Versions/A/loginsupport
0x00000001a02f5000 	/System/Library/PrivateFrameworks/Apple80211.framework/Versions/A/Apple80211
0x0000000196b5a000 	/System/Library/PrivateFrameworks/AuthKit.framework/Versions/A/AuthKit
0x00000001961e2000 	/System/Library/PrivateFrameworks/CoreUtils.framework/Versions/A/CoreUtils
0x0000000196105000 	/System/Library/Frameworks/CoreWLAN.framework/Versions/A/CoreWLAN
0x000000019b00c000 	/System/Library/Frameworks/IOBluetooth.framework/Versions/A/IOBluetooth
0x00000001a0355000 	/System/Library/PrivateFrameworks/CoreWiFi.framework/Versions/A/CoreWiFi
0x000000019ec9e000 	/System/Library/PrivateFrameworks/FrontBoardServices.framework/Versions/A/FrontBoardServices
0x000000019ed36000 	/System/Library/PrivateFrameworks/BoardServices.framework/Versions/A/BoardServices
0x00000001963f5000 	/System/Library/PrivateFrameworks/AssertionServices.framework/Versions/A/AssertionServices
0x00000001a04d2000 	/System/Library/PrivateFrameworks/BackBoardServices.framework/Versions/A/BackBoardServices
0x000000019a3f2000 	/System/Library/PrivateFrameworks/CorePhoneNumbers.framework/Versions/A/CorePhoneNumbers
0x0000000199c99000 	/System/Library/PrivateFrameworks/MultiverseSupport.framework/Versions/A/MultiverseSupport
0x00000001a0754000 	/System/Library/PrivateFrameworks/RemoteServiceDiscovery.framework/Versions/A/RemoteServiceDiscovery
0x000000019e286000 	/System/Library/PrivateFrameworks/DiskManagement.framework/Versions/A/DiskManagement
0x000000019e189000 	/System/Library/PrivateFrameworks/AppleIDAuthSupport.framework/Versions/A/AppleIDAuthSupport
0x00000001f2d80000 	/System/Library/PrivateFrameworks/AAAFoundation.framework/Versions/A/AAAFoundation
0x000000019a3d1000 	/System/Library/PrivateFrameworks/KeychainCircle.framework/Versions/A/KeychainCircle
0x00000001a0764000 	/System/Library/PrivateFrameworks/RemoteXPC.framework/Versions/A/RemoteXPC
0x000000019e252000 	/System/Library/PrivateFrameworks/MediaKit.framework/Versions/A/MediaKit
0x000000019e196000 	/System/Library/Frameworks/DiscRecording.framework/Versions/A/DiscRecording
0x00000001979d4000 	/usr/lib/libCoreStorage.dylib
0x00000001a07d0000 	/usr/lib/libcsfde.dylib
0x000000019b0e1000 	/System/Library/PrivateFrameworks/ProtectedCloudStorage.framework/Versions/A/ProtectedCloudStorage
0x00000001a07c8000 	/System/Library/PrivateFrameworks/EFILogin.framework/Versions/A/EFILogin
0x000000019e565000 	/System/Library/PrivateFrameworks/OctagonTrust.framework/Versions/A/OctagonTrust
0x00000001f79a2000 	/System/Library/PrivateFrameworks/CoreUtilsExtras.framework/Versions/A/CoreUtilsExtras
0x000000019e0bb000 	/System/Library/Frameworks/CoreBluetooth.framework/Versions/A/CoreBluetooth
0x00000001a0e66000 	/System/Library/Frameworks/AudioUnit.framework/Versions/A/AudioUnit
0x00000001979cc000 	/usr/lib/libMatch.1.dylib
0x00000001b0c13000 	/System/Library/Frameworks/Accelerate.framework/Versions/A/Frameworks/vImage.framework/Versions/A/Libraries/libCGInterfaces.dylib
0x0000000118dec000 	/usr/lib/libobjc-trampolines.dylib
0x00000001936cc000 	/System/Library/PrivateFrameworks/ViewBridge.framework/Versions/A/ViewBridge
0x000000011dc80000 	/Users/alexbigas/.openjfx/cache/17.0.1/libjavafx_font.dylib
0x0000000198130000 	/System/Library/PrivateFrameworks/login.framework/Versions/A/login
0x000000020bf93000 	/usr/lib/libRosetta.dylib
0x000000019d5d4000 	/System/Library/PrivateFrameworks/SystemAdministration.framework/Versions/A/SystemAdministration
0x0000000198c6a000 	/System/Library/Frameworks/MediaToolbox.framework/Versions/A/MediaToolbox
0x000000019ce73000 	/System/Library/Frameworks/DirectoryService.framework/Versions/A/DirectoryService
0x00000001a065c000 	/System/Library/PrivateFrameworks/DiskImages.framework/Versions/A/DiskImages
0x00000001964a6000 	/System/Library/Frameworks/ServiceManagement.framework/Versions/A/ServiceManagement
0x00000001a0846000 	/System/Library/PrivateFrameworks/LoginUIKit.framework/Versions/A/Frameworks/LoginUICore.framework/Versions/A/LoginUICore
0x00000001982e6000 	/usr/lib/libodfde.dylib
0x000000019e386000 	/System/Library/PrivateFrameworks/CoreAVCHD.framework/Versions/A/CoreAVCHD
0x000000019d596000 	/System/Library/Frameworks/MediaAccessibility.framework/Versions/A/MediaAccessibility
0x000000019e382000 	/System/Library/PrivateFrameworks/Mangrove.framework/Versions/A/Mangrove
0x000000019d5a3000 	/System/Library/PrivateFrameworks/AlgosScoreFramework.framework/Versions/A/AlgosScoreFramework
0x00000001f4a85000 	/System/Library/PrivateFrameworks/CMPhoto.framework/Versions/A/CMPhoto
0x000000019e376000 	/System/Library/PrivateFrameworks/CoreAUC.framework/Versions/A/CoreAUC
0x00000001a07dc000 	/usr/lib/libcurl.4.dylib
0x000000020c33b000 	/usr/lib/libcrypto.46.dylib
0x000000020c7e4000 	/usr/lib/libssl.48.dylib
0x00000001a04f2000 	/System/Library/Frameworks/LDAP.framework/Versions/A/LDAP
0x00000001a052e000 	/System/Library/PrivateFrameworks/TrustEvaluationAgent.framework/Versions/A/TrustEvaluationAgent
0x0000000199c85000 	/usr/lib/libsasl2.2.dylib
0x000000019d5c9000 	/System/Library/PrivateFrameworks/CoreDaemon.framework/Versions/B/CoreDaemon
0x000000019d5c3000 	/System/Library/PrivateFrameworks/AppleSRP.framework/Versions/A/AppleSRP


VM Arguments:
jvm_args: -javaagent:/Applications/IntelliJ IDEA CE.app/Contents/lib/idea_rt.jar=57518:/Applications/IntelliJ IDEA CE.app/Contents/bin -Dfile.encoding=UTF-8 --module-path=/Users/alexbigas/.m2/repository/org/openjfx/javafx-fxml/17.0.1/javafx-fxml-17.0.1-mac-aarch64.jar:/Users/alexbigas/Desktop/kursach_demo/target/classes:/Users/alexbigas/.m2/repository/org/openjfx/javafx-controls/17.0.1/javafx-controls-17.0.1-mac-aarch64.jar:/Users/alexbigas/.m2/repository/org/openjfx/javafx-graphics/17.0.1/javafx-graphics-17.0.1-mac-aarch64.jar:/Users/alexbigas/.m2/repository/org/openjfx/javafx-base/17.0.1/javafx-base-17.0.1-mac-aarch64.jar -Djdk.module.main=com.example.kursach_demo 
java_command: com.example.kursach_demo/com.example.kursach_demo.Main
java_class_path (initial): /Users/alexbigas/.m2/repository/org/openjfx/javafx-controls/17.0.1/javafx-controls-17.0.1.jar:/Users/alexbigas/.m2/repository/org/openjfx/javafx-graphics/17.0.1/javafx-graphics-17.0.1.jar:/Users/alexbigas/.m2/repository/org/openjfx/javafx-base/17.0.1/javafx-base-17.0.1.jar:/Users/alexbigas/.m2/repository/org/openjfx/javafx-fxml/17.0.1/javafx-fxml-17.0.1.jar
Launcher Type: SUN_STANDARD

[Global flags]
     intx CICompilerCount                          = 4                                         {product} {ergonomic}
     uint ConcGCThreads                            = 2                                         {product} {ergonomic}
     uint G1ConcRefinementThreads                  = 8                                         {product} {ergonomic}
   size_t G1HeapRegionSize                         = 1048576                                   {product} {ergonomic}
    uintx GCDrainStackTargetSize                   = 64                                        {product} {ergonomic}
   size_t InitialHeapSize                          = 134217728                                 {product} {ergonomic}
   size_t MarkStackSize                            = 4194304                                   {product} {ergonomic}
   size_t MaxHeapSize                              = 2147483648                                {product} {ergonomic}
   size_t MaxNewSize                               = 1287651328                                {product} {ergonomic}
   size_t MinHeapDeltaBytes                        = 1048576                                   {product} {ergonomic}
   size_t MinHeapSize                              = 8388608                                   {product} {ergonomic}
    uintx NonNMethodCodeHeapSize                   = 5839564                                {pd product} {ergonomic}
    uintx NonProfiledCodeHeapSize                  = 122909338                              {pd product} {ergonomic}
    uintx ProfiledCodeHeapSize                     = 122909338                              {pd product} {ergonomic}
    uintx ReservedCodeCacheSize                    = 251658240                              {pd product} {ergonomic}
     bool SegmentedCodeCache                       = true                                      {product} {ergonomic}
   size_t SoftMaxHeapSize                          = 2147483648                             {manageable} {ergonomic}
     bool UseCompressedClassPointers               = true                           {product lp64_product} {ergonomic}
     bool UseCompressedOops                        = true                           {product lp64_product} {ergonomic}
     bool UseG1GC                                  = true                                      {product} {ergonomic}
     bool UseNUMA                                  = false                                     {product} {ergonomic}
     bool UseNUMAInterleaving                      = false                                     {product} {ergonomic}

Logging:
Log output configuration:
 #0: stdout all=warning uptime,level,tags
 #1: stderr all=off uptime,level,tags

Environment Variables:
PATH=/usr/local/bin:/usr/bin:/bin:/usr/sbin:/sbin:/Library/Apple/usr/bin
SHELL=/bin/zsh
LC_CTYPE=en_GB.UTF-8

Signal Handlers:
   SIGSEGV: crash_handler in libjvm.dylib, mask=11100110000111110111111111111111, flags=SA_RESTART|SA_SIGINFO
    SIGBUS: crash_handler in libjvm.dylib, mask=11100110000111110111111111111111, flags=SA_RESTART|SA_SIGINFO
    SIGFPE: crash_handler in libjvm.dylib, mask=11100110000111110111111111111111, flags=SA_RESTART|SA_SIGINFO
   SIGPIPE: javaSignalHandler in libjvm.dylib, mask=11100110000111110111111111111111, flags=SA_RESTART|SA_SIGINFO
   SIGXFSZ: javaSignalHandler in libjvm.dylib, mask=11100110000111110111111111111111, flags=SA_RESTART|SA_SIGINFO
    SIGILL: crash_handler in libjvm.dylib, mask=11100110000111110111111111111111, flags=SA_RESTART|SA_SIGINFO
   SIGUSR2: SR_handler in libjvm.dylib, mask=00100000000000000000000000000000, flags=SA_RESTART|SA_SIGINFO
    SIGHUP: UserHandler in libjvm.dylib, mask=11100110000111110111111111111111, flags=SA_RESTART|SA_SIGINFO
    SIGINT: UserHandler in libjvm.dylib, mask=11100110000111110111111111111111, flags=SA_RESTART|SA_SIGINFO
   SIGTERM: UserHandler in libjvm.dylib, mask=11100110000111110111111111111111, flags=SA_RESTART|SA_SIGINFO
   SIGQUIT: UserHandler in libjvm.dylib, mask=11100110000111110111111111111111, flags=SA_RESTART|SA_SIGINFO
   SIGTRAP: crash_handler in libjvm.dylib, mask=11100110000111110111111111111111, flags=SA_RESTART|SA_SIGINFO


---------------  S Y S T E M  ---------------

OS:
uname: Darwin 21.6.0 Darwin Kernel Version 21.6.0: Mon Aug 22 20:20:05 PDT 2022; root:xnu-8020.140.49~2/RELEASE_ARM64_T8101 arm64
OS uptime: 23 days 5:16 hours
rlimit (soft/hard): STACK 8176k/65520k , CORE 0k/infinity , NPROC 1333/2000 , NOFILE 10240/infinity , AS infinity/infinity , CPU infinity/infinity , DATA infinity/infinity , FSIZE infinity/infinity , MEMLOCK infinity/infinity , RSS infinity/infinity
load average: 2.49 1.74 1.50

CPU: total 8 (initial active 8) 0x61:0x0:0x1b588bb3:0, fp, simd, crc, lse

Memory: 16k page, physical 8388608k(128496k free), swap 4194304k(696384k free)

vm_info: OpenJDK 64-Bit Server VM (17.0.1+12-39) for bsd-aarch64 JRE (17.0.1+12-39), built on Sep 27 2021 17:36:05 by "mach5one" with clang Apple LLVM 12.0.0 (clang-1200.0.32.29)

END.
