#
# A fatal error has been detected by the Java Runtime Environment:
#
#  SIGBUS (0xa) at pc=0x000000010a3654f0, pid=11122, tid=30987
#
# JRE version: OpenJDK Runtime Environment (17.0.1+12) (build 17.0.1+12-39)
# Java VM: OpenJDK 64-Bit Server VM (17.0.1+12-39, mixed mode, sharing, tiered, compressed oops, compressed class ptrs, g1 gc, bsd-aarch64)
# Problematic frame:
# v  ~StubRoutines::SafeFetchN
#
# No core dump will be written. Core dumps have been disabled. To enable core dumping, try "ulimit -c unlimited" before starting Java again
#
# If you would like to submit a bug report, please visit:
#   https://bugreport.java.com/bugreport/crash.jsp
# The crash happened outside the Java Virtual Machine in native code.
# See problematic frame for where to report the bug.
#

---------------  S U M M A R Y ------------

Command Line: -javaagent:/Applications/IntelliJ IDEA CE.app/Contents/lib/idea_rt.jar=54577:/Applications/IntelliJ IDEA CE.app/Contents/bin -Dfile.encoding=UTF-8 --module-path=/Users/alexbigas/.m2/repository/org/openjfx/javafx-graphics/17.0.1/javafx-graphics-17.0.1-mac-aarch64.jar:/Users/alexbigas/Desktop/kursach_demo/target/classes:/Users/alexbigas/.m2/repository/org/openjfx/javafx-base/17.0.1/javafx-base-17.0.1-mac-aarch64.jar:/Users/alexbigas/.m2/repository/org/openjfx/javafx-fxml/17.0.1/javafx-fxml-17.0.1-mac-aarch64.jar:/Users/alexbigas/.m2/repository/org/openjfx/javafx-controls/17.0.1/javafx-controls-17.0.1-mac-aarch64.jar -Djdk.module.main=com.example.kursach_demo com.example.kursach_demo/com.example.kursach_demo.Main

Host: "MacBookAir10,1" arm64 1 MHz, 8 cores, 8G, Darwin 21.6.0, macOS 12.6 (21G115)
Time: Tue Nov 29 10:31:13 2022 EET elapsed time: 6.481171 seconds (0d 0h 0m 6s)

---------------  T H R E A D  ---------------

Current thread (0x0000000150057a00):  JavaThread "InvokeLaterDispatcher" daemon [_thread_in_native, id=30987, stack(0x0000000172304000,0x0000000172507000)]

Stack: [0x0000000172304000,0x0000000172507000],  sp=0x0000000172506780,  free space=2057k
Native frames: (J=compiled Java code, j=interpreted, Vv=VM code, C=native code)
v  ~StubRoutines::SafeFetchN
V  [libjvm.dylib+0x7a068c]  _ZN10OopStorage7releaseEPKP7oopDesc+0x20
V  [libjvm.dylib+0x4b98c4]  jni_DeleteGlobalRef+0xd8
C  [libglass.dylib+0xab08]  -[GlassRunnable dealloc]+0x34
C  [Foundation+0x852b8]  -[_NSThreadPerformInfo dealloc]+0x30
C  [Foundation+0x51824]  -[NSObject(NSThreadPerformAdditions) performSelectorOnMainThread:withObject:waitUntilDone:]+0x88
C  0xd33380010a36d8ac
j  com.sun.glass.ui.mac.MacApplication.submitForLaterInvocation(Ljava/lang/Runnable;)V+2 javafx.graphics
j  com.sun.glass.ui.InvokeLaterDispatcher.run()V+82 javafx.graphics
v  ~StubRoutines::call_stub
V  [libjvm.dylib+0x460da8]  _ZN9JavaCalls11call_helperEP9JavaValueRK12methodHandleP17JavaCallArgumentsP10JavaThread+0x38c
V  [libjvm.dylib+0x45fdc4]  _ZN9JavaCalls12call_virtualEP9JavaValueP5KlassP6SymbolS5_P17JavaCallArgumentsP10JavaThread+0x11c
V  [libjvm.dylib+0x45fe90]  _ZN9JavaCalls12call_virtualEP9JavaValue6HandleP5KlassP6SymbolS6_P10JavaThread+0x64
V  [libjvm.dylib+0x514fa4]  _ZL12thread_entryP10JavaThreadS0_+0xc4
V  [libjvm.dylib+0x8ff094]  _ZN10JavaThread17thread_main_innerEv+0x13c
V  [libjvm.dylib+0x8fd7a8]  _ZN6Thread8call_runEv+0x128
V  [libjvm.dylib+0x7a7274]  _ZL19thread_native_entryP6Thread+0x158
C  [libsystem_pthread.dylib+0x726c]  _pthread_start+0x94

Java frames: (J=compiled Java code, j=interpreted, Vv=VM code)
j  com.sun.glass.ui.mac.MacApplication._submitForLaterInvocation(Ljava/lang/Runnable;)V+0 javafx.graphics
j  com.sun.glass.ui.mac.MacApplication.submitForLaterInvocation(Ljava/lang/Runnable;)V+2 javafx.graphics
j  com.sun.glass.ui.InvokeLaterDispatcher.run()V+82 javafx.graphics
v  ~StubRoutines::call_stub

siginfo: si_signo: 10 (SIGBUS), si_code: 1 (BUS_ADRALN), si_addr: 0x000000010a3654f0

Register to memory mapping:

 x0=0x00000001478109c8 is a global jni handle
 x1=0x0 is NULL
 x2=0x0000000787cfba18 is an oop: com.sun.glass.ui.InvokeLaterDispatcher$Future 
{0x0000000787cfba18} - klass: 'com/sun/glass/ui/InvokeLaterDispatcher$Future'
 - ---- fields (total size 3 words):
 - private 'done' 'Z' @12  true
 - private final 'runnable' 'Ljava/lang/Runnable;' @16  a 'com/sun/javafx/application/PlatformImpl$$Lambda$92+0x0000000800c81f50'{0x0000000787ce7f00} (f0f9cfe0)
 - final synthetic 'this$0' 'Lcom/sun/glass/ui/InvokeLaterDispatcher;' @20  a 'com/sun/glass/ui/InvokeLaterDispatcher'{0x0000000785449070} (f0a8920e)
 x3=0x0 is NULL
 x4=0x00000000000130a8 is an unknown value
 x5=0x0 is NULL
 x6=0x0 is NULL
 x7=0x0 is NULL
 x8=0x000000010a3654ec is at begin+0 in a stub
StubRoutines::SafeFetchN [0x000000010a3654ec, 0x000000010a3654f8] (12 bytes)
 x9=0x0 is NULL
x10=0x2010000030300000 is an unknown value
x11=0x0000000000000007 is an unknown value
x12=0x0000000000000005 is an unknown value
x13=0x000060000065cf40 points into unknown readable memory: 0xbb488001223469e8 | e8 69 34 22 01 80 48 bb
x14=0x00000c0000000000 is an unknown value
x15=0x0000000122381f98: OBJC_CLASS_$_GlassRunnable+0 in /Users/alexbigas/.openjfx/cache/17.0.1/libglass.dylib at 0x000000012233c000
x16=0x000000019445f0fc: pthread_getspecific+0 in /usr/lib/system/libsystem_pthread.dylib at 0x000000019445d000
x17=0x0000600000c4c360 points into unknown readable memory: 0xfffffffffffffffe | fe ff ff ff ff ff ff ff
x18=0x0 is NULL
x19=0x000060000034c4d0 points into unknown readable memory: 0x0000600002a51570 | 70 15 a5 02 00 60 00 00
x20=0x00000001478107c0 points into unknown readable memory: 0x0000003000000748 | 48 07 00 00 30 00 00 00
x21=0x00000001478109c8 is a global jni handle
x22=0x0000000150057a00 is a thread
x23=0x0000000000000001 is an unknown value
x24=0x0000000147810980 is a global jni handle
x25=0x00000001028815d8: _ZN12StubRoutines17_safefetchN_entryE+0 in /Users/alexbigas/Library/Java/JavaVirtualMachines/openjdk-17.0.1/Contents/Home/lib/server/libjvm.dylib at 0x0000000101cd8000
x26=0x000000011f918ce8 is pointing into metadata
x27=0x0 is NULL
x28=0x0000000150057a00 is a thread


Registers:
 x0=0x00000001478109c8  x1=0x0000000000000000  x2=0x0000000787cfba18  x3=0x0000000000000000
 x4=0x00000000000130a8  x5=0x0000000000000000  x6=0x0000000000000000  x7=0x0000000000000000
 x8=0x000000010a3654ec  x9=0x0000000000000000 x10=0x2010000030300000 x11=0x0000000000000007
x12=0x0000000000000005 x13=0x000060000065cf40 x14=0x00000c0000000000 x15=0x0000000122381f98
x16=0x000000019445f0fc x17=0x0000600000c4c360 x18=0x0000000000000000 x19=0x000060000034c4d0
x20=0x00000001478107c0 x21=0x00000001478109c8 x22=0x0000000150057a00 x23=0x0000000000000001
x24=0x0000000147810980 x25=0x00000001028815d8 x26=0x000000011f918ce8 x27=0x0000000000000000
x28=0x0000000150057a00  fp=0x00000001725067c0  lr=0x000000010247745c  sp=0x0000000172506780
pc=0x000000010a3654f0 cpsr=0x0000000060001000
Top of Stack: (sp=0x0000000172506780)
0x0000000172506780:   000000011f918ce8 0000000000000001
0x0000000172506790:   0000000172506988 0000000000000000
0x00000001725067a0:   00000001460f26a8 00000001478109b8
0x00000001725067b0:   00000001478109b8 000060000034c4d0
0x00000001725067c0:   0000000172506800 000000010247868c
0x00000001725067d0:   0000000000000001 00000001478109b8
0x00000001725067e0:   00000001460f26a8 00000001478109b8
0x00000001725067f0:   0000000000000001 00000001460f2400
0x0000000172506800:   0000000172506840 00000001021918c4
0x0000000172506810:   0000000172506988 0000600002a49330
0x0000000172506820:   0000600002a49400 00000001de7a1909
0x0000000172506830:   0000000000000000 0000600002a49400
0x0000000172506840:   0000000172506870 0000000122346b08
0x0000000172506850:   f69b78e75cd800f1 0000000000000000
0x0000000172506860:   0000000000000000 0000600003d4be00
0x0000000172506870:   00000001725068b0 00000001954352b8
0x0000000172506880:   0000000172506988 0000600002a49330
0x0000000172506890:   0000600002a49400 f69b78e75cd800f1
0x00000001725068a0:   0000000000000000 0000000000000000
0x00000001725068b0:   00000001725068f0 9503000195401824
0x00000001725068c0:   0000000172506988 000000010a36c7c0
0x00000001725068d0:   0000000000000000 0000000102888f90
0x00000001725068e0:   0000000172506900 000000010a36b730
0x00000001725068f0:   0000000172506960 d33380010a36d8ac
0x0000000172506900:   000000011f91b350 0000000000000001
0x0000000172506910:   0000000172506910 0000000000000000
0x0000000172506920:   0000000172506988 000000011f918ce8
0x0000000172506930:   000000078542cff0 0000000000000000
0x0000000172506940:   0000000000000000 000000011f8f21c8
0x0000000172506950:   0000000000000000 0000000172506960
0x0000000172506960:   00000001725069e0 000000010a369fc8
0x0000000172506970:   0000000000000000 0000000000000000 

Instructions: (pc=0x000000010a3654f0)
0x000000010a3653f0:   f2a05089 f2c00029 6d425935 1e640886
0x000000010a365400:   0c402d31 1e6408c7 1f5654d0 1e6c1017
0x000000010a365410:   1f5050d0 1f504cd0 1f5048d0 1e650af6
0x000000010a365420:   1f50d8f6 1f5694d6 1f5158f6 1e762880
0x000000010a365430:   36000501 1e614000 14000026 2e251ca5
0x000000010a365440:   d29c3009 f2a05089 f2c00029 6d425d36
0x000000010a365450:   1e600806 0c402d32 1f5758c7 1e6c101a
0x000000010a365460:   1f4754c7 1e650805 1f4750c7 d2866668
0x000000010a365470:   f2a7fa68 1f474cc7 1e6608c0 1f4748c7
0x000000010a365480:   1e6e1019 eb08007f 540000ac 1f479400
0x000000010a365490:   1f460340 1e603b20 1400000e d2a7fd29
0x000000010a3654a0:   eb09007f 540000ac 51480069 d3607d29
0x000000010a3654b0:   9e670121 14000002 1e6a5001 1f679417
0x000000010a3654c0:   1f668742 1e613b23 1e773857 1e773860
0x000000010a3654d0:   a8c17ff3 910003bf a8c17bfd d65f03c0
0x000000010a3654e0:   b9400001 aa0103e0 d65f03c0 f9400001
0x000000010a3654f0:   aa0103e0 d65f03c0 00000000 00000000
0x000000010a365500:   00000000 00000000 00000000 00000000
0x000000010a365510:   00000000 00000000 00000000 00000000
0x000000010a365520:   00000000 00000000 00000000 00000000
0x000000010a365530:   00000000 00000000 00000000 00000000
0x000000010a365540:   00000000 00000000 00000000 00000000
0x000000010a365550:   00000000 00000000 00000000 00000000
0x000000010a365560:   00000000 00000000 00000000 00000000
0x000000010a365570:   00000000 00000000 00000000 00000000
0x000000010a365580:   00000000 00000000 00000000 00000000
0x000000010a365590:   00000000 00000000 00000000 00000000
0x000000010a3655a0:   00000000 00000000 00000000 00000000
0x000000010a3655b0:   00000000 00000000 00000000 00000000
0x000000010a3655c0:   00000000 00000000 00000000 00000000
0x000000010a3655d0:   00000000 00000000 00000000 00000000
0x000000010a3655e0:   00000000 00000000 00000000 00000000 


Stack slot to memory mapping:
stack at sp + 0 slots: 0x000000011f918ce8 is pointing into metadata
stack at sp + 1 slots: 0x0000000000000001 is an unknown value
stack at sp + 2 slots: 0x0000000172506988 is pointing into the stack for thread: 0x0000000150057a00
stack at sp + 3 slots: 0x0 is NULL
stack at sp + 4 slots: 0x00000001460f26a8 points into unknown readable memory: 0x000000010283e728 | 28 e7 83 02 01 00 00 00
stack at sp + 5 slots: 0x00000001478109b8 is a global jni handle
stack at sp + 6 slots: 0x00000001478109b8 is a global jni handle
stack at sp + 7 slots: 0x000060000034c4d0 points into unknown readable memory: 0x0000600002a51570 | 70 15 a5 02 00 60 00 00

StubRoutines::SafeFetchN [0x000000010a3654ec, 0x000000010a3654f8] (12 bytes)
[MachCode]
  0x000000010a3654ec: 0100 40f9 | e003 01aa | c003 5fd6 
[/MachCode]

---------------  P R O C E S S  ---------------

Threads class SMR info:
_java_thread_list=0x0000600002881800, length=20, elements={
0x0000000147008200, 0x00000001470bfe00, 0x000000014600d000, 0x00000001470c7c00,
0x00000001470c8c00, 0x00000001470c9200, 0x00000001470cbe00, 0x00000001470cc400,
0x00000001470cca00, 0x00000001470b8800, 0x000000014600e000, 0x000000014600e600,
0x00000001470c5000, 0x0000000150057a00, 0x00000001460f2400, 0x00000001501d8a00,
0x000000014778d200, 0x000000013690ee00, 0x0000000150537c00, 0x000000014687e800
}

Java Threads: ( => current thread )
  0x0000000147008200 JavaThread "main" [_thread_blocked, id=10243, stack(0x000000016f4e4000,0x000000016f6e7000)]
  0x00000001470bfe00 JavaThread "Reference Handler" daemon [_thread_blocked, id=15875, stack(0x0000000170338000,0x000000017053b000)]
  0x000000014600d000 JavaThread "Finalizer" daemon [_thread_blocked, id=15363, stack(0x0000000170544000,0x0000000170747000)]
  0x00000001470c7c00 JavaThread "Signal Dispatcher" daemon [_thread_blocked, id=42499, stack(0x0000000170868000,0x0000000170a6b000)]
  0x00000001470c8c00 JavaThread "Service Thread" daemon [_thread_blocked, id=42243, stack(0x0000000170a74000,0x0000000170c77000)]
  0x00000001470c9200 JavaThread "Monitor Deflation Thread" daemon [_thread_blocked, id=41987, stack(0x0000000170c80000,0x0000000170e83000)]
  0x00000001470cbe00 JavaThread "C2 CompilerThread0" daemon [_thread_in_native, id=41475, stack(0x0000000170e8c000,0x000000017108f000)]
  0x00000001470cc400 JavaThread "C1 CompilerThread0" daemon [_thread_blocked, id=40963, stack(0x0000000171098000,0x000000017129b000)]
  0x00000001470cca00 JavaThread "Sweeper thread" daemon [_thread_blocked, id=40451, stack(0x00000001712a4000,0x00000001714a7000)]
  0x00000001470b8800 JavaThread "Common-Cleaner" daemon [_thread_blocked, id=23811, stack(0x00000001714b0000,0x00000001716b3000)]
  0x000000014600e000 JavaThread "Monitor Ctrl-Break" daemon [_thread_in_native, id=25091, stack(0x0000000171ad4000,0x0000000171cd7000)]
  0x000000014600e600 JavaThread "Notification Thread" daemon [_thread_blocked, id=25347, stack(0x0000000171ce0000,0x0000000171ee3000)]
  0x00000001470c5000 JavaThread "QuantumRenderer-0" daemon [_thread_blocked, id=39427, stack(0x00000001720f8000,0x00000001722fb000)]
=>0x0000000150057a00 JavaThread "InvokeLaterDispatcher" daemon [_thread_in_native, id=30987, stack(0x0000000172304000,0x0000000172507000)]
  0x00000001460f2400 JavaThread "JavaFX Application Thread" [_thread_in_native, id=259, stack(0x000000016ec5c000,0x000000016f458000)]
  0x00000001501d8a00 JavaThread "JavaFX-Launcher" [_thread_blocked, id=77319, stack(0x0000000172834000,0x0000000172a37000)]
  0x000000014778d200 JavaThread "Prism Font Disposer" daemon [_thread_blocked, id=68871, stack(0x000000017347c000,0x000000017367f000)]
  0x000000013690ee00 JavaThread "Cleaner-0" daemon [_thread_blocked, id=60683, stack(0x00000001737a0000,0x00000001739a3000)]
  0x0000000150537c00 JavaThread "Attach Listener" daemon [_thread_blocked, id=24367, stack(0x00000001716bc000,0x00000001718bf000)]
  0x000000014687e800 JavaThread "PulseTimer-CVDisplayLink thread" daemon [_thread_in_native, id=51719, stack(0x0000000172510000,0x0000000172593000)]

Other Threads:
  0x000000014780e3c0 VMThread "VM Thread" [stack: 0x000000017012c000,0x000000017032f000] [id=16387]
  0x0000000145e14eb0 WatcherThread [stack: 0x0000000171eec000,0x00000001720ef000] [id=25603]
  0x0000000147807130 GCTaskThread "GC Thread#0" [stack: 0x000000016f6f0000,0x000000016f8f3000] [id=19459]
  0x0000000135e08080 GCTaskThread "GC Thread#1" [stack: 0x0000000172a40000,0x0000000172c43000] [id=77063]
  0x0000000135e08500 GCTaskThread "GC Thread#2" [stack: 0x0000000172c4c000,0x0000000172e4f000] [id=72963]
  0x0000000135e08980 GCTaskThread "GC Thread#3" [stack: 0x0000000172e58000,0x000000017305b000] [id=72707]
  0x0000000135e08e00 GCTaskThread "GC Thread#4" [stack: 0x0000000173064000,0x0000000173267000] [id=72195]
  0x0000000145f09110 GCTaskThread "GC Thread#5" [stack: 0x0000000173270000,0x0000000173473000] [id=71683]
  0x000000014785ff20 GCTaskThread "GC Thread#6" [stack: 0x0000000173bb8000,0x0000000173dbb000] [id=62979]
  0x00000001478603a0 GCTaskThread "GC Thread#7" [stack: 0x0000000173dc4000,0x0000000173fc7000] [id=62723]
  0x00000001478077e0 ConcurrentGCThread "G1 Main Marker" [stack: 0x000000016f8fc000,0x000000016faff000] [id=19203]
  0x0000000147808060 ConcurrentGCThread "G1 Conc#0" [stack: 0x000000016fb08000,0x000000016fd0b000] [id=18435]
  0x0000000147809ed0 ConcurrentGCThread "G1 Refine#0" [stack: 0x000000016fd14000,0x000000016ff17000] [id=17667]
  0x000000014785fb00 ConcurrentGCThread "G1 Refine#1" [stack: 0x0000000173fd0000,0x00000001741d3000] [id=62467]
  0x0000000125e050d0 ConcurrentGCThread "G1 Refine#2" [stack: 0x00000001741dc000,0x00000001743df000] [id=174339]
  0x000000014780a770 ConcurrentGCThread "G1 Service" [stack: 0x000000016ff20000,0x0000000170123000] [id=17155]

Threads with active compile tasks:
C2 CompilerThread0     6495 2943       4       java.lang.Enum::valueOf (73 bytes)

VM state: not at safepoint (normal execution)

VM Mutex/Monitor currently owned by a thread: None

Heap address: 0x0000000780000000, size: 2048 MB, Compressed Oops mode: Zero based, Oop shift amount: 3

CDS archive(s) mapped at: [0x0000000800000000-0x0000000800bd4000-0x0000000800bd4000), size 12402688, SharedBaseAddress: 0x0000000800000000, ArchiveRelocationMode: 0.
Compressed class space mapped at: 0x0000000800c00000-0x0000000840c00000, reserved size: 1073741824
Narrow klass base: 0x0000000800000000, Narrow klass shift: 0, Narrow klass range: 0x100000000

GC Precious Log:
 CPUs: 8 total, 8 available
 Memory: 8192M
 Large Page Support: Disabled
 NUMA Support: Disabled
 Compressed Oops: Enabled (Zero based)
 Heap Region Size: 1M
 Heap Min Capacity: 8M
 Heap Initial Capacity: 128M
 Heap Max Capacity: 2G
 Pre-touch: Disabled
 Parallel Workers: 8
 Concurrent Workers: 2
 Concurrent Refinement Workers: 8
 Periodic GC: Disabled

Heap:
 garbage-first heap   total 133120K, used 15491K [0x0000000780000000, 0x0000000800000000)
  region size 1024K, 11 young (11264K), 6 survivors (6144K)
 Metaspace       used 16882K, committed 17088K, reserved 1064960K
  class space    used 2576K, committed 2688K, reserved 1048576K

Heap Regions: E=young(eden), S=young(survivor), O=old, HS=humongous(starts), HC=humongous(continues), CS=collection set, F=free, OA=open archive, CA=closed archive, TAMS=top-at-mark-start (previous, next)
|   0|0x0000000780000000, 0x0000000780100000, 0x0000000780100000|100%| O|  |TAMS 0x0000000780000000, 0x0000000780000000| Untracked 
|   1|0x0000000780100000, 0x0000000780200000, 0x0000000780200000|100%|HS|  |TAMS 0x0000000780100000, 0x0000000780100000| Complete 
|   2|0x0000000780200000, 0x0000000780300000, 0x0000000780300000|100%|HC|  |TAMS 0x0000000780200000, 0x0000000780200000| Complete 
|   3|0x0000000780300000, 0x0000000780400000, 0x0000000780400000|100%| O|  |TAMS 0x0000000780300000, 0x0000000780300000| Untracked 
|   4|0x0000000780400000, 0x0000000780428c00, 0x0000000780500000| 15%| O|  |TAMS 0x0000000780400000, 0x0000000780400000| Untracked 
|   5|0x0000000780500000, 0x0000000780500000, 0x0000000780600000|  0%| F|  |TAMS 0x0000000780500000, 0x0000000780500000| Untracked 
|   6|0x0000000780600000, 0x0000000780600000, 0x0000000780700000|  0%| F|  |TAMS 0x0000000780600000, 0x0000000780600000| Untracked 
|   7|0x0000000780700000, 0x0000000780700000, 0x0000000780800000|  0%| F|  |TAMS 0x0000000780700000, 0x0000000780700000| Untracked 
|   8|0x0000000780800000, 0x0000000780800000, 0x0000000780900000|  0%| F|  |TAMS 0x0000000780800000, 0x0000000780800000| Untracked 
|   9|0x0000000780900000, 0x0000000780900000, 0x0000000780a00000|  0%| F|  |TAMS 0x0000000780900000, 0x0000000780900000| Untracked 
|  10|0x0000000780a00000, 0x0000000780a00000, 0x0000000780b00000|  0%| F|  |TAMS 0x0000000780a00000, 0x0000000780a00000| Untracked 
|  11|0x0000000780b00000, 0x0000000780b00000, 0x0000000780c00000|  0%| F|  |TAMS 0x0000000780b00000, 0x0000000780b00000| Untracked 
|  12|0x0000000780c00000, 0x0000000780c00000, 0x0000000780d00000|  0%| F|  |TAMS 0x0000000780c00000, 0x0000000780c00000| Untracked 
|  13|0x0000000780d00000, 0x0000000780d00000, 0x0000000780e00000|  0%| F|  |TAMS 0x0000000780d00000, 0x0000000780d00000| Untracked 
|  14|0x0000000780e00000, 0x0000000780e00000, 0x0000000780f00000|  0%| F|  |TAMS 0x0000000780e00000, 0x0000000780e00000| Untracked 
|  15|0x0000000780f00000, 0x0000000780f00000, 0x0000000781000000|  0%| F|  |TAMS 0x0000000780f00000, 0x0000000780f00000| Untracked 
|  16|0x0000000781000000, 0x0000000781000000, 0x0000000781100000|  0%| F|  |TAMS 0x0000000781000000, 0x0000000781000000| Untracked 
|  17|0x0000000781100000, 0x0000000781100000, 0x0000000781200000|  0%| F|  |TAMS 0x0000000781100000, 0x0000000781100000| Untracked 
|  18|0x0000000781200000, 0x0000000781200000, 0x0000000781300000|  0%| F|  |TAMS 0x0000000781200000, 0x0000000781200000| Untracked 
|  19|0x0000000781300000, 0x0000000781300000, 0x0000000781400000|  0%| F|  |TAMS 0x0000000781300000, 0x0000000781300000| Untracked 
|  20|0x0000000781400000, 0x0000000781400000, 0x0000000781500000|  0%| F|  |TAMS 0x0000000781400000, 0x0000000781400000| Untracked 
|  21|0x0000000781500000, 0x0000000781500000, 0x0000000781600000|  0%| F|  |TAMS 0x0000000781500000, 0x0000000781500000| Untracked 
|  22|0x0000000781600000, 0x0000000781600000, 0x0000000781700000|  0%| F|  |TAMS 0x0000000781600000, 0x0000000781600000| Untracked 
|  23|0x0000000781700000, 0x0000000781700000, 0x0000000781800000|  0%| F|  |TAMS 0x0000000781700000, 0x0000000781700000| Untracked 
|  24|0x0000000781800000, 0x0000000781800000, 0x0000000781900000|  0%| F|  |TAMS 0x0000000781800000, 0x0000000781800000| Untracked 
|  25|0x0000000781900000, 0x0000000781900000, 0x0000000781a00000|  0%| F|  |TAMS 0x0000000781900000, 0x0000000781900000| Untracked 
|  26|0x0000000781a00000, 0x0000000781a00000, 0x0000000781b00000|  0%| F|  |TAMS 0x0000000781a00000, 0x0000000781a00000| Untracked 
|  27|0x0000000781b00000, 0x0000000781b00000, 0x0000000781c00000|  0%| F|  |TAMS 0x0000000781b00000, 0x0000000781b00000| Untracked 
|  28|0x0000000781c00000, 0x0000000781c00000, 0x0000000781d00000|  0%| F|  |TAMS 0x0000000781c00000, 0x0000000781c00000| Untracked 
|  29|0x0000000781d00000, 0x0000000781d00000, 0x0000000781e00000|  0%| F|  |TAMS 0x0000000781d00000, 0x0000000781d00000| Untracked 
|  30|0x0000000781e00000, 0x0000000781e00000, 0x0000000781f00000|  0%| F|  |TAMS 0x0000000781e00000, 0x0000000781e00000| Untracked 
|  31|0x0000000781f00000, 0x0000000781f00000, 0x0000000782000000|  0%| F|  |TAMS 0x0000000781f00000, 0x0000000781f00000| Untracked 
|  32|0x0000000782000000, 0x0000000782000000, 0x0000000782100000|  0%| F|  |TAMS 0x0000000782000000, 0x0000000782000000| Untracked 
|  33|0x0000000782100000, 0x0000000782100000, 0x0000000782200000|  0%| F|  |TAMS 0x0000000782100000, 0x0000000782100000| Untracked 
|  34|0x0000000782200000, 0x0000000782200000, 0x0000000782300000|  0%| F|  |TAMS 0x0000000782200000, 0x0000000782200000| Untracked 
|  35|0x0000000782300000, 0x0000000782300000, 0x0000000782400000|  0%| F|  |TAMS 0x0000000782300000, 0x0000000782300000| Untracked 
|  36|0x0000000782400000, 0x0000000782400000, 0x0000000782500000|  0%| F|  |TAMS 0x0000000782400000, 0x0000000782400000| Untracked 
|  37|0x0000000782500000, 0x0000000782500000, 0x0000000782600000|  0%| F|  |TAMS 0x0000000782500000, 0x0000000782500000| Untracked 
|  38|0x0000000782600000, 0x0000000782600000, 0x0000000782700000|  0%| F|  |TAMS 0x0000000782600000, 0x0000000782600000| Untracked 
|  39|0x0000000782700000, 0x0000000782700000, 0x0000000782800000|  0%| F|  |TAMS 0x0000000782700000, 0x0000000782700000| Untracked 
|  40|0x0000000782800000, 0x0000000782800000, 0x0000000782900000|  0%| F|  |TAMS 0x0000000782800000, 0x0000000782800000| Untracked 
|  41|0x0000000782900000, 0x0000000782900000, 0x0000000782a00000|  0%| F|  |TAMS 0x0000000782900000, 0x0000000782900000| Untracked 
|  42|0x0000000782a00000, 0x0000000782a00000, 0x0000000782b00000|  0%| F|  |TAMS 0x0000000782a00000, 0x0000000782a00000| Untracked 
|  43|0x0000000782b00000, 0x0000000782b00000, 0x0000000782c00000|  0%| F|  |TAMS 0x0000000782b00000, 0x0000000782b00000| Untracked 
|  44|0x0000000782c00000, 0x0000000782c00000, 0x0000000782d00000|  0%| F|  |TAMS 0x0000000782c00000, 0x0000000782c00000| Untracked 
|  45|0x0000000782d00000, 0x0000000782d00000, 0x0000000782e00000|  0%| F|  |TAMS 0x0000000782d00000, 0x0000000782d00000| Untracked 
|  46|0x0000000782e00000, 0x0000000782e00000, 0x0000000782f00000|  0%| F|  |TAMS 0x0000000782e00000, 0x0000000782e00000| Untracked 
|  47|0x0000000782f00000, 0x0000000782f00000, 0x0000000783000000|  0%| F|  |TAMS 0x0000000782f00000, 0x0000000782f00000| Untracked 
|  48|0x0000000783000000, 0x0000000783000000, 0x0000000783100000|  0%| F|  |TAMS 0x0000000783000000, 0x0000000783000000| Untracked 
|  49|0x0000000783100000, 0x0000000783100000, 0x0000000783200000|  0%| F|  |TAMS 0x0000000783100000, 0x0000000783100000| Untracked 
|  50|0x0000000783200000, 0x0000000783200000, 0x0000000783300000|  0%| F|  |TAMS 0x0000000783200000, 0x0000000783200000| Untracked 
|  51|0x0000000783300000, 0x0000000783300000, 0x0000000783400000|  0%| F|  |TAMS 0x0000000783300000, 0x0000000783300000| Untracked 
|  52|0x0000000783400000, 0x0000000783400000, 0x0000000783500000|  0%| F|  |TAMS 0x0000000783400000, 0x0000000783400000| Untracked 
|  53|0x0000000783500000, 0x0000000783500000, 0x0000000783600000|  0%| F|  |TAMS 0x0000000783500000, 0x0000000783500000| Untracked 
|  54|0x0000000783600000, 0x0000000783600000, 0x0000000783700000|  0%| F|  |TAMS 0x0000000783600000, 0x0000000783600000| Untracked 
|  55|0x0000000783700000, 0x0000000783700000, 0x0000000783800000|  0%| F|  |TAMS 0x0000000783700000, 0x0000000783700000| Untracked 
|  56|0x0000000783800000, 0x0000000783800000, 0x0000000783900000|  0%| F|  |TAMS 0x0000000783800000, 0x0000000783800000| Untracked 
|  57|0x0000000783900000, 0x0000000783900000, 0x0000000783a00000|  0%| F|  |TAMS 0x0000000783900000, 0x0000000783900000| Untracked 
|  58|0x0000000783a00000, 0x0000000783a00000, 0x0000000783b00000|  0%| F|  |TAMS 0x0000000783a00000, 0x0000000783a00000| Untracked 
|  59|0x0000000783b00000, 0x0000000783b00000, 0x0000000783c00000|  0%| F|  |TAMS 0x0000000783b00000, 0x0000000783b00000| Untracked 
|  60|0x0000000783c00000, 0x0000000783c00000, 0x0000000783d00000|  0%| F|  |TAMS 0x0000000783c00000, 0x0000000783c00000| Untracked 
|  61|0x0000000783d00000, 0x0000000783d00000, 0x0000000783e00000|  0%| F|  |TAMS 0x0000000783d00000, 0x0000000783d00000| Untracked 
|  62|0x0000000783e00000, 0x0000000783e00000, 0x0000000783f00000|  0%| F|  |TAMS 0x0000000783e00000, 0x0000000783e00000| Untracked 
|  63|0x0000000783f00000, 0x0000000783f00000, 0x0000000784000000|  0%| F|  |TAMS 0x0000000783f00000, 0x0000000783f00000| Untracked 
|  64|0x0000000784000000, 0x0000000784000000, 0x0000000784100000|  0%| F|  |TAMS 0x0000000784000000, 0x0000000784000000| Untracked 
|  65|0x0000000784100000, 0x0000000784100000, 0x0000000784200000|  0%| F|  |TAMS 0x0000000784100000, 0x0000000784100000| Untracked 
|  66|0x0000000784200000, 0x0000000784200000, 0x0000000784300000|  0%| F|  |TAMS 0x0000000784200000, 0x0000000784200000| Untracked 
|  67|0x0000000784300000, 0x0000000784300000, 0x0000000784400000|  0%| F|  |TAMS 0x0000000784300000, 0x0000000784300000| Untracked 
|  68|0x0000000784400000, 0x0000000784400000, 0x0000000784500000|  0%| F|  |TAMS 0x0000000784400000, 0x0000000784400000| Untracked 
|  69|0x0000000784500000, 0x0000000784500000, 0x0000000784600000|  0%| F|  |TAMS 0x0000000784500000, 0x0000000784500000| Untracked 
|  70|0x0000000784600000, 0x0000000784600000, 0x0000000784700000|  0%| F|  |TAMS 0x0000000784600000, 0x0000000784600000| Untracked 
|  71|0x0000000784700000, 0x0000000784700000, 0x0000000784800000|  0%| F|  |TAMS 0x0000000784700000, 0x0000000784700000| Untracked 
|  72|0x0000000784800000, 0x0000000784800000, 0x0000000784900000|  0%| F|  |TAMS 0x0000000784800000, 0x0000000784800000| Untracked 
|  73|0x0000000784900000, 0x0000000784900000, 0x0000000784a00000|  0%| F|  |TAMS 0x0000000784900000, 0x0000000784900000| Untracked 
|  74|0x0000000784a00000, 0x0000000784a00000, 0x0000000784b00000|  0%| F|  |TAMS 0x0000000784a00000, 0x0000000784a00000| Untracked 
|  75|0x0000000784b00000, 0x0000000784b00000, 0x0000000784c00000|  0%| F|  |TAMS 0x0000000784b00000, 0x0000000784b00000| Untracked 
|  76|0x0000000784c00000, 0x0000000784c00000, 0x0000000784d00000|  0%| F|  |TAMS 0x0000000784c00000, 0x0000000784c00000| Untracked 
|  77|0x0000000784d00000, 0x0000000784d00000, 0x0000000784e00000|  0%| F|  |TAMS 0x0000000784d00000, 0x0000000784d00000| Untracked 
|  78|0x0000000784e00000, 0x0000000784e00000, 0x0000000784f00000|  0%| F|  |TAMS 0x0000000784e00000, 0x0000000784e00000| Untracked 
|  79|0x0000000784f00000, 0x0000000785000000, 0x0000000785000000|100%| S|CS|TAMS 0x0000000784f00000, 0x0000000784f00000| Complete 
|  80|0x0000000785000000, 0x0000000785100000, 0x0000000785100000|100%| S|CS|TAMS 0x0000000785000000, 0x0000000785000000| Complete 
|  81|0x0000000785100000, 0x0000000785200000, 0x0000000785200000|100%| S|CS|TAMS 0x0000000785100000, 0x0000000785100000| Complete 
|  82|0x0000000785200000, 0x0000000785300000, 0x0000000785300000|100%| S|CS|TAMS 0x0000000785200000, 0x0000000785200000| Complete 
|  83|0x0000000785300000, 0x0000000785400000, 0x0000000785400000|100%| S|CS|TAMS 0x0000000785300000, 0x0000000785300000| Complete 
|  84|0x0000000785400000, 0x0000000785500000, 0x0000000785500000|100%| S|CS|TAMS 0x0000000785400000, 0x0000000785400000| Complete 
|  85|0x0000000785500000, 0x0000000785500000, 0x0000000785600000|  0%| F|  |TAMS 0x0000000785500000, 0x0000000785500000| Untracked 
|  86|0x0000000785600000, 0x0000000785600000, 0x0000000785700000|  0%| F|  |TAMS 0x0000000785600000, 0x0000000785600000| Untracked 
|  87|0x0000000785700000, 0x0000000785700000, 0x0000000785800000|  0%| F|  |TAMS 0x0000000785700000, 0x0000000785700000| Untracked 
|  88|0x0000000785800000, 0x0000000785800000, 0x0000000785900000|  0%| F|  |TAMS 0x0000000785800000, 0x0000000785800000| Untracked 
|  89|0x0000000785900000, 0x0000000785900000, 0x0000000785a00000|  0%| F|  |TAMS 0x0000000785900000, 0x0000000785900000| Untracked 
|  90|0x0000000785a00000, 0x0000000785a00000, 0x0000000785b00000|  0%| F|  |TAMS 0x0000000785a00000, 0x0000000785a00000| Untracked 
|  91|0x0000000785b00000, 0x0000000785b00000, 0x0000000785c00000|  0%| F|  |TAMS 0x0000000785b00000, 0x0000000785b00000| Untracked 
|  92|0x0000000785c00000, 0x0000000785c00000, 0x0000000785d00000|  0%| F|  |TAMS 0x0000000785c00000, 0x0000000785c00000| Untracked 
|  93|0x0000000785d00000, 0x0000000785d00000, 0x0000000785e00000|  0%| F|  |TAMS 0x0000000785d00000, 0x0000000785d00000| Untracked 
|  94|0x0000000785e00000, 0x0000000785e00000, 0x0000000785f00000|  0%| F|  |TAMS 0x0000000785e00000, 0x0000000785e00000| Untracked 
|  95|0x0000000785f00000, 0x0000000785f00000, 0x0000000786000000|  0%| F|  |TAMS 0x0000000785f00000, 0x0000000785f00000| Untracked 
|  96|0x0000000786000000, 0x0000000786000000, 0x0000000786100000|  0%| F|  |TAMS 0x0000000786000000, 0x0000000786000000| Untracked 
|  97|0x0000000786100000, 0x0000000786100000, 0x0000000786200000|  0%| F|  |TAMS 0x0000000786100000, 0x0000000786100000| Untracked 
|  98|0x0000000786200000, 0x0000000786200000, 0x0000000786300000|  0%| F|  |TAMS 0x0000000786200000, 0x0000000786200000| Untracked 
|  99|0x0000000786300000, 0x0000000786300000, 0x0000000786400000|  0%| F|  |TAMS 0x0000000786300000, 0x0000000786300000| Untracked 
| 100|0x0000000786400000, 0x0000000786400000, 0x0000000786500000|  0%| F|  |TAMS 0x0000000786400000, 0x0000000786400000| Untracked 
| 101|0x0000000786500000, 0x0000000786500000, 0x0000000786600000|  0%| F|  |TAMS 0x0000000786500000, 0x0000000786500000| Untracked 
| 102|0x0000000786600000, 0x0000000786600000, 0x0000000786700000|  0%| F|  |TAMS 0x0000000786600000, 0x0000000786600000| Untracked 
| 103|0x0000000786700000, 0x0000000786700000, 0x0000000786800000|  0%| F|  |TAMS 0x0000000786700000, 0x0000000786700000| Untracked 
| 104|0x0000000786800000, 0x0000000786800000, 0x0000000786900000|  0%| F|  |TAMS 0x0000000786800000, 0x0000000786800000| Untracked 
| 105|0x0000000786900000, 0x0000000786900000, 0x0000000786a00000|  0%| F|  |TAMS 0x0000000786900000, 0x0000000786900000| Untracked 
| 106|0x0000000786a00000, 0x0000000786a00000, 0x0000000786b00000|  0%| F|  |TAMS 0x0000000786a00000, 0x0000000786a00000| Untracked 
| 107|0x0000000786b00000, 0x0000000786b00000, 0x0000000786c00000|  0%| F|  |TAMS 0x0000000786b00000, 0x0000000786b00000| Untracked 
| 108|0x0000000786c00000, 0x0000000786c00000, 0x0000000786d00000|  0%| F|  |TAMS 0x0000000786c00000, 0x0000000786c00000| Untracked 
| 109|0x0000000786d00000, 0x0000000786d00000, 0x0000000786e00000|  0%| F|  |TAMS 0x0000000786d00000, 0x0000000786d00000| Untracked 
| 110|0x0000000786e00000, 0x0000000786e00000, 0x0000000786f00000|  0%| F|  |TAMS 0x0000000786e00000, 0x0000000786e00000| Untracked 
| 111|0x0000000786f00000, 0x0000000786f00000, 0x0000000787000000|  0%| F|  |TAMS 0x0000000786f00000, 0x0000000786f00000| Untracked 
| 112|0x0000000787000000, 0x0000000787000000, 0x0000000787100000|  0%| F|  |TAMS 0x0000000787000000, 0x0000000787000000| Untracked 
| 113|0x0000000787100000, 0x0000000787100000, 0x0000000787200000|  0%| F|  |TAMS 0x0000000787100000, 0x0000000787100000| Untracked 
| 114|0x0000000787200000, 0x0000000787200000, 0x0000000787300000|  0%| F|  |TAMS 0x0000000787200000, 0x0000000787200000| Untracked 
| 115|0x0000000787300000, 0x0000000787300000, 0x0000000787400000|  0%| F|  |TAMS 0x0000000787300000, 0x0000000787300000| Untracked 
| 116|0x0000000787400000, 0x0000000787400000, 0x0000000787500000|  0%| F|  |TAMS 0x0000000787400000, 0x0000000787400000| Untracked 
| 117|0x0000000787500000, 0x0000000787500000, 0x0000000787600000|  0%| F|  |TAMS 0x0000000787500000, 0x0000000787500000| Untracked 
| 118|0x0000000787600000, 0x0000000787600000, 0x0000000787700000|  0%| F|  |TAMS 0x0000000787600000, 0x0000000787600000| Untracked 
| 119|0x0000000787700000, 0x0000000787700000, 0x0000000787800000|  0%| F|  |TAMS 0x0000000787700000, 0x0000000787700000| Untracked 
| 120|0x0000000787800000, 0x0000000787800000, 0x0000000787900000|  0%| F|  |TAMS 0x0000000787800000, 0x0000000787800000| Untracked 
| 121|0x0000000787900000, 0x0000000787900000, 0x0000000787a00000|  0%| F|  |TAMS 0x0000000787900000, 0x0000000787900000| Untracked 
| 122|0x0000000787a00000, 0x0000000787a00000, 0x0000000787b00000|  0%| F|  |TAMS 0x0000000787a00000, 0x0000000787a00000| Untracked 
| 123|0x0000000787b00000, 0x0000000787b313a8, 0x0000000787c00000| 19%| E|  |TAMS 0x0000000787b00000, 0x0000000787b00000| Complete 
| 124|0x0000000787c00000, 0x0000000787d00000, 0x0000000787d00000|100%| E|CS|TAMS 0x0000000787c00000, 0x0000000787c00000| Complete 
| 125|0x0000000787d00000, 0x0000000787e00000, 0x0000000787e00000|100%| E|CS|TAMS 0x0000000787d00000, 0x0000000787d00000| Complete 
| 126|0x0000000787e00000, 0x0000000787f00000, 0x0000000787f00000|100%| E|CS|TAMS 0x0000000787e00000, 0x0000000787e00000| Complete 
| 127|0x0000000787f00000, 0x0000000788000000, 0x0000000788000000|100%| E|CS|TAMS 0x0000000787f00000, 0x0000000787f00000| Complete 
|2046|0x00000007ffe00000, 0x00000007ffe78000, 0x00000007fff00000| 46%|OA|  |TAMS 0x00000007ffe00000, 0x00000007ffe00000| Untracked 
|2047|0x00000007fff00000, 0x00000007fff80000, 0x0000000800000000| 50%|CA|  |TAMS 0x00000007fff00000, 0x00000007fff00000| Untracked 

Card table byte_map: [0x00000001012c0000,0x00000001016c0000] _byte_map_base: 0x00000000fd6c0000

Marking Bits (Prev, Next): (CMBitMap*) 0x0000000147033010, (CMBitMap*) 0x0000000147033050
 Prev Bits: [0x0000000119364000, 0x000000011b364000)
 Next Bits: [0x000000011b364000, 0x000000011d364000)

Polling page: 0x0000000100b2c000

Metaspace:

Usage:
  Non-class:     13.97 MB used.
      Class:      2.52 MB used.
       Both:     16.49 MB used.

Virtual space:
  Non-class space:       16.00 MB reserved,      14.06 MB ( 88%) committed,  2 nodes.
      Class space:        1.00 GB reserved,       2.62 MB ( <1%) committed,  1 nodes.
             Both:        1.02 GB reserved,      16.69 MB (  2%) committed. 

Chunk freelists:
   Non-Class:  1.50 MB
       Class:  1.20 MB
        Both:  2.70 MB

MaxMetaspaceSize: unlimited
CompressedClassSpaceSize: 1.00 GB
Initial GC threshold: 21.00 MB
Current GC threshold: 21.00 MB
CDS: on
MetaspaceReclaimPolicy: balanced
 - commit_granule_bytes: 65536.
 - commit_granule_words: 8192.
 - virtual_space_node_default_size: 1048576.
 - enlarge_chunks_in_place: 1.
 - new_chunks_are_fully_committed: 0.
 - uncommit_free_chunks: 1.
 - use_allocation_guard: 0.
 - handle_deallocations: 1.


Internal statistics:

num_allocs_failed_limit: 0.
num_arena_births: 190.
num_arena_deaths: 0.
num_vsnodes_births: 3.
num_vsnodes_deaths: 0.
num_space_committed: 267.
num_space_uncommitted: 0.
num_chunks_returned_to_freelist: 0.
num_chunks_taken_from_freelist: 727.
num_chunk_merges: 0.
num_chunk_splits: 536.
num_chunks_enlarged: 444.
num_purges: 0.
num_inconsistent_stats: 0.

CodeHeap 'non-profiled nmethods': size=120032Kb used=1354Kb max_used=1354Kb free=118678Kb
 bounds [0x0000000111e2c000, 0x000000011209c000, 0x0000000119364000]
CodeHeap 'profiled nmethods': size=120016Kb used=5890Kb max_used=5890Kb free=114125Kb
 bounds [0x000000010a8f8000, 0x000000010aec8000, 0x0000000111e2c000]
CodeHeap 'non-nmethods': size=5712Kb used=1375Kb max_used=1448Kb free=4336Kb
 bounds [0x000000010a364000, 0x000000010a5d4000, 0x000000010a8f8000]
 total_blobs=3649 nmethods=2883 adapters=681
 compilation: enabled
              stopped_count=0, restarted_count=0
 full_count=0

Compilation events (20 events):
Event: 6.381 Thread 0x00000001470cc400 nmethod 2901 0x0000000111f7c010 code [0x0000000111f7c180, 0x0000000111f7c268]
Event: 6.381 Thread 0x00000001470cc400 2909       1       com.sun.glass.ui.Screen::getX (5 bytes)
Event: 6.381 Thread 0x00000001470cc400 nmethod 2909 0x0000000111f7c310 code [0x0000000111f7c480, 0x0000000111f7c568]
Event: 6.381 Thread 0x00000001470cc400 2910       1       com.sun.glass.ui.Screen::getY (5 bytes)
Event: 6.381 Thread 0x00000001470cc400 nmethod 2910 0x0000000111f7c610 code [0x0000000111f7c780, 0x0000000111f7c868]
Event: 6.382 Thread 0x00000001470cc400 2913       1       com.sun.javafx.text.TextRun::getLocation (5 bytes)
Event: 6.382 Thread 0x00000001470cc400 nmethod 2913 0x0000000111f7c910 code [0x0000000111f7ca80, 0x0000000111f7cb68]
Event: 6.392 Thread 0x00000001470cc400 2936       3       javafx.scene.input.MouseEvent::<init> (208 bytes)
Event: 6.393 Thread 0x00000001470cc400 nmethod 2936 0x000000010aeb2790 code [0x000000010aeb29c0, 0x000000010aeb3138]
Event: 6.393 Thread 0x00000001470cc400 2937       3       javafx.scene.input.InputEvent::<init> (8 bytes)
Event: 6.393 Thread 0x00000001470cc400 nmethod 2937 0x000000010aeb3510 code [0x000000010aeb36c0, 0x000000010aeb3858]
Event: 6.393 Thread 0x00000001470cc400 2938       3       javafx.scene.input.MouseEvent$Flags::<init> (10 bytes)
Event: 6.393 Thread 0x00000001470cc400 nmethod 2938 0x000000010aeb3910 code [0x000000010aeb3ac0, 0x000000010aeb3c68]
Event: 6.393 Thread 0x00000001470cc400 2939       3       javafx.scene.input.MouseEvent::<init> (45 bytes)
Event: 6.393 Thread 0x00000001470cc400 nmethod 2939 0x000000010aeb3d10 code [0x000000010aeb3ec0, 0x000000010aeb4118]
Event: 6.456 Thread 0x00000001470cc400 2940       1       com.sun.glass.ui.Screen::getPlatformX (5 bytes)
Event: 6.457 Thread 0x00000001470cc400 nmethod 2940 0x0000000111f7cc10 code [0x0000000111f7cd80, 0x0000000111f7ce68]
Event: 6.457 Thread 0x00000001470cc400 2941       1       com.sun.glass.ui.Screen::getPlatformY (5 bytes)
Event: 6.457 Thread 0x00000001470cc400 nmethod 2941 0x0000000111f7cf10 code [0x0000000111f7d080, 0x0000000111f7d168]
Event: 6.477 Thread 0x00000001470cbe00 2942       4       com.sun.javafx.css.ParsedValueImpl::hashCode (236 bytes)

GC Heap History (4 events):
Event: 0.310 GC heap before
{Heap before GC invocations=0 (full 0):
 garbage-first heap   total 133120K, used 23520K [0x0000000780000000, 0x0000000800000000)
  region size 1024K, 23 young (23552K), 0 survivors (0K)
 Metaspace       used 6786K, committed 6912K, reserved 1056768K
  class space    used 863K, committed 896K, reserved 1048576K
}
Event: 0.312 GC heap after
{Heap after GC invocations=1 (full 0):
 garbage-first heap   total 133120K, used 4597K [0x0000000780000000, 0x0000000800000000)
  region size 1024K, 3 young (3072K), 3 survivors (3072K)
 Metaspace       used 6786K, committed 6912K, reserved 1056768K
  class space    used 863K, committed 896K, reserved 1048576K
}
Event: 5.979 GC heap before
{Heap before GC invocations=1 (full 0):
 garbage-first heap   total 133120K, used 47605K [0x0000000780000000, 0x0000000800000000)
  region size 1024K, 43 young (44032K), 3 survivors (3072K)
 Metaspace       used 16632K, committed 16896K, reserved 1064960K
  class space    used 2571K, committed 2688K, reserved 1048576K
}
Event: 5.983 GC heap after
{Heap after GC invocations=2 (full 0):
 garbage-first heap   total 133120K, used 11395K [0x0000000780000000, 0x0000000800000000)
  region size 1024K, 6 young (6144K), 6 survivors (6144K)
 Metaspace       used 16632K, committed 16896K, reserved 1064960K
  class space    used 2571K, committed 2688K, reserved 1048576K
}

Deoptimization events (20 events):
Event: 6.002 Thread 0x00000001460f2400 Uncommon trap: trap_request=0xffffff45 fr.pc=0x0000000111e96274 relative=0x0000000000000374
Event: 6.002 Thread 0x00000001460f2400 Uncommon trap: reason=unstable_if action=reinterpret pc=0x0000000111e96274 method=java.lang.String.substring(II)Ljava/lang/String; @ 31 c2
Event: 6.002 Thread 0x00000001460f2400 DEOPT PACKING pc=0x0000000111e96274 sp=0x000000016f4519d0
Event: 6.002 Thread 0x00000001460f2400 DEOPT UNPACKING pc=0x000000010a3a2d1c sp=0x000000016f451970 mode 2
Event: 6.002 Thread 0x00000001460f2400 Uncommon trap: trap_request=0xffffff45 fr.pc=0x0000000111f4c118 relative=0x00000000000000d8
Event: 6.002 Thread 0x00000001460f2400 Uncommon trap: reason=unstable_if action=reinterpret pc=0x0000000111f4c118 method=java.lang.StringConcatHelper.prepend(J[BLjava/lang/String;)J @ 13 c2
Event: 6.002 Thread 0x00000001460f2400 DEOPT PACKING pc=0x0000000111f4c118 sp=0x000000016f451770
Event: 6.002 Thread 0x00000001460f2400 DEOPT UNPACKING pc=0x000000010a3a2d1c sp=0x000000016f4516f0 mode 2
Event: 6.002 Thread 0x00000001460f2400 Uncommon trap: trap_request=0xffffff45 fr.pc=0x0000000111f4b900 relative=0x00000000000000c0
Event: 6.002 Thread 0x00000001460f2400 Uncommon trap: reason=unstable_if action=reinterpret pc=0x0000000111f4b900 method=java.lang.String.getBytes([BIB)V @ 5 c2
Event: 6.002 Thread 0x00000001460f2400 DEOPT PACKING pc=0x0000000111f4b900 sp=0x000000016f4516b0
Event: 6.002 Thread 0x00000001460f2400 DEOPT UNPACKING pc=0x000000010a3a2d1c sp=0x000000016f451650 mode 2
Event: 6.002 Thread 0x00000001460f2400 Uncommon trap: trap_request=0xffffff45 fr.pc=0x0000000111f515e4 relative=0x00000000000000a4
Event: 6.002 Thread 0x00000001460f2400 Uncommon trap: reason=unstable_if action=reinterpret pc=0x0000000111f515e4 method=java.lang.StringConcatHelper.newString([BJ)Ljava/lang/String; @ 3 c2
Event: 6.002 Thread 0x00000001460f2400 DEOPT PACKING pc=0x0000000111f515e4 sp=0x000000016f451780
Event: 6.002 Thread 0x00000001460f2400 DEOPT UNPACKING pc=0x000000010a3a2d1c sp=0x000000016f4516f0 mode 2
Event: 6.037 Thread 0x00000001470c5000 Uncommon trap: trap_request=0xffffff45 fr.pc=0x0000000111f1530c relative=0x000000000000008c
Event: 6.037 Thread 0x00000001470c5000 Uncommon trap: reason=unstable_if action=reinterpret pc=0x0000000111f1530c method=com.sun.javafx.geom.RectBounds.isEmpty()Z @ 21 c2
Event: 6.037 Thread 0x00000001470c5000 DEOPT PACKING pc=0x0000000111f1530c sp=0x00000001722f8640
Event: 6.037 Thread 0x00000001470c5000 DEOPT UNPACKING pc=0x000000010a3a2d1c sp=0x00000001722f85d0 mode 2

Classes unloaded (0 events):
No events

Classes redefined (0 events):
No events

Internal exceptions (20 events):
Event: 0.396 Thread 0x00000001460f2400 Exception <a 'sun/nio/fs/UnixException'{0x0000000787bd9b80}> (0x0000000787bd9b80) 
thrown [open/src/hotspot/share/prims/jni.cpp, line 516]
Event: 0.399 Thread 0x00000001460f2400 Implicit null exception at 0x0000000111e5baf8 to 0x0000000111e5bb88
Event: 0.404 Thread 0x00000001460f2400 Implicit null exception at 0x0000000111e75b54 to 0x0000000111e75eac
Event: 0.404 Thread 0x00000001460f2400 Implicit null exception at 0x0000000111e75154 to 0x0000000111e754a0
Event: 0.452 Thread 0x00000001460f2400 Exception <a 'java/lang/NoSuchMethodError'{0x00000007876e0280}: 'java.lang.Object java.lang.invoke.DirectMethodHandle$Holder.invokeInterface(java.lang.Object, java.lang.Object, java.lang.Object)'> (0x00000007876e0280) 
thrown [open/src/hotspot/share/interpreter/linkResolver.cpp, line 766]
Event: 0.452 Thread 0x00000001460f2400 Exception <a 'java/lang/IncompatibleClassChangeError'{0x00000007876e3c08}: Found class java.lang.Object, but interface was expected> (0x00000007876e3c08) 
thrown [open/src/hotspot/share/interpreter/linkResolver.cpp, line 833]
Event: 0.466 Thread 0x00000001460f2400 Exception <a 'java/lang/ClassNotFoundException'{0x0000000787302c80}: com/sun/javafx/scene/control/skin/resources/controls> (0x0000000787302c80) 
thrown [open/src/hotspot/share/prims/jni.cpp, line 535]
Event: 0.466 Thread 0x00000001460f2400 Exception <a 'java/lang/ClassNotFoundException'{0x0000000787310c20}: com/sun/javafx/scene/control/skin/resources/controls_en> (0x0000000787310c20) 
thrown [open/src/hotspot/share/prims/jni.cpp, line 535]
Event: 0.466 Thread 0x00000001460f2400 Exception <a 'java/lang/ClassNotFoundException'{0x0000000787311bb8}: com/sun/javafx/scene/control/skin/resources/controls_en_GB> (0x0000000787311bb8) 
thrown [open/src/hotspot/share/prims/jni.cpp, line 535]
Event: 0.482 Thread 0x00000001460f2400 Exception <a 'java/lang/NoSuchMethodError'{0x0000000787135770}: 'void java.lang.invoke.DirectMethodHandle$Holder.invokeSpecial(java.lang.Object, java.lang.Object, java.lang.Object, java.lang.Object, java.lang.Object, java.lang.Object)'> (0x0000000787135770) 
thrown [open/src/hotspot/share/interpreter/linkResolver.cpp, line 766]
Event: 0.533 Thread 0x00000001460f2400 Exception <a 'java/lang/NoSuchMethodError'{0x0000000786b8dc58}: 'java.lang.Object java.lang.invoke.DirectMethodHandle$Holder.newInvokeSpecial(java.lang.Object, java.lang.Object, int, int)'> (0x0000000786b8dc58) 
thrown [open/src/hotspot/share/interpreter/linkResolver.cpp, line 766]
Event: 0.537 Thread 0x00000001460f2400 Exception <a 'java/lang/NoSuchMethodError'{0x0000000786ba8b08}: 'java.lang.Object java.lang.invoke.DirectMethodHandle$Holder.newInvokeSpecial(java.lang.Object, java.lang.Object, int)'> (0x0000000786ba8b08) 
thrown [open/src/hotspot/share/interpreter/linkResolver.cpp, line 766]
Event: 0.567 Thread 0x00000001470c5000 Exception <a 'java/lang/NoSuchMethodError'{0x000000078694e2c0}: 'int java.lang.invoke.DirectMethodHandle$Holder.invokeStaticInit(java.lang.Object, java.lang.Object)'> (0x000000078694e2c0) 
thrown [open/src/hotspot/share/interpreter/linkResolver.cpp, line 766]
Event: 0.577 Thread 0x00000001460f2400 Exception <a 'java/lang/NoSuchMethodError'{0x00000007869fe1d0}: 'long java.lang.invoke.DirectMethodHandle$Holder.invokeStatic(java.lang.Object, java.lang.Object, java.lang.Object)'> (0x00000007869fe1d0) 
thrown [open/src/hotspot/share/interpreter/linkResolver.cpp, line 766]
Event: 0.577 Thread 0x00000001460f2400 Exception <a 'java/lang/NoSuchMethodError'{0x0000000786502398}: 'long java.lang.invoke.DirectMethodHandle$Holder.invokeStaticInit(java.lang.Object, java.lang.Object, java.lang.Object)'> (0x0000000786502398) 
thrown [open/src/hotspot/share/interpreter/linkResolver.cpp, line 766]
Event: 0.578 Thread 0x00000001460f2400 Exception <a 'java/lang/NoSuchMethodError'{0x0000000786519fa0}: 'java.lang.Object java.lang.invoke.DirectMethodHandle$Holder.newInvokeSpecial(java.lang.Object, java.lang.Object, long)'> (0x0000000786519fa0) 
thrown [open/src/hotspot/share/interpreter/linkResolver.cpp, line 766]
Event: 0.578 Thread 0x00000001460f2400 Exception <a 'java/lang/NoSuchMethodError'{0x000000078651d868}: 'java.lang.Object java.lang.invoke.Invokers$Holder.linkToTargetMethod(java.lang.Object, long, java.lang.Object)'> (0x000000078651d868) 
thrown [open/src/hotspot/share/interpreter/linkResolver.cpp, line 766]
Event: 4.091 Thread 0x00000001460f2400 Exception <a 'java/lang/NoSuchMethodError'{0x0000000786090ba8}: 'java.lang.Object java.lang.invoke.DirectMethodHandle$Holder.newInvokeSpecial(java.lang.Object, java.lang.Object, int, int, int, int, int, java.lang.Object)'> (0x0000000786090ba8) 
thrown [open/src/hotspot/share/interpreter/linkResolver.cpp, line 766]
Event: 4.092 Thread 0x00000001460f2400 Exception <a 'java/lang/NoSuchMethodError'{0x00000007860a3b88}: 'java.lang.Object java.lang.invoke.DirectMethodHandle$Holder.newInvokeSpecial(java.lang.Object, java.lang.Object, java.lang.Object, int, int, int, int, int)'> (0x00000007860a3b88) 
thrown [open/src/hotspot/share/interpreter/linkResolver.cpp, line 766]
Event: 4.092 Thread 0x00000001460f2400 Exception <a 'java/lang/NoSuchMethodError'{0x00000007860ab3e8}: 'java.lang.Object java.lang.invoke.Invokers$Holder.linkToTargetMethod(java.lang.Object, java.lang.Object, int, int, int, int, int, java.lang.Object)'> (0x00000007860ab3e8) 
thrown [open/src/hotspot/share/interpreter/linkResolver.cpp, line 766]

VM Operations (20 events):
Event: 0.513 Executing VM operation: ICBufferFull
Event: 0.514 Executing VM operation: ICBufferFull done
Event: 1.172 Executing VM operation: ICBufferFull
Event: 1.172 Executing VM operation: ICBufferFull done
Event: 2.175 Executing VM operation: Cleanup
Event: 2.175 Executing VM operation: Cleanup done
Event: 3.180 Executing VM operation: Cleanup
Event: 3.180 Executing VM operation: Cleanup done
Event: 4.185 Executing VM operation: Cleanup
Event: 4.185 Executing VM operation: Cleanup done
Event: 5.190 Executing VM operation: Cleanup
Event: 5.190 Executing VM operation: Cleanup done
Event: 5.936 Executing VM operation: ICBufferFull
Event: 5.936 Executing VM operation: ICBufferFull done
Event: 5.968 Executing VM operation: ICBufferFull
Event: 5.968 Executing VM operation: ICBufferFull done
Event: 5.979 Executing VM operation: G1CollectForAllocation
Event: 5.983 Executing VM operation: G1CollectForAllocation done
Event: 6.025 Executing VM operation: ICBufferFull
Event: 6.025 Executing VM operation: ICBufferFull done

Events (20 events):
Event: 5.765 Protecting memory [0x00000001718c8000,0x00000001718d4000] with protection modes 3
Event: 5.765 Thread 0x000000014642f000 Thread exited: 0x000000014642f000
Event: 5.897 loading class java/util/BitSet
Event: 5.897 loading class java/util/BitSet done
Event: 5.940 loading class java/security/AllPermissionCollection
Event: 5.940 loading class java/security/AllPermissionCollection done
Event: 5.940 Thread 0x00000001368a1800 Thread added: 0x00000001368a1800
Event: 5.940 Protecting memory [0x00000001718c8000,0x00000001718d4000] with protection modes 0
Event: 5.941 loading class java/io/CharArrayReader
Event: 5.941 loading class java/io/CharArrayReader done
Event: 5.978 Thread 0x00000001368a1e00 Thread added: 0x00000001368a1e00
Event: 5.978 Protecting memory [0x00000001739ac000,0x00000001739b8000] with protection modes 0
Event: 6.294 Protecting memory [0x0000000172510000,0x000000017251c000] with protection modes 3
Event: 6.294 Thread 0x00000001501d6800 Thread exited: 0x00000001501d6800
Event: 6.336 Protecting memory [0x00000001739ac000,0x00000001739b8000] with protection modes 3
Event: 6.336 Thread 0x00000001368a1e00 Thread exited: 0x00000001368a1e00
Event: 6.351 Protecting memory [0x00000001718c8000,0x00000001718d4000] with protection modes 3
Event: 6.351 Thread 0x00000001368a1800 Thread exited: 0x00000001368a1800
Event: 6.360 Protecting memory [0x0000000172510000,0x000000017251c000] with protection modes 0
Event: 6.360 Thread 0x000000014687e800 Thread added: 0x000000014687e800


Dynamic libraries:
0x0000000100adc000 	/Users/alexbigas/Library/Java/JavaVirtualMachines/openjdk-17.0.1/Contents/Home/lib/libjli.dylib
0x000000019ef12000 	/usr/lib/libz.1.dylib
0x000000019efc9000 	/usr/lib/libSystem.B.dylib
0x000000019efc3000 	/usr/lib/system/libcache.dylib
0x000000019ef81000 	/usr/lib/system/libcommonCrypto.dylib
0x000000019efaa000 	/usr/lib/system/libcompiler_rt.dylib
0x000000019efa1000 	/usr/lib/system/libcopyfile.dylib
0x00000001941e7000 	/usr/lib/system/libcorecrypto.dylib
0x000000019429c000 	/usr/lib/system/libdispatch.dylib
0x000000019446a000 	/usr/lib/system/libdyld.dylib
0x000000019efb9000 	/usr/lib/system/libkeymgr.dylib
0x000000019ef5c000 	/usr/lib/system/libmacho.dylib
0x000000019e64c000 	/usr/lib/system/libquarantine.dylib
0x000000019efb6000 	/usr/lib/system/libremovefile.dylib
0x00000001995e2000 	/usr/lib/system/libsystem_asl.dylib
0x0000000194189000 	/usr/lib/system/libsystem_blocks.dylib
0x0000000194324000 	/usr/lib/system/libsystem_c.dylib
0x000000019efae000 	/usr/lib/system/libsystem_collections.dylib
0x000000019dae1000 	/usr/lib/system/libsystem_configuration.dylib
0x000000019cd3a000 	/usr/lib/system/libsystem_containermanager.dylib
0x000000019ecb9000 	/usr/lib/system/libsystem_coreservices.dylib
0x0000000196b9b000 	/usr/lib/system/libsystem_darwin.dylib
0x000000019efba000 	/usr/lib/system/libsystem_dnssd.dylib
0x0000000194321000 	/usr/lib/system/libsystem_featureflags.dylib
0x000000019447f000 	/usr/lib/system/libsystem_info.dylib
0x000000019ef24000 	/usr/lib/system/libsystem_m.dylib
0x0000000194271000 	/usr/lib/system/libsystem_malloc.dylib
0x0000000199570000 	/usr/lib/system/libsystem_networkextension.dylib
0x0000000196ff4000 	/usr/lib/system/libsystem_notify.dylib
0x00000001a531d000 	/usr/lib/system/libsystem_product_info_filter.dylib
0x000000019dae6000 	/usr/lib/system/libsystem_sandbox.dylib
0x000000019efb3000 	/usr/lib/system/libsystem_secinit.dylib
0x0000000194425000 	/usr/lib/system/libsystem_kernel.dylib
0x0000000194477000 	/usr/lib/system/libsystem_platform.dylib
0x000000019445d000 	/usr/lib/system/libsystem_pthread.dylib
0x000000019ad46000 	/usr/lib/system/libsystem_symptoms.dylib
0x00000001941cd000 	/usr/lib/system/libsystem_trace.dylib
0x000000019ef8e000 	/usr/lib/system/libunwind.dylib
0x000000019418b000 	/usr/lib/system/libxpc.dylib
0x000000019440d000 	/usr/lib/libc++abi.dylib
0x00000001942e3000 	/usr/lib/libobjc.A.dylib
0x000000019ef99000 	/usr/lib/liboah.dylib
0x00000001943a6000 	/usr/lib/libc++.1.dylib
0x00000001aae4c000 	/System/Library/Frameworks/Cocoa.framework/Versions/A/Cocoa
0x0000000197055000 	/System/Library/Frameworks/AppKit.framework/Versions/C/AppKit
0x000000019a56c000 	/System/Library/Frameworks/CoreData.framework/Versions/A/CoreData
0x00000001953b0000 	/System/Library/Frameworks/Foundation.framework/Versions/C/Foundation
0x0000000197f0e000 	/System/Library/PrivateFrameworks/UIFoundation.framework/Versions/A/UIFoundation
0x00000001a5017000 	/System/Library/PrivateFrameworks/RemoteViewServices.framework/Versions/A/RemoteViewServices
0x000000019d488000 	/System/Library/PrivateFrameworks/XCTTargetBootstrap.framework/Versions/A/XCTTargetBootstrap
0x00000001a0d0b000 	/System/Library/PrivateFrameworks/InternationalSupport.framework/Versions/A/InternationalSupport
0x00000001a0d94000 	/System/Library/PrivateFrameworks/UserActivity.framework/Versions/A/UserActivity
0x00000001a0200000 	/usr/lib/libspindump.dylib
0x000000019817f000 	/System/Library/Frameworks/UniformTypeIdentifiers.framework/Versions/A/UniformTypeIdentifiers
0x000000019b9d0000 	/usr/lib/libapp_launch_measurement.dylib
0x000000019aef8000 	/System/Library/PrivateFrameworks/CoreAnalytics.framework/Versions/A/CoreAnalytics
0x000000019b9d3000 	/System/Library/PrivateFrameworks/CoreAutoLayout.framework/Versions/A/CoreAutoLayout
0x000000019cd77000 	/System/Library/Frameworks/Metal.framework/Versions/A/Metal
0x000000019daf1000 	/usr/lib/liblangid.dylib
0x000000019d48d000 	/System/Library/PrivateFrameworks/CoreSVG.framework/Versions/A/CoreSVG
0x0000000199616000 	/System/Library/PrivateFrameworks/SkyLight.framework/Versions/A/SkyLight
0x00000001999f2000 	/System/Library/Frameworks/CoreGraphics.framework/Versions/A/CoreGraphics
0x00000001a56e3000 	/System/Library/Frameworks/Accelerate.framework/Versions/A/Accelerate
0x000000019fc77000 	/System/Library/PrivateFrameworks/IconServices.framework/Versions/A/IconServices
0x000000019cd59000 	/System/Library/Frameworks/IOSurface.framework/Versions/A/IOSurface
0x000000019af29000 	/usr/lib/libDiagnosticMessagesClient.dylib
0x00000001a8be9000 	/System/Library/Frameworks/ApplicationServices.framework/Versions/A/ApplicationServices
0x000000019d470000 	/System/Library/PrivateFrameworks/DFRFoundation.framework/Versions/A/DFRFoundation
0x00000001968e5000 	/usr/lib/libicucore.A.dylib
0x00000001a1bb9000 	/System/Library/Frameworks/AudioToolbox.framework/Versions/A/AudioToolbox
0x00000001a0d17000 	/System/Library/PrivateFrameworks/DataDetectorsCore.framework/Versions/A/DataDetectorsCore
0x00000001b7735000 	/System/Library/PrivateFrameworks/TextInput.framework/Versions/A/TextInput
0x000000019958b000 	/usr/lib/libMobileGestalt.dylib
0x000000019d13c000 	/System/Library/Frameworks/Carbon.framework/Versions/A/Frameworks/HIToolbox.framework/Versions/A/HIToolbox
0x000000019b3a9000 	/System/Library/Frameworks/QuartzCore.framework/Versions/A/QuartzCore
0x0000000196566000 	/System/Library/Frameworks/Security.framework/Versions/A/Security
0x00000001a5057000 	/System/Library/Frameworks/Carbon.framework/Versions/A/Frameworks/SpeechRecognition.framework/Versions/A/SpeechRecognition
0x000000019b725000 	/System/Library/PrivateFrameworks/CoreUI.framework/Versions/A/CoreUI
0x0000000195e42000 	/System/Library/Frameworks/CoreAudio.framework/Versions/A/CoreAudio
0x000000019b01d000 	/System/Library/Frameworks/DiskArbitration.framework/Versions/A/DiskArbitration
0x00000001a060a000 	/System/Library/PrivateFrameworks/MultitouchSupport.framework/Versions/A/MultitouchSupport
0x0000000199589000 	/usr/lib/libenergytrace.dylib
0x0000000196f1d000 	/System/Library/Frameworks/IOKit.framework/Versions/A/IOKit
0x00000001a5446000 	/System/Library/Frameworks/CoreServices.framework/Versions/A/CoreServices
0x000000019b960000 	/System/Library/PrivateFrameworks/PerformanceAnalysis.framework/Versions/A/PerformanceAnalysis
0x00000001f5bdf000 	/System/Library/Frameworks/OpenGL.framework/Versions/A/OpenGL
0x000000019e564000 	/System/Library/PrivateFrameworks/MobileKeyBag.framework/Versions/A/MobileKeyBag
0x000000019a000000 	/System/Library/Frameworks/ColorSync.framework/Versions/A/ColorSync
0x00000001944ac000 	/System/Library/Frameworks/CoreFoundation.framework/Versions/A/CoreFoundation
0x000000019d70d000 	/System/Library/Frameworks/CoreImage.framework/Versions/A/CoreImage
0x0000000195c66000 	/System/Library/Frameworks/CoreText.framework/Versions/A/CoreText
0x000000019d4bd000 	/System/Library/Frameworks/ImageIO.framework/Versions/A/ImageIO
0x000000019efcf000 	/System/Library/PrivateFrameworks/SoftLinking.framework/Versions/A/SoftLinking
0x000000019ba1e000 	/usr/lib/libxml2.2.dylib
0x000000019f268000 	/usr/lib/libcompression.dylib
0x00000001a0c67000 	/System/Library/PrivateFrameworks/TextureIO.framework/Versions/A/TextureIO
0x000000019f990000 	/usr/lib/libate.dylib
0x000000019f855000 	/usr/lib/liblzma.5.dylib
0x00000001950a3000 	/System/Library/Frameworks/SystemConfiguration.framework/Versions/A/SystemConfiguration
0x000000019efcb000 	/usr/lib/libfakelink.dylib
0x00000001990bb000 	/System/Library/Frameworks/CFNetwork.framework/Versions/A/CFNetwork
0x000000019f111000 	/usr/lib/libarchive.2.dylib
0x000000019daed000 	/System/Library/PrivateFrameworks/AppleSystemInfo.framework/Versions/A/AppleSystemInfo
0x000000019e677000 	/usr/lib/libbsm.0.dylib
0x0000000198628000 	/usr/lib/libnetwork.dylib
0x000000019ef65000 	/usr/lib/system/libkxld.dylib
0x000000019e291000 	/System/Library/PrivateFrameworks/IOMobileFramebuffer.framework/Versions/A/IOMobileFramebuffer
0x0000000213fce000 	/usr/lib/libCoreEntitlements.dylib
0x000000019ec9b000 	/System/Library/PrivateFrameworks/AppleFSCompression.framework/Versions/A/AppleFSCompression
0x000000019e65f000 	/usr/lib/libcoretls.dylib
0x000000019f86e000 	/usr/lib/libcoretls_cfhelpers.dylib
0x000000019f263000 	/usr/lib/libpam.2.dylib
0x000000019a95c000 	/usr/lib/libsqlite3.dylib
0x000000019f8d7000 	/usr/lib/libxar.1.dylib
0x000000019ecac000 	/usr/lib/libbz2.1.0.dylib
0x000000019efd0000 	/usr/lib/libpcap.A.dylib
0x000000019ad3d000 	/usr/lib/libdns_services.dylib
0x000000019f236000 	/usr/lib/libapple_nghttp2.dylib
0x000000019f00d000 	/usr/lib/libiconv.2.dylib
0x000000019ef5b000 	/usr/lib/libcharset.1.dylib
0x000000019b99c000 	/System/Library/Frameworks/CoreServices.framework/Versions/A/Frameworks/FSEvents.framework/Versions/A/FSEvents
0x0000000196ba6000 	/System/Library/Frameworks/CoreServices.framework/Versions/A/Frameworks/CarbonCore.framework/Versions/A/CarbonCore
0x000000019af7d000 	/System/Library/Frameworks/CoreServices.framework/Versions/A/Frameworks/Metadata.framework/Versions/A/Metadata
0x000000019ecbf000 	/System/Library/Frameworks/CoreServices.framework/Versions/A/Frameworks/OSServices.framework/Versions/A/OSServices
0x000000019f197000 	/System/Library/Frameworks/CoreServices.framework/Versions/A/Frameworks/SearchKit.framework/Versions/A/SearchKit
0x000000019accb000 	/System/Library/Frameworks/CoreServices.framework/Versions/A/Frameworks/AE.framework/Versions/A/AE
0x00000001949f3000 	/System/Library/Frameworks/CoreServices.framework/Versions/A/Frameworks/LaunchServices.framework/Versions/A/LaunchServices
0x000000019f7fe000 	/System/Library/Frameworks/CoreServices.framework/Versions/A/Frameworks/DictionaryServices.framework/Versions/A/DictionaryServices
0x000000019b9a9000 	/System/Library/Frameworks/CoreServices.framework/Versions/A/Frameworks/SharedFileList.framework/Versions/A/SharedFileList
0x000000019e64f000 	/usr/lib/libCheckFix.dylib
0x00000001995fa000 	/System/Library/PrivateFrameworks/TCC.framework/Versions/A/TCC
0x000000019daf3000 	/System/Library/PrivateFrameworks/CoreNLP.framework/Versions/A/CoreNLP
0x000000019af2c000 	/System/Library/PrivateFrameworks/MetadataUtilities.framework/Versions/A/MetadataUtilities
0x000000019515d000 	/usr/lib/libmecabra.dylib
0x000000019e688000 	/usr/lib/libmecab.dylib
0x0000000195129000 	/usr/lib/libCRFSuite.dylib
0x000000019e6e5000 	/usr/lib/libgermantok.dylib
0x000000019f20f000 	/usr/lib/libThaiTokenizer.dylib
0x000000019b025000 	/System/Library/Frameworks/Accelerate.framework/Versions/A/Frameworks/vImage.framework/Versions/A/vImage
0x00000001a541d000 	/System/Library/Frameworks/Accelerate.framework/Versions/A/Frameworks/vecLib.framework/Versions/A/vecLib
0x000000019f91c000 	/System/Library/Frameworks/Accelerate.framework/Versions/A/Frameworks/vecLib.framework/Versions/A/libvMisc.dylib
0x000000019e198000 	/System/Library/Frameworks/Accelerate.framework/Versions/A/Frameworks/vecLib.framework/Versions/A/libvDSP.dylib
0x0000000194d7e000 	/System/Library/Frameworks/Accelerate.framework/Versions/A/Frameworks/vecLib.framework/Versions/A/libBLAS.dylib
0x000000019f339000 	/System/Library/Frameworks/Accelerate.framework/Versions/A/Frameworks/vecLib.framework/Versions/A/libLAPACK.dylib
0x000000019e6e8000 	/System/Library/Frameworks/Accelerate.framework/Versions/A/Frameworks/vecLib.framework/Versions/A/libLinearAlgebra.dylib
0x000000019f24e000 	/System/Library/Frameworks/Accelerate.framework/Versions/A/Frameworks/vecLib.framework/Versions/A/libSparseBLAS.dylib
0x000000019f334000 	/System/Library/Frameworks/Accelerate.framework/Versions/A/Frameworks/vecLib.framework/Versions/A/libQuadrature.dylib
0x000000019dbec000 	/System/Library/Frameworks/Accelerate.framework/Versions/A/Frameworks/vecLib.framework/Versions/A/libBNNS.dylib
0x000000019503c000 	/System/Library/Frameworks/Accelerate.framework/Versions/A/Frameworks/vecLib.framework/Versions/A/libSparse.dylib
0x000000019dbe4000 	/System/Library/PrivateFrameworks/LinguisticData.framework/Versions/A/LinguisticData
0x0000000194ff4000 	/System/Library/PrivateFrameworks/Lexicon.framework/Versions/A/Lexicon
0x000000019f914000 	/usr/lib/libChineseTokenizer.dylib
0x00000001957a2000 	/System/Library/PrivateFrameworks/LanguageModeling.framework/Versions/A/LanguageModeling
0x000000019f211000 	/System/Library/PrivateFrameworks/AppleSauce.framework/Versions/A/AppleSauce
0x000000019e27e000 	/System/Library/PrivateFrameworks/CoreEmoji.framework/Versions/A/CoreEmoji
0x000000019f0ff000 	/usr/lib/libcmph.dylib
0x000000019b97c000 	/System/Library/Frameworks/OpenDirectory.framework/Versions/A/Frameworks/CFOpenDirectory.framework/Versions/A/CFOpenDirectory
0x000000019b96c000 	/System/Library/Frameworks/OpenDirectory.framework/Versions/A/OpenDirectory
0x000000019f870000 	/System/Library/PrivateFrameworks/APFS.framework/Versions/A/APFS
0x000000019e59f000 	/System/Library/Frameworks/SecurityFoundation.framework/Versions/A/SecurityFoundation
0x000000019f8e6000 	/usr/lib/libutil.dylib
0x0000000196edf000 	/System/Library/PrivateFrameworks/CoreServicesStore.framework/Versions/A/CoreServicesStore
0x000000019f8ea000 	/usr/lib/libxslt.1.dylib
0x000000019e633000 	/System/Library/PrivateFrameworks/BackgroundTaskManagement.framework/Versions/A/BackgroundTaskManagement
0x00000001a0b88000 	/System/Library/Frameworks/ImageIO.framework/Versions/A/Resources/libRadiance.dylib
0x00000001a0b91000 	/System/Library/Frameworks/ImageIO.framework/Versions/A/Resources/libJPEG.dylib
0x00000001a0ae2000 	/System/Library/Frameworks/ImageIO.framework/Versions/A/Resources/libPng.dylib
0x00000001a0b04000 	/System/Library/Frameworks/ImageIO.framework/Versions/A/Resources/libTIFF.dylib
0x00000001a0bec000 	/System/Library/Frameworks/ImageIO.framework/Versions/A/Resources/libGIF.dylib
0x00000001a051a000 	/System/Library/Frameworks/ImageIO.framework/Versions/A/Resources/libJP2.dylib
0x000000019fc3c000 	/usr/lib/libexpat.1.dylib
0x00000001a04d5000 	/System/Library/PrivateFrameworks/AppleJPEG.framework/Versions/A/AppleJPEG
0x000000019cff8000 	/System/Library/PrivateFrameworks/FontServices.framework/libFontParser.dylib
0x000000019ac70000 	/System/Library/PrivateFrameworks/RunningBoardServices.framework/Versions/A/RunningBoardServices
0x00000001ab523000 	/System/Library/PrivateFrameworks/IOSurfaceAccelerator.framework/Versions/A/IOSurfaceAccelerator
0x00000001a0606000 	/System/Library/PrivateFrameworks/WatchdogClient.framework/Versions/A/WatchdogClient
0x00000001958a2000 	/System/Library/Frameworks/CoreDisplay.framework/Versions/A/CoreDisplay
0x000000019cee2000 	/System/Library/Frameworks/CoreMedia.framework/Versions/A/CoreMedia
0x000000019cd6d000 	/System/Library/PrivateFrameworks/IOAccelerator.framework/Versions/A/IOAccelerator
0x000000019bb0c000 	/System/Library/Frameworks/CoreVideo.framework/Versions/A/CoreVideo
0x000000019f261000 	/System/Library/Frameworks/MetalPerformanceShaders.framework/Versions/A/MetalPerformanceShaders
0x00000001a0645000 	/System/Library/Frameworks/VideoToolbox.framework/Versions/A/VideoToolbox
0x000000019abb4000 	/System/Library/PrivateFrameworks/BaseBoard.framework/Versions/A/BaseBoard
0x000000019a942000 	/System/Library/PrivateFrameworks/ProtocolBuffer.framework/Versions/A/ProtocolBuffer
0x00000001a0b83000 	/System/Library/PrivateFrameworks/GPUWrangler.framework/Versions/A/GPUWrangler
0x00000001a0b63000 	/System/Library/PrivateFrameworks/IOPresentment.framework/Versions/A/IOPresentment
0x00000001a0b8b000 	/System/Library/PrivateFrameworks/DSExternalDisplay.framework/Versions/A/DSExternalDisplay
0x00000001f5bd2000 	/System/Library/Frameworks/OpenGL.framework/Versions/A/Libraries/libCoreFSCache.dylib
0x0000000200a9c000 	/System/Library/PrivateFrameworks/GPUCompiler.framework/Versions/31001/Libraries/libGPUCompilerUtils.dylib
0x00000001a0bf1000 	/System/Library/PrivateFrameworks/CMCaptureCore.framework/Versions/A/CMCaptureCore
0x00000001a01ed000 	/System/Library/PrivateFrameworks/AppServerSupport.framework/Versions/A/AppServerSupport
0x00000001a2477000 	/System/Library/PrivateFrameworks/perfdata.framework/Versions/A/perfdata
0x00000001959c2000 	/System/Library/PrivateFrameworks/AudioToolboxCore.framework/Versions/A/AudioToolboxCore
0x000000019cebb000 	/System/Library/PrivateFrameworks/caulk.framework/Versions/A/caulk
0x00000001a1d6c000 	/usr/lib/libAudioStatistics.dylib
0x00000001b3d88000 	/System/Library/PrivateFrameworks/SystemPolicy.framework/Versions/A/SystemPolicy
0x00000001a1fd8000 	/usr/lib/libSMC.dylib
0x00000001aad2a000 	/System/Library/Frameworks/CoreMIDI.framework/Versions/A/CoreMIDI
0x00000001a0ab0000 	/usr/lib/libAudioToolboxUtility.dylib
0x00000001afeeb000 	/System/Library/PrivateFrameworks/OSAServicesClient.framework/Versions/A/OSAServicesClient
0x00000001a2484000 	/usr/lib/libperfcheck.dylib
0x00000001b48a7000 	/usr/lib/libmis.dylib
0x00000001f5c34000 	/System/Library/Frameworks/OpenGL.framework/Versions/A/Libraries/libGLU.dylib
0x00000001f5bf3000 	/System/Library/Frameworks/OpenGL.framework/Versions/A/Libraries/libGFXShared.dylib
0x00000001f5de0000 	/System/Library/Frameworks/OpenGL.framework/Versions/A/Libraries/libGL.dylib
0x00000001f5bfc000 	/System/Library/Frameworks/OpenGL.framework/Versions/A/Libraries/libGLImage.dylib
0x00000001f5bf0000 	/System/Library/Frameworks/OpenGL.framework/Versions/A/Libraries/libCVMSPluginSupport.dylib
0x00000001f5bd9000 	/System/Library/Frameworks/OpenGL.framework/Versions/A/Libraries/libCoreVMClient.dylib
0x000000019da6d000 	/System/Library/Frameworks/MetalPerformanceShaders.framework/Versions/A/Frameworks/MPSCore.framework/Versions/A/MPSCore
0x000000019ec0e000 	/System/Library/Frameworks/MetalPerformanceShaders.framework/Versions/A/Frameworks/MPSImage.framework/Versions/A/MPSImage
0x000000019e6fd000 	/System/Library/Frameworks/MetalPerformanceShaders.framework/Versions/A/Frameworks/MPSNeuralNetwork.framework/Versions/A/MPSNeuralNetwork
0x000000019eb36000 	/System/Library/Frameworks/MetalPerformanceShaders.framework/Versions/A/Frameworks/MPSMatrix.framework/Versions/A/MPSMatrix
0x000000019e90f000 	/System/Library/Frameworks/MetalPerformanceShaders.framework/Versions/A/Frameworks/MPSRayIntersector.framework/Versions/A/MPSRayIntersector
0x000000019eb67000 	/System/Library/Frameworks/MetalPerformanceShaders.framework/Versions/A/Frameworks/MPSNDArray.framework/Versions/A/MPSNDArray
0x00000001f86db000 	/System/Library/Frameworks/MetalPerformanceShaders.framework/Versions/A/Frameworks/MPSFunctions.framework/Versions/A/MPSFunctions
0x0000000194c54000 	/System/Library/PrivateFrameworks/MetalTools.framework/Versions/A/MetalTools
0x000000019daeb000 	/System/Library/PrivateFrameworks/AggregateDictionary.framework/Versions/A/AggregateDictionary
0x000000019fa21000 	/usr/lib/libIOReport.dylib
0x00000001a9d43000 	/System/Library/PrivateFrameworks/ASEProcessing.framework/Versions/A/ASEProcessing
0x000000019fd96000 	/System/Library/PrivateFrameworks/FaceCore.framework/Versions/A/FaceCore
0x000000019fd88000 	/System/Library/PrivateFrameworks/GraphVisualizer.framework/Versions/A/GraphVisualizer
0x00000002009b3000 	/System/Library/PrivateFrameworks/FontServices.framework/Versions/A/FontServices
0x00000001a01a9000 	/System/Library/PrivateFrameworks/OTSVG.framework/Versions/A/OTSVG
0x000000019b6d5000 	/System/Library/Frameworks/ApplicationServices.framework/Versions/A/Frameworks/ATS.framework/Versions/A/Resources/libFontRegistry.dylib
0x00000001a01f6000 	/System/Library/PrivateFrameworks/FontServices.framework/libhvf.dylib
0x00000002009b4000 	/System/Library/PrivateFrameworks/FontServices.framework/libXTFontStaticRegistryData.dylib
0x00000001f5f81000 	/System/Library/Frameworks/OpenCL.framework/Versions/A/OpenCL
0x000000019fbf0000 	/System/Library/PrivateFrameworks/AppleVA.framework/Versions/A/AppleVA
0x00000001a1d94000 	/System/Library/Frameworks/ApplicationServices.framework/Versions/A/Frameworks/ATS.framework/Versions/A/ATS
0x000000019a0ff000 	/System/Library/Frameworks/ApplicationServices.framework/Versions/A/Frameworks/HIServices.framework/Versions/A/HIServices
0x00000001a0bfb000 	/System/Library/Frameworks/ApplicationServices.framework/Versions/A/Frameworks/PrintCore.framework/Versions/A/PrintCore
0x00000001a212b000 	/System/Library/Frameworks/ApplicationServices.framework/Versions/A/Frameworks/QD.framework/Versions/A/QD
0x00000001a2123000 	/System/Library/Frameworks/ApplicationServices.framework/Versions/A/Frameworks/ColorSyncLegacy.framework/Versions/A/ColorSyncLegacy
0x00000001a1d80000 	/System/Library/Frameworks/ApplicationServices.framework/Versions/A/Frameworks/SpeechSynthesis.framework/Versions/A/SpeechSynthesis
0x00000001a0bbc000 	/System/Library/Frameworks/ApplicationServices.framework/Versions/A/Frameworks/ATSUI.framework/Versions/A/ATSUI
0x00000001a20b8000 	/usr/lib/libcups.2.dylib
0x00000001a2492000 	/System/Library/Frameworks/Kerberos.framework/Versions/A/Kerberos
0x00000001a24a3000 	/System/Library/Frameworks/GSS.framework/Versions/A/GSS
0x00000001a1e04000 	/usr/lib/libresolv.9.dylib
0x00000001a0205000 	/System/Library/PrivateFrameworks/Heimdal.framework/Versions/A/Heimdal
0x00000001a8f79000 	/System/Library/Frameworks/Kerberos.framework/Versions/A/Libraries/libHeimdalProxy.dylib
0x000000019ad4f000 	/System/Library/Frameworks/Network.framework/Versions/A/Network
0x000000019fc57000 	/usr/lib/libheimdal-asn1.dylib
0x00000001a24f3000 	/System/Library/PrivateFrameworks/CommonAuth.framework/Versions/A/CommonAuth
0x00000001a1cfa000 	/System/Library/PrivateFrameworks/AudioSession.framework/Versions/A/AudioSession
0x000000019fce9000 	/System/Library/PrivateFrameworks/MediaExperience.framework/Versions/A/MediaExperience
0x00000001a1b7f000 	/System/Library/PrivateFrameworks/AudioSession.framework/libSessionUtility.dylib
0x00000001a2137000 	/System/Library/PrivateFrameworks/AudioResourceArbitration.framework/Versions/A/AudioResourceArbitration
0x00000001a62fa000 	/System/Library/PrivateFrameworks/PowerLog.framework/Versions/A/PowerLog
0x000000019fc61000 	/System/Library/PrivateFrameworks/IconFoundation.framework/Versions/A/IconFoundation
0x00000001a5043000 	/System/Library/PrivateFrameworks/SpeechRecognitionCore.framework/Versions/A/SpeechRecognitionCore
0x0000000101cd8000 	/Users/alexbigas/Library/Java/JavaVirtualMachines/openjdk-17.0.1/Contents/Home/lib/server/libjvm.dylib
0x0000000100b40000 	/Users/alexbigas/Library/Java/JavaVirtualMachines/openjdk-17.0.1/Contents/Home/lib/libjimage.dylib
0x0000000100b6c000 	/Users/alexbigas/Library/Java/JavaVirtualMachines/openjdk-17.0.1/Contents/Home/lib/libinstrument.dylib
0x0000000100bb8000 	/Users/alexbigas/Library/Java/JavaVirtualMachines/openjdk-17.0.1/Contents/Home/lib/libjava.dylib
0x0000000101b28000 	/Users/alexbigas/Library/Java/JavaVirtualMachines/openjdk-17.0.1/Contents/Home/lib/libnio.dylib
0x0000000101b48000 	/Users/alexbigas/Library/Java/JavaVirtualMachines/openjdk-17.0.1/Contents/Home/lib/libnet.dylib
0x0000000100ba0000 	/Users/alexbigas/Library/Java/JavaVirtualMachines/openjdk-17.0.1/Contents/Home/lib/libzip.dylib
0x0000000101b6c000 	/Users/alexbigas/.openjfx/cache/17.0.1/libprism_es2.dylib
0x0000000196ea2000 	/System/Library/PrivateFrameworks/CoreServicesInternal.framework/Versions/A/CoreServicesInternal
0x00000001f5dea000 	/System/Library/Frameworks/OpenGL.framework/Versions/A/Resources/GLEngine.bundle/GLEngine
0x00000001f5c72000 	/System/Library/Frameworks/OpenGL.framework/Versions/A/Libraries/libGLProgrammability.dylib
0x0000000101c30000 	/System/Library/Extensions/AppleMetalOpenGLRenderer.bundle/Contents/MacOS/AppleMetalOpenGLRenderer
0x00000001f5f59000 	/System/Library/Frameworks/OpenGL.framework/Versions/A/Resources/GLRendererFloat.bundle/GLRendererFloat
0x00000001f6059000 	/System/Library/Extensions/AGXMetal13_3.bundle/Contents/MacOS/AGXMetal13_3
0x00000001b48c3000 	/System/Library/PrivateFrameworks/GPURawCounter.framework/Versions/A/GPURawCounter
0x00000001af054000 	/System/Library/PrivateFrameworks/IOGPU.framework/Versions/A/IOGPU
0x000000012233c000 	/Users/alexbigas/.openjfx/cache/17.0.1/libglass.dylib
0x00000001a6552000 	/System/Library/Frameworks/FileProvider.framework/Versions/A/FileProvider
0x000000019ab1c000 	/System/Library/Frameworks/Accounts.framework/Versions/A/Accounts
0x00000001a66d6000 	/System/Library/PrivateFrameworks/GenerationalStorage.framework/Versions/A/GenerationalStorage
0x00000001a7299000 	/System/Library/PrivateFrameworks/CoreSymbolication.framework/Versions/A/CoreSymbolication
0x00000001a62ee000 	/System/Library/PrivateFrameworks/SymptomDiagnosticReporter.framework/Versions/A/SymptomDiagnosticReporter
0x0000000198193000 	/System/Library/PrivateFrameworks/DesktopServicesPriv.framework/Versions/A/DesktopServicesPriv
0x0000000197004000 	/usr/lib/libsandbox.1.dylib
0x000000019bb9a000 	/System/Library/PrivateFrameworks/UserManagement.framework/Versions/A/UserManagement
0x00000001a7256000 	/System/Library/PrivateFrameworks/DebugSymbols.framework/Versions/A/DebugSymbols
0x00000001a2116000 	/System/Library/PrivateFrameworks/NetAuth.framework/Versions/A/NetAuth
0x00000001a3034000 	/System/Library/PrivateFrameworks/Sharing.framework/Versions/A/Sharing
0x000000019bb6a000 	/System/Library/PrivateFrameworks/login.framework/Versions/A/Frameworks/loginsupport.framework/Versions/A/loginsupport
0x00000001a848d000 	/System/Library/PrivateFrameworks/Apple80211.framework/Versions/A/Apple80211
0x000000019ecf2000 	/System/Library/PrivateFrameworks/AuthKit.framework/Versions/A/AuthKit
0x000000019e37a000 	/System/Library/PrivateFrameworks/CoreUtils.framework/Versions/A/CoreUtils
0x000000019e29d000 	/System/Library/Frameworks/CoreWLAN.framework/Versions/A/CoreWLAN
0x00000001a31a4000 	/System/Library/Frameworks/IOBluetooth.framework/Versions/A/IOBluetooth
0x00000001a84ed000 	/System/Library/PrivateFrameworks/CoreWiFi.framework/Versions/A/CoreWiFi
0x00000001a6e36000 	/System/Library/PrivateFrameworks/FrontBoardServices.framework/Versions/A/FrontBoardServices
0x00000001a6ece000 	/System/Library/PrivateFrameworks/BoardServices.framework/Versions/A/BoardServices
0x000000019e58d000 	/System/Library/PrivateFrameworks/AssertionServices.framework/Versions/A/AssertionServices
0x00000001a866a000 	/System/Library/PrivateFrameworks/BackBoardServices.framework/Versions/A/BackBoardServices
0x00000001a258a000 	/System/Library/PrivateFrameworks/CorePhoneNumbers.framework/Versions/A/CorePhoneNumbers
0x00000001a1e31000 	/System/Library/PrivateFrameworks/MultiverseSupport.framework/Versions/A/MultiverseSupport
0x00000001a88ec000 	/System/Library/PrivateFrameworks/RemoteServiceDiscovery.framework/Versions/A/RemoteServiceDiscovery
0x00000001a641e000 	/System/Library/PrivateFrameworks/DiskManagement.framework/Versions/A/DiskManagement
0x00000001a6321000 	/System/Library/PrivateFrameworks/AppleIDAuthSupport.framework/Versions/A/AppleIDAuthSupport
0x00000001faf18000 	/System/Library/PrivateFrameworks/AAAFoundation.framework/Versions/A/AAAFoundation
0x00000001a2569000 	/System/Library/PrivateFrameworks/KeychainCircle.framework/Versions/A/KeychainCircle
0x00000001a88fc000 	/System/Library/PrivateFrameworks/RemoteXPC.framework/Versions/A/RemoteXPC
0x00000001a63ea000 	/System/Library/PrivateFrameworks/MediaKit.framework/Versions/A/MediaKit
0x00000001a632e000 	/System/Library/Frameworks/DiscRecording.framework/Versions/A/DiscRecording
0x000000019fb6c000 	/usr/lib/libCoreStorage.dylib
0x00000001a8968000 	/usr/lib/libcsfde.dylib
0x00000001a3279000 	/System/Library/PrivateFrameworks/ProtectedCloudStorage.framework/Versions/A/ProtectedCloudStorage
0x00000001a8960000 	/System/Library/PrivateFrameworks/EFILogin.framework/Versions/A/EFILogin
0x00000001a66fd000 	/System/Library/PrivateFrameworks/OctagonTrust.framework/Versions/A/OctagonTrust
0x00000001ffb3a000 	/System/Library/PrivateFrameworks/CoreUtilsExtras.framework/Versions/A/CoreUtilsExtras
0x00000001a6253000 	/System/Library/Frameworks/CoreBluetooth.framework/Versions/A/CoreBluetooth
0x00000001a8ffe000 	/System/Library/Frameworks/AudioUnit.framework/Versions/A/AudioUnit
0x000000019fb64000 	/usr/lib/libMatch.1.dylib
0x00000001b8dab000 	/System/Library/Frameworks/Accelerate.framework/Versions/A/Frameworks/vImage.framework/Versions/A/Libraries/libCGInterfaces.dylib
0x000000012366c000 	/usr/lib/libobjc-trampolines.dylib
0x000000019b864000 	/System/Library/PrivateFrameworks/ViewBridge.framework/Versions/A/ViewBridge
0x00000001247dc000 	/Users/alexbigas/.openjfx/cache/17.0.1/libjavafx_font.dylib
0x00000001a02c8000 	/System/Library/PrivateFrameworks/login.framework/Versions/A/login
0x000000021412b000 	/usr/lib/libRosetta.dylib
0x00000001a576c000 	/System/Library/PrivateFrameworks/SystemAdministration.framework/Versions/A/SystemAdministration
0x00000001a0e02000 	/System/Library/Frameworks/MediaToolbox.framework/Versions/A/MediaToolbox
0x00000001a500b000 	/System/Library/Frameworks/DirectoryService.framework/Versions/A/DirectoryService
0x00000001a87f4000 	/System/Library/PrivateFrameworks/DiskImages.framework/Versions/A/DiskImages
0x000000019e63e000 	/System/Library/Frameworks/ServiceManagement.framework/Versions/A/ServiceManagement
0x00000001a89de000 	/System/Library/PrivateFrameworks/LoginUIKit.framework/Versions/A/Frameworks/LoginUICore.framework/Versions/A/LoginUICore
0x00000001a047e000 	/usr/lib/libodfde.dylib
0x00000001a651e000 	/System/Library/PrivateFrameworks/CoreAVCHD.framework/Versions/A/CoreAVCHD
0x00000001a572e000 	/System/Library/Frameworks/MediaAccessibility.framework/Versions/A/MediaAccessibility
0x00000001a651a000 	/System/Library/PrivateFrameworks/Mangrove.framework/Versions/A/Mangrove
0x00000001a573b000 	/System/Library/PrivateFrameworks/AlgosScoreFramework.framework/Versions/A/AlgosScoreFramework
0x00000001fcc1d000 	/System/Library/PrivateFrameworks/CMPhoto.framework/Versions/A/CMPhoto
0x00000001a650e000 	/System/Library/PrivateFrameworks/CoreAUC.framework/Versions/A/CoreAUC
0x00000001a8974000 	/usr/lib/libcurl.4.dylib
0x00000002144d3000 	/usr/lib/libcrypto.46.dylib
0x000000021497c000 	/usr/lib/libssl.48.dylib
0x00000001a868a000 	/System/Library/Frameworks/LDAP.framework/Versions/A/LDAP
0x00000001a86c6000 	/System/Library/PrivateFrameworks/TrustEvaluationAgent.framework/Versions/A/TrustEvaluationAgent
0x00000001a1e1d000 	/usr/lib/libsasl2.2.dylib
0x00000001a5761000 	/System/Library/PrivateFrameworks/CoreDaemon.framework/Versions/B/CoreDaemon
0x00000001a575b000 	/System/Library/PrivateFrameworks/AppleSRP.framework/Versions/A/AppleSRP


VM Arguments:
jvm_args: -javaagent:/Applications/IntelliJ IDEA CE.app/Contents/lib/idea_rt.jar=54577:/Applications/IntelliJ IDEA CE.app/Contents/bin -Dfile.encoding=UTF-8 --module-path=/Users/alexbigas/.m2/repository/org/openjfx/javafx-graphics/17.0.1/javafx-graphics-17.0.1-mac-aarch64.jar:/Users/alexbigas/Desktop/kursach_demo/target/classes:/Users/alexbigas/.m2/repository/org/openjfx/javafx-base/17.0.1/javafx-base-17.0.1-mac-aarch64.jar:/Users/alexbigas/.m2/repository/org/openjfx/javafx-fxml/17.0.1/javafx-fxml-17.0.1-mac-aarch64.jar:/Users/alexbigas/.m2/repository/org/openjfx/javafx-controls/17.0.1/javafx-controls-17.0.1-mac-aarch64.jar -Djdk.module.main=com.example.kursach_demo 
java_command: com.example.kursach_demo/com.example.kursach_demo.Main
java_class_path (initial): /Users/alexbigas/.m2/repository/org/openjfx/javafx-controls/17.0.1/javafx-controls-17.0.1.jar:/Users/alexbigas/.m2/repository/org/openjfx/javafx-graphics/17.0.1/javafx-graphics-17.0.1.jar:/Users/alexbigas/.m2/repository/org/openjfx/javafx-base/17.0.1/javafx-base-17.0.1.jar:/Users/alexbigas/.m2/repository/org/openjfx/javafx-fxml/17.0.1/javafx-fxml-17.0.1.jar
Launcher Type: SUN_STANDARD

[Global flags]
     intx CICompilerCount                          = 4                                         {product} {ergonomic}
     uint ConcGCThreads                            = 2                                         {product} {ergonomic}
     uint G1ConcRefinementThreads                  = 8                                         {product} {ergonomic}
   size_t G1HeapRegionSize                         = 1048576                                   {product} {ergonomic}
    uintx GCDrainStackTargetSize                   = 64                                        {product} {ergonomic}
   size_t InitialHeapSize                          = 134217728                                 {product} {ergonomic}
   size_t MarkStackSize                            = 4194304                                   {product} {ergonomic}
   size_t MaxHeapSize                              = 2147483648                                {product} {ergonomic}
   size_t MaxNewSize                               = 1287651328                                {product} {ergonomic}
   size_t MinHeapDeltaBytes                        = 1048576                                   {product} {ergonomic}
   size_t MinHeapSize                              = 8388608                                   {product} {ergonomic}
    uintx NonNMethodCodeHeapSize                   = 5839564                                {pd product} {ergonomic}
    uintx NonProfiledCodeHeapSize                  = 122909338                              {pd product} {ergonomic}
    uintx ProfiledCodeHeapSize                     = 122909338                              {pd product} {ergonomic}
    uintx ReservedCodeCacheSize                    = 251658240                              {pd product} {ergonomic}
     bool SegmentedCodeCache                       = true                                      {product} {ergonomic}
   size_t SoftMaxHeapSize                          = 2147483648                             {manageable} {ergonomic}
     bool UseCompressedClassPointers               = true                           {product lp64_product} {ergonomic}
     bool UseCompressedOops                        = true                           {product lp64_product} {ergonomic}
     bool UseG1GC                                  = true                                      {product} {ergonomic}
     bool UseNUMA                                  = false                                     {product} {ergonomic}
     bool UseNUMAInterleaving                      = false                                     {product} {ergonomic}

Logging:
Log output configuration:
 #0: stdout all=warning uptime,level,tags
 #1: stderr all=off uptime,level,tags

Environment Variables:
PATH=/usr/local/bin:/usr/bin:/bin:/usr/sbin:/sbin:/Library/Apple/usr/bin
SHELL=/bin/zsh
LC_CTYPE=en_GB.UTF-8

Signal Handlers:
   SIGSEGV: _ZL13crash_handleriP9__siginfoPv in libjvm.dylib, mask=11100110000111110111111111111111, flags=SA_RESTART|SA_SIGINFO
    SIGBUS: _ZL13crash_handleriP9__siginfoPv in libjvm.dylib, mask=11100110000111110111111111111111, flags=SA_RESTART|SA_SIGINFO
    SIGFPE: _ZL13crash_handleriP9__siginfoPv in libjvm.dylib, mask=11100110000111110111111111111111, flags=SA_RESTART|SA_SIGINFO
   SIGPIPE: _ZL17javaSignalHandleriP9__siginfoPv in libjvm.dylib, mask=11100110000111110111111111111111, flags=SA_RESTART|SA_SIGINFO
   SIGXFSZ: _ZL17javaSignalHandleriP9__siginfoPv in libjvm.dylib, mask=11100110000111110111111111111111, flags=SA_RESTART|SA_SIGINFO
    SIGILL: _ZL13crash_handleriP9__siginfoPv in libjvm.dylib, mask=11100110000111110111111111111111, flags=SA_RESTART|SA_SIGINFO
   SIGUSR2: _ZL10SR_handleriP9__siginfoP17__darwin_ucontext in libjvm.dylib, mask=00100000000000000000000000000000, flags=SA_RESTART|SA_SIGINFO
    SIGHUP: _ZL11UserHandleriPvS_ in libjvm.dylib, mask=11100110000111110111111111111111, flags=SA_RESTART|SA_SIGINFO
    SIGINT: _ZL11UserHandleriPvS_ in libjvm.dylib, mask=11100110000111110111111111111111, flags=SA_RESTART|SA_SIGINFO
   SIGTERM: _ZL11UserHandleriPvS_ in libjvm.dylib, mask=11100110000111110111111111111111, flags=SA_RESTART|SA_SIGINFO
   SIGQUIT: _ZL11UserHandleriPvS_ in libjvm.dylib, mask=11100110000111110111111111111111, flags=SA_RESTART|SA_SIGINFO
   SIGTRAP: _ZL13crash_handleriP9__siginfoPv in libjvm.dylib, mask=11100110000111110111111111111111, flags=SA_RESTART|SA_SIGINFO


---------------  S Y S T E M  ---------------

OS:
uname: Darwin 21.6.0 Darwin Kernel Version 21.6.0: Mon Aug 22 20:20:05 PDT 2022; root:xnu-8020.140.49~2/RELEASE_ARM64_T8101 arm64
OS uptime: 3 days 11:24 hours
rlimit (soft/hard): STACK 8176k/65520k , CORE 0k/infinity , NPROC 1333/2000 , NOFILE 10240/infinity , AS infinity/infinity , CPU infinity/infinity , DATA infinity/infinity , FSIZE infinity/infinity , MEMLOCK infinity/infinity , RSS infinity/infinity
load average: 1.39 1.73 1.67

CPU: total 8 (initial active 8) 0x61:0x0:0x1b588bb3:0, fp, simd, crc, lse

Memory: 16k page, physical 8388608k(909264k free), swap 2097152k(1342144k free)

vm_info: OpenJDK 64-Bit Server VM (17.0.1+12-39) for bsd-aarch64 JRE (17.0.1+12-39), built on Sep 27 2021 17:36:05 by "mach5one" with clang Apple LLVM 12.0.0 (clang-1200.0.32.29)

END.
