#
# A fatal error has been detected by the Java Runtime Environment:
#
#  SIGBUS (0xa) at pc=0x00000001300014f0, pid=11127, tid=36107
#
# JRE version: OpenJDK Runtime Environment (17.0.1+12) (build 17.0.1+12-39)
# Java VM: OpenJDK 64-Bit Server VM (17.0.1+12-39, mixed mode, sharing, tiered, compressed oops, compressed class ptrs, g1 gc, bsd-aarch64)
# Problematic frame:
# v  ~StubRoutines::SafeFetchN
#
# No core dump will be written. Core dumps have been disabled. To enable core dumping, try "ulimit -c unlimited" before starting Java again
#
# If you would like to submit a bug report, please visit:
#   https://bugreport.java.com/bugreport/crash.jsp
# The crash happened outside the Java Virtual Machine in native code.
# See problematic frame for where to report the bug.
#

---------------  S U M M A R Y ------------

Command Line: -javaagent:/Applications/IntelliJ IDEA CE.app/Contents/lib/idea_rt.jar=54581:/Applications/IntelliJ IDEA CE.app/Contents/bin -Dfile.encoding=UTF-8 --module-path=/Users/alexbigas/.m2/repository/org/openjfx/javafx-graphics/17.0.1/javafx-graphics-17.0.1-mac-aarch64.jar:/Users/alexbigas/Desktop/kursach_demo/target/classes:/Users/alexbigas/.m2/repository/org/openjfx/javafx-base/17.0.1/javafx-base-17.0.1-mac-aarch64.jar:/Users/alexbigas/.m2/repository/org/openjfx/javafx-fxml/17.0.1/javafx-fxml-17.0.1-mac-aarch64.jar:/Users/alexbigas/.m2/repository/org/openjfx/javafx-controls/17.0.1/javafx-controls-17.0.1-mac-aarch64.jar -Djdk.module.main=com.example.kursach_demo com.example.kursach_demo/com.example.kursach_demo.Main

Host: "MacBookAir10,1" arm64 1 MHz, 8 cores, 8G, Darwin 21.6.0, macOS 12.6 (21G115)
Time: Tue Nov 29 10:33:29 2022 EET elapsed time: 27.747105 seconds (0d 0h 0m 27s)

---------------  T H R E A D  ---------------

Current thread (0x00000001220bde00):  JavaThread "InvokeLaterDispatcher" daemon [_thread_in_native, id=36107, stack(0x000000017040c000,0x000000017060f000)]

Stack: [0x000000017040c000,0x000000017060f000],  sp=0x000000017060e7a0,  free space=2057k
Native frames: (J=compiled Java code, j=interpreted, Vv=VM code, C=native code)
v  ~StubRoutines::SafeFetchN
V  [libjvm.dylib+0x7a068c]  _ZN10OopStorage7releaseEPKP7oopDesc+0x20
V  [libjvm.dylib+0x4b98c4]  jni_DeleteGlobalRef+0xd8
C  [libglass.dylib+0xab08]  -[GlassRunnable dealloc]+0x34
C  [Foundation+0x852b8]  -[_NSThreadPerformInfo dealloc]+0x30
C  [Foundation+0x51824]  -[NSObject(NSThreadPerformAdditions) performSelectorOnMainThread:withObject:waitUntilDone:]+0x88
C  0x241f800137b86ccc
J 1934 c1 com.sun.glass.ui.mac.MacApplication.submitForLaterInvocation(Ljava/lang/Runnable;)V javafx.graphics (6 bytes) @ 0x0000000130935fd8 [0x0000000130935f40+0x0000000000000098]
C  0x000000078680ac18

Java frames: (J=compiled Java code, j=interpreted, Vv=VM code)
J 1955  com.sun.glass.ui.mac.MacApplication._submitForLaterInvocation(Ljava/lang/Runnable;)V javafx.graphics (0 bytes) @ 0x0000000137b86ccc [0x0000000137b86c40+0x000000000000008c]
J 1934 c1 com.sun.glass.ui.mac.MacApplication.submitForLaterInvocation(Ljava/lang/Runnable;)V javafx.graphics (6 bytes) @ 0x0000000130935fd8 [0x0000000130935f40+0x0000000000000098]
j  com.sun.glass.ui.InvokeLaterDispatcher.run()V+82 javafx.graphics
v  ~StubRoutines::call_stub

siginfo: si_signo: 10 (SIGBUS), si_code: 1 (BUS_ADRALN), si_addr: 0x00000001300014f0

Register to memory mapping:

 x0=0x0000000121e113c8 is a global jni handle
 x1=0x0 is NULL
 x2=0x0000000786a98370 is an oop: com.sun.glass.ui.InvokeLaterDispatcher$Future 
{0x0000000786a98370} - klass: 'com/sun/glass/ui/InvokeLaterDispatcher$Future'
 - ---- fields (total size 3 words):
 - private 'done' 'Z' @12  true
 - private final 'runnable' 'Ljava/lang/Runnable;' @16  a 'com/sun/javafx/application/PlatformImpl$$Lambda$92+0x0000000800c821c8'{0x0000000785dfeb00} (f0bbfd60)
 - final synthetic 'this$0' 'Lcom/sun/glass/ui/InvokeLaterDispatcher;' @20  a 'com/sun/glass/ui/InvokeLaterDispatcher'{0x000000078680ac18} (f0d01583)
 x3=0x0 is NULL
 x4=0x00000000000130a8 is an unknown value
 x5=0x0 is NULL
 x6=0x0 is NULL
 x7=0x0 is NULL
 x8=0x00000001300014ec is at begin+0 in a stub
StubRoutines::SafeFetchN [0x00000001300014ec, 0x00000001300014f8] (12 bytes)
 x9=0x0 is NULL
x10=0x2010000030300000 is an unknown value
x11=0x0000000000000007 is an unknown value
x12=0x0000000000000005 is an unknown value
x13=0x0000600000f34240 points into unknown readable memory: 0x5b31800110e569e8 | e8 69 e5 10 01 80 31 5b
x14=0x0000260000000000 is an unknown value
x15=0x0000000110e91f98: OBJC_CLASS_$_GlassRunnable+0 in /Users/alexbigas/.openjfx/cache/17.0.1/libglass.dylib at 0x0000000110e4c000
x16=0x000000019445f0fc: pthread_getspecific+0 in /usr/lib/system/libsystem_pthread.dylib at 0x000000019445d000
x17=0x00006000005239c0 points into unknown readable memory: 0xfffffffffffffffe | fe ff ff ff ff ff ff ff
x18=0x0 is NULL
x19=0x0000600000a21730 points into unknown readable memory: 0x0000600002325730 | 30 57 32 02 00 60 00 00
x20=0x0000000121e111c0 points into unknown readable memory: 0x0000000786695ae0 | e0 5a 69 86 07 00 00 00
x21=0x0000000121e113c8 is a global jni handle
x22=0x00000001220bde00 is a thread
x23=0x0000000000000001 is an unknown value
x24=0x0000000121e11380 is a global jni handle
x25=0x00000001046815d8: _ZN12StubRoutines17_safefetchN_entryE+0 in /Users/alexbigas/Library/Java/JavaVirtualMachines/openjdk-17.0.1/Contents/Home/lib/server/libjvm.dylib at 0x0000000103ad8000
x26=0x000000011091b3a0 is pointing into metadata
x27=0x0 is NULL
x28=0x00000001220bde00 is a thread


Registers:
 x0=0x0000000121e113c8  x1=0x0000000000000000  x2=0x0000000786a98370  x3=0x0000000000000000
 x4=0x00000000000130a8  x5=0x0000000000000000  x6=0x0000000000000000  x7=0x0000000000000000
 x8=0x00000001300014ec  x9=0x0000000000000000 x10=0x2010000030300000 x11=0x0000000000000007
x12=0x0000000000000005 x13=0x0000600000f34240 x14=0x0000260000000000 x15=0x0000000110e91f98
x16=0x000000019445f0fc x17=0x00006000005239c0 x18=0x0000000000000000 x19=0x0000600000a21730
x20=0x0000000121e111c0 x21=0x0000000121e113c8 x22=0x00000001220bde00 x23=0x0000000000000001
x24=0x0000000121e11380 x25=0x00000001046815d8 x26=0x000000011091b3a0 x27=0x0000000000000000
x28=0x00000001220bde00  fp=0x000000017060e7e0  lr=0x000000010427745c  sp=0x000000017060e7a0
pc=0x00000001300014f0 cpsr=0x0000000060001000
Top of Stack: (sp=0x000000017060e7a0)
0x000000017060e7a0:   000000011091b3a0 0000000000000001
0x000000017060e7b0:   0000000800c2ba98 0000000000000000
0x000000017060e7c0:   0000000122175ca8 0000000121e113b8
0x000000017060e7d0:   0000000121e113b8 0000600000a21730
0x000000017060e7e0:   000000017060e820 000000010427868c
0x000000017060e7f0:   0000000000000001 0000000121e113b8
0x000000017060e800:   0000000122175ca8 0000000121e113b8
0x000000017060e810:   0000000000000001 0000000122175a00
0x000000017060e820:   000000017060e860 0000000103f918c4
0x000000017060e830:   0000000800c2ba98 00006000023357e0
0x000000017060e840:   0000600002335540 00000001de7a1909
0x000000017060e850:   0000000000000000 0000600002335540
0x000000017060e860:   000000017060e890 0000000110e56b08
0x000000017060e870:   6caf6c012bac0039 0000000000000000
0x000000017060e880:   0000000000000000 000060000349f4c0
0x000000017060e890:   000000017060e8d0 00000001954352b8
0x000000017060e8a0:   0000000800c2ba98 00006000023357e0
0x000000017060e8b0:   0000600002335540 6caf6c012bac0039
0x000000017060e8c0:   0000000000000000 0000000000000000
0x000000017060e8d0:   000000017060e910 5d53800195401824
0x000000017060e8e0:   0000000800c2ba98 00000001300087c0
0x000000017060e8f0:   000000011091adda 0000000104688f90
0x000000017060e900:   000000017060e9f0 00000000000000b9
0x000000017060e910:   000000017060e970 241f800137b86ccc
0x000000017060e920:   0000000786871b28 0000000786a98370
0x000000017060e930:   000000017060ea98 000000019446b630
0x000000017060e940:   00000001220bde00 0000000104665db0
0x000000017060e950:   000000017060ea00 0000000000000001
0x000000017060e960:   000000017060e9a0 00000007867cbd70
0x000000017060e970:   000000017060ea60 0000000130935fd8
0x000000017060e980:   0000000786a98370 0000000785dfeb00
0x000000017060e990:   000000017060e9f8 00000000000000b6 

Instructions: (pc=0x00000001300014f0)
0x00000001300013f0:   f2a08c89 f2c00029 6d425935 1e640886
0x0000000130001400:   0c402d31 1e6408c7 1f5654d0 1e6c1017
0x0000000130001410:   1f5050d0 1f504cd0 1f5048d0 1e650af6
0x0000000130001420:   1f50d8f6 1f5694d6 1f5158f6 1e762880
0x0000000130001430:   36000501 1e614000 14000026 2e251ca5
0x0000000130001440:   d29c3009 f2a08c89 f2c00029 6d425d36
0x0000000130001450:   1e600806 0c402d32 1f5758c7 1e6c101a
0x0000000130001460:   1f4754c7 1e650805 1f4750c7 d2866668
0x0000000130001470:   f2a7fa68 1f474cc7 1e6608c0 1f4748c7
0x0000000130001480:   1e6e1019 eb08007f 540000ac 1f479400
0x0000000130001490:   1f460340 1e603b20 1400000e d2a7fd29
0x00000001300014a0:   eb09007f 540000ac 51480069 d3607d29
0x00000001300014b0:   9e670121 14000002 1e6a5001 1f679417
0x00000001300014c0:   1f668742 1e613b23 1e773857 1e773860
0x00000001300014d0:   a8c17ff3 910003bf a8c17bfd d65f03c0
0x00000001300014e0:   b9400001 aa0103e0 d65f03c0 f9400001
0x00000001300014f0:   aa0103e0 d65f03c0 00000000 00000000
0x0000000130001500:   00000000 00000000 00000000 00000000
0x0000000130001510:   00000000 00000000 00000000 00000000
0x0000000130001520:   00000000 00000000 00000000 00000000
0x0000000130001530:   00000000 00000000 00000000 00000000
0x0000000130001540:   00000000 00000000 00000000 00000000
0x0000000130001550:   00000000 00000000 00000000 00000000
0x0000000130001560:   00000000 00000000 00000000 00000000
0x0000000130001570:   00000000 00000000 00000000 00000000
0x0000000130001580:   00000000 00000000 00000000 00000000
0x0000000130001590:   00000000 00000000 00000000 00000000
0x00000001300015a0:   00000000 00000000 00000000 00000000
0x00000001300015b0:   00000000 00000000 00000000 00000000
0x00000001300015c0:   00000000 00000000 00000000 00000000
0x00000001300015d0:   00000000 00000000 00000000 00000000
0x00000001300015e0:   00000000 00000000 00000000 00000000 


Stack slot to memory mapping:
stack at sp + 0 slots: 0x000000011091b3a0 is pointing into metadata
stack at sp + 1 slots: 0x0000000000000001 is an unknown value
stack at sp + 2 slots: 0x0000000800c2ba98 is a pointer to class: 
com.sun.glass.ui.mac.MacApplication {0x0000000800c2ba98}
 - instance size:     5
 - klass size:        136
 - access:            final synchronized 
 - state:             fully_initialized
 - name:              'com/sun/glass/ui/mac/MacApplication'
 - super:             'com/sun/glass/ui/Application'
 - sub:               
 - arrays:            NULL
 - methods:           Array<T>(0x00000001108f6218)
 - method ordering:   Array<T>(0x000000080091a000)
 - default_methods:   Array<T>(0x0000000000000000)
 - local interfaces:  Array<T>(0x00000001108f6008)
 - trans. interfaces: Array<T>(0x00000001108f6008)
 - constants:         constant pool [548]/operands[69] {0x00000001108f4d28} for 'com/sun/glass/ui/mac/MacApplication' cache=0x0000000110918d38
 - class loader data:  loader data: 0x00006000010280a0 for instance a 'jdk/internal/loader/ClassLoaders$AppClassLoader'{0x0000000786835548}
 - source file:       'MacApplication.java'
 - class annotations:       Array<T>(0x0000000000000000)
 - class type annotations:  Array<T>(0x0000000000000000)
 - field annotations:       Array<T>(0x0000000000000000)
 - field type annotations:  Array<T>(0x0000000000000000)
 - inner classes:     Array<T>(0x00000001108f3108)
 - nest members:     Array<T>(0x00000001108f3160)
 - permitted subclasses:     Array<T>(0x00000008005c33d8)
 - java mirror:       a 'java/lang/Class'{0x0000000786871ab0} = 'com/sun/glass/ui/mac/MacApplication'
 - vtable length      72  (start addr: 0x0000000800c2bc68)
 - itable length      5 (start addr: 0x0000000800c2bea8)
 - ---- static fields (1 words):
 - static final 'BROWSER_PARENT_ID' 'J' @112 
 - ---- non-static fields (7 words):
 - private 'initialActiveEventReceived' 'Z' @12 
 - private 'terminateWhenLastWindowClosed' 'Z' @13 
 - protected 'name' 'Ljava/lang/String;' @16 
 - private 'eventHandler' 'Lcom/sun/glass/ui/Application$EventHandler;' @20 
 - private 'initialOpenedFiles' '[Ljava/lang/String;' @24 
 - private 'isTaskbarApplication' 'Z' @14 
 - private 'firstDidResignActive' 'Z' @15 
 - private final 'invokeLaterDispatcher' 'Lcom/sun/glass/ui/InvokeLaterDispatcher;' @28 
 - private 'appleMenu' 'Lcom/sun/glass/ui/Menu;' @32 
 - private final 'reactivationLatch' 'Ljava/util/concurrent/CountDownLatch;' @36 
 - non-static oop maps: 16-36 
stack at sp + 3 slots: 0x0 is NULL
stack at sp + 4 slots: 0x0000000122175ca8 points into unknown readable memory: 0x000000010463e728 | 28 e7 63 04 01 00 00 00
stack at sp + 5 slots: 0x0000000121e113b8 is a global jni handle
stack at sp + 6 slots: 0x0000000121e113b8 is a global jni handle
stack at sp + 7 slots: 0x0000600000a21730 points into unknown readable memory: 0x0000600002325730 | 30 57 32 02 00 60 00 00

StubRoutines::SafeFetchN [0x00000001300014ec, 0x00000001300014f8] (12 bytes)
[MachCode]
  0x00000001300014ec: 0100 40f9 | e003 01aa | c003 5fd6 
[/MachCode]

---------------  P R O C E S S  ---------------

Threads class SMR info:
_java_thread_list=0x00006000021fd360, length=20, elements={
0x000000012200d600, 0x00000001220c4e00, 0x0000000115008200, 0x00000001220cbc00,
0x00000001220cd000, 0x00000001220c9e00, 0x00000001220ca400, 0x00000001220caa00,
0x00000001220cb000, 0x0000000115808c00, 0x00000001158b4e00, 0x00000001158b5400,
0x0000000112009400, 0x00000001220bde00, 0x0000000122175a00, 0x000000012313c400,
0x0000000115b08600, 0x0000000115b83400, 0x0000000115b8d200, 0x000000011100aa00
}

Java Threads: ( => current thread )
  0x000000012200d600 JavaThread "main" [_thread_blocked, id=10499, stack(0x000000016d5ec000,0x000000016d7ef000)]
  0x00000001220c4e00 JavaThread "Reference Handler" daemon [_thread_blocked, id=15107, stack(0x000000016e440000,0x000000016e643000)]
  0x0000000115008200 JavaThread "Finalizer" daemon [_thread_blocked, id=15619, stack(0x000000016e64c000,0x000000016e84f000)]
  0x00000001220cbc00 JavaThread "Signal Dispatcher" daemon [_thread_blocked, id=42499, stack(0x000000016e970000,0x000000016eb73000)]
  0x00000001220cd000 JavaThread "Service Thread" daemon [_thread_blocked, id=42243, stack(0x000000016eb7c000,0x000000016ed7f000)]
  0x00000001220c9e00 JavaThread "Monitor Deflation Thread" daemon [_thread_blocked, id=23299, stack(0x000000016ed88000,0x000000016ef8b000)]
  0x00000001220ca400 JavaThread "C2 CompilerThread0" daemon [_thread_blocked, id=41731, stack(0x000000016ef94000,0x000000016f197000)]
  0x00000001220caa00 JavaThread "C1 CompilerThread0" daemon [_thread_blocked, id=24067, stack(0x000000016f1a0000,0x000000016f3a3000)]
  0x00000001220cb000 JavaThread "Sweeper thread" daemon [_thread_blocked, id=24579, stack(0x000000016f3ac000,0x000000016f5af000)]
  0x0000000115808c00 JavaThread "Common-Cleaner" daemon [_thread_blocked, id=25091, stack(0x000000016f5b8000,0x000000016f7bb000)]
  0x00000001158b4e00 JavaThread "Monitor Ctrl-Break" daemon [_thread_in_native, id=40963, stack(0x000000016fbdc000,0x000000016fddf000)]
  0x00000001158b5400 JavaThread "Notification Thread" daemon [_thread_blocked, id=26371, stack(0x000000016fde8000,0x000000016ffeb000)]
  0x0000000112009400 JavaThread "QuantumRenderer-0" daemon [_thread_blocked, id=40451, stack(0x0000000170200000,0x0000000170403000)]
=>0x00000001220bde00 JavaThread "InvokeLaterDispatcher" daemon [_thread_in_native, id=36107, stack(0x000000017040c000,0x000000017060f000)]
  0x0000000122175a00 JavaThread "JavaFX Application Thread" [_thread_in_vm, id=259, stack(0x000000016cd64000,0x000000016d560000)]
  0x000000012313c400 JavaThread "JavaFX-Launcher" [_thread_blocked, id=56323, stack(0x00000001708b0000,0x0000000170ab3000)]
  0x0000000115b08600 JavaThread "Prism Font Disposer" daemon [_thread_blocked, id=72711, stack(0x0000000175b4c000,0x0000000175d4f000)]
  0x0000000115b83400 JavaThread "Cleaner-0" daemon [_thread_blocked, id=74511, stack(0x0000000175e70000,0x0000000176073000)]
  0x0000000115b8d200 JavaThread "Attach Listener" daemon [_thread_blocked, id=41531, stack(0x000000016f7c4000,0x000000016f9c7000)]
  0x000000011100aa00 JavaThread "PulseTimer-CVDisplayLink thread" daemon [_thread_in_native, id=78599, stack(0x0000000170618000,0x000000017069b000)]

Other Threads:
  0x0000000121e0ed30 VMThread "VM Thread" [stack: 0x000000016e234000,0x000000016e437000] [id=14339]
  0x0000000122807ee0 WatcherThread [stack: 0x000000016fff4000,0x00000001701f7000] [id=26883]
  0x0000000121e08450 GCTaskThread "GC Thread#0" [stack: 0x000000016d7f8000,0x000000016d9fb000] [id=18947]
  0x0000000111e399d0 GCTaskThread "GC Thread#1" [stack: 0x000000016f9d0000,0x000000016fbd3000] [id=25607]
  0x0000000111e39e50 GCTaskThread "GC Thread#2" [stack: 0x0000000170abc000,0x0000000170cbf000] [id=75779]
  0x0000000111e3a6c0 GCTaskThread "GC Thread#3" [stack: 0x0000000170cc8000,0x0000000170ecb000] [id=75267]
  0x00000001228201c0 GCTaskThread "GC Thread#4" [stack: 0x0000000170ed4000,0x00000001710d7000] [id=57091]
  0x0000000122820a30 GCTaskThread "GC Thread#5" [stack: 0x00000001710e0000,0x00000001712e3000] [id=57347]
  0x0000000121e08b00 ConcurrentGCThread "G1 Main Marker" [stack: 0x000000016da04000,0x000000016dc07000] [id=11523]
  0x0000000112804080 ConcurrentGCThread "G1 Conc#0" [stack: 0x000000016dc10000,0x000000016de13000] [id=12547]
  0x0000000121e0a840 ConcurrentGCThread "G1 Refine#0" [stack: 0x000000016de1c000,0x000000016e01f000] [id=12803]
  0x0000000121e0b0e0 ConcurrentGCThread "G1 Service" [stack: 0x000000016e028000,0x000000016e22b000] [id=13315]

Threads with active compile tasks:

VM state: not at safepoint (normal execution)

VM Mutex/Monitor currently owned by a thread: None

Heap address: 0x0000000780000000, size: 2048 MB, Compressed Oops mode: Zero based, Oop shift amount: 3

CDS archive(s) mapped at: [0x0000000800000000-0x0000000800bd4000-0x0000000800bd4000), size 12402688, SharedBaseAddress: 0x0000000800000000, ArchiveRelocationMode: 0.
Compressed class space mapped at: 0x0000000800c00000-0x0000000840c00000, reserved size: 1073741824
Narrow klass base: 0x0000000800000000, Narrow klass shift: 0, Narrow klass range: 0x100000000

GC Precious Log:
 CPUs: 8 total, 8 available
 Memory: 8192M
 Large Page Support: Disabled
 NUMA Support: Disabled
 Compressed Oops: Enabled (Zero based)
 Heap Region Size: 1M
 Heap Min Capacity: 8M
 Heap Initial Capacity: 128M
 Heap Max Capacity: 2G
 Pre-touch: Disabled
 Parallel Workers: 8
 Concurrent Workers: 2
 Concurrent Refinement Workers: 8
 Periodic GC: Disabled

Heap:
 garbage-first heap   total 133120K, used 39085K [0x0000000780000000, 0x0000000800000000)
  region size 1024K, 36 young (36864K), 3 survivors (3072K)
 Metaspace       used 14800K, committed 15040K, reserved 1064960K
  class space    used 2171K, committed 2304K, reserved 1048576K

Heap Regions: E=young(eden), S=young(survivor), O=old, HS=humongous(starts), HC=humongous(continues), CS=collection set, F=free, OA=open archive, CA=closed archive, TAMS=top-at-mark-start (previous, next)
|   0|0x0000000780000000, 0x0000000780033400, 0x0000000780100000| 20%| O|  |TAMS 0x0000000780000000, 0x0000000780000000| Untracked 
|   1|0x0000000780100000, 0x0000000780200000, 0x0000000780200000|100%|HS|  |TAMS 0x0000000780100000, 0x0000000780100000| Complete 
|   2|0x0000000780200000, 0x0000000780300000, 0x0000000780300000|100%|HC|  |TAMS 0x0000000780200000, 0x0000000780200000| Complete 
|   3|0x0000000780300000, 0x0000000780300000, 0x0000000780400000|  0%| F|  |TAMS 0x0000000780300000, 0x0000000780300000| Untracked 
|   4|0x0000000780400000, 0x0000000780400000, 0x0000000780500000|  0%| F|  |TAMS 0x0000000780400000, 0x0000000780400000| Untracked 
|   5|0x0000000780500000, 0x0000000780500000, 0x0000000780600000|  0%| F|  |TAMS 0x0000000780500000, 0x0000000780500000| Untracked 
|   6|0x0000000780600000, 0x0000000780600000, 0x0000000780700000|  0%| F|  |TAMS 0x0000000780600000, 0x0000000780600000| Untracked 
|   7|0x0000000780700000, 0x0000000780700000, 0x0000000780800000|  0%| F|  |TAMS 0x0000000780700000, 0x0000000780700000| Untracked 
|   8|0x0000000780800000, 0x0000000780800000, 0x0000000780900000|  0%| F|  |TAMS 0x0000000780800000, 0x0000000780800000| Untracked 
|   9|0x0000000780900000, 0x0000000780900000, 0x0000000780a00000|  0%| F|  |TAMS 0x0000000780900000, 0x0000000780900000| Untracked 
|  10|0x0000000780a00000, 0x0000000780a00000, 0x0000000780b00000|  0%| F|  |TAMS 0x0000000780a00000, 0x0000000780a00000| Untracked 
|  11|0x0000000780b00000, 0x0000000780b00000, 0x0000000780c00000|  0%| F|  |TAMS 0x0000000780b00000, 0x0000000780b00000| Untracked 
|  12|0x0000000780c00000, 0x0000000780c00000, 0x0000000780d00000|  0%| F|  |TAMS 0x0000000780c00000, 0x0000000780c00000| Untracked 
|  13|0x0000000780d00000, 0x0000000780d00000, 0x0000000780e00000|  0%| F|  |TAMS 0x0000000780d00000, 0x0000000780d00000| Untracked 
|  14|0x0000000780e00000, 0x0000000780e00000, 0x0000000780f00000|  0%| F|  |TAMS 0x0000000780e00000, 0x0000000780e00000| Untracked 
|  15|0x0000000780f00000, 0x0000000780f00000, 0x0000000781000000|  0%| F|  |TAMS 0x0000000780f00000, 0x0000000780f00000| Untracked 
|  16|0x0000000781000000, 0x0000000781000000, 0x0000000781100000|  0%| F|  |TAMS 0x0000000781000000, 0x0000000781000000| Untracked 
|  17|0x0000000781100000, 0x0000000781100000, 0x0000000781200000|  0%| F|  |TAMS 0x0000000781100000, 0x0000000781100000| Untracked 
|  18|0x0000000781200000, 0x0000000781200000, 0x0000000781300000|  0%| F|  |TAMS 0x0000000781200000, 0x0000000781200000| Untracked 
|  19|0x0000000781300000, 0x0000000781300000, 0x0000000781400000|  0%| F|  |TAMS 0x0000000781300000, 0x0000000781300000| Untracked 
|  20|0x0000000781400000, 0x0000000781400000, 0x0000000781500000|  0%| F|  |TAMS 0x0000000781400000, 0x0000000781400000| Untracked 
|  21|0x0000000781500000, 0x0000000781500000, 0x0000000781600000|  0%| F|  |TAMS 0x0000000781500000, 0x0000000781500000| Untracked 
|  22|0x0000000781600000, 0x0000000781600000, 0x0000000781700000|  0%| F|  |TAMS 0x0000000781600000, 0x0000000781600000| Untracked 
|  23|0x0000000781700000, 0x0000000781700000, 0x0000000781800000|  0%| F|  |TAMS 0x0000000781700000, 0x0000000781700000| Untracked 
|  24|0x0000000781800000, 0x0000000781800000, 0x0000000781900000|  0%| F|  |TAMS 0x0000000781800000, 0x0000000781800000| Untracked 
|  25|0x0000000781900000, 0x0000000781900000, 0x0000000781a00000|  0%| F|  |TAMS 0x0000000781900000, 0x0000000781900000| Untracked 
|  26|0x0000000781a00000, 0x0000000781a00000, 0x0000000781b00000|  0%| F|  |TAMS 0x0000000781a00000, 0x0000000781a00000| Untracked 
|  27|0x0000000781b00000, 0x0000000781b00000, 0x0000000781c00000|  0%| F|  |TAMS 0x0000000781b00000, 0x0000000781b00000| Untracked 
|  28|0x0000000781c00000, 0x0000000781c00000, 0x0000000781d00000|  0%| F|  |TAMS 0x0000000781c00000, 0x0000000781c00000| Untracked 
|  29|0x0000000781d00000, 0x0000000781d00000, 0x0000000781e00000|  0%| F|  |TAMS 0x0000000781d00000, 0x0000000781d00000| Untracked 
|  30|0x0000000781e00000, 0x0000000781e00000, 0x0000000781f00000|  0%| F|  |TAMS 0x0000000781e00000, 0x0000000781e00000| Untracked 
|  31|0x0000000781f00000, 0x0000000781f00000, 0x0000000782000000|  0%| F|  |TAMS 0x0000000781f00000, 0x0000000781f00000| Untracked 
|  32|0x0000000782000000, 0x0000000782000000, 0x0000000782100000|  0%| F|  |TAMS 0x0000000782000000, 0x0000000782000000| Untracked 
|  33|0x0000000782100000, 0x0000000782100000, 0x0000000782200000|  0%| F|  |TAMS 0x0000000782100000, 0x0000000782100000| Untracked 
|  34|0x0000000782200000, 0x0000000782200000, 0x0000000782300000|  0%| F|  |TAMS 0x0000000782200000, 0x0000000782200000| Untracked 
|  35|0x0000000782300000, 0x0000000782300000, 0x0000000782400000|  0%| F|  |TAMS 0x0000000782300000, 0x0000000782300000| Untracked 
|  36|0x0000000782400000, 0x0000000782400000, 0x0000000782500000|  0%| F|  |TAMS 0x0000000782400000, 0x0000000782400000| Untracked 
|  37|0x0000000782500000, 0x0000000782500000, 0x0000000782600000|  0%| F|  |TAMS 0x0000000782500000, 0x0000000782500000| Untracked 
|  38|0x0000000782600000, 0x0000000782600000, 0x0000000782700000|  0%| F|  |TAMS 0x0000000782600000, 0x0000000782600000| Untracked 
|  39|0x0000000782700000, 0x0000000782700000, 0x0000000782800000|  0%| F|  |TAMS 0x0000000782700000, 0x0000000782700000| Untracked 
|  40|0x0000000782800000, 0x0000000782800000, 0x0000000782900000|  0%| F|  |TAMS 0x0000000782800000, 0x0000000782800000| Untracked 
|  41|0x0000000782900000, 0x0000000782900000, 0x0000000782a00000|  0%| F|  |TAMS 0x0000000782900000, 0x0000000782900000| Untracked 
|  42|0x0000000782a00000, 0x0000000782a00000, 0x0000000782b00000|  0%| F|  |TAMS 0x0000000782a00000, 0x0000000782a00000| Untracked 
|  43|0x0000000782b00000, 0x0000000782b00000, 0x0000000782c00000|  0%| F|  |TAMS 0x0000000782b00000, 0x0000000782b00000| Untracked 
|  44|0x0000000782c00000, 0x0000000782c00000, 0x0000000782d00000|  0%| F|  |TAMS 0x0000000782c00000, 0x0000000782c00000| Untracked 
|  45|0x0000000782d00000, 0x0000000782d00000, 0x0000000782e00000|  0%| F|  |TAMS 0x0000000782d00000, 0x0000000782d00000| Untracked 
|  46|0x0000000782e00000, 0x0000000782e00000, 0x0000000782f00000|  0%| F|  |TAMS 0x0000000782e00000, 0x0000000782e00000| Untracked 
|  47|0x0000000782f00000, 0x0000000782f00000, 0x0000000783000000|  0%| F|  |TAMS 0x0000000782f00000, 0x0000000782f00000| Untracked 
|  48|0x0000000783000000, 0x0000000783000000, 0x0000000783100000|  0%| F|  |TAMS 0x0000000783000000, 0x0000000783000000| Untracked 
|  49|0x0000000783100000, 0x0000000783100000, 0x0000000783200000|  0%| F|  |TAMS 0x0000000783100000, 0x0000000783100000| Untracked 
|  50|0x0000000783200000, 0x0000000783200000, 0x0000000783300000|  0%| F|  |TAMS 0x0000000783200000, 0x0000000783200000| Untracked 
|  51|0x0000000783300000, 0x0000000783300000, 0x0000000783400000|  0%| F|  |TAMS 0x0000000783300000, 0x0000000783300000| Untracked 
|  52|0x0000000783400000, 0x0000000783400000, 0x0000000783500000|  0%| F|  |TAMS 0x0000000783400000, 0x0000000783400000| Untracked 
|  53|0x0000000783500000, 0x0000000783500000, 0x0000000783600000|  0%| F|  |TAMS 0x0000000783500000, 0x0000000783500000| Untracked 
|  54|0x0000000783600000, 0x0000000783600000, 0x0000000783700000|  0%| F|  |TAMS 0x0000000783600000, 0x0000000783600000| Untracked 
|  55|0x0000000783700000, 0x0000000783700000, 0x0000000783800000|  0%| F|  |TAMS 0x0000000783700000, 0x0000000783700000| Untracked 
|  56|0x0000000783800000, 0x0000000783800000, 0x0000000783900000|  0%| F|  |TAMS 0x0000000783800000, 0x0000000783800000| Untracked 
|  57|0x0000000783900000, 0x0000000783900000, 0x0000000783a00000|  0%| F|  |TAMS 0x0000000783900000, 0x0000000783900000| Untracked 
|  58|0x0000000783a00000, 0x0000000783a00000, 0x0000000783b00000|  0%| F|  |TAMS 0x0000000783a00000, 0x0000000783a00000| Untracked 
|  59|0x0000000783b00000, 0x0000000783b00000, 0x0000000783c00000|  0%| F|  |TAMS 0x0000000783b00000, 0x0000000783b00000| Untracked 
|  60|0x0000000783c00000, 0x0000000783c00000, 0x0000000783d00000|  0%| F|  |TAMS 0x0000000783c00000, 0x0000000783c00000| Untracked 
|  61|0x0000000783d00000, 0x0000000783d00000, 0x0000000783e00000|  0%| F|  |TAMS 0x0000000783d00000, 0x0000000783d00000| Untracked 
|  62|0x0000000783e00000, 0x0000000783e00000, 0x0000000783f00000|  0%| F|  |TAMS 0x0000000783e00000, 0x0000000783e00000| Untracked 
|  63|0x0000000783f00000, 0x0000000783f00000, 0x0000000784000000|  0%| F|  |TAMS 0x0000000783f00000, 0x0000000783f00000| Untracked 
|  64|0x0000000784000000, 0x0000000784000000, 0x0000000784100000|  0%| F|  |TAMS 0x0000000784000000, 0x0000000784000000| Untracked 
|  65|0x0000000784100000, 0x0000000784100000, 0x0000000784200000|  0%| F|  |TAMS 0x0000000784100000, 0x0000000784100000| Untracked 
|  66|0x0000000784200000, 0x0000000784200000, 0x0000000784300000|  0%| F|  |TAMS 0x0000000784200000, 0x0000000784200000| Untracked 
|  67|0x0000000784300000, 0x0000000784300000, 0x0000000784400000|  0%| F|  |TAMS 0x0000000784300000, 0x0000000784300000| Untracked 
|  68|0x0000000784400000, 0x0000000784400000, 0x0000000784500000|  0%| F|  |TAMS 0x0000000784400000, 0x0000000784400000| Untracked 
|  69|0x0000000784500000, 0x0000000784500000, 0x0000000784600000|  0%| F|  |TAMS 0x0000000784500000, 0x0000000784500000| Untracked 
|  70|0x0000000784600000, 0x0000000784600000, 0x0000000784700000|  0%| F|  |TAMS 0x0000000784600000, 0x0000000784600000| Untracked 
|  71|0x0000000784700000, 0x0000000784700000, 0x0000000784800000|  0%| F|  |TAMS 0x0000000784700000, 0x0000000784700000| Untracked 
|  72|0x0000000784800000, 0x0000000784800000, 0x0000000784900000|  0%| F|  |TAMS 0x0000000784800000, 0x0000000784800000| Untracked 
|  73|0x0000000784900000, 0x0000000784900000, 0x0000000784a00000|  0%| F|  |TAMS 0x0000000784900000, 0x0000000784900000| Untracked 
|  74|0x0000000784a00000, 0x0000000784a00000, 0x0000000784b00000|  0%| F|  |TAMS 0x0000000784a00000, 0x0000000784a00000| Untracked 
|  75|0x0000000784b00000, 0x0000000784b00000, 0x0000000784c00000|  0%| F|  |TAMS 0x0000000784b00000, 0x0000000784b00000| Untracked 
|  76|0x0000000784c00000, 0x0000000784c00000, 0x0000000784d00000|  0%| F|  |TAMS 0x0000000784c00000, 0x0000000784c00000| Untracked 
|  77|0x0000000784d00000, 0x0000000784d00000, 0x0000000784e00000|  0%| F|  |TAMS 0x0000000784d00000, 0x0000000784d00000| Untracked 
|  78|0x0000000784e00000, 0x0000000784e00000, 0x0000000784f00000|  0%| F|  |TAMS 0x0000000784e00000, 0x0000000784e00000| Untracked 
|  79|0x0000000784f00000, 0x0000000784f00000, 0x0000000785000000|  0%| F|  |TAMS 0x0000000784f00000, 0x0000000784f00000| Untracked 
|  80|0x0000000785000000, 0x0000000785000000, 0x0000000785100000|  0%| F|  |TAMS 0x0000000785000000, 0x0000000785000000| Untracked 
|  81|0x0000000785100000, 0x0000000785100000, 0x0000000785200000|  0%| F|  |TAMS 0x0000000785100000, 0x0000000785100000| Untracked 
|  82|0x0000000785200000, 0x0000000785200000, 0x0000000785300000|  0%| F|  |TAMS 0x0000000785200000, 0x0000000785200000| Untracked 
|  83|0x0000000785300000, 0x0000000785300000, 0x0000000785400000|  0%| F|  |TAMS 0x0000000785300000, 0x0000000785300000| Untracked 
|  84|0x0000000785400000, 0x0000000785400000, 0x0000000785500000|  0%| F|  |TAMS 0x0000000785400000, 0x0000000785400000| Untracked 
|  85|0x0000000785500000, 0x0000000785500000, 0x0000000785600000|  0%| F|  |TAMS 0x0000000785500000, 0x0000000785500000| Untracked 
|  86|0x0000000785600000, 0x0000000785600000, 0x0000000785700000|  0%| F|  |TAMS 0x0000000785600000, 0x0000000785600000| Untracked 
|  87|0x0000000785700000, 0x0000000785700000, 0x0000000785800000|  0%| F|  |TAMS 0x0000000785700000, 0x0000000785700000| Untracked 
|  88|0x0000000785800000, 0x0000000785800000, 0x0000000785900000|  0%| F|  |TAMS 0x0000000785800000, 0x0000000785800000| Untracked 
|  89|0x0000000785900000, 0x0000000785900000, 0x0000000785a00000|  0%| F|  |TAMS 0x0000000785900000, 0x0000000785900000| Untracked 
|  90|0x0000000785a00000, 0x0000000785a00000, 0x0000000785b00000|  0%| F|  |TAMS 0x0000000785a00000, 0x0000000785a00000| Untracked 
|  91|0x0000000785b00000, 0x0000000785b00000, 0x0000000785c00000|  0%| F|  |TAMS 0x0000000785b00000, 0x0000000785b00000| Untracked 
|  92|0x0000000785c00000, 0x0000000785c29770, 0x0000000785d00000| 16%| E|  |TAMS 0x0000000785c00000, 0x0000000785c00000| Complete 
|  93|0x0000000785d00000, 0x0000000785e00000, 0x0000000785e00000|100%| E|CS|TAMS 0x0000000785d00000, 0x0000000785d00000| Complete 
|  94|0x0000000785e00000, 0x0000000785f00000, 0x0000000785f00000|100%| E|CS|TAMS 0x0000000785e00000, 0x0000000785e00000| Complete 
|  95|0x0000000785f00000, 0x0000000786000000, 0x0000000786000000|100%| E|CS|TAMS 0x0000000785f00000, 0x0000000785f00000| Complete 
|  96|0x0000000786000000, 0x0000000786100000, 0x0000000786100000|100%| E|CS|TAMS 0x0000000786000000, 0x0000000786000000| Complete 
|  97|0x0000000786100000, 0x0000000786200000, 0x0000000786200000|100%| E|CS|TAMS 0x0000000786100000, 0x0000000786100000| Complete 
|  98|0x0000000786200000, 0x0000000786300000, 0x0000000786300000|100%| E|CS|TAMS 0x0000000786200000, 0x0000000786200000| Complete 
|  99|0x0000000786300000, 0x0000000786400000, 0x0000000786400000|100%| E|CS|TAMS 0x0000000786300000, 0x0000000786300000| Complete 
| 100|0x0000000786400000, 0x0000000786500000, 0x0000000786500000|100%| E|CS|TAMS 0x0000000786400000, 0x0000000786400000| Complete 
| 101|0x0000000786500000, 0x0000000786600000, 0x0000000786600000|100%| E|CS|TAMS 0x0000000786500000, 0x0000000786500000| Complete 
| 102|0x0000000786600000, 0x0000000786700000, 0x0000000786700000|100%| S|CS|TAMS 0x0000000786600000, 0x0000000786600000| Complete 
| 103|0x0000000786700000, 0x0000000786800000, 0x0000000786800000|100%| S|CS|TAMS 0x0000000786700000, 0x0000000786700000| Complete 
| 104|0x0000000786800000, 0x0000000786900000, 0x0000000786900000|100%| S|CS|TAMS 0x0000000786800000, 0x0000000786800000| Complete 
| 105|0x0000000786900000, 0x0000000786a00000, 0x0000000786a00000|100%| E|CS|TAMS 0x0000000786900000, 0x0000000786900000| Complete 
| 106|0x0000000786a00000, 0x0000000786b00000, 0x0000000786b00000|100%| E|CS|TAMS 0x0000000786a00000, 0x0000000786a00000| Complete 
| 107|0x0000000786b00000, 0x0000000786c00000, 0x0000000786c00000|100%| E|CS|TAMS 0x0000000786b00000, 0x0000000786b00000| Complete 
| 108|0x0000000786c00000, 0x0000000786d00000, 0x0000000786d00000|100%| E|CS|TAMS 0x0000000786c00000, 0x0000000786c00000| Complete 
| 109|0x0000000786d00000, 0x0000000786e00000, 0x0000000786e00000|100%| E|CS|TAMS 0x0000000786d00000, 0x0000000786d00000| Complete 
| 110|0x0000000786e00000, 0x0000000786f00000, 0x0000000786f00000|100%| E|CS|TAMS 0x0000000786e00000, 0x0000000786e00000| Complete 
| 111|0x0000000786f00000, 0x0000000787000000, 0x0000000787000000|100%| E|CS|TAMS 0x0000000786f00000, 0x0000000786f00000| Complete 
| 112|0x0000000787000000, 0x0000000787100000, 0x0000000787100000|100%| E|CS|TAMS 0x0000000787000000, 0x0000000787000000| Complete 
| 113|0x0000000787100000, 0x0000000787200000, 0x0000000787200000|100%| E|CS|TAMS 0x0000000787100000, 0x0000000787100000| Complete 
| 114|0x0000000787200000, 0x0000000787300000, 0x0000000787300000|100%| E|CS|TAMS 0x0000000787200000, 0x0000000787200000| Complete 
| 115|0x0000000787300000, 0x0000000787400000, 0x0000000787400000|100%| E|CS|TAMS 0x0000000787300000, 0x0000000787300000| Complete 
| 116|0x0000000787400000, 0x0000000787500000, 0x0000000787500000|100%| E|CS|TAMS 0x0000000787400000, 0x0000000787400000| Complete 
| 117|0x0000000787500000, 0x0000000787600000, 0x0000000787600000|100%| E|CS|TAMS 0x0000000787500000, 0x0000000787500000| Complete 
| 118|0x0000000787600000, 0x0000000787700000, 0x0000000787700000|100%| E|CS|TAMS 0x0000000787600000, 0x0000000787600000| Complete 
| 119|0x0000000787700000, 0x0000000787800000, 0x0000000787800000|100%| E|CS|TAMS 0x0000000787700000, 0x0000000787700000| Complete 
| 120|0x0000000787800000, 0x0000000787900000, 0x0000000787900000|100%| E|CS|TAMS 0x0000000787800000, 0x0000000787800000| Complete 
| 121|0x0000000787900000, 0x0000000787a00000, 0x0000000787a00000|100%| E|CS|TAMS 0x0000000787900000, 0x0000000787900000| Complete 
| 122|0x0000000787a00000, 0x0000000787b00000, 0x0000000787b00000|100%| E|CS|TAMS 0x0000000787a00000, 0x0000000787a00000| Complete 
| 123|0x0000000787b00000, 0x0000000787c00000, 0x0000000787c00000|100%| E|CS|TAMS 0x0000000787b00000, 0x0000000787b00000| Complete 
| 124|0x0000000787c00000, 0x0000000787d00000, 0x0000000787d00000|100%| E|CS|TAMS 0x0000000787c00000, 0x0000000787c00000| Complete 
| 125|0x0000000787d00000, 0x0000000787e00000, 0x0000000787e00000|100%| E|CS|TAMS 0x0000000787d00000, 0x0000000787d00000| Complete 
| 126|0x0000000787e00000, 0x0000000787f00000, 0x0000000787f00000|100%| E|CS|TAMS 0x0000000787e00000, 0x0000000787e00000| Complete 
| 127|0x0000000787f00000, 0x0000000788000000, 0x0000000788000000|100%| E|CS|TAMS 0x0000000787f00000, 0x0000000787f00000| Complete 
|2046|0x00000007ffe00000, 0x00000007ffe78000, 0x00000007fff00000| 46%|OA|  |TAMS 0x00000007ffe00000, 0x00000007ffe00000| Untracked 
|2047|0x00000007fff00000, 0x00000007fff80000, 0x0000000800000000| 50%|CA|  |TAMS 0x00000007fff00000, 0x00000007fff00000| Untracked 

Card table byte_map: [0x00000001031ec000,0x00000001035ec000] _byte_map_base: 0x00000000ff5ec000

Marking Bits (Prev, Next): (CMBitMap*) 0x000000012201a010, (CMBitMap*) 0x000000012201a050
 Prev Bits: [0x000000010c164000, 0x000000010e164000)
 Next Bits: [0x000000010e164000, 0x0000000110164000)

Polling page: 0x0000000102a24000

Metaspace:

Usage:
  Non-class:     12.33 MB used.
      Class:      2.12 MB used.
       Both:     14.45 MB used.

Virtual space:
  Non-class space:       16.00 MB reserved,      12.44 MB ( 78%) committed,  2 nodes.
      Class space:        1.00 GB reserved,       2.25 MB ( <1%) committed,  1 nodes.
             Both:        1.02 GB reserved,      14.69 MB (  1%) committed. 

Chunk freelists:
   Non-Class:  3.00 MB
       Class:  1.60 MB
        Both:  4.60 MB

MaxMetaspaceSize: unlimited
CompressedClassSpaceSize: 1.00 GB
Initial GC threshold: 21.00 MB
Current GC threshold: 21.00 MB
CDS: on
MetaspaceReclaimPolicy: balanced
 - commit_granule_bytes: 65536.
 - commit_granule_words: 8192.
 - virtual_space_node_default_size: 1048576.
 - enlarge_chunks_in_place: 1.
 - new_chunks_are_fully_committed: 0.
 - uncommit_free_chunks: 1.
 - use_allocation_guard: 0.
 - handle_deallocations: 1.


Internal statistics:

num_allocs_failed_limit: 0.
num_arena_births: 172.
num_arena_deaths: 0.
num_vsnodes_births: 3.
num_vsnodes_deaths: 0.
num_space_committed: 235.
num_space_uncommitted: 0.
num_chunks_returned_to_freelist: 0.
num_chunks_taken_from_freelist: 639.
num_chunk_merges: 0.
num_chunk_splits: 463.
num_chunks_enlarged: 383.
num_purges: 0.
num_inconsistent_stats: 0.

CodeHeap 'non-profiled nmethods': size=120032Kb used=1043Kb max_used=1043Kb free=118988Kb
 bounds [0x0000000137ac8000, 0x0000000137d38000, 0x000000013f000000]
CodeHeap 'profiled nmethods': size=120016Kb used=5450Kb max_used=5450Kb free=114565Kb
 bounds [0x0000000130594000, 0x0000000130af4000, 0x0000000137ac8000]
CodeHeap 'non-nmethods': size=5712Kb used=1375Kb max_used=1451Kb free=4336Kb
 bounds [0x0000000130000000, 0x0000000130270000, 0x0000000130594000]
 total_blobs=3356 nmethods=2594 adapters=678
 compilation: enabled
              stopped_count=0, restarted_count=0
 full_count=0

Compilation events (20 events):
Event: 27.448 Thread 0x00000001220caa00 nmethod 2650 0x0000000130ae2b10 code [0x0000000130ae2cc0, 0x0000000130ae2ea8]
Event: 27.448 Thread 0x00000001220caa00 2648       3       javafx.scene.layout.Region::scaledRound (10 bytes)
Event: 27.448 Thread 0x00000001220caa00 nmethod 2648 0x0000000130ae2f90 code [0x0000000130ae3140, 0x0000000130ae3298]
Event: 27.448 Thread 0x00000001220caa00 2645       3       javafx.scene.Node::isTreeVisible (8 bytes)
Event: 27.448 Thread 0x00000001220caa00 nmethod 2645 0x0000000130ae3390 code [0x0000000130ae3580, 0x0000000130ae3a68]
Event: 27.448 Thread 0x00000001220caa00 2646       3       javafx.scene.Node::layoutBoundsChanged (47 bytes)
Event: 27.449 Thread 0x00000001220caa00 nmethod 2646 0x0000000130ae3c90 code [0x0000000130ae3f00, 0x0000000130ae4798]
Event: 27.452 Thread 0x00000001220ca400 nmethod 2647 0x0000000137bcb610 code [0x0000000137bcb840, 0x0000000137bcbd60]
Event: 27.611 Thread 0x00000001220ca400 2651       4       java.util.concurrent.locks.ReentrantLock$Sync::tryRelease (51 bytes)
Event: 27.612 Thread 0x00000001220ca400 nmethod 2651 0x0000000137bcc210 code [0x0000000137bcc3c0, 0x0000000137bcc580]
Event: 27.613 Thread 0x00000001220caa00 2652       1       javafx.scene.control.TextInputControl::getContent (5 bytes)
Event: 27.613 Thread 0x00000001220caa00 nmethod 2652 0x0000000137bcc690 code [0x0000000137bcc800, 0x0000000137bcc8e8]
Event: 27.733 Thread 0x00000001220caa00 2653       3       java.util.Arrays$ArrayList::size (6 bytes)
Event: 27.734 Thread 0x00000001220caa00 nmethod 2653 0x0000000130ae4a90 code [0x0000000130ae4c40, 0x0000000130ae4da8]
Event: 27.734 Thread 0x00000001220caa00 2654       3       java.util.Arrays::asList (9 bytes)
Event: 27.735 Thread 0x00000001220caa00 nmethod 2654 0x0000000130ae4e90 code [0x0000000130ae5080, 0x0000000130ae5518]
Event: 27.735 Thread 0x00000001220caa00 2655       3       java.util.Arrays$ArrayList::<init> (16 bytes)
Event: 27.735 Thread 0x00000001220caa00 nmethod 2655 0x0000000130ae5710 code [0x0000000130ae5900, 0x0000000130ae5d18]
Event: 27.744 Thread 0x00000001220ca400 2656       4       javafx.beans.property.DoublePropertyBase::get (29 bytes)
Event: 27.745 Thread 0x00000001220caa00 2657       3       com.sun.javafx.geom.RectBounds::unionWith (82 bytes)

GC Heap History (2 events):
Event: 0.303 GC heap before
{Heap before GC invocations=0 (full 0):
 garbage-first heap   total 133120K, used 23520K [0x0000000780000000, 0x0000000800000000)
  region size 1024K, 23 young (23552K), 0 survivors (0K)
 Metaspace       used 6707K, committed 6848K, reserved 1056768K
  class space    used 858K, committed 896K, reserved 1048576K
}
Event: 0.306 GC heap after
{Heap after GC invocations=1 (full 0):
 garbage-first heap   total 133120K, used 4269K [0x0000000780000000, 0x0000000800000000)
  region size 1024K, 3 young (3072K), 3 survivors (3072K)
 Metaspace       used 6707K, committed 6848K, reserved 1056768K
  class space    used 858K, committed 896K, reserved 1048576K
}

Deoptimization events (20 events):
Event: 19.839 Thread 0x0000000112009400 DEOPT PACKING pc=0x0000000137b4cb0c sp=0x0000000170401400
Event: 19.839 Thread 0x0000000112009400 DEOPT UNPACKING pc=0x000000013003ed1c sp=0x0000000170401310 mode 2
Event: 20.492 Thread 0x0000000122175a00 Uncommon trap: trap_request=0xffffff45 fr.pc=0x0000000137b461a0 relative=0x0000000000000320
Event: 20.492 Thread 0x0000000122175a00 Uncommon trap: reason=unstable_if action=reinterpret pc=0x0000000137b461a0 method=java.lang.AbstractStringBuilder.append(C)Ljava/lang/AbstractStringBuilder; @ 21 c2
Event: 20.492 Thread 0x0000000122175a00 DEOPT PACKING pc=0x0000000137b461a0 sp=0x000000016d55a240
Event: 20.492 Thread 0x0000000122175a00 DEOPT UNPACKING pc=0x000000013003ed1c sp=0x000000016d55a190 mode 2
Event: 20.496 Thread 0x0000000112009400 DEOPT PACKING pc=0x00000001309cfc80 sp=0x00000001704014e0
Event: 20.496 Thread 0x0000000112009400 DEOPT UNPACKING pc=0x000000013003eb7c sp=0x00000001704010e0 mode 0
Event: 20.720 Thread 0x0000000122175a00 Uncommon trap: trap_request=0xffffff45 fr.pc=0x0000000137b282a8 relative=0x0000000000000328
Event: 20.720 Thread 0x0000000122175a00 Uncommon trap: reason=unstable_if action=reinterpret pc=0x0000000137b282a8 method=java.lang.AbstractStringBuilder.append(C)Ljava/lang/AbstractStringBuilder; @ 21 c2
Event: 20.720 Thread 0x0000000122175a00 DEOPT PACKING pc=0x0000000137b282a8 sp=0x000000016d55a1e0
Event: 20.720 Thread 0x0000000122175a00 DEOPT UNPACKING pc=0x000000013003ed1c sp=0x000000016d55a1a0 mode 2
Event: 24.145 Thread 0x0000000122175a00 Uncommon trap: trap_request=0xffffff45 fr.pc=0x0000000137bc1364 relative=0x0000000000000064
Event: 24.145 Thread 0x0000000122175a00 Uncommon trap: reason=unstable_if action=reinterpret pc=0x0000000137bc1364 method=javafx.scene.Node.updateLocalToParentTransform()V @ 4 c2
Event: 24.145 Thread 0x0000000122175a00 DEOPT PACKING pc=0x0000000137bc1364 sp=0x000000016d55b0a0
Event: 24.145 Thread 0x0000000122175a00 DEOPT UNPACKING pc=0x000000013003ed1c sp=0x000000016d55afb0 mode 2
Event: 26.508 Thread 0x0000000122175a00 Uncommon trap: trap_request=0xffffff45 fr.pc=0x0000000137ace2c0 relative=0x0000000000000080
Event: 26.508 Thread 0x0000000122175a00 Uncommon trap: reason=unstable_if action=reinterpret pc=0x0000000137ace2c0 method=java.lang.String.isLatin1()Z @ 10 c2
Event: 26.508 Thread 0x0000000122175a00 DEOPT PACKING pc=0x0000000137ace2c0 sp=0x000000016d55ac90
Event: 26.508 Thread 0x0000000122175a00 DEOPT UNPACKING pc=0x000000013003ed1c sp=0x000000016d55abd0 mode 2

Classes unloaded (0 events):
No events

Classes redefined (0 events):
No events

Internal exceptions (20 events):
Event: 0.386 Thread 0x0000000122175a00 Exception <a 'sun/nio/fs/UnixException'{0x0000000787bd8bd0}> (0x0000000787bd8bd0) 
thrown [open/src/hotspot/share/prims/jni.cpp, line 516]
Event: 0.389 Thread 0x0000000122175a00 Implicit null exception at 0x0000000137b10738 to 0x0000000137b11324
Event: 0.394 Thread 0x0000000122175a00 Implicit null exception at 0x0000000137b12614 to 0x0000000137b1299c
Event: 0.394 Thread 0x0000000122175a00 Implicit null exception at 0x0000000137b0f654 to 0x0000000137b0f9a0
Event: 0.433 Thread 0x0000000122175a00 Exception <a 'java/lang/NoSuchMethodError'{0x00000007875459e8}: 'java.lang.Object java.lang.invoke.DirectMethodHandle$Holder.invokeInterface(java.lang.Object, java.lang.Object, java.lang.Object)'> (0x00000007875459e8) 
thrown [open/src/hotspot/share/interpreter/linkResolver.cpp, line 766]
Event: 0.433 Thread 0x0000000122175a00 Exception <a 'java/lang/IncompatibleClassChangeError'{0x0000000787549370}: Found class java.lang.Object, but interface was expected> (0x0000000787549370) 
thrown [open/src/hotspot/share/interpreter/linkResolver.cpp, line 833]
Event: 0.446 Thread 0x0000000122175a00 Exception <a 'java/lang/ClassNotFoundException'{0x00000007873667e0}: com/sun/javafx/scene/control/skin/resources/controls> (0x00000007873667e0) 
thrown [open/src/hotspot/share/prims/jni.cpp, line 535]
Event: 0.446 Thread 0x0000000122175a00 Exception <a 'java/lang/ClassNotFoundException'{0x0000000787374780}: com/sun/javafx/scene/control/skin/resources/controls_en> (0x0000000787374780) 
thrown [open/src/hotspot/share/prims/jni.cpp, line 535]
Event: 0.447 Thread 0x0000000122175a00 Exception <a 'java/lang/ClassNotFoundException'{0x0000000787375718}: com/sun/javafx/scene/control/skin/resources/controls_en_GB> (0x0000000787375718) 
thrown [open/src/hotspot/share/prims/jni.cpp, line 535]
Event: 0.461 Thread 0x0000000122175a00 Exception <a 'java/lang/NoSuchMethodError'{0x0000000787199b10}: 'void java.lang.invoke.DirectMethodHandle$Holder.invokeSpecial(java.lang.Object, java.lang.Object, java.lang.Object, java.lang.Object, java.lang.Object, java.lang.Object)'> (0x0000000787199b10) 
thrown [open/src/hotspot/share/interpreter/linkResolver.cpp, line 766]
Event: 0.509 Thread 0x0000000122175a00 Exception <a 'java/lang/NoSuchMethodError'{0x0000000786bf0360}: 'java.lang.Object java.lang.invoke.DirectMethodHandle$Holder.newInvokeSpecial(java.lang.Object, java.lang.Object, int, int)'> (0x0000000786bf0360) 
thrown [open/src/hotspot/share/interpreter/linkResolver.cpp, line 766]
Event: 0.513 Thread 0x0000000122175a00 Exception <a 'java/lang/NoSuchMethodError'{0x0000000786a0c2c8}: 'java.lang.Object java.lang.invoke.DirectMethodHandle$Holder.newInvokeSpecial(java.lang.Object, java.lang.Object, int)'> (0x0000000786a0c2c8) 
thrown [open/src/hotspot/share/interpreter/linkResolver.cpp, line 766]
Event: 0.548 Thread 0x0000000112009400 Exception <a 'java/lang/NoSuchMethodError'{0x00000007869e8610}: 'int java.lang.invoke.DirectMethodHandle$Holder.invokeStaticInit(java.lang.Object, java.lang.Object)'> (0x00000007869e8610) 
thrown [open/src/hotspot/share/interpreter/linkResolver.cpp, line 766]
Event: 0.560 Thread 0x0000000122175a00 Exception <a 'java/lang/NoSuchMethodError'{0x0000000786976690}: 'long java.lang.invoke.DirectMethodHandle$Holder.invokeStatic(java.lang.Object, java.lang.Object, java.lang.Object)'> (0x0000000786976690) 
thrown [open/src/hotspot/share/interpreter/linkResolver.cpp, line 766]
Event: 0.561 Thread 0x0000000122175a00 Exception <a 'java/lang/NoSuchMethodError'{0x0000000786979e38}: 'long java.lang.invoke.DirectMethodHandle$Holder.invokeStaticInit(java.lang.Object, java.lang.Object, java.lang.Object)'> (0x0000000786979e38) 
thrown [open/src/hotspot/share/interpreter/linkResolver.cpp, line 766]
Event: 0.561 Thread 0x0000000122175a00 Exception <a 'java/lang/NoSuchMethodError'{0x00000007865fa198}: 'java.lang.Object java.lang.invoke.DirectMethodHandle$Holder.newInvokeSpecial(java.lang.Object, java.lang.Object, long)'> (0x00000007865fa198) 
thrown [open/src/hotspot/share/interpreter/linkResolver.cpp, line 766]
Event: 0.561 Thread 0x0000000122175a00 Exception <a 'java/lang/NoSuchMethodError'{0x00000007865fda60}: 'java.lang.Object java.lang.invoke.Invokers$Holder.linkToTargetMethod(java.lang.Object, long, java.lang.Object)'> (0x00000007865fda60) 
thrown [open/src/hotspot/share/interpreter/linkResolver.cpp, line 766]
Event: 24.098 Thread 0x0000000122175a00 Exception <a 'java/lang/NoSuchMethodError'{0x0000000785d211f8}: 'java.lang.Object java.lang.invoke.DirectMethodHandle$Holder.newInvokeSpecial(java.lang.Object, java.lang.Object, int, int, int, int, int, java.lang.Object)'> (0x0000000785d211f8) 
thrown [open/src/hotspot/share/interpreter/linkResolver.cpp, line 766]
Event: 24.100 Thread 0x0000000122175a00 Exception <a 'java/lang/NoSuchMethodError'{0x0000000785d341d8}: 'java.lang.Object java.lang.invoke.DirectMethodHandle$Holder.newInvokeSpecial(java.lang.Object, java.lang.Object, java.lang.Object, int, int, int, int, int)'> (0x0000000785d341d8) 
thrown [open/src/hotspot/share/interpreter/linkResolver.cpp, line 766]
Event: 24.101 Thread 0x0000000122175a00 Exception <a 'java/lang/NoSuchMethodError'{0x0000000785d3ba38}: 'java.lang.Object java.lang.invoke.Invokers$Holder.linkToTargetMethod(java.lang.Object, java.lang.Object, int, int, int, int, int, java.lang.Object)'> (0x0000000785d3ba38) 
thrown [open/src/hotspot/share/interpreter/linkResolver.cpp, line 766]

VM Operations (20 events):
Event: 18.632 Executing VM operation: Cleanup
Event: 18.632 Executing VM operation: Cleanup done
Event: 19.634 Executing VM operation: Cleanup
Event: 19.635 Executing VM operation: Cleanup done
Event: 20.640 Executing VM operation: Cleanup
Event: 20.640 Executing VM operation: Cleanup done
Event: 21.645 Executing VM operation: Cleanup
Event: 21.645 Executing VM operation: Cleanup done
Event: 22.647 Executing VM operation: Cleanup
Event: 22.647 Executing VM operation: Cleanup done
Event: 23.651 Executing VM operation: Cleanup
Event: 23.651 Executing VM operation: Cleanup done
Event: 24.656 Executing VM operation: Cleanup
Event: 24.657 Executing VM operation: Cleanup done
Event: 25.662 Executing VM operation: Cleanup
Event: 25.662 Executing VM operation: Cleanup done
Event: 26.667 Executing VM operation: Cleanup
Event: 26.667 Executing VM operation: Cleanup done
Event: 27.670 Executing VM operation: Cleanup
Event: 27.670 Executing VM operation: Cleanup done

Events (20 events):
Event: 19.832 loading class sun/text/resources/BreakIteratorResources_en
Event: 19.832 loading class sun/text/resources/BreakIteratorResources_en done
Event: 19.832 loading class sun/util/resources/Bundles$2
Event: 19.832 loading class sun/util/resources/Bundles$2 done
Event: 19.833 loading class sun/text/RuleBasedBreakIterator
Event: 19.833 loading class sun/text/RuleBasedBreakIterator done
Event: 19.835 loading class sun/text/CompactByteArray
Event: 19.835 loading class sun/text/CompactByteArray done
Event: 19.835 loading class sun/text/SupplementaryCharacterData
Event: 19.835 loading class sun/text/SupplementaryCharacterData done
Event: 19.835 loading class java/text/BreakIterator$BreakIteratorCache
Event: 19.835 loading class java/text/BreakIterator$BreakIteratorCache done
Event: 19.835 loading class java/text/StringCharacterIterator
Event: 19.835 loading class java/text/StringCharacterIterator done
Event: 23.366 loading class jdk/internal/misc/ScopedMemoryAccess$Scope
Event: 23.366 loading class jdk/internal/misc/ScopedMemoryAccess$Scope done
Event: 23.645 Protecting memory [0x0000000170618000,0x0000000170624000] with protection modes 3
Event: 23.645 Thread 0x000000011208e400 Thread exited: 0x000000011208e400
Event: 23.977 Protecting memory [0x0000000170618000,0x0000000170624000] with protection modes 0
Event: 23.977 Thread 0x000000011100aa00 Thread added: 0x000000011100aa00


Dynamic libraries:
0x00000001029d4000 	/Users/alexbigas/Library/Java/JavaVirtualMachines/openjdk-17.0.1/Contents/Home/lib/libjli.dylib
0x000000019ef12000 	/usr/lib/libz.1.dylib
0x000000019efc9000 	/usr/lib/libSystem.B.dylib
0x000000019efc3000 	/usr/lib/system/libcache.dylib
0x000000019ef81000 	/usr/lib/system/libcommonCrypto.dylib
0x000000019efaa000 	/usr/lib/system/libcompiler_rt.dylib
0x000000019efa1000 	/usr/lib/system/libcopyfile.dylib
0x00000001941e7000 	/usr/lib/system/libcorecrypto.dylib
0x000000019429c000 	/usr/lib/system/libdispatch.dylib
0x000000019446a000 	/usr/lib/system/libdyld.dylib
0x000000019efb9000 	/usr/lib/system/libkeymgr.dylib
0x000000019ef5c000 	/usr/lib/system/libmacho.dylib
0x000000019e64c000 	/usr/lib/system/libquarantine.dylib
0x000000019efb6000 	/usr/lib/system/libremovefile.dylib
0x00000001995e2000 	/usr/lib/system/libsystem_asl.dylib
0x0000000194189000 	/usr/lib/system/libsystem_blocks.dylib
0x0000000194324000 	/usr/lib/system/libsystem_c.dylib
0x000000019efae000 	/usr/lib/system/libsystem_collections.dylib
0x000000019dae1000 	/usr/lib/system/libsystem_configuration.dylib
0x000000019cd3a000 	/usr/lib/system/libsystem_containermanager.dylib
0x000000019ecb9000 	/usr/lib/system/libsystem_coreservices.dylib
0x0000000196b9b000 	/usr/lib/system/libsystem_darwin.dylib
0x000000019efba000 	/usr/lib/system/libsystem_dnssd.dylib
0x0000000194321000 	/usr/lib/system/libsystem_featureflags.dylib
0x000000019447f000 	/usr/lib/system/libsystem_info.dylib
0x000000019ef24000 	/usr/lib/system/libsystem_m.dylib
0x0000000194271000 	/usr/lib/system/libsystem_malloc.dylib
0x0000000199570000 	/usr/lib/system/libsystem_networkextension.dylib
0x0000000196ff4000 	/usr/lib/system/libsystem_notify.dylib
0x00000001a531d000 	/usr/lib/system/libsystem_product_info_filter.dylib
0x000000019dae6000 	/usr/lib/system/libsystem_sandbox.dylib
0x000000019efb3000 	/usr/lib/system/libsystem_secinit.dylib
0x0000000194425000 	/usr/lib/system/libsystem_kernel.dylib
0x0000000194477000 	/usr/lib/system/libsystem_platform.dylib
0x000000019445d000 	/usr/lib/system/libsystem_pthread.dylib
0x000000019ad46000 	/usr/lib/system/libsystem_symptoms.dylib
0x00000001941cd000 	/usr/lib/system/libsystem_trace.dylib
0x000000019ef8e000 	/usr/lib/system/libunwind.dylib
0x000000019418b000 	/usr/lib/system/libxpc.dylib
0x000000019440d000 	/usr/lib/libc++abi.dylib
0x00000001942e3000 	/usr/lib/libobjc.A.dylib
0x000000019ef99000 	/usr/lib/liboah.dylib
0x00000001943a6000 	/usr/lib/libc++.1.dylib
0x00000001aae4c000 	/System/Library/Frameworks/Cocoa.framework/Versions/A/Cocoa
0x0000000197055000 	/System/Library/Frameworks/AppKit.framework/Versions/C/AppKit
0x000000019a56c000 	/System/Library/Frameworks/CoreData.framework/Versions/A/CoreData
0x00000001953b0000 	/System/Library/Frameworks/Foundation.framework/Versions/C/Foundation
0x0000000197f0e000 	/System/Library/PrivateFrameworks/UIFoundation.framework/Versions/A/UIFoundation
0x00000001a5017000 	/System/Library/PrivateFrameworks/RemoteViewServices.framework/Versions/A/RemoteViewServices
0x000000019d488000 	/System/Library/PrivateFrameworks/XCTTargetBootstrap.framework/Versions/A/XCTTargetBootstrap
0x00000001a0d0b000 	/System/Library/PrivateFrameworks/InternationalSupport.framework/Versions/A/InternationalSupport
0x00000001a0d94000 	/System/Library/PrivateFrameworks/UserActivity.framework/Versions/A/UserActivity
0x00000001a0200000 	/usr/lib/libspindump.dylib
0x000000019817f000 	/System/Library/Frameworks/UniformTypeIdentifiers.framework/Versions/A/UniformTypeIdentifiers
0x000000019b9d0000 	/usr/lib/libapp_launch_measurement.dylib
0x000000019aef8000 	/System/Library/PrivateFrameworks/CoreAnalytics.framework/Versions/A/CoreAnalytics
0x000000019b9d3000 	/System/Library/PrivateFrameworks/CoreAutoLayout.framework/Versions/A/CoreAutoLayout
0x000000019cd77000 	/System/Library/Frameworks/Metal.framework/Versions/A/Metal
0x000000019daf1000 	/usr/lib/liblangid.dylib
0x000000019d48d000 	/System/Library/PrivateFrameworks/CoreSVG.framework/Versions/A/CoreSVG
0x0000000199616000 	/System/Library/PrivateFrameworks/SkyLight.framework/Versions/A/SkyLight
0x00000001999f2000 	/System/Library/Frameworks/CoreGraphics.framework/Versions/A/CoreGraphics
0x00000001a56e3000 	/System/Library/Frameworks/Accelerate.framework/Versions/A/Accelerate
0x000000019fc77000 	/System/Library/PrivateFrameworks/IconServices.framework/Versions/A/IconServices
0x000000019cd59000 	/System/Library/Frameworks/IOSurface.framework/Versions/A/IOSurface
0x000000019af29000 	/usr/lib/libDiagnosticMessagesClient.dylib
0x00000001a8be9000 	/System/Library/Frameworks/ApplicationServices.framework/Versions/A/ApplicationServices
0x000000019d470000 	/System/Library/PrivateFrameworks/DFRFoundation.framework/Versions/A/DFRFoundation
0x00000001968e5000 	/usr/lib/libicucore.A.dylib
0x00000001a1bb9000 	/System/Library/Frameworks/AudioToolbox.framework/Versions/A/AudioToolbox
0x00000001a0d17000 	/System/Library/PrivateFrameworks/DataDetectorsCore.framework/Versions/A/DataDetectorsCore
0x00000001b7735000 	/System/Library/PrivateFrameworks/TextInput.framework/Versions/A/TextInput
0x000000019958b000 	/usr/lib/libMobileGestalt.dylib
0x000000019d13c000 	/System/Library/Frameworks/Carbon.framework/Versions/A/Frameworks/HIToolbox.framework/Versions/A/HIToolbox
0x000000019b3a9000 	/System/Library/Frameworks/QuartzCore.framework/Versions/A/QuartzCore
0x0000000196566000 	/System/Library/Frameworks/Security.framework/Versions/A/Security
0x00000001a5057000 	/System/Library/Frameworks/Carbon.framework/Versions/A/Frameworks/SpeechRecognition.framework/Versions/A/SpeechRecognition
0x000000019b725000 	/System/Library/PrivateFrameworks/CoreUI.framework/Versions/A/CoreUI
0x0000000195e42000 	/System/Library/Frameworks/CoreAudio.framework/Versions/A/CoreAudio
0x000000019b01d000 	/System/Library/Frameworks/DiskArbitration.framework/Versions/A/DiskArbitration
0x00000001a060a000 	/System/Library/PrivateFrameworks/MultitouchSupport.framework/Versions/A/MultitouchSupport
0x0000000199589000 	/usr/lib/libenergytrace.dylib
0x0000000196f1d000 	/System/Library/Frameworks/IOKit.framework/Versions/A/IOKit
0x00000001a5446000 	/System/Library/Frameworks/CoreServices.framework/Versions/A/CoreServices
0x000000019b960000 	/System/Library/PrivateFrameworks/PerformanceAnalysis.framework/Versions/A/PerformanceAnalysis
0x00000001f5bdf000 	/System/Library/Frameworks/OpenGL.framework/Versions/A/OpenGL
0x000000019e564000 	/System/Library/PrivateFrameworks/MobileKeyBag.framework/Versions/A/MobileKeyBag
0x000000019a000000 	/System/Library/Frameworks/ColorSync.framework/Versions/A/ColorSync
0x00000001944ac000 	/System/Library/Frameworks/CoreFoundation.framework/Versions/A/CoreFoundation
0x000000019d70d000 	/System/Library/Frameworks/CoreImage.framework/Versions/A/CoreImage
0x0000000195c66000 	/System/Library/Frameworks/CoreText.framework/Versions/A/CoreText
0x000000019d4bd000 	/System/Library/Frameworks/ImageIO.framework/Versions/A/ImageIO
0x000000019efcf000 	/System/Library/PrivateFrameworks/SoftLinking.framework/Versions/A/SoftLinking
0x000000019ba1e000 	/usr/lib/libxml2.2.dylib
0x000000019f268000 	/usr/lib/libcompression.dylib
0x00000001a0c67000 	/System/Library/PrivateFrameworks/TextureIO.framework/Versions/A/TextureIO
0x000000019f990000 	/usr/lib/libate.dylib
0x000000019f855000 	/usr/lib/liblzma.5.dylib
0x00000001950a3000 	/System/Library/Frameworks/SystemConfiguration.framework/Versions/A/SystemConfiguration
0x000000019efcb000 	/usr/lib/libfakelink.dylib
0x00000001990bb000 	/System/Library/Frameworks/CFNetwork.framework/Versions/A/CFNetwork
0x000000019f111000 	/usr/lib/libarchive.2.dylib
0x000000019daed000 	/System/Library/PrivateFrameworks/AppleSystemInfo.framework/Versions/A/AppleSystemInfo
0x000000019e677000 	/usr/lib/libbsm.0.dylib
0x0000000198628000 	/usr/lib/libnetwork.dylib
0x000000019ef65000 	/usr/lib/system/libkxld.dylib
0x000000019e291000 	/System/Library/PrivateFrameworks/IOMobileFramebuffer.framework/Versions/A/IOMobileFramebuffer
0x0000000213fce000 	/usr/lib/libCoreEntitlements.dylib
0x000000019ec9b000 	/System/Library/PrivateFrameworks/AppleFSCompression.framework/Versions/A/AppleFSCompression
0x000000019e65f000 	/usr/lib/libcoretls.dylib
0x000000019f86e000 	/usr/lib/libcoretls_cfhelpers.dylib
0x000000019f263000 	/usr/lib/libpam.2.dylib
0x000000019a95c000 	/usr/lib/libsqlite3.dylib
0x000000019f8d7000 	/usr/lib/libxar.1.dylib
0x000000019ecac000 	/usr/lib/libbz2.1.0.dylib
0x000000019efd0000 	/usr/lib/libpcap.A.dylib
0x000000019ad3d000 	/usr/lib/libdns_services.dylib
0x000000019f236000 	/usr/lib/libapple_nghttp2.dylib
0x000000019f00d000 	/usr/lib/libiconv.2.dylib
0x000000019ef5b000 	/usr/lib/libcharset.1.dylib
0x000000019b99c000 	/System/Library/Frameworks/CoreServices.framework/Versions/A/Frameworks/FSEvents.framework/Versions/A/FSEvents
0x0000000196ba6000 	/System/Library/Frameworks/CoreServices.framework/Versions/A/Frameworks/CarbonCore.framework/Versions/A/CarbonCore
0x000000019af7d000 	/System/Library/Frameworks/CoreServices.framework/Versions/A/Frameworks/Metadata.framework/Versions/A/Metadata
0x000000019ecbf000 	/System/Library/Frameworks/CoreServices.framework/Versions/A/Frameworks/OSServices.framework/Versions/A/OSServices
0x000000019f197000 	/System/Library/Frameworks/CoreServices.framework/Versions/A/Frameworks/SearchKit.framework/Versions/A/SearchKit
0x000000019accb000 	/System/Library/Frameworks/CoreServices.framework/Versions/A/Frameworks/AE.framework/Versions/A/AE
0x00000001949f3000 	/System/Library/Frameworks/CoreServices.framework/Versions/A/Frameworks/LaunchServices.framework/Versions/A/LaunchServices
0x000000019f7fe000 	/System/Library/Frameworks/CoreServices.framework/Versions/A/Frameworks/DictionaryServices.framework/Versions/A/DictionaryServices
0x000000019b9a9000 	/System/Library/Frameworks/CoreServices.framework/Versions/A/Frameworks/SharedFileList.framework/Versions/A/SharedFileList
0x000000019e64f000 	/usr/lib/libCheckFix.dylib
0x00000001995fa000 	/System/Library/PrivateFrameworks/TCC.framework/Versions/A/TCC
0x000000019daf3000 	/System/Library/PrivateFrameworks/CoreNLP.framework/Versions/A/CoreNLP
0x000000019af2c000 	/System/Library/PrivateFrameworks/MetadataUtilities.framework/Versions/A/MetadataUtilities
0x000000019515d000 	/usr/lib/libmecabra.dylib
0x000000019e688000 	/usr/lib/libmecab.dylib
0x0000000195129000 	/usr/lib/libCRFSuite.dylib
0x000000019e6e5000 	/usr/lib/libgermantok.dylib
0x000000019f20f000 	/usr/lib/libThaiTokenizer.dylib
0x000000019b025000 	/System/Library/Frameworks/Accelerate.framework/Versions/A/Frameworks/vImage.framework/Versions/A/vImage
0x00000001a541d000 	/System/Library/Frameworks/Accelerate.framework/Versions/A/Frameworks/vecLib.framework/Versions/A/vecLib
0x000000019f91c000 	/System/Library/Frameworks/Accelerate.framework/Versions/A/Frameworks/vecLib.framework/Versions/A/libvMisc.dylib
0x000000019e198000 	/System/Library/Frameworks/Accelerate.framework/Versions/A/Frameworks/vecLib.framework/Versions/A/libvDSP.dylib
0x0000000194d7e000 	/System/Library/Frameworks/Accelerate.framework/Versions/A/Frameworks/vecLib.framework/Versions/A/libBLAS.dylib
0x000000019f339000 	/System/Library/Frameworks/Accelerate.framework/Versions/A/Frameworks/vecLib.framework/Versions/A/libLAPACK.dylib
0x000000019e6e8000 	/System/Library/Frameworks/Accelerate.framework/Versions/A/Frameworks/vecLib.framework/Versions/A/libLinearAlgebra.dylib
0x000000019f24e000 	/System/Library/Frameworks/Accelerate.framework/Versions/A/Frameworks/vecLib.framework/Versions/A/libSparseBLAS.dylib
0x000000019f334000 	/System/Library/Frameworks/Accelerate.framework/Versions/A/Frameworks/vecLib.framework/Versions/A/libQuadrature.dylib
0x000000019dbec000 	/System/Library/Frameworks/Accelerate.framework/Versions/A/Frameworks/vecLib.framework/Versions/A/libBNNS.dylib
0x000000019503c000 	/System/Library/Frameworks/Accelerate.framework/Versions/A/Frameworks/vecLib.framework/Versions/A/libSparse.dylib
0x000000019dbe4000 	/System/Library/PrivateFrameworks/LinguisticData.framework/Versions/A/LinguisticData
0x0000000194ff4000 	/System/Library/PrivateFrameworks/Lexicon.framework/Versions/A/Lexicon
0x000000019f914000 	/usr/lib/libChineseTokenizer.dylib
0x00000001957a2000 	/System/Library/PrivateFrameworks/LanguageModeling.framework/Versions/A/LanguageModeling
0x000000019f211000 	/System/Library/PrivateFrameworks/AppleSauce.framework/Versions/A/AppleSauce
0x000000019e27e000 	/System/Library/PrivateFrameworks/CoreEmoji.framework/Versions/A/CoreEmoji
0x000000019f0ff000 	/usr/lib/libcmph.dylib
0x000000019b97c000 	/System/Library/Frameworks/OpenDirectory.framework/Versions/A/Frameworks/CFOpenDirectory.framework/Versions/A/CFOpenDirectory
0x000000019b96c000 	/System/Library/Frameworks/OpenDirectory.framework/Versions/A/OpenDirectory
0x000000019f870000 	/System/Library/PrivateFrameworks/APFS.framework/Versions/A/APFS
0x000000019e59f000 	/System/Library/Frameworks/SecurityFoundation.framework/Versions/A/SecurityFoundation
0x000000019f8e6000 	/usr/lib/libutil.dylib
0x0000000196edf000 	/System/Library/PrivateFrameworks/CoreServicesStore.framework/Versions/A/CoreServicesStore
0x000000019f8ea000 	/usr/lib/libxslt.1.dylib
0x000000019e633000 	/System/Library/PrivateFrameworks/BackgroundTaskManagement.framework/Versions/A/BackgroundTaskManagement
0x00000001a0b88000 	/System/Library/Frameworks/ImageIO.framework/Versions/A/Resources/libRadiance.dylib
0x00000001a0b91000 	/System/Library/Frameworks/ImageIO.framework/Versions/A/Resources/libJPEG.dylib
0x00000001a0ae2000 	/System/Library/Frameworks/ImageIO.framework/Versions/A/Resources/libPng.dylib
0x00000001a0b04000 	/System/Library/Frameworks/ImageIO.framework/Versions/A/Resources/libTIFF.dylib
0x00000001a0bec000 	/System/Library/Frameworks/ImageIO.framework/Versions/A/Resources/libGIF.dylib
0x00000001a051a000 	/System/Library/Frameworks/ImageIO.framework/Versions/A/Resources/libJP2.dylib
0x000000019fc3c000 	/usr/lib/libexpat.1.dylib
0x00000001a04d5000 	/System/Library/PrivateFrameworks/AppleJPEG.framework/Versions/A/AppleJPEG
0x000000019cff8000 	/System/Library/PrivateFrameworks/FontServices.framework/libFontParser.dylib
0x000000019ac70000 	/System/Library/PrivateFrameworks/RunningBoardServices.framework/Versions/A/RunningBoardServices
0x00000001ab523000 	/System/Library/PrivateFrameworks/IOSurfaceAccelerator.framework/Versions/A/IOSurfaceAccelerator
0x00000001a0606000 	/System/Library/PrivateFrameworks/WatchdogClient.framework/Versions/A/WatchdogClient
0x00000001958a2000 	/System/Library/Frameworks/CoreDisplay.framework/Versions/A/CoreDisplay
0x000000019cee2000 	/System/Library/Frameworks/CoreMedia.framework/Versions/A/CoreMedia
0x000000019cd6d000 	/System/Library/PrivateFrameworks/IOAccelerator.framework/Versions/A/IOAccelerator
0x000000019bb0c000 	/System/Library/Frameworks/CoreVideo.framework/Versions/A/CoreVideo
0x000000019f261000 	/System/Library/Frameworks/MetalPerformanceShaders.framework/Versions/A/MetalPerformanceShaders
0x00000001a0645000 	/System/Library/Frameworks/VideoToolbox.framework/Versions/A/VideoToolbox
0x000000019abb4000 	/System/Library/PrivateFrameworks/BaseBoard.framework/Versions/A/BaseBoard
0x000000019a942000 	/System/Library/PrivateFrameworks/ProtocolBuffer.framework/Versions/A/ProtocolBuffer
0x00000001a0b83000 	/System/Library/PrivateFrameworks/GPUWrangler.framework/Versions/A/GPUWrangler
0x00000001a0b63000 	/System/Library/PrivateFrameworks/IOPresentment.framework/Versions/A/IOPresentment
0x00000001a0b8b000 	/System/Library/PrivateFrameworks/DSExternalDisplay.framework/Versions/A/DSExternalDisplay
0x00000001f5bd2000 	/System/Library/Frameworks/OpenGL.framework/Versions/A/Libraries/libCoreFSCache.dylib
0x0000000200a9c000 	/System/Library/PrivateFrameworks/GPUCompiler.framework/Versions/31001/Libraries/libGPUCompilerUtils.dylib
0x00000001a0bf1000 	/System/Library/PrivateFrameworks/CMCaptureCore.framework/Versions/A/CMCaptureCore
0x00000001a01ed000 	/System/Library/PrivateFrameworks/AppServerSupport.framework/Versions/A/AppServerSupport
0x00000001a2477000 	/System/Library/PrivateFrameworks/perfdata.framework/Versions/A/perfdata
0x00000001959c2000 	/System/Library/PrivateFrameworks/AudioToolboxCore.framework/Versions/A/AudioToolboxCore
0x000000019cebb000 	/System/Library/PrivateFrameworks/caulk.framework/Versions/A/caulk
0x00000001a1d6c000 	/usr/lib/libAudioStatistics.dylib
0x00000001b3d88000 	/System/Library/PrivateFrameworks/SystemPolicy.framework/Versions/A/SystemPolicy
0x00000001a1fd8000 	/usr/lib/libSMC.dylib
0x00000001aad2a000 	/System/Library/Frameworks/CoreMIDI.framework/Versions/A/CoreMIDI
0x00000001a0ab0000 	/usr/lib/libAudioToolboxUtility.dylib
0x00000001afeeb000 	/System/Library/PrivateFrameworks/OSAServicesClient.framework/Versions/A/OSAServicesClient
0x00000001a2484000 	/usr/lib/libperfcheck.dylib
0x00000001b48a7000 	/usr/lib/libmis.dylib
0x00000001f5c34000 	/System/Library/Frameworks/OpenGL.framework/Versions/A/Libraries/libGLU.dylib
0x00000001f5bf3000 	/System/Library/Frameworks/OpenGL.framework/Versions/A/Libraries/libGFXShared.dylib
0x00000001f5de0000 	/System/Library/Frameworks/OpenGL.framework/Versions/A/Libraries/libGL.dylib
0x00000001f5bfc000 	/System/Library/Frameworks/OpenGL.framework/Versions/A/Libraries/libGLImage.dylib
0x00000001f5bf0000 	/System/Library/Frameworks/OpenGL.framework/Versions/A/Libraries/libCVMSPluginSupport.dylib
0x00000001f5bd9000 	/System/Library/Frameworks/OpenGL.framework/Versions/A/Libraries/libCoreVMClient.dylib
0x000000019da6d000 	/System/Library/Frameworks/MetalPerformanceShaders.framework/Versions/A/Frameworks/MPSCore.framework/Versions/A/MPSCore
0x000000019ec0e000 	/System/Library/Frameworks/MetalPerformanceShaders.framework/Versions/A/Frameworks/MPSImage.framework/Versions/A/MPSImage
0x000000019e6fd000 	/System/Library/Frameworks/MetalPerformanceShaders.framework/Versions/A/Frameworks/MPSNeuralNetwork.framework/Versions/A/MPSNeuralNetwork
0x000000019eb36000 	/System/Library/Frameworks/MetalPerformanceShaders.framework/Versions/A/Frameworks/MPSMatrix.framework/Versions/A/MPSMatrix
0x000000019e90f000 	/System/Library/Frameworks/MetalPerformanceShaders.framework/Versions/A/Frameworks/MPSRayIntersector.framework/Versions/A/MPSRayIntersector
0x000000019eb67000 	/System/Library/Frameworks/MetalPerformanceShaders.framework/Versions/A/Frameworks/MPSNDArray.framework/Versions/A/MPSNDArray
0x00000001f86db000 	/System/Library/Frameworks/MetalPerformanceShaders.framework/Versions/A/Frameworks/MPSFunctions.framework/Versions/A/MPSFunctions
0x0000000194c54000 	/System/Library/PrivateFrameworks/MetalTools.framework/Versions/A/MetalTools
0x000000019daeb000 	/System/Library/PrivateFrameworks/AggregateDictionary.framework/Versions/A/AggregateDictionary
0x000000019fa21000 	/usr/lib/libIOReport.dylib
0x00000001a9d43000 	/System/Library/PrivateFrameworks/ASEProcessing.framework/Versions/A/ASEProcessing
0x000000019fd96000 	/System/Library/PrivateFrameworks/FaceCore.framework/Versions/A/FaceCore
0x000000019fd88000 	/System/Library/PrivateFrameworks/GraphVisualizer.framework/Versions/A/GraphVisualizer
0x00000002009b3000 	/System/Library/PrivateFrameworks/FontServices.framework/Versions/A/FontServices
0x00000001a01a9000 	/System/Library/PrivateFrameworks/OTSVG.framework/Versions/A/OTSVG
0x000000019b6d5000 	/System/Library/Frameworks/ApplicationServices.framework/Versions/A/Frameworks/ATS.framework/Versions/A/Resources/libFontRegistry.dylib
0x00000001a01f6000 	/System/Library/PrivateFrameworks/FontServices.framework/libhvf.dylib
0x00000002009b4000 	/System/Library/PrivateFrameworks/FontServices.framework/libXTFontStaticRegistryData.dylib
0x00000001f5f81000 	/System/Library/Frameworks/OpenCL.framework/Versions/A/OpenCL
0x000000019fbf0000 	/System/Library/PrivateFrameworks/AppleVA.framework/Versions/A/AppleVA
0x00000001a1d94000 	/System/Library/Frameworks/ApplicationServices.framework/Versions/A/Frameworks/ATS.framework/Versions/A/ATS
0x000000019a0ff000 	/System/Library/Frameworks/ApplicationServices.framework/Versions/A/Frameworks/HIServices.framework/Versions/A/HIServices
0x00000001a0bfb000 	/System/Library/Frameworks/ApplicationServices.framework/Versions/A/Frameworks/PrintCore.framework/Versions/A/PrintCore
0x00000001a212b000 	/System/Library/Frameworks/ApplicationServices.framework/Versions/A/Frameworks/QD.framework/Versions/A/QD
0x00000001a2123000 	/System/Library/Frameworks/ApplicationServices.framework/Versions/A/Frameworks/ColorSyncLegacy.framework/Versions/A/ColorSyncLegacy
0x00000001a1d80000 	/System/Library/Frameworks/ApplicationServices.framework/Versions/A/Frameworks/SpeechSynthesis.framework/Versions/A/SpeechSynthesis
0x00000001a0bbc000 	/System/Library/Frameworks/ApplicationServices.framework/Versions/A/Frameworks/ATSUI.framework/Versions/A/ATSUI
0x00000001a20b8000 	/usr/lib/libcups.2.dylib
0x00000001a2492000 	/System/Library/Frameworks/Kerberos.framework/Versions/A/Kerberos
0x00000001a24a3000 	/System/Library/Frameworks/GSS.framework/Versions/A/GSS
0x00000001a1e04000 	/usr/lib/libresolv.9.dylib
0x00000001a0205000 	/System/Library/PrivateFrameworks/Heimdal.framework/Versions/A/Heimdal
0x00000001a8f79000 	/System/Library/Frameworks/Kerberos.framework/Versions/A/Libraries/libHeimdalProxy.dylib
0x000000019ad4f000 	/System/Library/Frameworks/Network.framework/Versions/A/Network
0x000000019fc57000 	/usr/lib/libheimdal-asn1.dylib
0x00000001a24f3000 	/System/Library/PrivateFrameworks/CommonAuth.framework/Versions/A/CommonAuth
0x00000001a1cfa000 	/System/Library/PrivateFrameworks/AudioSession.framework/Versions/A/AudioSession
0x000000019fce9000 	/System/Library/PrivateFrameworks/MediaExperience.framework/Versions/A/MediaExperience
0x00000001a1b7f000 	/System/Library/PrivateFrameworks/AudioSession.framework/libSessionUtility.dylib
0x00000001a2137000 	/System/Library/PrivateFrameworks/AudioResourceArbitration.framework/Versions/A/AudioResourceArbitration
0x00000001a62fa000 	/System/Library/PrivateFrameworks/PowerLog.framework/Versions/A/PowerLog
0x000000019fc61000 	/System/Library/PrivateFrameworks/IconFoundation.framework/Versions/A/IconFoundation
0x00000001a5043000 	/System/Library/PrivateFrameworks/SpeechRecognitionCore.framework/Versions/A/SpeechRecognitionCore
0x0000000103ad8000 	/Users/alexbigas/Library/Java/JavaVirtualMachines/openjdk-17.0.1/Contents/Home/lib/server/libjvm.dylib
0x0000000102a38000 	/Users/alexbigas/Library/Java/JavaVirtualMachines/openjdk-17.0.1/Contents/Home/lib/libjimage.dylib
0x0000000102a64000 	/Users/alexbigas/Library/Java/JavaVirtualMachines/openjdk-17.0.1/Contents/Home/lib/libinstrument.dylib
0x0000000102ab0000 	/Users/alexbigas/Library/Java/JavaVirtualMachines/openjdk-17.0.1/Contents/Home/lib/libjava.dylib
0x0000000102ae4000 	/Users/alexbigas/Library/Java/JavaVirtualMachines/openjdk-17.0.1/Contents/Home/lib/libnio.dylib
0x0000000103a54000 	/Users/alexbigas/Library/Java/JavaVirtualMachines/openjdk-17.0.1/Contents/Home/lib/libnet.dylib
0x0000000102a98000 	/Users/alexbigas/Library/Java/JavaVirtualMachines/openjdk-17.0.1/Contents/Home/lib/libzip.dylib
0x0000000102b04000 	/Users/alexbigas/.openjfx/cache/17.0.1/libprism_es2.dylib
0x0000000196ea2000 	/System/Library/PrivateFrameworks/CoreServicesInternal.framework/Versions/A/CoreServicesInternal
0x00000001f5dea000 	/System/Library/Frameworks/OpenGL.framework/Versions/A/Resources/GLEngine.bundle/GLEngine
0x00000001f5c72000 	/System/Library/Frameworks/OpenGL.framework/Versions/A/Libraries/libGLProgrammability.dylib
0x0000000110300000 	/System/Library/Extensions/AppleMetalOpenGLRenderer.bundle/Contents/MacOS/AppleMetalOpenGLRenderer
0x00000001f5f59000 	/System/Library/Frameworks/OpenGL.framework/Versions/A/Resources/GLRendererFloat.bundle/GLRendererFloat
0x00000001f6059000 	/System/Library/Extensions/AGXMetal13_3.bundle/Contents/MacOS/AGXMetal13_3
0x00000001b48c3000 	/System/Library/PrivateFrameworks/GPURawCounter.framework/Versions/A/GPURawCounter
0x00000001af054000 	/System/Library/PrivateFrameworks/IOGPU.framework/Versions/A/IOGPU
0x0000000110e4c000 	/Users/alexbigas/.openjfx/cache/17.0.1/libglass.dylib
0x00000001a6552000 	/System/Library/Frameworks/FileProvider.framework/Versions/A/FileProvider
0x000000019ab1c000 	/System/Library/Frameworks/Accounts.framework/Versions/A/Accounts
0x00000001a66d6000 	/System/Library/PrivateFrameworks/GenerationalStorage.framework/Versions/A/GenerationalStorage
0x00000001a7299000 	/System/Library/PrivateFrameworks/CoreSymbolication.framework/Versions/A/CoreSymbolication
0x00000001a62ee000 	/System/Library/PrivateFrameworks/SymptomDiagnosticReporter.framework/Versions/A/SymptomDiagnosticReporter
0x0000000198193000 	/System/Library/PrivateFrameworks/DesktopServicesPriv.framework/Versions/A/DesktopServicesPriv
0x0000000197004000 	/usr/lib/libsandbox.1.dylib
0x000000019bb9a000 	/System/Library/PrivateFrameworks/UserManagement.framework/Versions/A/UserManagement
0x00000001a7256000 	/System/Library/PrivateFrameworks/DebugSymbols.framework/Versions/A/DebugSymbols
0x00000001a2116000 	/System/Library/PrivateFrameworks/NetAuth.framework/Versions/A/NetAuth
0x00000001a3034000 	/System/Library/PrivateFrameworks/Sharing.framework/Versions/A/Sharing
0x000000019bb6a000 	/System/Library/PrivateFrameworks/login.framework/Versions/A/Frameworks/loginsupport.framework/Versions/A/loginsupport
0x00000001a848d000 	/System/Library/PrivateFrameworks/Apple80211.framework/Versions/A/Apple80211
0x000000019ecf2000 	/System/Library/PrivateFrameworks/AuthKit.framework/Versions/A/AuthKit
0x000000019e37a000 	/System/Library/PrivateFrameworks/CoreUtils.framework/Versions/A/CoreUtils
0x000000019e29d000 	/System/Library/Frameworks/CoreWLAN.framework/Versions/A/CoreWLAN
0x00000001a31a4000 	/System/Library/Frameworks/IOBluetooth.framework/Versions/A/IOBluetooth
0x00000001a84ed000 	/System/Library/PrivateFrameworks/CoreWiFi.framework/Versions/A/CoreWiFi
0x00000001a6e36000 	/System/Library/PrivateFrameworks/FrontBoardServices.framework/Versions/A/FrontBoardServices
0x00000001a6ece000 	/System/Library/PrivateFrameworks/BoardServices.framework/Versions/A/BoardServices
0x000000019e58d000 	/System/Library/PrivateFrameworks/AssertionServices.framework/Versions/A/AssertionServices
0x00000001a866a000 	/System/Library/PrivateFrameworks/BackBoardServices.framework/Versions/A/BackBoardServices
0x00000001a258a000 	/System/Library/PrivateFrameworks/CorePhoneNumbers.framework/Versions/A/CorePhoneNumbers
0x00000001a1e31000 	/System/Library/PrivateFrameworks/MultiverseSupport.framework/Versions/A/MultiverseSupport
0x00000001a88ec000 	/System/Library/PrivateFrameworks/RemoteServiceDiscovery.framework/Versions/A/RemoteServiceDiscovery
0x00000001a641e000 	/System/Library/PrivateFrameworks/DiskManagement.framework/Versions/A/DiskManagement
0x00000001a6321000 	/System/Library/PrivateFrameworks/AppleIDAuthSupport.framework/Versions/A/AppleIDAuthSupport
0x00000001faf18000 	/System/Library/PrivateFrameworks/AAAFoundation.framework/Versions/A/AAAFoundation
0x00000001a2569000 	/System/Library/PrivateFrameworks/KeychainCircle.framework/Versions/A/KeychainCircle
0x00000001a88fc000 	/System/Library/PrivateFrameworks/RemoteXPC.framework/Versions/A/RemoteXPC
0x00000001a63ea000 	/System/Library/PrivateFrameworks/MediaKit.framework/Versions/A/MediaKit
0x00000001a632e000 	/System/Library/Frameworks/DiscRecording.framework/Versions/A/DiscRecording
0x000000019fb6c000 	/usr/lib/libCoreStorage.dylib
0x00000001a8968000 	/usr/lib/libcsfde.dylib
0x00000001a3279000 	/System/Library/PrivateFrameworks/ProtectedCloudStorage.framework/Versions/A/ProtectedCloudStorage
0x00000001a8960000 	/System/Library/PrivateFrameworks/EFILogin.framework/Versions/A/EFILogin
0x00000001a66fd000 	/System/Library/PrivateFrameworks/OctagonTrust.framework/Versions/A/OctagonTrust
0x00000001ffb3a000 	/System/Library/PrivateFrameworks/CoreUtilsExtras.framework/Versions/A/CoreUtilsExtras
0x00000001a6253000 	/System/Library/Frameworks/CoreBluetooth.framework/Versions/A/CoreBluetooth
0x00000001a8ffe000 	/System/Library/Frameworks/AudioUnit.framework/Versions/A/AudioUnit
0x000000019fb64000 	/usr/lib/libMatch.1.dylib
0x00000001b8dab000 	/System/Library/Frameworks/Accelerate.framework/Versions/A/Frameworks/vImage.framework/Versions/A/Libraries/libCGInterfaces.dylib
0x0000000111dec000 	/usr/lib/libobjc-trampolines.dylib
0x000000019b864000 	/System/Library/PrivateFrameworks/ViewBridge.framework/Versions/A/ViewBridge
0x0000000121da4000 	/Users/alexbigas/.openjfx/cache/17.0.1/libjavafx_font.dylib
0x00000001a02c8000 	/System/Library/PrivateFrameworks/login.framework/Versions/A/login
0x000000021412b000 	/usr/lib/libRosetta.dylib
0x00000001a576c000 	/System/Library/PrivateFrameworks/SystemAdministration.framework/Versions/A/SystemAdministration
0x00000001a0e02000 	/System/Library/Frameworks/MediaToolbox.framework/Versions/A/MediaToolbox
0x00000001a500b000 	/System/Library/Frameworks/DirectoryService.framework/Versions/A/DirectoryService
0x00000001a87f4000 	/System/Library/PrivateFrameworks/DiskImages.framework/Versions/A/DiskImages
0x000000019e63e000 	/System/Library/Frameworks/ServiceManagement.framework/Versions/A/ServiceManagement
0x00000001a89de000 	/System/Library/PrivateFrameworks/LoginUIKit.framework/Versions/A/Frameworks/LoginUICore.framework/Versions/A/LoginUICore
0x00000001a047e000 	/usr/lib/libodfde.dylib
0x00000001a651e000 	/System/Library/PrivateFrameworks/CoreAVCHD.framework/Versions/A/CoreAVCHD
0x00000001a572e000 	/System/Library/Frameworks/MediaAccessibility.framework/Versions/A/MediaAccessibility
0x00000001a651a000 	/System/Library/PrivateFrameworks/Mangrove.framework/Versions/A/Mangrove
0x00000001a573b000 	/System/Library/PrivateFrameworks/AlgosScoreFramework.framework/Versions/A/AlgosScoreFramework
0x00000001fcc1d000 	/System/Library/PrivateFrameworks/CMPhoto.framework/Versions/A/CMPhoto
0x00000001a650e000 	/System/Library/PrivateFrameworks/CoreAUC.framework/Versions/A/CoreAUC
0x00000001a8974000 	/usr/lib/libcurl.4.dylib
0x00000002144d3000 	/usr/lib/libcrypto.46.dylib
0x000000021497c000 	/usr/lib/libssl.48.dylib
0x00000001a868a000 	/System/Library/Frameworks/LDAP.framework/Versions/A/LDAP
0x00000001a86c6000 	/System/Library/PrivateFrameworks/TrustEvaluationAgent.framework/Versions/A/TrustEvaluationAgent
0x00000001a1e1d000 	/usr/lib/libsasl2.2.dylib
0x00000001a5761000 	/System/Library/PrivateFrameworks/CoreDaemon.framework/Versions/B/CoreDaemon
0x00000001a575b000 	/System/Library/PrivateFrameworks/AppleSRP.framework/Versions/A/AppleSRP


VM Arguments:
jvm_args: -javaagent:/Applications/IntelliJ IDEA CE.app/Contents/lib/idea_rt.jar=54581:/Applications/IntelliJ IDEA CE.app/Contents/bin -Dfile.encoding=UTF-8 --module-path=/Users/alexbigas/.m2/repository/org/openjfx/javafx-graphics/17.0.1/javafx-graphics-17.0.1-mac-aarch64.jar:/Users/alexbigas/Desktop/kursach_demo/target/classes:/Users/alexbigas/.m2/repository/org/openjfx/javafx-base/17.0.1/javafx-base-17.0.1-mac-aarch64.jar:/Users/alexbigas/.m2/repository/org/openjfx/javafx-fxml/17.0.1/javafx-fxml-17.0.1-mac-aarch64.jar:/Users/alexbigas/.m2/repository/org/openjfx/javafx-controls/17.0.1/javafx-controls-17.0.1-mac-aarch64.jar -Djdk.module.main=com.example.kursach_demo 
java_command: com.example.kursach_demo/com.example.kursach_demo.Main
java_class_path (initial): /Users/alexbigas/.m2/repository/org/openjfx/javafx-controls/17.0.1/javafx-controls-17.0.1.jar:/Users/alexbigas/.m2/repository/org/openjfx/javafx-graphics/17.0.1/javafx-graphics-17.0.1.jar:/Users/alexbigas/.m2/repository/org/openjfx/javafx-base/17.0.1/javafx-base-17.0.1.jar:/Users/alexbigas/.m2/repository/org/openjfx/javafx-fxml/17.0.1/javafx-fxml-17.0.1.jar
Launcher Type: SUN_STANDARD

[Global flags]
     intx CICompilerCount                          = 4                                         {product} {ergonomic}
     uint ConcGCThreads                            = 2                                         {product} {ergonomic}
     uint G1ConcRefinementThreads                  = 8                                         {product} {ergonomic}
   size_t G1HeapRegionSize                         = 1048576                                   {product} {ergonomic}
    uintx GCDrainStackTargetSize                   = 64                                        {product} {ergonomic}
   size_t InitialHeapSize                          = 134217728                                 {product} {ergonomic}
   size_t MarkStackSize                            = 4194304                                   {product} {ergonomic}
   size_t MaxHeapSize                              = 2147483648                                {product} {ergonomic}
   size_t MaxNewSize                               = 1287651328                                {product} {ergonomic}
   size_t MinHeapDeltaBytes                        = 1048576                                   {product} {ergonomic}
   size_t MinHeapSize                              = 8388608                                   {product} {ergonomic}
    uintx NonNMethodCodeHeapSize                   = 5839564                                {pd product} {ergonomic}
    uintx NonProfiledCodeHeapSize                  = 122909338                              {pd product} {ergonomic}
    uintx ProfiledCodeHeapSize                     = 122909338                              {pd product} {ergonomic}
    uintx ReservedCodeCacheSize                    = 251658240                              {pd product} {ergonomic}
     bool SegmentedCodeCache                       = true                                      {product} {ergonomic}
   size_t SoftMaxHeapSize                          = 2147483648                             {manageable} {ergonomic}
     bool UseCompressedClassPointers               = true                           {product lp64_product} {ergonomic}
     bool UseCompressedOops                        = true                           {product lp64_product} {ergonomic}
     bool UseG1GC                                  = true                                      {product} {ergonomic}
     bool UseNUMA                                  = false                                     {product} {ergonomic}
     bool UseNUMAInterleaving                      = false                                     {product} {ergonomic}

Logging:
Log output configuration:
 #0: stdout all=warning uptime,level,tags
 #1: stderr all=off uptime,level,tags

Environment Variables:
PATH=/usr/local/bin:/usr/bin:/bin:/usr/sbin:/sbin:/Library/Apple/usr/bin
SHELL=/bin/zsh
LC_CTYPE=en_GB.UTF-8

Signal Handlers:
   SIGSEGV: _ZL13crash_handleriP9__siginfoPv in libjvm.dylib, mask=11100110000111110111111111111111, flags=SA_RESTART|SA_SIGINFO
    SIGBUS: _ZL13crash_handleriP9__siginfoPv in libjvm.dylib, mask=11100110000111110111111111111111, flags=SA_RESTART|SA_SIGINFO
    SIGFPE: _ZL13crash_handleriP9__siginfoPv in libjvm.dylib, mask=11100110000111110111111111111111, flags=SA_RESTART|SA_SIGINFO
   SIGPIPE: _ZL17javaSignalHandleriP9__siginfoPv in libjvm.dylib, mask=11100110000111110111111111111111, flags=SA_RESTART|SA_SIGINFO
   SIGXFSZ: _ZL17javaSignalHandleriP9__siginfoPv in libjvm.dylib, mask=11100110000111110111111111111111, flags=SA_RESTART|SA_SIGINFO
    SIGILL: _ZL13crash_handleriP9__siginfoPv in libjvm.dylib, mask=11100110000111110111111111111111, flags=SA_RESTART|SA_SIGINFO
   SIGUSR2: _ZL10SR_handleriP9__siginfoP17__darwin_ucontext in libjvm.dylib, mask=00100000000000000000000000000000, flags=SA_RESTART|SA_SIGINFO
    SIGHUP: _ZL11UserHandleriPvS_ in libjvm.dylib, mask=11100110000111110111111111111111, flags=SA_RESTART|SA_SIGINFO
    SIGINT: _ZL11UserHandleriPvS_ in libjvm.dylib, mask=11100110000111110111111111111111, flags=SA_RESTART|SA_SIGINFO
   SIGTERM: _ZL11UserHandleriPvS_ in libjvm.dylib, mask=11100110000111110111111111111111, flags=SA_RESTART|SA_SIGINFO
   SIGQUIT: _ZL11UserHandleriPvS_ in libjvm.dylib, mask=11100110000111110111111111111111, flags=SA_RESTART|SA_SIGINFO
   SIGTRAP: _ZL13crash_handleriP9__siginfoPv in libjvm.dylib, mask=11100110000111110111111111111111, flags=SA_RESTART|SA_SIGINFO


---------------  S Y S T E M  ---------------

OS:
uname: Darwin 21.6.0 Darwin Kernel Version 21.6.0: Mon Aug 22 20:20:05 PDT 2022; root:xnu-8020.140.49~2/RELEASE_ARM64_T8101 arm64
OS uptime: 3 days 11:26 hours
rlimit (soft/hard): STACK 8176k/65520k , CORE 0k/infinity , NPROC 1333/2000 , NOFILE 10240/infinity , AS infinity/infinity , CPU infinity/infinity , DATA infinity/infinity , FSIZE infinity/infinity , MEMLOCK infinity/infinity , RSS infinity/infinity
load average: 2.14 1.88 1.73

CPU: total 8 (initial active 8) 0x61:0x0:0x1b588bb3:0, fp, simd, crc, lse

Memory: 16k page, physical 8388608k(872192k free), swap 2097152k(1350336k free)

vm_info: OpenJDK 64-Bit Server VM (17.0.1+12-39) for bsd-aarch64 JRE (17.0.1+12-39), built on Sep 27 2021 17:36:05 by "mach5one" with clang Apple LLVM 12.0.0 (clang-1200.0.32.29)

END.
