#
# A fatal error has been detected by the Java Runtime Environment:
#
#  SIGBUS (0xa) at pc=0x000000010e7614f0, pid=15060, tid=30475
#
# JRE version: OpenJDK Runtime Environment (17.0.1+12) (build 17.0.1+12-39)
# Java VM: OpenJDK 64-Bit Server VM (17.0.1+12-39, mixed mode, sharing, tiered, compressed oops, compressed class ptrs, g1 gc, bsd-aarch64)
# Problematic frame:
# v  ~StubRoutines::SafeFetchN
#
# No core dump will be written. Core dumps have been disabled. To enable core dumping, try "ulimit -c unlimited" before starting Java again
#
# If you would like to submit a bug report, please visit:
#   https://bugreport.java.com/bugreport/crash.jsp
# The crash happened outside the Java Virtual Machine in native code.
# See problematic frame for where to report the bug.
#

---------------  S U M M A R Y ------------

Command Line: -javaagent:/Applications/IntelliJ IDEA CE.app/Contents/lib/idea_rt.jar=57755:/Applications/IntelliJ IDEA CE.app/Contents/bin -Dfile.encoding=UTF-8 --module-path=/Users/alexbigas/.m2/repository/org/openjfx/javafx-controls/17.0.1/javafx-controls-17.0.1-mac-aarch64.jar:/Users/alexbigas/.m2/repository/org/openjfx/javafx-fxml/17.0.1/javafx-fxml-17.0.1-mac-aarch64.jar:/Users/alexbigas/.m2/repository/org/openjfx/javafx-graphics/17.0.1/javafx-graphics-17.0.1-mac-aarch64.jar:/Users/alexbigas/.m2/repository/org/openjfx/javafx-base/17.0.1/javafx-base-17.0.1-mac-aarch64.jar:/Users/alexbigas/Desktop/kursach_demo/target/classes -Djdk.module.main=com.example.kursach_demo com.example.kursach_demo/com.example.kursach_demo.Main

Host: "MacBookAir10,1" arm64 1 MHz, 8 cores, 8G, Darwin 21.6.0, macOS 12.6 (21G115)
Time: Mon Nov  7 17:11:45 2022 EET elapsed time: 1.552799 seconds (0d 0h 0m 1s)

---------------  T H R E A D  ---------------

Current thread (0x000000012ca43e00):  JavaThread "InvokeLaterDispatcher" daemon [_thread_in_native, id=30475, stack(0x000000016d900000,0x000000016db03000)]

Stack: [0x000000016d900000,0x000000016db03000],  sp=0x000000016db02780,  free space=2057k
Native frames: (J=compiled Java code, j=interpreted, Vv=VM code, C=native code)
v  ~StubRoutines::SafeFetchN
V  [libjvm.dylib+0x7a068c]  _ZN10OopStorage7releaseEPKP7oopDesc+0x20
V  [libjvm.dylib+0x4b98c4]  jni_DeleteGlobalRef+0xd8
C  [libglass.dylib+0xab08]  -[GlassRunnable dealloc]+0x34
C  [Foundation+0x852b8]  -[_NSThreadPerformInfo dealloc]+0x30
C  [Foundation+0x51824]  -[NSObject(NSThreadPerformAdditions) performSelectorOnMainThread:withObject:waitUntilDone:]+0x88
C  0x791800010e7698ac
j  com.sun.glass.ui.mac.MacApplication.submitForLaterInvocation(Ljava/lang/Runnable;)V+2 javafx.graphics
j  com.sun.glass.ui.InvokeLaterDispatcher.run()V+82 javafx.graphics
v  ~StubRoutines::call_stub
V  [libjvm.dylib+0x460da8]  _ZN9JavaCalls11call_helperEP9JavaValueRK12methodHandleP17JavaCallArgumentsP10JavaThread+0x38c
V  [libjvm.dylib+0x45fdc4]  _ZN9JavaCalls12call_virtualEP9JavaValueP5KlassP6SymbolS5_P17JavaCallArgumentsP10JavaThread+0x11c
V  [libjvm.dylib+0x45fe90]  _ZN9JavaCalls12call_virtualEP9JavaValue6HandleP5KlassP6SymbolS6_P10JavaThread+0x64
V  [libjvm.dylib+0x514fa4]  _ZL12thread_entryP10JavaThreadS0_+0xc4
V  [libjvm.dylib+0x8ff094]  _ZN10JavaThread17thread_main_innerEv+0x13c
V  [libjvm.dylib+0x8fd7a8]  _ZN6Thread8call_runEv+0x128
V  [libjvm.dylib+0x7a7274]  _ZL19thread_native_entryP6Thread+0x158
C  [libsystem_pthread.dylib+0x726c]  _pthread_start+0x94

Java frames: (J=compiled Java code, j=interpreted, Vv=VM code)
j  com.sun.glass.ui.mac.MacApplication._submitForLaterInvocation(Ljava/lang/Runnable;)V+0 javafx.graphics
j  com.sun.glass.ui.mac.MacApplication.submitForLaterInvocation(Ljava/lang/Runnable;)V+2 javafx.graphics
j  com.sun.glass.ui.InvokeLaterDispatcher.run()V+82 javafx.graphics
v  ~StubRoutines::call_stub

siginfo: si_signo: 10 (SIGBUS), si_code: 1 (BUS_ADRALN), si_addr: 0x000000010e7614f0

Register to memory mapping:

 x0=0x000000011f9068c8 is a global jni handle
 x1=0x0 is NULL
 x2=0x00000007862fad40 is an oop: com.sun.glass.ui.InvokeLaterDispatcher$Future 
{0x00000007862fad40} - klass: 'com/sun/glass/ui/InvokeLaterDispatcher$Future'
 - ---- fields (total size 3 words):
 - private 'done' 'Z' @12  true
 - private final 'runnable' 'Ljava/lang/Runnable;' @16  a 'com/sun/javafx/tk/quantum/QuantumToolkit$$Lambda$85+0x0000000800c39b78'{0x0000000786813ae0} (f0d0275c)
 - final synthetic 'this$0' 'Lcom/sun/glass/ui/InvokeLaterDispatcher;' @20  a 'com/sun/glass/ui/InvokeLaterDispatcher'{0x00000007868202a0} (f0d04054)
 x3=0x0 is NULL
 x4=0x00000000000130a8 is an unknown value
 x5=0x0 is NULL
 x6=0x0 is NULL
 x7=0x0 is NULL
 x8=0x000000010e7614ec is at begin+0 in a stub
StubRoutines::SafeFetchN [0x000000010e7614ec, 0x000000010e7614f8] (12 bytes)
 x9=0x0 is NULL
x10=0x2010000030300000 is an unknown value
x11=0x0000000000000007 is an unknown value
x12=0x0000000000000005 is an unknown value
x13=0x000060000120c040 points into unknown readable memory: 0x5c2d00011fe969e8 | e8 69 e9 1f 01 00 2d 5c
x14=0x0000050000000000 is an unknown value
x15=0x000000011fed1f98: OBJC_CLASS_$_GlassRunnable+0 in /Users/alexbigas/.openjfx/cache/17.0.1/libglass.dylib at 0x000000011fe8c000
x16=0x000000018c2c70fc: pthread_getspecific+0 in /usr/lib/system/libsystem_pthread.dylib at 0x000000018c2c5000
x17=0x000060000182cc00 points into unknown readable memory: 0xfffffffffffffffe | fe ff ff ff ff ff ff ff
x18=0x0 is NULL
x19=0x000060000172c770 points into unknown readable memory: 0x0000600003e257f0 | f0 57 e2 03 00 60 00 00
x20=0x000000011f9066c0 points into unknown readable memory: 0x000000018d2473e4 | e4 73 24 8d 01 00 00 00
x21=0x000000011f9068c8 is a global jni handle
x22=0x000000012ca43e00 is a thread
x23=0x0000000000000001 is an unknown value
x24=0x000000011f906880 is a global jni handle
x25=0x0000000106c7d5d8: _ZN12StubRoutines17_safefetchN_entryE+0 in /Users/alexbigas/Library/Java/JavaVirtualMachines/openjdk-17.0.1/Contents/Home/lib/server/libjvm.dylib at 0x00000001060d4000
x26=0x000000012c519568 is pointing into metadata
x27=0x0 is NULL
x28=0x000000012ca43e00 is a thread


Registers:
 x0=0x000000011f9068c8  x1=0x0000000000000000  x2=0x00000007862fad40  x3=0x0000000000000000
 x4=0x00000000000130a8  x5=0x0000000000000000  x6=0x0000000000000000  x7=0x0000000000000000
 x8=0x000000010e7614ec  x9=0x0000000000000000 x10=0x2010000030300000 x11=0x0000000000000007
x12=0x0000000000000005 x13=0x000060000120c040 x14=0x0000050000000000 x15=0x000000011fed1f98
x16=0x000000018c2c70fc x17=0x000060000182cc00 x18=0x0000000000000000 x19=0x000060000172c770
x20=0x000000011f9066c0 x21=0x000000011f9068c8 x22=0x000000012ca43e00 x23=0x0000000000000001
x24=0x000000011f906880 x25=0x0000000106c7d5d8 x26=0x000000012c519568 x27=0x0000000000000000
x28=0x000000012ca43e00  fp=0x000000016db027c0  lr=0x000000010687345c  sp=0x000000016db02780
pc=0x000000010e7614f0 cpsr=0x0000000060001000
Top of Stack: (sp=0x000000016db02780)
0x000000016db02780:   000000012c519568 0000000000000001
0x000000016db02790:   000000016db02988 0000000000000000
0x000000016db027a0:   000000012f1bc4a8 000000011f9068b8
0x000000016db027b0:   000000011f9068b8 000060000172c770
0x000000016db027c0:   000000016db02800 000000010687468c
0x000000016db027d0:   0000000000000001 000000011f9068b8
0x000000016db027e0:   000000012f1bc4a8 000000011f9068b8
0x000000016db027f0:   0000000000000001 000000012f1bc200
0x000000016db02800:   000000016db02840 000000010658d8c4
0x000000016db02810:   000000016db02988 0000600003e399b0
0x000000016db02820:   0000600003e34cd0 00000001d6609909
0x000000016db02830:   0000000000000000 0000600003e34cd0
0x000000016db02840:   000000016db02870 000000011fe96b08
0x000000016db02850:   68c9ea75bf220027 0000000000000000
0x000000016db02860:   0000000000000000 000060000290f9c0
0x000000016db02870:   000000016db028b0 000000018d29d2b8
0x000000016db02880:   000000016db02988 0000600003e399b0
0x000000016db02890:   0000600003e34cd0 68c9ea75bf220027
0x000000016db028a0:   0000000000000000 0000000000000000
0x000000016db028b0:   000000016db028f0 6f7c00018d269824
0x000000016db028c0:   000000016db02988 000000010e7687c0
0x000000016db028d0:   0000000000000000 0000000106c84f90
0x000000016db028e0:   000000016db02900 000000010e767730
0x000000016db028f0:   000000016db02960 791800010e7698ac
0x000000016db02900:   000000016db02900 0000000800988975
0x000000016db02910:   000000016db02910 0000000000000000
0x000000016db02920:   000000016db02988 000000012c519568
0x000000016db02930:   0000000786860388 0000000000000000
0x000000016db02940:   0000000000000000 000000012c4f7a60
0x000000016db02950:   0000000000000000 000000016db02960
0x000000016db02960:   000000016db029e0 000000010e765fc8
0x000000016db02970:   0000000000000000 0000000000000000 

Instructions: (pc=0x000000010e7614f0)
0x000000010e7613f0:   f2a0d889 f2c00029 6d425935 1e640886
0x000000010e761400:   0c402d31 1e6408c7 1f5654d0 1e6c1017
0x000000010e761410:   1f5050d0 1f504cd0 1f5048d0 1e650af6
0x000000010e761420:   1f50d8f6 1f5694d6 1f5158f6 1e762880
0x000000010e761430:   36000501 1e614000 14000026 2e251ca5
0x000000010e761440:   d2943009 f2a0d889 f2c00029 6d425d36
0x000000010e761450:   1e600806 0c402d32 1f5758c7 1e6c101a
0x000000010e761460:   1f4754c7 1e650805 1f4750c7 d2866668
0x000000010e761470:   f2a7fa68 1f474cc7 1e6608c0 1f4748c7
0x000000010e761480:   1e6e1019 eb08007f 540000ac 1f479400
0x000000010e761490:   1f460340 1e603b20 1400000e d2a7fd29
0x000000010e7614a0:   eb09007f 540000ac 51480069 d3607d29
0x000000010e7614b0:   9e670121 14000002 1e6a5001 1f679417
0x000000010e7614c0:   1f668742 1e613b23 1e773857 1e773860
0x000000010e7614d0:   a8c17ff3 910003bf a8c17bfd d65f03c0
0x000000010e7614e0:   b9400001 aa0103e0 d65f03c0 f9400001
0x000000010e7614f0:   aa0103e0 d65f03c0 00000000 00000000
0x000000010e761500:   00000000 00000000 00000000 00000000
0x000000010e761510:   00000000 00000000 00000000 00000000
0x000000010e761520:   00000000 00000000 00000000 00000000
0x000000010e761530:   00000000 00000000 00000000 00000000
0x000000010e761540:   00000000 00000000 00000000 00000000
0x000000010e761550:   00000000 00000000 00000000 00000000
0x000000010e761560:   00000000 00000000 00000000 00000000
0x000000010e761570:   00000000 00000000 00000000 00000000
0x000000010e761580:   00000000 00000000 00000000 00000000
0x000000010e761590:   00000000 00000000 00000000 00000000
0x000000010e7615a0:   00000000 00000000 00000000 00000000
0x000000010e7615b0:   00000000 00000000 00000000 00000000
0x000000010e7615c0:   00000000 00000000 00000000 00000000
0x000000010e7615d0:   00000000 00000000 00000000 00000000
0x000000010e7615e0:   00000000 00000000 00000000 00000000 


Stack slot to memory mapping:
stack at sp + 0 slots: 0x000000012c519568 is pointing into metadata
stack at sp + 1 slots: 0x0000000000000001 is an unknown value
stack at sp + 2 slots: 0x000000016db02988 is pointing into the stack for thread: 0x000000012ca43e00
stack at sp + 3 slots: 0x0 is NULL
stack at sp + 4 slots: 0x000000012f1bc4a8 points into unknown readable memory: 0x0000000106c3a728 | 28 a7 c3 06 01 00 00 00
stack at sp + 5 slots: 0x000000011f9068b8 is a global jni handle
stack at sp + 6 slots: 0x000000011f9068b8 is a global jni handle
stack at sp + 7 slots: 0x000060000172c770 points into unknown readable memory: 0x0000600003e257f0 | f0 57 e2 03 00 60 00 00

StubRoutines::SafeFetchN [0x000000010e7614ec, 0x000000010e7614f8] (12 bytes)
[MachCode]
  0x000000010e7614ec: 0100 40f9 | e003 01aa | c003 5fd6 
[/MachCode]

---------------  P R O C E S S  ---------------

Threads class SMR info:
_java_thread_list=0x0000600003cfa740, length=20, elements={
0x000000012f012600, 0x000000012c808200, 0x000000012c80aa00, 0x000000012c811c00,
0x000000012c812200, 0x000000012c80ca00, 0x000000012c80d000, 0x000000012c80d600,
0x000000012c80dc00, 0x000000012e00e600, 0x000000012e00e000, 0x000000013a01a400,
0x000000012c80fc00, 0x000000012ca43e00, 0x000000012f1bc200, 0x000000012c809c00,
0x000000012e0d1c00, 0x000000012e969400, 0x000000012e1a8000, 0x000000012e25e400
}

Java Threads: ( => current thread )
  0x000000012f012600 JavaThread "main" [_thread_blocked, id=6147, stack(0x000000016aef8000,0x000000016b0fb000)]
  0x000000012c808200 JavaThread "Reference Handler" daemon [_thread_blocked, id=15363, stack(0x000000016bd4c000,0x000000016bf4f000)]
  0x000000012c80aa00 JavaThread "Finalizer" daemon [_thread_blocked, id=14083, stack(0x000000016bf58000,0x000000016c15b000)]
  0x000000012c811c00 JavaThread "Signal Dispatcher" daemon [_thread_blocked, id=23555, stack(0x000000016c27c000,0x000000016c47f000)]
  0x000000012c812200 JavaThread "Service Thread" daemon [_thread_blocked, id=42755, stack(0x000000016c488000,0x000000016c68b000)]
  0x000000012c80ca00 JavaThread "Monitor Deflation Thread" daemon [_thread_blocked, id=24067, stack(0x000000016c694000,0x000000016c897000)]
  0x000000012c80d000 JavaThread "C2 CompilerThread0" daemon [_thread_blocked, id=24579, stack(0x000000016c8a0000,0x000000016caa3000)]
  0x000000012c80d600 JavaThread "C1 CompilerThread0" daemon [_thread_blocked, id=42243, stack(0x000000016caac000,0x000000016ccaf000)]
  0x000000012c80dc00 JavaThread "Sweeper thread" daemon [_thread_blocked, id=24835, stack(0x000000016ccb8000,0x000000016cebb000)]
  0x000000012e00e600 JavaThread "Common-Cleaner" daemon [_thread_blocked, id=25347, stack(0x000000016cec4000,0x000000016d0c7000)]
  0x000000012e00e000 JavaThread "Monitor Ctrl-Break" daemon [_thread_in_native, id=25859, stack(0x000000016d0d0000,0x000000016d2d3000)]
  0x000000013a01a400 JavaThread "Notification Thread" daemon [_thread_blocked, id=41475, stack(0x000000016d2dc000,0x000000016d4df000)]
  0x000000012c80fc00 JavaThread "QuantumRenderer-0" daemon [_thread_blocked, id=40963, stack(0x000000016d6f4000,0x000000016d8f7000)]
=>0x000000012ca43e00 JavaThread "InvokeLaterDispatcher" daemon [_thread_in_native, id=30475, stack(0x000000016d900000,0x000000016db03000)]
  0x000000012f1bc200 JavaThread "JavaFX Application Thread" [_thread_in_vm, id=259, stack(0x000000016a670000,0x000000016ae6c000)]
  0x000000012c809c00 JavaThread "PulseTimer-CVDisplayLink thread" daemon [_thread_in_native, id=51715, stack(0x000000016db0c000,0x000000016db8f000)]
  0x000000012e0d1c00 JavaThread "JavaFX-Launcher" [_thread_blocked, id=75779, stack(0x000000016dda4000,0x000000016dfa7000)]
  0x000000012e969400 JavaThread "Prism Font Disposer" daemon [_thread_blocked, id=57351, stack(0x000000016e9ec000,0x000000016ebef000)]
  0x000000012e1a8000 JavaThread "Cleaner-0" daemon [_thread_blocked, id=62479, stack(0x000000016ed10000,0x000000016ef13000)]
  0x000000012e25e400 JavaThread "Attach Listener" daemon [_thread_blocked, id=1323, stack(0x000000016ef1c000,0x000000016f11f000)]

Other Threads:
  0x000000012f80d750 VMThread "VM Thread" [stack: 0x000000016bb40000,0x000000016bd43000] [id=13315]
  0x000000012df07be0 WatcherThread [stack: 0x000000016d4e8000,0x000000016d6eb000] [id=26115]
  0x000000012f8078f0 GCTaskThread "GC Thread#0" [stack: 0x000000016b104000,0x000000016b307000] [id=19203]
  0x000000012f8338f0 GCTaskThread "GC Thread#1" [stack: 0x000000016dfb0000,0x000000016e1b3000] [id=55043]
  0x000000012f833dc0 GCTaskThread "GC Thread#2" [stack: 0x000000016e1bc000,0x000000016e3bf000] [id=75267]
  0x000000012f834630 GCTaskThread "GC Thread#3" [stack: 0x000000016e3c8000,0x000000016e5cb000] [id=74755]
  0x000000012f834ea0 GCTaskThread "GC Thread#4" [stack: 0x000000016e5d4000,0x000000016e7d7000] [id=55555]
  0x000000012f835710 GCTaskThread "GC Thread#5" [stack: 0x000000016e7e0000,0x000000016e9e3000] [id=74243]
  0x000000012de05750 ConcurrentGCThread "G1 Main Marker" [stack: 0x000000016b310000,0x000000016b513000] [id=12035]
  0x000000012de05fd0 ConcurrentGCThread "G1 Conc#0" [stack: 0x000000016b51c000,0x000000016b71f000] [id=18435]
  0x000000012f809370 ConcurrentGCThread "G1 Refine#0" [stack: 0x000000016b728000,0x000000016b92b000] [id=17667]
  0x000000012f809c10 ConcurrentGCThread "G1 Service" [stack: 0x000000016b934000,0x000000016bb37000] [id=17155]

Threads with active compile tasks:

VM state: not at safepoint (normal execution)

VM Mutex/Monitor currently owned by a thread: None

Heap address: 0x0000000780000000, size: 2048 MB, Compressed Oops mode: Zero based, Oop shift amount: 3

CDS archive(s) mapped at: [0x0000000800000000-0x0000000800bd4000-0x0000000800bd4000), size 12402688, SharedBaseAddress: 0x0000000800000000, ArchiveRelocationMode: 0.
Compressed class space mapped at: 0x0000000800c00000-0x0000000840c00000, reserved size: 1073741824
Narrow klass base: 0x0000000800000000, Narrow klass shift: 0, Narrow klass range: 0x100000000

GC Precious Log:
 CPUs: 8 total, 8 available
 Memory: 8192M
 Large Page Support: Disabled
 NUMA Support: Disabled
 Compressed Oops: Enabled (Zero based)
 Heap Region Size: 1M
 Heap Min Capacity: 8M
 Heap Initial Capacity: 128M
 Heap Max Capacity: 2G
 Pre-touch: Disabled
 Parallel Workers: 8
 Concurrent Workers: 2
 Concurrent Refinement Workers: 8
 Periodic GC: Disabled

Heap:
 garbage-first heap   total 133120K, used 35352K [0x0000000780000000, 0x0000000800000000)
  region size 1024K, 32 young (32768K), 3 survivors (3072K)
 Metaspace       used 14043K, committed 14336K, reserved 1064960K
  class space    used 2157K, committed 2304K, reserved 1048576K

Heap Regions: E=young(eden), S=young(survivor), O=old, HS=humongous(starts), HC=humongous(continues), CS=collection set, F=free, OA=open archive, CA=closed archive, TAMS=top-at-mark-start (previous, next)
|   0|0x0000000780000000, 0x000000078008e000, 0x0000000780100000| 55%| O|  |TAMS 0x0000000780000000, 0x0000000780000000| Untracked 
|   1|0x0000000780100000, 0x0000000780200000, 0x0000000780200000|100%|HS|  |TAMS 0x0000000780100000, 0x0000000780100000| Complete 
|   2|0x0000000780200000, 0x0000000780300000, 0x0000000780300000|100%|HC|  |TAMS 0x0000000780200000, 0x0000000780200000| Complete 
|   3|0x0000000780300000, 0x0000000780300000, 0x0000000780400000|  0%| F|  |TAMS 0x0000000780300000, 0x0000000780300000| Untracked 
|   4|0x0000000780400000, 0x0000000780400000, 0x0000000780500000|  0%| F|  |TAMS 0x0000000780400000, 0x0000000780400000| Untracked 
|   5|0x0000000780500000, 0x0000000780500000, 0x0000000780600000|  0%| F|  |TAMS 0x0000000780500000, 0x0000000780500000| Untracked 
|   6|0x0000000780600000, 0x0000000780600000, 0x0000000780700000|  0%| F|  |TAMS 0x0000000780600000, 0x0000000780600000| Untracked 
|   7|0x0000000780700000, 0x0000000780700000, 0x0000000780800000|  0%| F|  |TAMS 0x0000000780700000, 0x0000000780700000| Untracked 
|   8|0x0000000780800000, 0x0000000780800000, 0x0000000780900000|  0%| F|  |TAMS 0x0000000780800000, 0x0000000780800000| Untracked 
|   9|0x0000000780900000, 0x0000000780900000, 0x0000000780a00000|  0%| F|  |TAMS 0x0000000780900000, 0x0000000780900000| Untracked 
|  10|0x0000000780a00000, 0x0000000780a00000, 0x0000000780b00000|  0%| F|  |TAMS 0x0000000780a00000, 0x0000000780a00000| Untracked 
|  11|0x0000000780b00000, 0x0000000780b00000, 0x0000000780c00000|  0%| F|  |TAMS 0x0000000780b00000, 0x0000000780b00000| Untracked 
|  12|0x0000000780c00000, 0x0000000780c00000, 0x0000000780d00000|  0%| F|  |TAMS 0x0000000780c00000, 0x0000000780c00000| Untracked 
|  13|0x0000000780d00000, 0x0000000780d00000, 0x0000000780e00000|  0%| F|  |TAMS 0x0000000780d00000, 0x0000000780d00000| Untracked 
|  14|0x0000000780e00000, 0x0000000780e00000, 0x0000000780f00000|  0%| F|  |TAMS 0x0000000780e00000, 0x0000000780e00000| Untracked 
|  15|0x0000000780f00000, 0x0000000780f00000, 0x0000000781000000|  0%| F|  |TAMS 0x0000000780f00000, 0x0000000780f00000| Untracked 
|  16|0x0000000781000000, 0x0000000781000000, 0x0000000781100000|  0%| F|  |TAMS 0x0000000781000000, 0x0000000781000000| Untracked 
|  17|0x0000000781100000, 0x0000000781100000, 0x0000000781200000|  0%| F|  |TAMS 0x0000000781100000, 0x0000000781100000| Untracked 
|  18|0x0000000781200000, 0x0000000781200000, 0x0000000781300000|  0%| F|  |TAMS 0x0000000781200000, 0x0000000781200000| Untracked 
|  19|0x0000000781300000, 0x0000000781300000, 0x0000000781400000|  0%| F|  |TAMS 0x0000000781300000, 0x0000000781300000| Untracked 
|  20|0x0000000781400000, 0x0000000781400000, 0x0000000781500000|  0%| F|  |TAMS 0x0000000781400000, 0x0000000781400000| Untracked 
|  21|0x0000000781500000, 0x0000000781500000, 0x0000000781600000|  0%| F|  |TAMS 0x0000000781500000, 0x0000000781500000| Untracked 
|  22|0x0000000781600000, 0x0000000781600000, 0x0000000781700000|  0%| F|  |TAMS 0x0000000781600000, 0x0000000781600000| Untracked 
|  23|0x0000000781700000, 0x0000000781700000, 0x0000000781800000|  0%| F|  |TAMS 0x0000000781700000, 0x0000000781700000| Untracked 
|  24|0x0000000781800000, 0x0000000781800000, 0x0000000781900000|  0%| F|  |TAMS 0x0000000781800000, 0x0000000781800000| Untracked 
|  25|0x0000000781900000, 0x0000000781900000, 0x0000000781a00000|  0%| F|  |TAMS 0x0000000781900000, 0x0000000781900000| Untracked 
|  26|0x0000000781a00000, 0x0000000781a00000, 0x0000000781b00000|  0%| F|  |TAMS 0x0000000781a00000, 0x0000000781a00000| Untracked 
|  27|0x0000000781b00000, 0x0000000781b00000, 0x0000000781c00000|  0%| F|  |TAMS 0x0000000781b00000, 0x0000000781b00000| Untracked 
|  28|0x0000000781c00000, 0x0000000781c00000, 0x0000000781d00000|  0%| F|  |TAMS 0x0000000781c00000, 0x0000000781c00000| Untracked 
|  29|0x0000000781d00000, 0x0000000781d00000, 0x0000000781e00000|  0%| F|  |TAMS 0x0000000781d00000, 0x0000000781d00000| Untracked 
|  30|0x0000000781e00000, 0x0000000781e00000, 0x0000000781f00000|  0%| F|  |TAMS 0x0000000781e00000, 0x0000000781e00000| Untracked 
|  31|0x0000000781f00000, 0x0000000781f00000, 0x0000000782000000|  0%| F|  |TAMS 0x0000000781f00000, 0x0000000781f00000| Untracked 
|  32|0x0000000782000000, 0x0000000782000000, 0x0000000782100000|  0%| F|  |TAMS 0x0000000782000000, 0x0000000782000000| Untracked 
|  33|0x0000000782100000, 0x0000000782100000, 0x0000000782200000|  0%| F|  |TAMS 0x0000000782100000, 0x0000000782100000| Untracked 
|  34|0x0000000782200000, 0x0000000782200000, 0x0000000782300000|  0%| F|  |TAMS 0x0000000782200000, 0x0000000782200000| Untracked 
|  35|0x0000000782300000, 0x0000000782300000, 0x0000000782400000|  0%| F|  |TAMS 0x0000000782300000, 0x0000000782300000| Untracked 
|  36|0x0000000782400000, 0x0000000782400000, 0x0000000782500000|  0%| F|  |TAMS 0x0000000782400000, 0x0000000782400000| Untracked 
|  37|0x0000000782500000, 0x0000000782500000, 0x0000000782600000|  0%| F|  |TAMS 0x0000000782500000, 0x0000000782500000| Untracked 
|  38|0x0000000782600000, 0x0000000782600000, 0x0000000782700000|  0%| F|  |TAMS 0x0000000782600000, 0x0000000782600000| Untracked 
|  39|0x0000000782700000, 0x0000000782700000, 0x0000000782800000|  0%| F|  |TAMS 0x0000000782700000, 0x0000000782700000| Untracked 
|  40|0x0000000782800000, 0x0000000782800000, 0x0000000782900000|  0%| F|  |TAMS 0x0000000782800000, 0x0000000782800000| Untracked 
|  41|0x0000000782900000, 0x0000000782900000, 0x0000000782a00000|  0%| F|  |TAMS 0x0000000782900000, 0x0000000782900000| Untracked 
|  42|0x0000000782a00000, 0x0000000782a00000, 0x0000000782b00000|  0%| F|  |TAMS 0x0000000782a00000, 0x0000000782a00000| Untracked 
|  43|0x0000000782b00000, 0x0000000782b00000, 0x0000000782c00000|  0%| F|  |TAMS 0x0000000782b00000, 0x0000000782b00000| Untracked 
|  44|0x0000000782c00000, 0x0000000782c00000, 0x0000000782d00000|  0%| F|  |TAMS 0x0000000782c00000, 0x0000000782c00000| Untracked 
|  45|0x0000000782d00000, 0x0000000782d00000, 0x0000000782e00000|  0%| F|  |TAMS 0x0000000782d00000, 0x0000000782d00000| Untracked 
|  46|0x0000000782e00000, 0x0000000782e00000, 0x0000000782f00000|  0%| F|  |TAMS 0x0000000782e00000, 0x0000000782e00000| Untracked 
|  47|0x0000000782f00000, 0x0000000782f00000, 0x0000000783000000|  0%| F|  |TAMS 0x0000000782f00000, 0x0000000782f00000| Untracked 
|  48|0x0000000783000000, 0x0000000783000000, 0x0000000783100000|  0%| F|  |TAMS 0x0000000783000000, 0x0000000783000000| Untracked 
|  49|0x0000000783100000, 0x0000000783100000, 0x0000000783200000|  0%| F|  |TAMS 0x0000000783100000, 0x0000000783100000| Untracked 
|  50|0x0000000783200000, 0x0000000783200000, 0x0000000783300000|  0%| F|  |TAMS 0x0000000783200000, 0x0000000783200000| Untracked 
|  51|0x0000000783300000, 0x0000000783300000, 0x0000000783400000|  0%| F|  |TAMS 0x0000000783300000, 0x0000000783300000| Untracked 
|  52|0x0000000783400000, 0x0000000783400000, 0x0000000783500000|  0%| F|  |TAMS 0x0000000783400000, 0x0000000783400000| Untracked 
|  53|0x0000000783500000, 0x0000000783500000, 0x0000000783600000|  0%| F|  |TAMS 0x0000000783500000, 0x0000000783500000| Untracked 
|  54|0x0000000783600000, 0x0000000783600000, 0x0000000783700000|  0%| F|  |TAMS 0x0000000783600000, 0x0000000783600000| Untracked 
|  55|0x0000000783700000, 0x0000000783700000, 0x0000000783800000|  0%| F|  |TAMS 0x0000000783700000, 0x0000000783700000| Untracked 
|  56|0x0000000783800000, 0x0000000783800000, 0x0000000783900000|  0%| F|  |TAMS 0x0000000783800000, 0x0000000783800000| Untracked 
|  57|0x0000000783900000, 0x0000000783900000, 0x0000000783a00000|  0%| F|  |TAMS 0x0000000783900000, 0x0000000783900000| Untracked 
|  58|0x0000000783a00000, 0x0000000783a00000, 0x0000000783b00000|  0%| F|  |TAMS 0x0000000783a00000, 0x0000000783a00000| Untracked 
|  59|0x0000000783b00000, 0x0000000783b00000, 0x0000000783c00000|  0%| F|  |TAMS 0x0000000783b00000, 0x0000000783b00000| Untracked 
|  60|0x0000000783c00000, 0x0000000783c00000, 0x0000000783d00000|  0%| F|  |TAMS 0x0000000783c00000, 0x0000000783c00000| Untracked 
|  61|0x0000000783d00000, 0x0000000783d00000, 0x0000000783e00000|  0%| F|  |TAMS 0x0000000783d00000, 0x0000000783d00000| Untracked 
|  62|0x0000000783e00000, 0x0000000783e00000, 0x0000000783f00000|  0%| F|  |TAMS 0x0000000783e00000, 0x0000000783e00000| Untracked 
|  63|0x0000000783f00000, 0x0000000783f00000, 0x0000000784000000|  0%| F|  |TAMS 0x0000000783f00000, 0x0000000783f00000| Untracked 
|  64|0x0000000784000000, 0x0000000784000000, 0x0000000784100000|  0%| F|  |TAMS 0x0000000784000000, 0x0000000784000000| Untracked 
|  65|0x0000000784100000, 0x0000000784100000, 0x0000000784200000|  0%| F|  |TAMS 0x0000000784100000, 0x0000000784100000| Untracked 
|  66|0x0000000784200000, 0x0000000784200000, 0x0000000784300000|  0%| F|  |TAMS 0x0000000784200000, 0x0000000784200000| Untracked 
|  67|0x0000000784300000, 0x0000000784300000, 0x0000000784400000|  0%| F|  |TAMS 0x0000000784300000, 0x0000000784300000| Untracked 
|  68|0x0000000784400000, 0x0000000784400000, 0x0000000784500000|  0%| F|  |TAMS 0x0000000784400000, 0x0000000784400000| Untracked 
|  69|0x0000000784500000, 0x0000000784500000, 0x0000000784600000|  0%| F|  |TAMS 0x0000000784500000, 0x0000000784500000| Untracked 
|  70|0x0000000784600000, 0x0000000784600000, 0x0000000784700000|  0%| F|  |TAMS 0x0000000784600000, 0x0000000784600000| Untracked 
|  71|0x0000000784700000, 0x0000000784700000, 0x0000000784800000|  0%| F|  |TAMS 0x0000000784700000, 0x0000000784700000| Untracked 
|  72|0x0000000784800000, 0x0000000784800000, 0x0000000784900000|  0%| F|  |TAMS 0x0000000784800000, 0x0000000784800000| Untracked 
|  73|0x0000000784900000, 0x0000000784900000, 0x0000000784a00000|  0%| F|  |TAMS 0x0000000784900000, 0x0000000784900000| Untracked 
|  74|0x0000000784a00000, 0x0000000784a00000, 0x0000000784b00000|  0%| F|  |TAMS 0x0000000784a00000, 0x0000000784a00000| Untracked 
|  75|0x0000000784b00000, 0x0000000784b00000, 0x0000000784c00000|  0%| F|  |TAMS 0x0000000784b00000, 0x0000000784b00000| Untracked 
|  76|0x0000000784c00000, 0x0000000784c00000, 0x0000000784d00000|  0%| F|  |TAMS 0x0000000784c00000, 0x0000000784c00000| Untracked 
|  77|0x0000000784d00000, 0x0000000784d00000, 0x0000000784e00000|  0%| F|  |TAMS 0x0000000784d00000, 0x0000000784d00000| Untracked 
|  78|0x0000000784e00000, 0x0000000784e00000, 0x0000000784f00000|  0%| F|  |TAMS 0x0000000784e00000, 0x0000000784e00000| Untracked 
|  79|0x0000000784f00000, 0x0000000784f00000, 0x0000000785000000|  0%| F|  |TAMS 0x0000000784f00000, 0x0000000784f00000| Untracked 
|  80|0x0000000785000000, 0x0000000785000000, 0x0000000785100000|  0%| F|  |TAMS 0x0000000785000000, 0x0000000785000000| Untracked 
|  81|0x0000000785100000, 0x0000000785100000, 0x0000000785200000|  0%| F|  |TAMS 0x0000000785100000, 0x0000000785100000| Untracked 
|  82|0x0000000785200000, 0x0000000785200000, 0x0000000785300000|  0%| F|  |TAMS 0x0000000785200000, 0x0000000785200000| Untracked 
|  83|0x0000000785300000, 0x0000000785300000, 0x0000000785400000|  0%| F|  |TAMS 0x0000000785300000, 0x0000000785300000| Untracked 
|  84|0x0000000785400000, 0x0000000785400000, 0x0000000785500000|  0%| F|  |TAMS 0x0000000785400000, 0x0000000785400000| Untracked 
|  85|0x0000000785500000, 0x0000000785500000, 0x0000000785600000|  0%| F|  |TAMS 0x0000000785500000, 0x0000000785500000| Untracked 
|  86|0x0000000785600000, 0x0000000785600000, 0x0000000785700000|  0%| F|  |TAMS 0x0000000785600000, 0x0000000785600000| Untracked 
|  87|0x0000000785700000, 0x0000000785700000, 0x0000000785800000|  0%| F|  |TAMS 0x0000000785700000, 0x0000000785700000| Untracked 
|  88|0x0000000785800000, 0x0000000785800000, 0x0000000785900000|  0%| F|  |TAMS 0x0000000785800000, 0x0000000785800000| Untracked 
|  89|0x0000000785900000, 0x0000000785900000, 0x0000000785a00000|  0%| F|  |TAMS 0x0000000785900000, 0x0000000785900000| Untracked 
|  90|0x0000000785a00000, 0x0000000785a00000, 0x0000000785b00000|  0%| F|  |TAMS 0x0000000785a00000, 0x0000000785a00000| Untracked 
|  91|0x0000000785b00000, 0x0000000785b00000, 0x0000000785c00000|  0%| F|  |TAMS 0x0000000785b00000, 0x0000000785b00000| Untracked 
|  92|0x0000000785c00000, 0x0000000785c00000, 0x0000000785d00000|  0%| F|  |TAMS 0x0000000785c00000, 0x0000000785c00000| Untracked 
|  93|0x0000000785d00000, 0x0000000785d00000, 0x0000000785e00000|  0%| F|  |TAMS 0x0000000785d00000, 0x0000000785d00000| Untracked 
|  94|0x0000000785e00000, 0x0000000785e00000, 0x0000000785f00000|  0%| F|  |TAMS 0x0000000785e00000, 0x0000000785e00000| Untracked 
|  95|0x0000000785f00000, 0x0000000785f00000, 0x0000000786000000|  0%| F|  |TAMS 0x0000000785f00000, 0x0000000785f00000| Untracked 
|  96|0x0000000786000000, 0x000000078602a800, 0x0000000786100000| 16%| E|  |TAMS 0x0000000786000000, 0x0000000786000000| Complete 
|  97|0x0000000786100000, 0x0000000786200000, 0x0000000786200000|100%| E|CS|TAMS 0x0000000786100000, 0x0000000786100000| Complete 
|  98|0x0000000786200000, 0x0000000786300000, 0x0000000786300000|100%| E|CS|TAMS 0x0000000786200000, 0x0000000786200000| Complete 
|  99|0x0000000786300000, 0x0000000786400000, 0x0000000786400000|100%| E|CS|TAMS 0x0000000786300000, 0x0000000786300000| Complete 
| 100|0x0000000786400000, 0x0000000786500000, 0x0000000786500000|100%| E|CS|TAMS 0x0000000786400000, 0x0000000786400000| Complete 
| 101|0x0000000786500000, 0x0000000786600000, 0x0000000786600000|100%| E|CS|TAMS 0x0000000786500000, 0x0000000786500000| Complete 
| 102|0x0000000786600000, 0x0000000786700000, 0x0000000786700000|100%| S|CS|TAMS 0x0000000786600000, 0x0000000786600000| Complete 
| 103|0x0000000786700000, 0x0000000786800000, 0x0000000786800000|100%| S|CS|TAMS 0x0000000786700000, 0x0000000786700000| Complete 
| 104|0x0000000786800000, 0x0000000786900000, 0x0000000786900000|100%| S|CS|TAMS 0x0000000786800000, 0x0000000786800000| Complete 
| 105|0x0000000786900000, 0x0000000786a00000, 0x0000000786a00000|100%| E|CS|TAMS 0x0000000786900000, 0x0000000786900000| Complete 
| 106|0x0000000786a00000, 0x0000000786b00000, 0x0000000786b00000|100%| E|CS|TAMS 0x0000000786a00000, 0x0000000786a00000| Complete 
| 107|0x0000000786b00000, 0x0000000786c00000, 0x0000000786c00000|100%| E|CS|TAMS 0x0000000786b00000, 0x0000000786b00000| Complete 
| 108|0x0000000786c00000, 0x0000000786d00000, 0x0000000786d00000|100%| E|CS|TAMS 0x0000000786c00000, 0x0000000786c00000| Complete 
| 109|0x0000000786d00000, 0x0000000786e00000, 0x0000000786e00000|100%| E|CS|TAMS 0x0000000786d00000, 0x0000000786d00000| Complete 
| 110|0x0000000786e00000, 0x0000000786f00000, 0x0000000786f00000|100%| E|CS|TAMS 0x0000000786e00000, 0x0000000786e00000| Complete 
| 111|0x0000000786f00000, 0x0000000787000000, 0x0000000787000000|100%| E|CS|TAMS 0x0000000786f00000, 0x0000000786f00000| Complete 
| 112|0x0000000787000000, 0x0000000787100000, 0x0000000787100000|100%| E|CS|TAMS 0x0000000787000000, 0x0000000787000000| Complete 
| 113|0x0000000787100000, 0x0000000787200000, 0x0000000787200000|100%| E|CS|TAMS 0x0000000787100000, 0x0000000787100000| Complete 
| 114|0x0000000787200000, 0x0000000787300000, 0x0000000787300000|100%| E|CS|TAMS 0x0000000787200000, 0x0000000787200000| Complete 
| 115|0x0000000787300000, 0x0000000787400000, 0x0000000787400000|100%| E|CS|TAMS 0x0000000787300000, 0x0000000787300000| Complete 
| 116|0x0000000787400000, 0x0000000787500000, 0x0000000787500000|100%| E|CS|TAMS 0x0000000787400000, 0x0000000787400000| Complete 
| 117|0x0000000787500000, 0x0000000787600000, 0x0000000787600000|100%| E|CS|TAMS 0x0000000787500000, 0x0000000787500000| Complete 
| 118|0x0000000787600000, 0x0000000787700000, 0x0000000787700000|100%| E|CS|TAMS 0x0000000787600000, 0x0000000787600000| Complete 
| 119|0x0000000787700000, 0x0000000787800000, 0x0000000787800000|100%| E|CS|TAMS 0x0000000787700000, 0x0000000787700000| Complete 
| 120|0x0000000787800000, 0x0000000787900000, 0x0000000787900000|100%| E|CS|TAMS 0x0000000787800000, 0x0000000787800000| Complete 
| 121|0x0000000787900000, 0x0000000787a00000, 0x0000000787a00000|100%| E|CS|TAMS 0x0000000787900000, 0x0000000787900000| Complete 
| 122|0x0000000787a00000, 0x0000000787b00000, 0x0000000787b00000|100%| E|CS|TAMS 0x0000000787a00000, 0x0000000787a00000| Complete 
| 123|0x0000000787b00000, 0x0000000787c00000, 0x0000000787c00000|100%| E|CS|TAMS 0x0000000787b00000, 0x0000000787b00000| Complete 
| 124|0x0000000787c00000, 0x0000000787d00000, 0x0000000787d00000|100%| E|CS|TAMS 0x0000000787c00000, 0x0000000787c00000| Complete 
| 125|0x0000000787d00000, 0x0000000787e00000, 0x0000000787e00000|100%| E|CS|TAMS 0x0000000787d00000, 0x0000000787d00000| Complete 
| 126|0x0000000787e00000, 0x0000000787f00000, 0x0000000787f00000|100%| E|CS|TAMS 0x0000000787e00000, 0x0000000787e00000| Complete 
| 127|0x0000000787f00000, 0x0000000788000000, 0x0000000788000000|100%| E|CS|TAMS 0x0000000787f00000, 0x0000000787f00000| Complete 
|2046|0x00000007ffe00000, 0x00000007ffe78000, 0x00000007fff00000| 46%|OA|  |TAMS 0x00000007ffe00000, 0x00000007ffe00000| Untracked 
|2047|0x00000007fff00000, 0x00000007fff80000, 0x0000000800000000| 50%|CA|  |TAMS 0x00000007fff00000, 0x00000007fff00000| Untracked 

Card table byte_map: [0x00000001058a8000,0x0000000105ca8000] _byte_map_base: 0x0000000101ca8000

Marking Bits (Prev, Next): (CMBitMap*) 0x000000012e00d010, (CMBitMap*) 0x000000012e00d050
 Prev Bits: [0x000000011d760000, 0x000000011f760000)
 Next Bits: [0x0000000128000000, 0x000000012a000000)

Polling page: 0x00000001051d0000

Metaspace:

Usage:
  Non-class:     11.61 MB used.
      Class:      2.11 MB used.
       Both:     13.71 MB used.

Virtual space:
  Non-class space:       16.00 MB reserved,      11.75 MB ( 73%) committed,  2 nodes.
      Class space:        1.00 GB reserved,       2.25 MB ( <1%) committed,  1 nodes.
             Both:        1.02 GB reserved,      14.00 MB (  1%) committed. 

Chunk freelists:
   Non-Class:  3.61 MB
       Class:  1.61 MB
        Both:  5.22 MB

MaxMetaspaceSize: unlimited
CompressedClassSpaceSize: 1.00 GB
Initial GC threshold: 21.00 MB
Current GC threshold: 21.00 MB
CDS: on
MetaspaceReclaimPolicy: balanced
 - commit_granule_bytes: 65536.
 - commit_granule_words: 8192.
 - virtual_space_node_default_size: 1048576.
 - enlarge_chunks_in_place: 1.
 - new_chunks_are_fully_committed: 0.
 - uncommit_free_chunks: 1.
 - use_allocation_guard: 0.
 - handle_deallocations: 1.


Internal statistics:

num_allocs_failed_limit: 0.
num_arena_births: 158.
num_arena_deaths: 0.
num_vsnodes_births: 3.
num_vsnodes_deaths: 0.
num_space_committed: 224.
num_space_uncommitted: 0.
num_chunks_returned_to_freelist: 0.
num_chunks_taken_from_freelist: 609.
num_chunk_merges: 0.
num_chunk_splits: 433.
num_chunks_enlarged: 351.
num_purges: 0.
num_inconsistent_stats: 0.

CodeHeap 'non-profiled nmethods': size=120032Kb used=670Kb max_used=670Kb free=119361Kb
 bounds [0x0000000116228000, 0x0000000116498000, 0x000000011d760000]
CodeHeap 'profiled nmethods': size=120016Kb used=3490Kb max_used=3490Kb free=116526Kb
 bounds [0x000000010ecf4000, 0x000000010f064000, 0x0000000116228000]
CodeHeap 'non-nmethods': size=5712Kb used=1369Kb max_used=1443Kb free=4343Kb
 bounds [0x000000010e760000, 0x000000010e9d0000, 0x000000010ecf4000]
 total_blobs=2541 nmethods=1782 adapters=675
 compilation: enabled
              stopped_count=0, restarted_count=0
 full_count=0

Compilation events (20 events):
Event: 1.500 Thread 0x000000012c80d600 nmethod 1833 0x000000010f053a10 code [0x000000010f0542c0, 0x000000010f057cb8]
Event: 1.501 Thread 0x000000012c80d600 1834       1       java.lang.Thread::isInterrupted (5 bytes)
Event: 1.501 Thread 0x000000012c80d600 nmethod 1834 0x00000001162cf310 code [0x00000001162cf480, 0x00000001162cf568]
Event: 1.504 Thread 0x000000012c80d600 1835       3       java.lang.Math::min (46 bytes)
Event: 1.504 Thread 0x000000012c80d600 nmethod 1835 0x000000010f059010 code [0x000000010f0591c0, 0x000000010f0594a8]
Event: 1.511 Thread 0x000000012c80d600 1836       3       com.sun.javafx.geom.transform.Translate2D::inverseDeltaTransform (19 bytes)
Event: 1.512 Thread 0x000000012c80d600 nmethod 1836 0x000000010f059510 code [0x000000010f0596c0, 0x000000010f0599e8]
Event: 1.512 Thread 0x000000012c80d600 1837       3       com.sun.javafx.event.EventDispatchChainImpl::dispatchEvent (101 bytes)
Event: 1.512 Thread 0x000000012c80d600 nmethod 1837 0x000000010f059b90 code [0x000000010f059d40, 0x000000010f05a098]
Event: 1.517 Thread 0x000000012c80d600 1838       1       com.sun.glass.ui.InvokeLaterDispatcher$Future::isDone (5 bytes)
Event: 1.517 Thread 0x000000012c80d600 nmethod 1838 0x00000001162cf610 code [0x00000001162cf780, 0x00000001162cf868]
Event: 1.519 Thread 0x000000012c80d600 1839       3       java.security.AccessController::checkContext (49 bytes)
Event: 1.520 Thread 0x000000012c80d600 nmethod 1839 0x000000010f05a210 code [0x000000010f05a440, 0x000000010f05a9c8]
Event: 1.528 Thread 0x000000012c80d600 1840       3       com.sun.javafx.scene.NodeHelper::getSubScene (10 bytes)
Event: 1.528 Thread 0x000000012c80d600 nmethod 1840 0x000000010f05ac10 code [0x000000010f05adc0, 0x000000010f05afa8]
Event: 1.528 Thread 0x000000012c80d600 1841       3       javafx.scene.Node$1::getSubScene (5 bytes)
Event: 1.528 Thread 0x000000012c80d600 nmethod 1841 0x000000010f05b110 code [0x000000010f05b2c0, 0x000000010f05b428]
Event: 1.534 Thread 0x000000012c80d600 1842       3       java.util.concurrent.locks.AbstractQueuedSynchronizer::release (19 bytes)
Event: 1.535 Thread 0x000000012c80d600 nmethod 1842 0x000000010f05b510 code [0x000000010f05b740, 0x000000010f05bc78]
Event: 1.551 Thread 0x000000012c80d600 1843       3       java.lang.ref.ReferenceQueue::<init> (21 bytes)

GC Heap History (2 events):
Event: 0.334 GC heap before
{Heap before GC invocations=0 (full 0):
 garbage-first heap   total 133120K, used 23520K [0x0000000780000000, 0x0000000800000000)
  region size 1024K, 23 young (23552K), 0 survivors (0K)
 Metaspace       used 6794K, committed 6976K, reserved 1056768K
  class space    used 867K, committed 960K, reserved 1048576K
}
Event: 0.336 GC heap after
{Heap after GC invocations=1 (full 0):
 garbage-first heap   total 133120K, used 4632K [0x0000000780000000, 0x0000000800000000)
  region size 1024K, 3 young (3072K), 3 survivors (3072K)
 Metaspace       used 6794K, committed 6976K, reserved 1056768K
  class space    used 867K, committed 960K, reserved 1048576K
}

Deoptimization events (20 events):
Event: 1.089 Thread 0x000000012c80fc00 DEOPT PACKING pc=0x000000010f00b420 sp=0x000000016d8f44d0
Event: 1.089 Thread 0x000000012c80fc00 DEOPT UNPACKING pc=0x000000010e79eb7c sp=0x000000016d8f4130 mode 0
Event: 1.089 Thread 0x000000012c80fc00 DEOPT PACKING pc=0x000000010f00b420 sp=0x000000016d8f44d0
Event: 1.089 Thread 0x000000012c80fc00 DEOPT UNPACKING pc=0x000000010e79eb7c sp=0x000000016d8f4130 mode 0
Event: 1.090 Thread 0x000000012c80fc00 DEOPT PACKING pc=0x000000010f00b420 sp=0x000000016d8f44d0
Event: 1.090 Thread 0x000000012c80fc00 DEOPT UNPACKING pc=0x000000010e79eb7c sp=0x000000016d8f4130 mode 0
Event: 1.090 Thread 0x000000012c80fc00 DEOPT PACKING pc=0x000000010f00b420 sp=0x000000016d8f44d0
Event: 1.090 Thread 0x000000012c80fc00 DEOPT UNPACKING pc=0x000000010e79eb7c sp=0x000000016d8f4130 mode 0
Event: 1.090 Thread 0x000000012c80fc00 DEOPT PACKING pc=0x000000010f00b420 sp=0x000000016d8f44d0
Event: 1.090 Thread 0x000000012c80fc00 DEOPT UNPACKING pc=0x000000010e79eb7c sp=0x000000016d8f4130 mode 0
Event: 1.091 Thread 0x000000012c80fc00 DEOPT PACKING pc=0x000000010f00b420 sp=0x000000016d8f44d0
Event: 1.091 Thread 0x000000012c80fc00 DEOPT UNPACKING pc=0x000000010e79eb7c sp=0x000000016d8f4130 mode 0
Event: 1.173 Thread 0x000000012e25e400 Uncommon trap: trap_request=0xffffff45 fr.pc=0x000000011627f384 relative=0x0000000000000f04
Event: 1.173 Thread 0x000000012e25e400 Uncommon trap: reason=unstable_if action=reinterpret pc=0x000000011627f384 method=java.util.concurrent.ConcurrentHashMap.putVal(Ljava/lang/Object;Ljava/lang/Object;Z)Ljava/lang/Object; @ 148 c2
Event: 1.173 Thread 0x000000012e25e400 DEOPT PACKING pc=0x000000011627f384 sp=0x000000016f11d8c0
Event: 1.173 Thread 0x000000012e25e400 DEOPT UNPACKING pc=0x000000010e79ed1c sp=0x000000016f11d7d0 mode 2
Event: 1.174 Thread 0x000000012e25e400 Uncommon trap: trap_request=0xffffff45 fr.pc=0x0000000116234e44 relative=0x0000000000000104
Event: 1.174 Thread 0x000000012e25e400 Uncommon trap: reason=unstable_if action=reinterpret pc=0x0000000116234e44 method=java.lang.StringLatin1.lastIndexOf([BI[BII)I @ 86 c2
Event: 1.174 Thread 0x000000012e25e400 DEOPT PACKING pc=0x0000000116234e44 sp=0x000000016f11d8b0
Event: 1.174 Thread 0x000000012e25e400 DEOPT UNPACKING pc=0x000000010e79ed1c sp=0x000000016f11d810 mode 2

Classes unloaded (0 events):
No events

Classes redefined (0 events):
No events

Internal exceptions (20 events):
Event: 0.338 Thread 0x000000012f1bc200 Exception <a 'java/lang/NoSuchMethodError'{0x0000000787f5f360}: 'void java.lang.invoke.DirectMethodHandle$Holder.invokeStaticInit(java.lang.Object, java.lang.Object)'> (0x0000000787f5f360) 
thrown [open/src/hotspot/share/interpreter/linkResolver.cpp, line 766]
Event: 0.341 Thread 0x000000012f1bc200 Exception <a 'java/lang/NoSuchMethodError'{0x0000000787e2b288}: 'void java.lang.invoke.DirectMethodHandle$Holder.invokeSpecial(java.lang.Object, java.lang.Object, java.lang.Object, java.lang.Object, java.lang.Object)'> (0x0000000787e2b288) 
thrown [open/src/hotspot/share/interpreter/linkResolver.cpp, line 766]
Event: 0.345 Thread 0x000000012f1bc200 Exception <a 'sun/nio/fs/UnixException'{0x0000000787e8a2b8}> (0x0000000787e8a2b8) 
thrown [open/src/hotspot/share/prims/jni.cpp, line 516]
Event: 0.413 Thread 0x000000012f1bc200 Exception <a 'sun/nio/fs/UnixException'{0x0000000787bb7540}> (0x0000000787bb7540) 
thrown [open/src/hotspot/share/prims/jni.cpp, line 516]
Event: 0.421 Thread 0x000000012f1bc200 Implicit null exception at 0x0000000116271454 to 0x00000001162717c4
Event: 0.421 Thread 0x000000012f1bc200 Implicit null exception at 0x000000011626fb14 to 0x000000011626fe98
Event: 0.421 Thread 0x000000012f1bc200 Implicit null exception at 0x0000000116238f54 to 0x0000000116238fc0
Event: 0.460 Thread 0x000000012f1bc200 Exception <a 'java/lang/NoSuchMethodError'{0x0000000787527210}: 'java.lang.Object java.lang.invoke.DirectMethodHandle$Holder.invokeInterface(java.lang.Object, java.lang.Object, java.lang.Object)'> (0x0000000787527210) 
thrown [open/src/hotspot/share/interpreter/linkResolver.cpp, line 766]
Event: 0.461 Thread 0x000000012f1bc200 Exception <a 'java/lang/IncompatibleClassChangeError'{0x000000078752ab98}: Found class java.lang.Object, but interface was expected> (0x000000078752ab98) 
thrown [open/src/hotspot/share/interpreter/linkResolver.cpp, line 833]
Event: 0.476 Thread 0x000000012f1bc200 Exception <a 'java/lang/ClassNotFoundException'{0x0000000787349228}: com/sun/javafx/scene/control/skin/resources/controls> (0x0000000787349228) 
thrown [open/src/hotspot/share/prims/jni.cpp, line 535]
Event: 0.476 Thread 0x000000012f1bc200 Exception <a 'java/lang/ClassNotFoundException'{0x00000007873571c8}: com/sun/javafx/scene/control/skin/resources/controls_en> (0x00000007873571c8) 
thrown [open/src/hotspot/share/prims/jni.cpp, line 535]
Event: 0.476 Thread 0x000000012f1bc200 Exception <a 'java/lang/ClassNotFoundException'{0x0000000787358160}: com/sun/javafx/scene/control/skin/resources/controls_en_GB> (0x0000000787358160) 
thrown [open/src/hotspot/share/prims/jni.cpp, line 535]
Event: 0.491 Thread 0x000000012f1bc200 Exception <a 'java/lang/NoSuchMethodError'{0x000000078717e440}: 'void java.lang.invoke.DirectMethodHandle$Holder.invokeSpecial(java.lang.Object, java.lang.Object, java.lang.Object, java.lang.Object, java.lang.Object, java.lang.Object)'> (0x000000078717e440) 
thrown [open/src/hotspot/share/interpreter/linkResolver.cpp, line 766]
Event: 0.544 Thread 0x000000012f1bc200 Exception <a 'java/lang/NoSuchMethodError'{0x0000000786bd4dc0}: 'java.lang.Object java.lang.invoke.DirectMethodHandle$Holder.newInvokeSpecial(java.lang.Object, java.lang.Object, int, int)'> (0x0000000786bd4dc0) 
thrown [open/src/hotspot/share/interpreter/linkResolver.cpp, line 766]
Event: 0.548 Thread 0x000000012f1bc200 Exception <a 'java/lang/NoSuchMethodError'{0x0000000786befc70}: 'java.lang.Object java.lang.invoke.DirectMethodHandle$Holder.newInvokeSpecial(java.lang.Object, java.lang.Object, int)'> (0x0000000786befc70) 
thrown [open/src/hotspot/share/interpreter/linkResolver.cpp, line 766]
Event: 0.585 Thread 0x000000012c80fc00 Exception <a 'java/lang/NoSuchMethodError'{0x0000000786966b20}: 'int java.lang.invoke.DirectMethodHandle$Holder.invokeStaticInit(java.lang.Object, java.lang.Object)'> (0x0000000786966b20) 
thrown [open/src/hotspot/share/interpreter/linkResolver.cpp, line 766]
Event: 0.586 Thread 0x000000012f1bc200 Exception <a 'java/lang/NoSuchMethodError'{0x0000000786add2c0}: 'long java.lang.invoke.DirectMethodHandle$Holder.invokeStatic(java.lang.Object, java.lang.Object, java.lang.Object)'> (0x0000000786add2c0) 
thrown [open/src/hotspot/share/interpreter/linkResolver.cpp, line 766]
Event: 0.586 Thread 0x000000012f1bc200 Exception <a 'java/lang/NoSuchMethodError'{0x0000000786ae0a68}: 'long java.lang.invoke.DirectMethodHandle$Holder.invokeStaticInit(java.lang.Object, java.lang.Object, java.lang.Object)'> (0x0000000786ae0a68) 
thrown [open/src/hotspot/share/interpreter/linkResolver.cpp, line 766]
Event: 0.586 Thread 0x000000012f1bc200 Exception <a 'java/lang/NoSuchMethodError'{0x0000000786af8670}: 'java.lang.Object java.lang.invoke.DirectMethodHandle$Holder.newInvokeSpecial(java.lang.Object, java.lang.Object, long)'> (0x0000000786af8670) 
thrown [open/src/hotspot/share/interpreter/linkResolver.cpp, line 766]
Event: 0.586 Thread 0x000000012f1bc200 Exception <a 'java/lang/NoSuchMethodError'{0x0000000786afbf38}: 'java.lang.Object java.lang.invoke.Invokers$Holder.linkToTargetMethod(java.lang.Object, long, java.lang.Object)'> (0x0000000786afbf38) 
thrown [open/src/hotspot/share/interpreter/linkResolver.cpp, line 766]

VM Operations (20 events):
Event: 0.048 Executing VM operation: HandshakeAllThreads
Event: 0.048 Executing VM operation: HandshakeAllThreads done
Event: 0.060 Executing VM operation: HandshakeAllThreads
Event: 0.060 Executing VM operation: HandshakeAllThreads done
Event: 0.160 Executing VM operation: ICBufferFull
Event: 0.160 Executing VM operation: ICBufferFull done
Event: 0.312 Executing VM operation: HandshakeAllThreads
Event: 0.313 Executing VM operation: HandshakeAllThreads done
Event: 0.325 Executing VM operation: ICBufferFull
Event: 0.325 Executing VM operation: ICBufferFull done
Event: 0.334 Executing VM operation: G1CollectForAllocation
Event: 0.336 Executing VM operation: G1CollectForAllocation done
Event: 0.394 Executing VM operation: HandshakeAllThreads
Event: 0.394 Executing VM operation: HandshakeAllThreads done
Event: 0.486 Executing VM operation: ICBufferFull
Event: 0.486 Executing VM operation: ICBufferFull done
Event: 0.531 Executing VM operation: ICBufferFull
Event: 0.531 Executing VM operation: ICBufferFull done
Event: 1.169 Executing VM operation: ICBufferFull
Event: 1.169 Executing VM operation: ICBufferFull done

Events (20 events):
Event: 1.170 loading class sun/util/locale/provider/TimeZoneNameProviderImpl done
Event: 1.170 loading class sun/util/cldr/CLDRTimeZoneNameProviderImpl done
Event: 1.170 loading class java/util/regex/Pattern$SliceI
Event: 1.170 loading class java/util/regex/Pattern$SliceI done
Event: 1.172 loading class sun/util/locale/provider/BaseLocaleDataMetaInfo
Event: 1.172 loading class sun/util/locale/provider/BaseLocaleDataMetaInfo done
Event: 1.174 loading class sun/util/resources/cldr/TimeZoneNames
Event: 1.174 loading class sun/util/resources/TimeZoneNamesBundle
Event: 1.174 loading class sun/util/resources/OpenListResourceBundle
Event: 1.174 loading class sun/util/resources/OpenListResourceBundle done
Event: 1.174 loading class sun/util/resources/TimeZoneNamesBundle done
Event: 1.174 loading class sun/util/resources/cldr/TimeZoneNames done
Event: 1.174 loading class sun/util/resources/cldr/TimeZoneNames_en
Event: 1.174 loading class sun/util/resources/cldr/TimeZoneNames_en done
Event: 1.174 loading class sun/util/resources/cldr/TimeZoneNames_en_US
Event: 1.174 loading class sun/util/resources/cldr/TimeZoneNames_en_US done
Event: 1.175 loading class sun/util/resources/TimeZoneNames
Event: 1.176 loading class sun/util/resources/TimeZoneNames done
Event: 1.176 loading class sun/util/resources/TimeZoneNames_en
Event: 1.176 loading class sun/util/resources/TimeZoneNames_en done


Dynamic libraries:
0x0000000105194000 	/Users/alexbigas/Library/Java/JavaVirtualMachines/openjdk-17.0.1/Contents/Home/lib/libjli.dylib
0x0000000196d7a000 	/usr/lib/libz.1.dylib
0x0000000196e31000 	/usr/lib/libSystem.B.dylib
0x0000000196e2b000 	/usr/lib/system/libcache.dylib
0x0000000196de9000 	/usr/lib/system/libcommonCrypto.dylib
0x0000000196e12000 	/usr/lib/system/libcompiler_rt.dylib
0x0000000196e09000 	/usr/lib/system/libcopyfile.dylib
0x000000018c04f000 	/usr/lib/system/libcorecrypto.dylib
0x000000018c104000 	/usr/lib/system/libdispatch.dylib
0x000000018c2d2000 	/usr/lib/system/libdyld.dylib
0x0000000196e21000 	/usr/lib/system/libkeymgr.dylib
0x0000000196dc4000 	/usr/lib/system/libmacho.dylib
0x00000001964b4000 	/usr/lib/system/libquarantine.dylib
0x0000000196e1e000 	/usr/lib/system/libremovefile.dylib
0x000000019144a000 	/usr/lib/system/libsystem_asl.dylib
0x000000018bff1000 	/usr/lib/system/libsystem_blocks.dylib
0x000000018c18c000 	/usr/lib/system/libsystem_c.dylib
0x0000000196e16000 	/usr/lib/system/libsystem_collections.dylib
0x0000000195949000 	/usr/lib/system/libsystem_configuration.dylib
0x0000000194ba2000 	/usr/lib/system/libsystem_containermanager.dylib
0x0000000196b21000 	/usr/lib/system/libsystem_coreservices.dylib
0x000000018ea03000 	/usr/lib/system/libsystem_darwin.dylib
0x0000000196e22000 	/usr/lib/system/libsystem_dnssd.dylib
0x000000018c189000 	/usr/lib/system/libsystem_featureflags.dylib
0x000000018c2e7000 	/usr/lib/system/libsystem_info.dylib
0x0000000196d8c000 	/usr/lib/system/libsystem_m.dylib
0x000000018c0d9000 	/usr/lib/system/libsystem_malloc.dylib
0x00000001913d8000 	/usr/lib/system/libsystem_networkextension.dylib
0x000000018ee5c000 	/usr/lib/system/libsystem_notify.dylib
0x000000019d185000 	/usr/lib/system/libsystem_product_info_filter.dylib
0x000000019594e000 	/usr/lib/system/libsystem_sandbox.dylib
0x0000000196e1b000 	/usr/lib/system/libsystem_secinit.dylib
0x000000018c28d000 	/usr/lib/system/libsystem_kernel.dylib
0x000000018c2df000 	/usr/lib/system/libsystem_platform.dylib
0x000000018c2c5000 	/usr/lib/system/libsystem_pthread.dylib
0x0000000192bae000 	/usr/lib/system/libsystem_symptoms.dylib
0x000000018c035000 	/usr/lib/system/libsystem_trace.dylib
0x0000000196df6000 	/usr/lib/system/libunwind.dylib
0x000000018bff3000 	/usr/lib/system/libxpc.dylib
0x000000018c275000 	/usr/lib/libc++abi.dylib
0x000000018c14b000 	/usr/lib/libobjc.A.dylib
0x0000000196e01000 	/usr/lib/liboah.dylib
0x000000018c20e000 	/usr/lib/libc++.1.dylib
0x00000001a2cb4000 	/System/Library/Frameworks/Cocoa.framework/Versions/A/Cocoa
0x000000018eebd000 	/System/Library/Frameworks/AppKit.framework/Versions/C/AppKit
0x00000001923d4000 	/System/Library/Frameworks/CoreData.framework/Versions/A/CoreData
0x000000018d218000 	/System/Library/Frameworks/Foundation.framework/Versions/C/Foundation
0x000000018fd76000 	/System/Library/PrivateFrameworks/UIFoundation.framework/Versions/A/UIFoundation
0x000000019ce7f000 	/System/Library/PrivateFrameworks/RemoteViewServices.framework/Versions/A/RemoteViewServices
0x00000001952f0000 	/System/Library/PrivateFrameworks/XCTTargetBootstrap.framework/Versions/A/XCTTargetBootstrap
0x0000000198b73000 	/System/Library/PrivateFrameworks/InternationalSupport.framework/Versions/A/InternationalSupport
0x0000000198bfc000 	/System/Library/PrivateFrameworks/UserActivity.framework/Versions/A/UserActivity
0x0000000198068000 	/usr/lib/libspindump.dylib
0x000000018ffe7000 	/System/Library/Frameworks/UniformTypeIdentifiers.framework/Versions/A/UniformTypeIdentifiers
0x0000000193838000 	/usr/lib/libapp_launch_measurement.dylib
0x0000000192d60000 	/System/Library/PrivateFrameworks/CoreAnalytics.framework/Versions/A/CoreAnalytics
0x000000019383b000 	/System/Library/PrivateFrameworks/CoreAutoLayout.framework/Versions/A/CoreAutoLayout
0x0000000194bdf000 	/System/Library/Frameworks/Metal.framework/Versions/A/Metal
0x0000000195959000 	/usr/lib/liblangid.dylib
0x00000001952f5000 	/System/Library/PrivateFrameworks/CoreSVG.framework/Versions/A/CoreSVG
0x000000019147e000 	/System/Library/PrivateFrameworks/SkyLight.framework/Versions/A/SkyLight
0x000000019185a000 	/System/Library/Frameworks/CoreGraphics.framework/Versions/A/CoreGraphics
0x000000019d54b000 	/System/Library/Frameworks/Accelerate.framework/Versions/A/Accelerate
0x0000000197adf000 	/System/Library/PrivateFrameworks/IconServices.framework/Versions/A/IconServices
0x0000000194bc1000 	/System/Library/Frameworks/IOSurface.framework/Versions/A/IOSurface
0x0000000192d91000 	/usr/lib/libDiagnosticMessagesClient.dylib
0x00000001a0a51000 	/System/Library/Frameworks/ApplicationServices.framework/Versions/A/ApplicationServices
0x00000001952d8000 	/System/Library/PrivateFrameworks/DFRFoundation.framework/Versions/A/DFRFoundation
0x000000018e74d000 	/usr/lib/libicucore.A.dylib
0x0000000199a21000 	/System/Library/Frameworks/AudioToolbox.framework/Versions/A/AudioToolbox
0x0000000198b7f000 	/System/Library/PrivateFrameworks/DataDetectorsCore.framework/Versions/A/DataDetectorsCore
0x00000001af59d000 	/System/Library/PrivateFrameworks/TextInput.framework/Versions/A/TextInput
0x00000001913f3000 	/usr/lib/libMobileGestalt.dylib
0x0000000194fa4000 	/System/Library/Frameworks/Carbon.framework/Versions/A/Frameworks/HIToolbox.framework/Versions/A/HIToolbox
0x0000000193211000 	/System/Library/Frameworks/QuartzCore.framework/Versions/A/QuartzCore
0x000000018e3ce000 	/System/Library/Frameworks/Security.framework/Versions/A/Security
0x000000019cebf000 	/System/Library/Frameworks/Carbon.framework/Versions/A/Frameworks/SpeechRecognition.framework/Versions/A/SpeechRecognition
0x000000019358d000 	/System/Library/PrivateFrameworks/CoreUI.framework/Versions/A/CoreUI
0x000000018dcaa000 	/System/Library/Frameworks/CoreAudio.framework/Versions/A/CoreAudio
0x0000000192e85000 	/System/Library/Frameworks/DiskArbitration.framework/Versions/A/DiskArbitration
0x0000000198472000 	/System/Library/PrivateFrameworks/MultitouchSupport.framework/Versions/A/MultitouchSupport
0x00000001913f1000 	/usr/lib/libenergytrace.dylib
0x000000018ed85000 	/System/Library/Frameworks/IOKit.framework/Versions/A/IOKit
0x000000019d2ae000 	/System/Library/Frameworks/CoreServices.framework/Versions/A/CoreServices
0x00000001937c8000 	/System/Library/PrivateFrameworks/PerformanceAnalysis.framework/Versions/A/PerformanceAnalysis
0x00000001eda47000 	/System/Library/Frameworks/OpenGL.framework/Versions/A/OpenGL
0x00000001963cc000 	/System/Library/PrivateFrameworks/MobileKeyBag.framework/Versions/A/MobileKeyBag
0x0000000191e68000 	/System/Library/Frameworks/ColorSync.framework/Versions/A/ColorSync
0x000000018c314000 	/System/Library/Frameworks/CoreFoundation.framework/Versions/A/CoreFoundation
0x0000000195575000 	/System/Library/Frameworks/CoreImage.framework/Versions/A/CoreImage
0x000000018dace000 	/System/Library/Frameworks/CoreText.framework/Versions/A/CoreText
0x0000000195325000 	/System/Library/Frameworks/ImageIO.framework/Versions/A/ImageIO
0x0000000196e37000 	/System/Library/PrivateFrameworks/SoftLinking.framework/Versions/A/SoftLinking
0x0000000193886000 	/usr/lib/libxml2.2.dylib
0x00000001970d0000 	/usr/lib/libcompression.dylib
0x0000000198acf000 	/System/Library/PrivateFrameworks/TextureIO.framework/Versions/A/TextureIO
0x00000001977f8000 	/usr/lib/libate.dylib
0x00000001976bd000 	/usr/lib/liblzma.5.dylib
0x000000018cf0b000 	/System/Library/Frameworks/SystemConfiguration.framework/Versions/A/SystemConfiguration
0x0000000196e33000 	/usr/lib/libfakelink.dylib
0x0000000190f23000 	/System/Library/Frameworks/CFNetwork.framework/Versions/A/CFNetwork
0x0000000196f79000 	/usr/lib/libarchive.2.dylib
0x0000000195955000 	/System/Library/PrivateFrameworks/AppleSystemInfo.framework/Versions/A/AppleSystemInfo
0x00000001964df000 	/usr/lib/libbsm.0.dylib
0x0000000190490000 	/usr/lib/libnetwork.dylib
0x0000000196dcd000 	/usr/lib/system/libkxld.dylib
0x00000001960f9000 	/System/Library/PrivateFrameworks/IOMobileFramebuffer.framework/Versions/A/IOMobileFramebuffer
0x000000020be36000 	/usr/lib/libCoreEntitlements.dylib
0x0000000196b03000 	/System/Library/PrivateFrameworks/AppleFSCompression.framework/Versions/A/AppleFSCompression
0x00000001964c7000 	/usr/lib/libcoretls.dylib
0x00000001976d6000 	/usr/lib/libcoretls_cfhelpers.dylib
0x00000001970cb000 	/usr/lib/libpam.2.dylib
0x00000001927c4000 	/usr/lib/libsqlite3.dylib
0x000000019773f000 	/usr/lib/libxar.1.dylib
0x0000000196b14000 	/usr/lib/libbz2.1.0.dylib
0x0000000196e38000 	/usr/lib/libpcap.A.dylib
0x0000000192ba5000 	/usr/lib/libdns_services.dylib
0x000000019709e000 	/usr/lib/libapple_nghttp2.dylib
0x0000000196e75000 	/usr/lib/libiconv.2.dylib
0x0000000196dc3000 	/usr/lib/libcharset.1.dylib
0x0000000193804000 	/System/Library/Frameworks/CoreServices.framework/Versions/A/Frameworks/FSEvents.framework/Versions/A/FSEvents
0x000000018ea0e000 	/System/Library/Frameworks/CoreServices.framework/Versions/A/Frameworks/CarbonCore.framework/Versions/A/CarbonCore
0x0000000192de5000 	/System/Library/Frameworks/CoreServices.framework/Versions/A/Frameworks/Metadata.framework/Versions/A/Metadata
0x0000000196b27000 	/System/Library/Frameworks/CoreServices.framework/Versions/A/Frameworks/OSServices.framework/Versions/A/OSServices
0x0000000196fff000 	/System/Library/Frameworks/CoreServices.framework/Versions/A/Frameworks/SearchKit.framework/Versions/A/SearchKit
0x0000000192b33000 	/System/Library/Frameworks/CoreServices.framework/Versions/A/Frameworks/AE.framework/Versions/A/AE
0x000000018c85b000 	/System/Library/Frameworks/CoreServices.framework/Versions/A/Frameworks/LaunchServices.framework/Versions/A/LaunchServices
0x0000000197666000 	/System/Library/Frameworks/CoreServices.framework/Versions/A/Frameworks/DictionaryServices.framework/Versions/A/DictionaryServices
0x0000000193811000 	/System/Library/Frameworks/CoreServices.framework/Versions/A/Frameworks/SharedFileList.framework/Versions/A/SharedFileList
0x00000001964b7000 	/usr/lib/libCheckFix.dylib
0x0000000191462000 	/System/Library/PrivateFrameworks/TCC.framework/Versions/A/TCC
0x000000019595b000 	/System/Library/PrivateFrameworks/CoreNLP.framework/Versions/A/CoreNLP
0x0000000192d94000 	/System/Library/PrivateFrameworks/MetadataUtilities.framework/Versions/A/MetadataUtilities
0x000000018cfc5000 	/usr/lib/libmecabra.dylib
0x00000001964f0000 	/usr/lib/libmecab.dylib
0x000000018cf91000 	/usr/lib/libCRFSuite.dylib
0x000000019654d000 	/usr/lib/libgermantok.dylib
0x0000000197077000 	/usr/lib/libThaiTokenizer.dylib
0x0000000192e8d000 	/System/Library/Frameworks/Accelerate.framework/Versions/A/Frameworks/vImage.framework/Versions/A/vImage
0x000000019d285000 	/System/Library/Frameworks/Accelerate.framework/Versions/A/Frameworks/vecLib.framework/Versions/A/vecLib
0x0000000197784000 	/System/Library/Frameworks/Accelerate.framework/Versions/A/Frameworks/vecLib.framework/Versions/A/libvMisc.dylib
0x0000000196000000 	/System/Library/Frameworks/Accelerate.framework/Versions/A/Frameworks/vecLib.framework/Versions/A/libvDSP.dylib
0x000000018cbe6000 	/System/Library/Frameworks/Accelerate.framework/Versions/A/Frameworks/vecLib.framework/Versions/A/libBLAS.dylib
0x00000001971a1000 	/System/Library/Frameworks/Accelerate.framework/Versions/A/Frameworks/vecLib.framework/Versions/A/libLAPACK.dylib
0x0000000196550000 	/System/Library/Frameworks/Accelerate.framework/Versions/A/Frameworks/vecLib.framework/Versions/A/libLinearAlgebra.dylib
0x00000001970b6000 	/System/Library/Frameworks/Accelerate.framework/Versions/A/Frameworks/vecLib.framework/Versions/A/libSparseBLAS.dylib
0x000000019719c000 	/System/Library/Frameworks/Accelerate.framework/Versions/A/Frameworks/vecLib.framework/Versions/A/libQuadrature.dylib
0x0000000195a54000 	/System/Library/Frameworks/Accelerate.framework/Versions/A/Frameworks/vecLib.framework/Versions/A/libBNNS.dylib
0x000000018cea4000 	/System/Library/Frameworks/Accelerate.framework/Versions/A/Frameworks/vecLib.framework/Versions/A/libSparse.dylib
0x0000000195a4c000 	/System/Library/PrivateFrameworks/LinguisticData.framework/Versions/A/LinguisticData
0x000000018ce5c000 	/System/Library/PrivateFrameworks/Lexicon.framework/Versions/A/Lexicon
0x000000019777c000 	/usr/lib/libChineseTokenizer.dylib
0x000000018d60a000 	/System/Library/PrivateFrameworks/LanguageModeling.framework/Versions/A/LanguageModeling
0x0000000197079000 	/System/Library/PrivateFrameworks/AppleSauce.framework/Versions/A/AppleSauce
0x00000001960e6000 	/System/Library/PrivateFrameworks/CoreEmoji.framework/Versions/A/CoreEmoji
0x0000000196f67000 	/usr/lib/libcmph.dylib
0x00000001937e4000 	/System/Library/Frameworks/OpenDirectory.framework/Versions/A/Frameworks/CFOpenDirectory.framework/Versions/A/CFOpenDirectory
0x00000001937d4000 	/System/Library/Frameworks/OpenDirectory.framework/Versions/A/OpenDirectory
0x00000001976d8000 	/System/Library/PrivateFrameworks/APFS.framework/Versions/A/APFS
0x0000000196407000 	/System/Library/Frameworks/SecurityFoundation.framework/Versions/A/SecurityFoundation
0x000000019774e000 	/usr/lib/libutil.dylib
0x000000018ed47000 	/System/Library/PrivateFrameworks/CoreServicesStore.framework/Versions/A/CoreServicesStore
0x0000000197752000 	/usr/lib/libxslt.1.dylib
0x000000019649b000 	/System/Library/PrivateFrameworks/BackgroundTaskManagement.framework/Versions/A/BackgroundTaskManagement
0x00000001989f0000 	/System/Library/Frameworks/ImageIO.framework/Versions/A/Resources/libRadiance.dylib
0x00000001989f9000 	/System/Library/Frameworks/ImageIO.framework/Versions/A/Resources/libJPEG.dylib
0x000000019894a000 	/System/Library/Frameworks/ImageIO.framework/Versions/A/Resources/libPng.dylib
0x000000019896c000 	/System/Library/Frameworks/ImageIO.framework/Versions/A/Resources/libTIFF.dylib
0x0000000198a54000 	/System/Library/Frameworks/ImageIO.framework/Versions/A/Resources/libGIF.dylib
0x0000000198382000 	/System/Library/Frameworks/ImageIO.framework/Versions/A/Resources/libJP2.dylib
0x0000000197aa4000 	/usr/lib/libexpat.1.dylib
0x000000019833d000 	/System/Library/PrivateFrameworks/AppleJPEG.framework/Versions/A/AppleJPEG
0x0000000194e60000 	/System/Library/PrivateFrameworks/FontServices.framework/libFontParser.dylib
0x0000000192ad8000 	/System/Library/PrivateFrameworks/RunningBoardServices.framework/Versions/A/RunningBoardServices
0x00000001a338b000 	/System/Library/PrivateFrameworks/IOSurfaceAccelerator.framework/Versions/A/IOSurfaceAccelerator
0x000000019846e000 	/System/Library/PrivateFrameworks/WatchdogClient.framework/Versions/A/WatchdogClient
0x000000018d70a000 	/System/Library/Frameworks/CoreDisplay.framework/Versions/A/CoreDisplay
0x0000000194d4a000 	/System/Library/Frameworks/CoreMedia.framework/Versions/A/CoreMedia
0x0000000194bd5000 	/System/Library/PrivateFrameworks/IOAccelerator.framework/Versions/A/IOAccelerator
0x0000000193974000 	/System/Library/Frameworks/CoreVideo.framework/Versions/A/CoreVideo
0x00000001970c9000 	/System/Library/Frameworks/MetalPerformanceShaders.framework/Versions/A/MetalPerformanceShaders
0x00000001984ad000 	/System/Library/Frameworks/VideoToolbox.framework/Versions/A/VideoToolbox
0x0000000192a1c000 	/System/Library/PrivateFrameworks/BaseBoard.framework/Versions/A/BaseBoard
0x00000001927aa000 	/System/Library/PrivateFrameworks/ProtocolBuffer.framework/Versions/A/ProtocolBuffer
0x00000001989eb000 	/System/Library/PrivateFrameworks/GPUWrangler.framework/Versions/A/GPUWrangler
0x00000001989cb000 	/System/Library/PrivateFrameworks/IOPresentment.framework/Versions/A/IOPresentment
0x00000001989f3000 	/System/Library/PrivateFrameworks/DSExternalDisplay.framework/Versions/A/DSExternalDisplay
0x00000001eda3a000 	/System/Library/Frameworks/OpenGL.framework/Versions/A/Libraries/libCoreFSCache.dylib
0x00000001f8904000 	/System/Library/PrivateFrameworks/GPUCompiler.framework/Versions/31001/Libraries/libGPUCompilerUtils.dylib
0x0000000198a59000 	/System/Library/PrivateFrameworks/CMCaptureCore.framework/Versions/A/CMCaptureCore
0x0000000198055000 	/System/Library/PrivateFrameworks/AppServerSupport.framework/Versions/A/AppServerSupport
0x000000019a2df000 	/System/Library/PrivateFrameworks/perfdata.framework/Versions/A/perfdata
0x000000018d82a000 	/System/Library/PrivateFrameworks/AudioToolboxCore.framework/Versions/A/AudioToolboxCore
0x0000000194d23000 	/System/Library/PrivateFrameworks/caulk.framework/Versions/A/caulk
0x0000000199bd4000 	/usr/lib/libAudioStatistics.dylib
0x00000001abbf0000 	/System/Library/PrivateFrameworks/SystemPolicy.framework/Versions/A/SystemPolicy
0x0000000199e40000 	/usr/lib/libSMC.dylib
0x00000001a2b92000 	/System/Library/Frameworks/CoreMIDI.framework/Versions/A/CoreMIDI
0x0000000198918000 	/usr/lib/libAudioToolboxUtility.dylib
0x00000001a7d53000 	/System/Library/PrivateFrameworks/OSAServicesClient.framework/Versions/A/OSAServicesClient
0x000000019a2ec000 	/usr/lib/libperfcheck.dylib
0x00000001ac70f000 	/usr/lib/libmis.dylib
0x00000001eda9c000 	/System/Library/Frameworks/OpenGL.framework/Versions/A/Libraries/libGLU.dylib
0x00000001eda5b000 	/System/Library/Frameworks/OpenGL.framework/Versions/A/Libraries/libGFXShared.dylib
0x00000001edc48000 	/System/Library/Frameworks/OpenGL.framework/Versions/A/Libraries/libGL.dylib
0x00000001eda64000 	/System/Library/Frameworks/OpenGL.framework/Versions/A/Libraries/libGLImage.dylib
0x00000001eda58000 	/System/Library/Frameworks/OpenGL.framework/Versions/A/Libraries/libCVMSPluginSupport.dylib
0x00000001eda41000 	/System/Library/Frameworks/OpenGL.framework/Versions/A/Libraries/libCoreVMClient.dylib
0x00000001958d5000 	/System/Library/Frameworks/MetalPerformanceShaders.framework/Versions/A/Frameworks/MPSCore.framework/Versions/A/MPSCore
0x0000000196a76000 	/System/Library/Frameworks/MetalPerformanceShaders.framework/Versions/A/Frameworks/MPSImage.framework/Versions/A/MPSImage
0x0000000196565000 	/System/Library/Frameworks/MetalPerformanceShaders.framework/Versions/A/Frameworks/MPSNeuralNetwork.framework/Versions/A/MPSNeuralNetwork
0x000000019699e000 	/System/Library/Frameworks/MetalPerformanceShaders.framework/Versions/A/Frameworks/MPSMatrix.framework/Versions/A/MPSMatrix
0x0000000196777000 	/System/Library/Frameworks/MetalPerformanceShaders.framework/Versions/A/Frameworks/MPSRayIntersector.framework/Versions/A/MPSRayIntersector
0x00000001969cf000 	/System/Library/Frameworks/MetalPerformanceShaders.framework/Versions/A/Frameworks/MPSNDArray.framework/Versions/A/MPSNDArray
0x00000001f0543000 	/System/Library/Frameworks/MetalPerformanceShaders.framework/Versions/A/Frameworks/MPSFunctions.framework/Versions/A/MPSFunctions
0x000000018cabc000 	/System/Library/PrivateFrameworks/MetalTools.framework/Versions/A/MetalTools
0x0000000195953000 	/System/Library/PrivateFrameworks/AggregateDictionary.framework/Versions/A/AggregateDictionary
0x0000000197889000 	/usr/lib/libIOReport.dylib
0x00000001a1bab000 	/System/Library/PrivateFrameworks/ASEProcessing.framework/Versions/A/ASEProcessing
0x0000000197bfe000 	/System/Library/PrivateFrameworks/FaceCore.framework/Versions/A/FaceCore
0x0000000197bf0000 	/System/Library/PrivateFrameworks/GraphVisualizer.framework/Versions/A/GraphVisualizer
0x00000001f881b000 	/System/Library/PrivateFrameworks/FontServices.framework/Versions/A/FontServices
0x0000000198011000 	/System/Library/PrivateFrameworks/OTSVG.framework/Versions/A/OTSVG
0x000000019353d000 	/System/Library/Frameworks/ApplicationServices.framework/Versions/A/Frameworks/ATS.framework/Versions/A/Resources/libFontRegistry.dylib
0x000000019805e000 	/System/Library/PrivateFrameworks/FontServices.framework/libhvf.dylib
0x00000001f881c000 	/System/Library/PrivateFrameworks/FontServices.framework/libXTFontStaticRegistryData.dylib
0x00000001edde9000 	/System/Library/Frameworks/OpenCL.framework/Versions/A/OpenCL
0x0000000197a58000 	/System/Library/PrivateFrameworks/AppleVA.framework/Versions/A/AppleVA
0x0000000199bfc000 	/System/Library/Frameworks/ApplicationServices.framework/Versions/A/Frameworks/ATS.framework/Versions/A/ATS
0x0000000191f67000 	/System/Library/Frameworks/ApplicationServices.framework/Versions/A/Frameworks/HIServices.framework/Versions/A/HIServices
0x0000000198a63000 	/System/Library/Frameworks/ApplicationServices.framework/Versions/A/Frameworks/PrintCore.framework/Versions/A/PrintCore
0x0000000199f93000 	/System/Library/Frameworks/ApplicationServices.framework/Versions/A/Frameworks/QD.framework/Versions/A/QD
0x0000000199f8b000 	/System/Library/Frameworks/ApplicationServices.framework/Versions/A/Frameworks/ColorSyncLegacy.framework/Versions/A/ColorSyncLegacy
0x0000000199be8000 	/System/Library/Frameworks/ApplicationServices.framework/Versions/A/Frameworks/SpeechSynthesis.framework/Versions/A/SpeechSynthesis
0x0000000198a24000 	/System/Library/Frameworks/ApplicationServices.framework/Versions/A/Frameworks/ATSUI.framework/Versions/A/ATSUI
0x0000000199f20000 	/usr/lib/libcups.2.dylib
0x000000019a2fa000 	/System/Library/Frameworks/Kerberos.framework/Versions/A/Kerberos
0x000000019a30b000 	/System/Library/Frameworks/GSS.framework/Versions/A/GSS
0x0000000199c6c000 	/usr/lib/libresolv.9.dylib
0x000000019806d000 	/System/Library/PrivateFrameworks/Heimdal.framework/Versions/A/Heimdal
0x00000001a0de1000 	/System/Library/Frameworks/Kerberos.framework/Versions/A/Libraries/libHeimdalProxy.dylib
0x0000000192bb7000 	/System/Library/Frameworks/Network.framework/Versions/A/Network
0x0000000197abf000 	/usr/lib/libheimdal-asn1.dylib
0x000000019a35b000 	/System/Library/PrivateFrameworks/CommonAuth.framework/Versions/A/CommonAuth
0x0000000199b62000 	/System/Library/PrivateFrameworks/AudioSession.framework/Versions/A/AudioSession
0x0000000197b51000 	/System/Library/PrivateFrameworks/MediaExperience.framework/Versions/A/MediaExperience
0x00000001999e7000 	/System/Library/PrivateFrameworks/AudioSession.framework/libSessionUtility.dylib
0x0000000199f9f000 	/System/Library/PrivateFrameworks/AudioResourceArbitration.framework/Versions/A/AudioResourceArbitration
0x000000019e162000 	/System/Library/PrivateFrameworks/PowerLog.framework/Versions/A/PowerLog
0x0000000197ac9000 	/System/Library/PrivateFrameworks/IconFoundation.framework/Versions/A/IconFoundation
0x000000019ceab000 	/System/Library/PrivateFrameworks/SpeechRecognitionCore.framework/Versions/A/SpeechRecognitionCore
0x00000001060d4000 	/Users/alexbigas/Library/Java/JavaVirtualMachines/openjdk-17.0.1/Contents/Home/lib/server/libjvm.dylib
0x00000001051e4000 	/Users/alexbigas/Library/Java/JavaVirtualMachines/openjdk-17.0.1/Contents/Home/lib/libjimage.dylib
0x0000000105210000 	/Users/alexbigas/Library/Java/JavaVirtualMachines/openjdk-17.0.1/Contents/Home/lib/libinstrument.dylib
0x000000010525c000 	/Users/alexbigas/Library/Java/JavaVirtualMachines/openjdk-17.0.1/Contents/Home/lib/libjava.dylib
0x00000001060a8000 	/Users/alexbigas/Library/Java/JavaVirtualMachines/openjdk-17.0.1/Contents/Home/lib/libnio.dylib
0x000000011f7c8000 	/Users/alexbigas/Library/Java/JavaVirtualMachines/openjdk-17.0.1/Contents/Home/lib/libnet.dylib
0x0000000105240000 	/Users/alexbigas/Library/Java/JavaVirtualMachines/openjdk-17.0.1/Contents/Home/lib/libzip.dylib
0x000000011fc00000 	/Users/alexbigas/.openjfx/cache/17.0.1/libprism_es2.dylib
0x000000018ed0a000 	/System/Library/PrivateFrameworks/CoreServicesInternal.framework/Versions/A/CoreServicesInternal
0x00000001edc52000 	/System/Library/Frameworks/OpenGL.framework/Versions/A/Resources/GLEngine.bundle/GLEngine
0x00000001edada000 	/System/Library/Frameworks/OpenGL.framework/Versions/A/Libraries/libGLProgrammability.dylib
0x000000011fdf0000 	/System/Library/Extensions/AppleMetalOpenGLRenderer.bundle/Contents/MacOS/AppleMetalOpenGLRenderer
0x00000001eddc1000 	/System/Library/Frameworks/OpenGL.framework/Versions/A/Resources/GLRendererFloat.bundle/GLRendererFloat
0x00000001edec1000 	/System/Library/Extensions/AGXMetal13_3.bundle/Contents/MacOS/AGXMetal13_3
0x00000001ac72b000 	/System/Library/PrivateFrameworks/GPURawCounter.framework/Versions/A/GPURawCounter
0x00000001a6ebc000 	/System/Library/PrivateFrameworks/IOGPU.framework/Versions/A/IOGPU
0x000000011fe8c000 	/Users/alexbigas/.openjfx/cache/17.0.1/libglass.dylib
0x000000019e3ba000 	/System/Library/Frameworks/FileProvider.framework/Versions/A/FileProvider
0x0000000192984000 	/System/Library/Frameworks/Accounts.framework/Versions/A/Accounts
0x000000019e53e000 	/System/Library/PrivateFrameworks/GenerationalStorage.framework/Versions/A/GenerationalStorage
0x000000019f101000 	/System/Library/PrivateFrameworks/CoreSymbolication.framework/Versions/A/CoreSymbolication
0x000000019e156000 	/System/Library/PrivateFrameworks/SymptomDiagnosticReporter.framework/Versions/A/SymptomDiagnosticReporter
0x000000018fffb000 	/System/Library/PrivateFrameworks/DesktopServicesPriv.framework/Versions/A/DesktopServicesPriv
0x000000018ee6c000 	/usr/lib/libsandbox.1.dylib
0x0000000193a02000 	/System/Library/PrivateFrameworks/UserManagement.framework/Versions/A/UserManagement
0x000000019f0be000 	/System/Library/PrivateFrameworks/DebugSymbols.framework/Versions/A/DebugSymbols
0x0000000199f7e000 	/System/Library/PrivateFrameworks/NetAuth.framework/Versions/A/NetAuth
0x000000019ae9c000 	/System/Library/PrivateFrameworks/Sharing.framework/Versions/A/Sharing
0x00000001939d2000 	/System/Library/PrivateFrameworks/login.framework/Versions/A/Frameworks/loginsupport.framework/Versions/A/loginsupport
0x00000001a02f5000 	/System/Library/PrivateFrameworks/Apple80211.framework/Versions/A/Apple80211
0x0000000196b5a000 	/System/Library/PrivateFrameworks/AuthKit.framework/Versions/A/AuthKit
0x00000001961e2000 	/System/Library/PrivateFrameworks/CoreUtils.framework/Versions/A/CoreUtils
0x0000000196105000 	/System/Library/Frameworks/CoreWLAN.framework/Versions/A/CoreWLAN
0x000000019b00c000 	/System/Library/Frameworks/IOBluetooth.framework/Versions/A/IOBluetooth
0x00000001a0355000 	/System/Library/PrivateFrameworks/CoreWiFi.framework/Versions/A/CoreWiFi
0x000000019ec9e000 	/System/Library/PrivateFrameworks/FrontBoardServices.framework/Versions/A/FrontBoardServices
0x000000019ed36000 	/System/Library/PrivateFrameworks/BoardServices.framework/Versions/A/BoardServices
0x00000001963f5000 	/System/Library/PrivateFrameworks/AssertionServices.framework/Versions/A/AssertionServices
0x00000001a04d2000 	/System/Library/PrivateFrameworks/BackBoardServices.framework/Versions/A/BackBoardServices
0x000000019a3f2000 	/System/Library/PrivateFrameworks/CorePhoneNumbers.framework/Versions/A/CorePhoneNumbers
0x0000000199c99000 	/System/Library/PrivateFrameworks/MultiverseSupport.framework/Versions/A/MultiverseSupport
0x00000001a0754000 	/System/Library/PrivateFrameworks/RemoteServiceDiscovery.framework/Versions/A/RemoteServiceDiscovery
0x000000019e286000 	/System/Library/PrivateFrameworks/DiskManagement.framework/Versions/A/DiskManagement
0x000000019e189000 	/System/Library/PrivateFrameworks/AppleIDAuthSupport.framework/Versions/A/AppleIDAuthSupport
0x00000001f2d80000 	/System/Library/PrivateFrameworks/AAAFoundation.framework/Versions/A/AAAFoundation
0x000000019a3d1000 	/System/Library/PrivateFrameworks/KeychainCircle.framework/Versions/A/KeychainCircle
0x00000001a0764000 	/System/Library/PrivateFrameworks/RemoteXPC.framework/Versions/A/RemoteXPC
0x000000019e252000 	/System/Library/PrivateFrameworks/MediaKit.framework/Versions/A/MediaKit
0x000000019e196000 	/System/Library/Frameworks/DiscRecording.framework/Versions/A/DiscRecording
0x00000001979d4000 	/usr/lib/libCoreStorage.dylib
0x00000001a07d0000 	/usr/lib/libcsfde.dylib
0x000000019b0e1000 	/System/Library/PrivateFrameworks/ProtectedCloudStorage.framework/Versions/A/ProtectedCloudStorage
0x00000001a07c8000 	/System/Library/PrivateFrameworks/EFILogin.framework/Versions/A/EFILogin
0x000000019e565000 	/System/Library/PrivateFrameworks/OctagonTrust.framework/Versions/A/OctagonTrust
0x00000001f79a2000 	/System/Library/PrivateFrameworks/CoreUtilsExtras.framework/Versions/A/CoreUtilsExtras
0x000000019e0bb000 	/System/Library/Frameworks/CoreBluetooth.framework/Versions/A/CoreBluetooth
0x00000001a0e66000 	/System/Library/Frameworks/AudioUnit.framework/Versions/A/AudioUnit
0x00000001979cc000 	/usr/lib/libMatch.1.dylib
0x00000001b0c13000 	/System/Library/Frameworks/Accelerate.framework/Versions/A/Frameworks/vImage.framework/Versions/A/Libraries/libCGInterfaces.dylib
0x000000012ddd8000 	/usr/lib/libobjc-trampolines.dylib
0x00000001936cc000 	/System/Library/PrivateFrameworks/ViewBridge.framework/Versions/A/ViewBridge
0x000000013d6d0000 	/Users/alexbigas/.openjfx/cache/17.0.1/libjavafx_font.dylib
0x0000000198130000 	/System/Library/PrivateFrameworks/login.framework/Versions/A/login
0x000000020bf93000 	/usr/lib/libRosetta.dylib
0x000000019d5d4000 	/System/Library/PrivateFrameworks/SystemAdministration.framework/Versions/A/SystemAdministration
0x0000000198c6a000 	/System/Library/Frameworks/MediaToolbox.framework/Versions/A/MediaToolbox
0x000000019ce73000 	/System/Library/Frameworks/DirectoryService.framework/Versions/A/DirectoryService
0x00000001a065c000 	/System/Library/PrivateFrameworks/DiskImages.framework/Versions/A/DiskImages
0x00000001964a6000 	/System/Library/Frameworks/ServiceManagement.framework/Versions/A/ServiceManagement
0x00000001a0846000 	/System/Library/PrivateFrameworks/LoginUIKit.framework/Versions/A/Frameworks/LoginUICore.framework/Versions/A/LoginUICore
0x00000001982e6000 	/usr/lib/libodfde.dylib
0x000000019e386000 	/System/Library/PrivateFrameworks/CoreAVCHD.framework/Versions/A/CoreAVCHD
0x000000019d596000 	/System/Library/Frameworks/MediaAccessibility.framework/Versions/A/MediaAccessibility
0x000000019e382000 	/System/Library/PrivateFrameworks/Mangrove.framework/Versions/A/Mangrove
0x000000019d5a3000 	/System/Library/PrivateFrameworks/AlgosScoreFramework.framework/Versions/A/AlgosScoreFramework
0x00000001f4a85000 	/System/Library/PrivateFrameworks/CMPhoto.framework/Versions/A/CMPhoto
0x000000019e376000 	/System/Library/PrivateFrameworks/CoreAUC.framework/Versions/A/CoreAUC
0x00000001a07dc000 	/usr/lib/libcurl.4.dylib
0x000000020c33b000 	/usr/lib/libcrypto.46.dylib
0x000000020c7e4000 	/usr/lib/libssl.48.dylib
0x00000001a04f2000 	/System/Library/Frameworks/LDAP.framework/Versions/A/LDAP
0x00000001a052e000 	/System/Library/PrivateFrameworks/TrustEvaluationAgent.framework/Versions/A/TrustEvaluationAgent
0x0000000199c85000 	/usr/lib/libsasl2.2.dylib
0x000000019d5c9000 	/System/Library/PrivateFrameworks/CoreDaemon.framework/Versions/B/CoreDaemon
0x000000019d5c3000 	/System/Library/PrivateFrameworks/AppleSRP.framework/Versions/A/AppleSRP
0x00000001b3435000 	/System/Library/CoreServices/RawCamera.bundle/Contents/MacOS/RawCamera
0x000000019a36c000 	/System/Library/PrivateFrameworks/MobileAsset.framework/Versions/A/MobileAsset
0x00000001a0e94000 	/System/Library/PrivateFrameworks/StreamingZip.framework/Versions/A/StreamingZip


VM Arguments:
jvm_args: -javaagent:/Applications/IntelliJ IDEA CE.app/Contents/lib/idea_rt.jar=57755:/Applications/IntelliJ IDEA CE.app/Contents/bin -Dfile.encoding=UTF-8 --module-path=/Users/alexbigas/.m2/repository/org/openjfx/javafx-controls/17.0.1/javafx-controls-17.0.1-mac-aarch64.jar:/Users/alexbigas/.m2/repository/org/openjfx/javafx-fxml/17.0.1/javafx-fxml-17.0.1-mac-aarch64.jar:/Users/alexbigas/.m2/repository/org/openjfx/javafx-graphics/17.0.1/javafx-graphics-17.0.1-mac-aarch64.jar:/Users/alexbigas/.m2/repository/org/openjfx/javafx-base/17.0.1/javafx-base-17.0.1-mac-aarch64.jar:/Users/alexbigas/Desktop/kursach_demo/target/classes -Djdk.module.main=com.example.kursach_demo 
java_command: com.example.kursach_demo/com.example.kursach_demo.Main
java_class_path (initial): /Users/alexbigas/.m2/repository/org/openjfx/javafx-controls/17.0.1/javafx-controls-17.0.1.jar:/Users/alexbigas/.m2/repository/org/openjfx/javafx-graphics/17.0.1/javafx-graphics-17.0.1.jar:/Users/alexbigas/.m2/repository/org/openjfx/javafx-base/17.0.1/javafx-base-17.0.1.jar:/Users/alexbigas/.m2/repository/org/openjfx/javafx-fxml/17.0.1/javafx-fxml-17.0.1.jar
Launcher Type: SUN_STANDARD

[Global flags]
     intx CICompilerCount                          = 4                                         {product} {ergonomic}
     uint ConcGCThreads                            = 2                                         {product} {ergonomic}
     uint G1ConcRefinementThreads                  = 8                                         {product} {ergonomic}
   size_t G1HeapRegionSize                         = 1048576                                   {product} {ergonomic}
    uintx GCDrainStackTargetSize                   = 64                                        {product} {ergonomic}
   size_t InitialHeapSize                          = 134217728                                 {product} {ergonomic}
   size_t MarkStackSize                            = 4194304                                   {product} {ergonomic}
   size_t MaxHeapSize                              = 2147483648                                {product} {ergonomic}
   size_t MaxNewSize                               = 1287651328                                {product} {ergonomic}
   size_t MinHeapDeltaBytes                        = 1048576                                   {product} {ergonomic}
   size_t MinHeapSize                              = 8388608                                   {product} {ergonomic}
    uintx NonNMethodCodeHeapSize                   = 5839564                                {pd product} {ergonomic}
    uintx NonProfiledCodeHeapSize                  = 122909338                              {pd product} {ergonomic}
    uintx ProfiledCodeHeapSize                     = 122909338                              {pd product} {ergonomic}
    uintx ReservedCodeCacheSize                    = 251658240                              {pd product} {ergonomic}
     bool SegmentedCodeCache                       = true                                      {product} {ergonomic}
   size_t SoftMaxHeapSize                          = 2147483648                             {manageable} {ergonomic}
     bool UseCompressedClassPointers               = true                           {product lp64_product} {ergonomic}
     bool UseCompressedOops                        = true                           {product lp64_product} {ergonomic}
     bool UseG1GC                                  = true                                      {product} {ergonomic}
     bool UseNUMA                                  = false                                     {product} {ergonomic}
     bool UseNUMAInterleaving                      = false                                     {product} {ergonomic}

Logging:
Log output configuration:
 #0: stdout all=warning uptime,level,tags
 #1: stderr all=off uptime,level,tags

Environment Variables:
PATH=/usr/local/bin:/usr/bin:/bin:/usr/sbin:/sbin:/Library/Apple/usr/bin
SHELL=/bin/zsh
LC_CTYPE=en_GB.UTF-8

Signal Handlers:
   SIGSEGV: _ZL13crash_handleriP9__siginfoPv in libjvm.dylib, mask=11100110000111110111111111111111, flags=SA_RESTART|SA_SIGINFO
    SIGBUS: _ZL13crash_handleriP9__siginfoPv in libjvm.dylib, mask=11100110000111110111111111111111, flags=SA_RESTART|SA_SIGINFO
    SIGFPE: _ZL13crash_handleriP9__siginfoPv in libjvm.dylib, mask=11100110000111110111111111111111, flags=SA_RESTART|SA_SIGINFO
   SIGPIPE: _ZL17javaSignalHandleriP9__siginfoPv in libjvm.dylib, mask=11100110000111110111111111111111, flags=SA_RESTART|SA_SIGINFO
   SIGXFSZ: _ZL17javaSignalHandleriP9__siginfoPv in libjvm.dylib, mask=11100110000111110111111111111111, flags=SA_RESTART|SA_SIGINFO
    SIGILL: _ZL13crash_handleriP9__siginfoPv in libjvm.dylib, mask=11100110000111110111111111111111, flags=SA_RESTART|SA_SIGINFO
   SIGUSR2: _ZL10SR_handleriP9__siginfoP17__darwin_ucontext in libjvm.dylib, mask=00100000000000000000000000000000, flags=SA_RESTART|SA_SIGINFO
    SIGHUP: _ZL11UserHandleriPvS_ in libjvm.dylib, mask=11100110000111110111111111111111, flags=SA_RESTART|SA_SIGINFO
    SIGINT: _ZL11UserHandleriPvS_ in libjvm.dylib, mask=11100110000111110111111111111111, flags=SA_RESTART|SA_SIGINFO
   SIGTERM: _ZL11UserHandleriPvS_ in libjvm.dylib, mask=11100110000111110111111111111111, flags=SA_RESTART|SA_SIGINFO
   SIGQUIT: _ZL11UserHandleriPvS_ in libjvm.dylib, mask=11100110000111110111111111111111, flags=SA_RESTART|SA_SIGINFO
   SIGTRAP: _ZL13crash_handleriP9__siginfoPv in libjvm.dylib, mask=11100110000111110111111111111111, flags=SA_RESTART|SA_SIGINFO


---------------  S Y S T E M  ---------------

OS:
uname: Darwin 21.6.0 Darwin Kernel Version 21.6.0: Mon Aug 22 20:20:05 PDT 2022; root:xnu-8020.140.49~2/RELEASE_ARM64_T8101 arm64
OS uptime: 23 days 5:30 hours
rlimit (soft/hard): STACK 8176k/65520k , CORE 0k/infinity , NPROC 1333/2000 , NOFILE 10240/infinity , AS infinity/infinity , CPU infinity/infinity , DATA infinity/infinity , FSIZE infinity/infinity , MEMLOCK infinity/infinity , RSS infinity/infinity
load average: 2.44 2.20 1.86

CPU: total 8 (initial active 8) 0x61:0x0:0x1b588bb3:0, fp, simd, crc, lse

Memory: 16k page, physical 8388608k(85808k free), swap 4194304k(950400k free)

vm_info: OpenJDK 64-Bit Server VM (17.0.1+12-39) for bsd-aarch64 JRE (17.0.1+12-39), built on Sep 27 2021 17:36:05 by "mach5one" with clang Apple LLVM 12.0.0 (clang-1200.0.32.29)

END.
