#
# A fatal error has been detected by the Java Runtime Environment:
#
#  SIGBUS (0xa) at pc=0x000000010e4b94f0, pid=11113, tid=34055
#
# JRE version: OpenJDK Runtime Environment (17.0.1+12) (build 17.0.1+12-39)
# Java VM: OpenJDK 64-Bit Server VM (17.0.1+12-39, mixed mode, sharing, tiered, compressed oops, compressed class ptrs, g1 gc, bsd-aarch64)
# Problematic frame:
# v  ~StubRoutines::SafeFetchN
#
# No core dump will be written. Core dumps have been disabled. To enable core dumping, try "ulimit -c unlimited" before starting Java again
#
# If you would like to submit a bug report, please visit:
#   https://bugreport.java.com/bugreport/crash.jsp
# The crash happened outside the Java Virtual Machine in native code.
# See problematic frame for where to report the bug.
#

---------------  S U M M A R Y ------------

Command Line: -javaagent:/Applications/IntelliJ IDEA CE.app/Contents/lib/idea_rt.jar=54573:/Applications/IntelliJ IDEA CE.app/Contents/bin -Dfile.encoding=UTF-8 --module-path=/Users/alexbigas/.m2/repository/org/openjfx/javafx-graphics/17.0.1/javafx-graphics-17.0.1-mac-aarch64.jar:/Users/alexbigas/Desktop/kursach_demo/target/classes:/Users/alexbigas/.m2/repository/org/openjfx/javafx-base/17.0.1/javafx-base-17.0.1-mac-aarch64.jar:/Users/alexbigas/.m2/repository/org/openjfx/javafx-fxml/17.0.1/javafx-fxml-17.0.1-mac-aarch64.jar:/Users/alexbigas/.m2/repository/org/openjfx/javafx-controls/17.0.1/javafx-controls-17.0.1-mac-aarch64.jar -Djdk.module.main=com.example.kursach_demo com.example.kursach_demo/com.example.kursach_demo.Main

Host: "MacBookAir10,1" arm64 1 MHz, 8 cores, 8G, Darwin 21.6.0, macOS 12.6 (21G115)
Time: Tue Nov 29 10:29:24 2022 EET elapsed time: 14.518685 seconds (0d 0h 0m 14s)

---------------  T H R E A D  ---------------

Current thread (0x000000013595a200):  JavaThread "InvokeLaterDispatcher" daemon [_thread_in_native, id=34055, stack(0x000000016e0b4000,0x000000016e2b7000)]

Stack: [0x000000016e0b4000,0x000000016e2b7000],  sp=0x000000016e2b67a0,  free space=2057k
Native frames: (J=compiled Java code, j=interpreted, Vv=VM code, C=native code)
v  ~StubRoutines::SafeFetchN
V  [libjvm.dylib+0x7a068c]  _ZN10OopStorage7releaseEPKP7oopDesc+0x20
V  [libjvm.dylib+0x4b98c4]  jni_DeleteGlobalRef+0xd8
C  [libglass.dylib+0xab08]  -[GlassRunnable dealloc]+0x34
C  [Foundation+0x852b8]  -[_NSThreadPerformInfo dealloc]+0x30
C  [Foundation+0x51824]  -[NSObject(NSThreadPerformAdditions) performSelectorOnMainThread:withObject:waitUntilDone:]+0x88
C  0x2d1000011603f34c
J 2119 c1 com.sun.glass.ui.mac.MacApplication.submitForLaterInvocation(Ljava/lang/Runnable;)V javafx.graphics (6 bytes) @ 0x000000010ee460d8 [0x000000010ee46040+0x0000000000000098]
C  0x0000000785400ac0

Java frames: (J=compiled Java code, j=interpreted, Vv=VM code)
J 1917  com.sun.glass.ui.mac.MacApplication._submitForLaterInvocation(Ljava/lang/Runnable;)V javafx.graphics (0 bytes) @ 0x000000011603f34c [0x000000011603f2c0+0x000000000000008c]
J 2119 c1 com.sun.glass.ui.mac.MacApplication.submitForLaterInvocation(Ljava/lang/Runnable;)V javafx.graphics (6 bytes) @ 0x000000010ee460d8 [0x000000010ee46040+0x0000000000000098]
j  com.sun.glass.ui.InvokeLaterDispatcher.run()V+82 javafx.graphics
v  ~StubRoutines::call_stub

siginfo: si_signo: 10 (SIGBUS), si_code: 1 (BUS_ADRALN), si_addr: 0x000000010e4b94f0

Register to memory mapping:

 x0=0x0000000124f04508 is a global jni handle
 x1=0x0 is NULL
 x2=0x0000000787a81258 is an oop: com.sun.glass.ui.InvokeLaterDispatcher$Future 
{0x0000000787a81258} - klass: 'com/sun/glass/ui/InvokeLaterDispatcher$Future'
 - ---- fields (total size 3 words):
 - private 'done' 'Z' @12  true
 - private final 'runnable' 'Ljava/lang/Runnable;' @16  a 'com/sun/javafx/application/PlatformImpl$$Lambda$92+0x0000000800c821c8'{0x000000078783e4b0} (f0f07c96)
 - final synthetic 'this$0' 'Lcom/sun/glass/ui/InvokeLaterDispatcher;' @20  a 'com/sun/glass/ui/InvokeLaterDispatcher'{0x0000000785400ac0} (f0a80158)
 x3=0x0 is NULL
 x4=0x00000000000130a8 is an unknown value
 x5=0x0 is NULL
 x6=0x0 is NULL
 x7=0x0 is NULL
 x8=0x000000010e4b94ec is at begin+0 in a stub
StubRoutines::SafeFetchN [0x000000010e4b94ec, 0x000000010e4b94f8] (12 bytes)
 x9=0x0 is NULL
x10=0x2010000030300000 is an unknown value
x11=0x0000000000000007 is an unknown value
x12=0x0000000000000005 is an unknown value
x13=0x0000600001abc4c0 points into unknown readable memory: 0x916b0001248ae9e8 | e8 e9 8a 24 01 00 6b 91
x14=0x0000200000000000 is an unknown value
x15=0x00000001248e9f98: OBJC_CLASS_$_GlassRunnable+0 in /Users/alexbigas/.openjfx/cache/17.0.1/libglass.dylib at 0x00000001248a4000
x16=0x000000019445f0fc: pthread_getspecific+0 in /usr/lib/system/libsystem_pthread.dylib at 0x000000019445d000
x17=0x00006000010b3de0 points into unknown readable memory: 0xfffffffffffffffe | fe ff ff ff ff ff ff ff
x18=0x0 is NULL
x19=0x0000600001fbc700 points into unknown readable memory: 0x00006000036a5730 | 30 57 6a 03 00 60 00 00
x20=0x0000000124f04300 points into unknown readable memory: 0x0000000000000000 | 00 00 00 00 00 00 00 00
x21=0x0000000124f04508 is a global jni handle
x22=0x000000013595a200 is a thread
x23=0x0000000000000001 is an unknown value
x24=0x0000000124f044c0 is a global jni handle
x25=0x00000001069d55d8: _ZN12StubRoutines17_safefetchN_entryE+0 in /Users/alexbigas/Library/Java/JavaVirtualMachines/openjdk-17.0.1/Contents/Home/lib/server/libjvm.dylib at 0x0000000105e2c000
x26=0x0000000123d1b388 is pointing into metadata
x27=0x0 is NULL
x28=0x000000013595a200 is a thread


Registers:
 x0=0x0000000124f04508  x1=0x0000000000000000  x2=0x0000000787a81258  x3=0x0000000000000000
 x4=0x00000000000130a8  x5=0x0000000000000000  x6=0x0000000000000000  x7=0x0000000000000000
 x8=0x000000010e4b94ec  x9=0x0000000000000000 x10=0x2010000030300000 x11=0x0000000000000007
x12=0x0000000000000005 x13=0x0000600001abc4c0 x14=0x0000200000000000 x15=0x00000001248e9f98
x16=0x000000019445f0fc x17=0x00006000010b3de0 x18=0x0000000000000000 x19=0x0000600001fbc700
x20=0x0000000124f04300 x21=0x0000000124f04508 x22=0x000000013595a200 x23=0x0000000000000001
x24=0x0000000124f044c0 x25=0x00000001069d55d8 x26=0x0000000123d1b388 x27=0x0000000000000000
x28=0x000000013595a200  fp=0x000000016e2b67e0  lr=0x00000001065cb45c  sp=0x000000016e2b67a0
pc=0x000000010e4b94f0 cpsr=0x0000000060001000
Top of Stack: (sp=0x000000016e2b67a0)
0x000000016e2b67a0:   0000000123d1b388 0000000000000001
0x000000016e2b67b0:   0000000800c2b298 0000000000000000
0x000000016e2b67c0:   000000013595d2a8 0000000124f044f8
0x000000016e2b67d0:   0000000124f044f8 0000600001fbc700
0x000000016e2b67e0:   000000016e2b6820 00000001065cc68c
0x000000016e2b67f0:   0000000000000001 0000000124f044f8
0x000000016e2b6800:   000000013595d2a8 0000000124f044f8
0x000000016e2b6810:   0000000000000001 000000013595d000
0x000000016e2b6820:   000000016e2b6860 00000001062e58c4
0x000000016e2b6830:   0000000800c2b298 00006000036bd5c0
0x000000016e2b6840:   00006000036bd5e0 00000001de7a1909
0x000000016e2b6850:   0000000000000000 00006000036bd5e0
0x000000016e2b6860:   000000016e2b6890 00000001248aeb08
0x000000016e2b6870:   aad04812af150014 0000000000000000
0x000000016e2b6880:   0000000000000000 000060000210f380
0x000000016e2b6890:   000000016e2b68d0 00000001954352b8
0x000000016e2b68a0:   0000000800c2b298 00006000036bd5c0
0x000000016e2b68b0:   00006000036bd5e0 aad04812af150014
0x000000016e2b68c0:   0000000000000000 0000000000000000
0x000000016e2b68d0:   000000016e2b6910 0f7e000195401824
0x000000016e2b68e0:   0000000800c2b298 000000010e4c07c0
0x000000016e2b68f0:   0000000123d1adc2 00000001069dcf90
0x000000016e2b6900:   000000016e2b69f0 00000000000000b9
0x000000016e2b6910:   000000016e2b6970 2d1000011603f34c
0x000000016e2b6920:   0000000785430678 0000000787a81258
0x000000016e2b6930:   000000016e2b6a98 000000019446b630
0x000000016e2b6940:   000000013595a200 00000001069b9db0
0x000000016e2b6950:   000000016e2b6a00 0000000000000001
0x000000016e2b6960:   000000016e2b69a0 00000007853aba10
0x000000016e2b6970:   000000016e2b6a60 000000010ee460d8
0x000000016e2b6980:   0000000787a81258 000000078783e4b0
0x000000016e2b6990:   000000016e2b69f8 00000000000000b6 

Instructions: (pc=0x000000010e4b94f0)
0x000000010e4b93f0:   f2a0d349 f2c00029 6d425935 1e640886
0x000000010e4b9400:   0c402d31 1e6408c7 1f5654d0 1e6c1017
0x000000010e4b9410:   1f5050d0 1f504cd0 1f5048d0 1e650af6
0x000000010e4b9420:   1f50d8f6 1f5694d6 1f5158f6 1e762880
0x000000010e4b9430:   36000501 1e614000 14000026 2e251ca5
0x000000010e4b9440:   d2843009 f2a0d349 f2c00029 6d425d36
0x000000010e4b9450:   1e600806 0c402d32 1f5758c7 1e6c101a
0x000000010e4b9460:   1f4754c7 1e650805 1f4750c7 d2866668
0x000000010e4b9470:   f2a7fa68 1f474cc7 1e6608c0 1f4748c7
0x000000010e4b9480:   1e6e1019 eb08007f 540000ac 1f479400
0x000000010e4b9490:   1f460340 1e603b20 1400000e d2a7fd29
0x000000010e4b94a0:   eb09007f 540000ac 51480069 d3607d29
0x000000010e4b94b0:   9e670121 14000002 1e6a5001 1f679417
0x000000010e4b94c0:   1f668742 1e613b23 1e773857 1e773860
0x000000010e4b94d0:   a8c17ff3 910003bf a8c17bfd d65f03c0
0x000000010e4b94e0:   b9400001 aa0103e0 d65f03c0 f9400001
0x000000010e4b94f0:   aa0103e0 d65f03c0 00000000 00000000
0x000000010e4b9500:   00000000 00000000 00000000 00000000
0x000000010e4b9510:   00000000 00000000 00000000 00000000
0x000000010e4b9520:   00000000 00000000 00000000 00000000
0x000000010e4b9530:   00000000 00000000 00000000 00000000
0x000000010e4b9540:   00000000 00000000 00000000 00000000
0x000000010e4b9550:   00000000 00000000 00000000 00000000
0x000000010e4b9560:   00000000 00000000 00000000 00000000
0x000000010e4b9570:   00000000 00000000 00000000 00000000
0x000000010e4b9580:   00000000 00000000 00000000 00000000
0x000000010e4b9590:   00000000 00000000 00000000 00000000
0x000000010e4b95a0:   00000000 00000000 00000000 00000000
0x000000010e4b95b0:   00000000 00000000 00000000 00000000
0x000000010e4b95c0:   00000000 00000000 00000000 00000000
0x000000010e4b95d0:   00000000 00000000 00000000 00000000
0x000000010e4b95e0:   00000000 00000000 00000000 00000000 


Stack slot to memory mapping:
stack at sp + 0 slots: 0x0000000123d1b388 is pointing into metadata
stack at sp + 1 slots: 0x0000000000000001 is an unknown value
stack at sp + 2 slots: 0x0000000800c2b298 is a pointer to class: 
com.sun.glass.ui.mac.MacApplication {0x0000000800c2b298}
 - instance size:     5
 - klass size:        136
 - access:            final synchronized 
 - state:             fully_initialized
 - name:              'com/sun/glass/ui/mac/MacApplication'
 - super:             'com/sun/glass/ui/Application'
 - sub:               
 - arrays:            NULL
 - methods:           Array<T>(0x0000000123cf5378)
 - method ordering:   Array<T>(0x000000080091a000)
 - default_methods:   Array<T>(0x0000000000000000)
 - local interfaces:  Array<T>(0x0000000123cf5168)
 - trans. interfaces: Array<T>(0x0000000123cf5168)
 - constants:         constant pool [548]/operands[69] {0x0000000123cf4000} for 'com/sun/glass/ui/mac/MacApplication' cache=0x0000000123d18d20
 - class loader data:  loader data: 0x00006000005ac0a0 for instance a 'jdk/internal/loader/ClassLoaders$AppClassLoader'{0x000000078540fd30}
 - source file:       'MacApplication.java'
 - class annotations:       Array<T>(0x0000000000000000)
 - class type annotations:  Array<T>(0x0000000000000000)
 - field annotations:       Array<T>(0x0000000000000000)
 - field type annotations:  Array<T>(0x0000000000000000)
 - inner classes:     Array<T>(0x0000000123cf2270)
 - nest members:     Array<T>(0x0000000123cf22c8)
 - permitted subclasses:     Array<T>(0x00000008005c33d8)
 - java mirror:       a 'java/lang/Class'{0x0000000785430600} = 'com/sun/glass/ui/mac/MacApplication'
 - vtable length      72  (start addr: 0x0000000800c2b468)
 - itable length      5 (start addr: 0x0000000800c2b6a8)
 - ---- static fields (1 words):
 - static final 'BROWSER_PARENT_ID' 'J' @112 
 - ---- non-static fields (7 words):
 - private 'initialActiveEventReceived' 'Z' @12 
 - private 'terminateWhenLastWindowClosed' 'Z' @13 
 - protected 'name' 'Ljava/lang/String;' @16 
 - private 'eventHandler' 'Lcom/sun/glass/ui/Application$EventHandler;' @20 
 - private 'initialOpenedFiles' '[Ljava/lang/String;' @24 
 - private 'isTaskbarApplication' 'Z' @14 
 - private 'firstDidResignActive' 'Z' @15 
 - private final 'invokeLaterDispatcher' 'Lcom/sun/glass/ui/InvokeLaterDispatcher;' @28 
 - private 'appleMenu' 'Lcom/sun/glass/ui/Menu;' @32 
 - private final 'reactivationLatch' 'Ljava/util/concurrent/CountDownLatch;' @36 
 - non-static oop maps: 16-36 
stack at sp + 3 slots: 0x0 is NULL
stack at sp + 4 slots: 0x000000013595d2a8 points into unknown readable memory: 0x0000000106992728 | 28 27 99 06 01 00 00 00
stack at sp + 5 slots: 0x0000000124f044f8 is a global jni handle
stack at sp + 6 slots: 0x0000000124f044f8 is a global jni handle
stack at sp + 7 slots: 0x0000600001fbc700 points into unknown readable memory: 0x00006000036a5730 | 30 57 6a 03 00 60 00 00

StubRoutines::SafeFetchN [0x000000010e4b94ec, 0x000000010e4b94f8] (12 bytes)
[MachCode]
  0x000000010e4b94ec: 0100 40f9 | e003 01aa | c003 5fd6 
[/MachCode]

---------------  P R O C E S S  ---------------

Threads class SMR info:
_java_thread_list=0x000060000344d3e0, length=20, elements={
0x0000000125008a00, 0x0000000126008200, 0x000000012680a400, 0x00000001358c4a00,
0x0000000126009400, 0x000000012700a400, 0x000000012700aa00, 0x000000012700b000,
0x000000012680aa00, 0x0000000126011400, 0x00000001270e9200, 0x0000000126014a00,
0x000000012600ec00, 0x000000013595a200, 0x000000013595d000, 0x00000001350b9e00,
0x00000001350c5a00, 0x0000000135c11e00, 0x0000000135c74e00, 0x00000001250ec800
}

Java Threads: ( => current thread )
  0x0000000125008a00 JavaThread "main" [_thread_blocked, id=9987, stack(0x000000016b294000,0x000000016b497000)]
  0x0000000126008200 JavaThread "Reference Handler" daemon [_thread_blocked, id=16899, stack(0x000000016c0e8000,0x000000016c2eb000)]
  0x000000012680a400 JavaThread "Finalizer" daemon [_thread_blocked, id=15875, stack(0x000000016c2f4000,0x000000016c4f7000)]
  0x00000001358c4a00 JavaThread "Signal Dispatcher" daemon [_thread_blocked, id=42499, stack(0x000000016c618000,0x000000016c81b000)]
  0x0000000126009400 JavaThread "Service Thread" daemon [_thread_blocked, id=42243, stack(0x000000016c824000,0x000000016ca27000)]
  0x000000012700a400 JavaThread "Monitor Deflation Thread" daemon [_thread_blocked, id=41987, stack(0x000000016ca30000,0x000000016cc33000)]
  0x000000012700aa00 JavaThread "C2 CompilerThread0" daemon [_thread_in_native, id=41731, stack(0x000000016cc3c000,0x000000016ce3f000)]
  0x000000012700b000 JavaThread "C1 CompilerThread0" daemon [_thread_blocked, id=23811, stack(0x000000016ce48000,0x000000016d04b000)]
  0x000000012680aa00 JavaThread "Sweeper thread" daemon [_thread_blocked, id=41219, stack(0x000000016d054000,0x000000016d257000)]
  0x0000000126011400 JavaThread "Common-Cleaner" daemon [_thread_blocked, id=40963, stack(0x000000016d260000,0x000000016d463000)]
  0x00000001270e9200 JavaThread "Monitor Ctrl-Break" daemon [_thread_in_native, id=25091, stack(0x000000016d884000,0x000000016da87000)]
  0x0000000126014a00 JavaThread "Notification Thread" daemon [_thread_blocked, id=39939, stack(0x000000016da90000,0x000000016dc93000)]
  0x000000012600ec00 JavaThread "QuantumRenderer-0" daemon [_thread_blocked, id=39171, stack(0x000000016dea8000,0x000000016e0ab000)]
=>0x000000013595a200 JavaThread "InvokeLaterDispatcher" daemon [_thread_in_native, id=34055, stack(0x000000016e0b4000,0x000000016e2b7000)]
  0x000000013595d000 JavaThread "JavaFX Application Thread" [_thread_in_native, id=259, stack(0x000000016aa0c000,0x000000016b208000)]
  0x00000001350b9e00 JavaThread "JavaFX-Launcher" [_thread_blocked, id=74499, stack(0x000000016e558000,0x000000016e75b000)]
  0x00000001350c5a00 JavaThread "Prism Font Disposer" daemon [_thread_blocked, id=71687, stack(0x000000016f1a0000,0x000000016f3a3000)]
  0x0000000135c11e00 JavaThread "Cleaner-0" daemon [_thread_blocked, id=62731, stack(0x000000016f3ac000,0x000000016f5af000)]
  0x0000000135c74e00 JavaThread "Attach Listener" daemon [_thread_blocked, id=24835, stack(0x000000016d46c000,0x000000016d66f000)]
  0x00000001250ec800 JavaThread "PulseTimer-CVDisplayLink thread" daemon [_thread_in_native, id=24635, stack(0x000000016d678000,0x000000016d6fb000)]

Other Threads:
  0x0000000134f0d6b0 VMThread "VM Thread" [stack: 0x000000016bedc000,0x000000016c0df000] [id=17411]
  0x0000000123506f90 WatcherThread [stack: 0x000000016dc9c000,0x000000016de9f000] [id=39683]
  0x0000000134f06520 GCTaskThread "GC Thread#0" [stack: 0x000000016b4a0000,0x000000016b6a3000] [id=19459]
  0x0000000124e1a3b0 GCTaskThread "GC Thread#1" [stack: 0x000000016e764000,0x000000016e967000] [id=55299]
  0x0000000134f2b8f0 GCTaskThread "GC Thread#2" [stack: 0x000000016e970000,0x000000016eb73000] [id=74243]
  0x0000000134f2bd70 GCTaskThread "GC Thread#3" [stack: 0x000000016eb7c000,0x000000016ed7f000] [id=73987]
  0x00000001236169e0 GCTaskThread "GC Thread#4" [stack: 0x000000016ed88000,0x000000016ef8b000] [id=56323]
  0x0000000134f2c1f0 GCTaskThread "GC Thread#5" [stack: 0x000000016ef94000,0x000000016f197000] [id=56579]
  0x0000000134e30ad0 GCTaskThread "GC Thread#6" [stack: 0x000000016f5b8000,0x000000016f7bb000] [id=64003]
  0x0000000134e30f50 GCTaskThread "GC Thread#7" [stack: 0x000000016f7c4000,0x000000016f9c7000] [id=66563]
  0x0000000134f06bd0 ConcurrentGCThread "G1 Main Marker" [stack: 0x000000016b6ac000,0x000000016b8af000] [id=12291]
  0x0000000134f07450 ConcurrentGCThread "G1 Conc#0" [stack: 0x000000016b8b8000,0x000000016babb000] [id=13315]
  0x0000000134f092c0 ConcurrentGCThread "G1 Refine#0" [stack: 0x000000016bac4000,0x000000016bcc7000] [id=19203]
  0x0000000124e20440 ConcurrentGCThread "G1 Refine#1" [stack: 0x000000016f9d0000,0x000000016fbd3000] [id=66051]
  0x000000012350a8e0 ConcurrentGCThread "G1 Refine#2" [stack: 0x000000016fbdc000,0x000000016fddf000] [id=65795]
  0x0000000134f09b60 ConcurrentGCThread "G1 Service" [stack: 0x000000016bcd0000,0x000000016bed3000] [id=14339]

Threads with active compile tasks:
C2 CompilerThread0    14535 3180       4       javafx.scene.Node::updateBounds (174 bytes)

VM state: not at safepoint (normal execution)

VM Mutex/Monitor currently owned by a thread: None

Heap address: 0x0000000780000000, size: 2048 MB, Compressed Oops mode: Zero based, Oop shift amount: 3

CDS archive(s) mapped at: [0x0000000800000000-0x0000000800bd4000-0x0000000800bd4000), size 12402688, SharedBaseAddress: 0x0000000800000000, ArchiveRelocationMode: 0.
Compressed class space mapped at: 0x0000000800c00000-0x0000000840c00000, reserved size: 1073741824
Narrow klass base: 0x0000000800000000, Narrow klass shift: 0, Narrow klass range: 0x100000000

GC Precious Log:
 CPUs: 8 total, 8 available
 Memory: 8192M
 Large Page Support: Disabled
 NUMA Support: Disabled
 Compressed Oops: Enabled (Zero based)
 Heap Region Size: 1M
 Heap Min Capacity: 8M
 Heap Initial Capacity: 128M
 Heap Max Capacity: 2G
 Pre-touch: Disabled
 Parallel Workers: 8
 Concurrent Workers: 2
 Concurrent Refinement Workers: 8
 Periodic GC: Disabled

Heap:
 garbage-first heap   total 133120K, used 18524K [0x0000000780000000, 0x0000000800000000)
  region size 1024K, 14 young (14336K), 6 survivors (6144K)
 Metaspace       used 17221K, committed 17472K, reserved 1064960K
  class space    used 2590K, committed 2688K, reserved 1048576K

Heap Regions: E=young(eden), S=young(survivor), O=old, HS=humongous(starts), HC=humongous(continues), CS=collection set, F=free, OA=open archive, CA=closed archive, TAMS=top-at-mark-start (previous, next)
|   0|0x0000000780000000, 0x0000000780100000, 0x0000000780100000|100%| O|  |TAMS 0x0000000780000000, 0x0000000780000000| Untracked 
|   1|0x0000000780100000, 0x0000000780200000, 0x0000000780200000|100%|HS|  |TAMS 0x0000000780100000, 0x0000000780100000| Complete 
|   2|0x0000000780200000, 0x0000000780300000, 0x0000000780300000|100%|HC|  |TAMS 0x0000000780200000, 0x0000000780200000| Complete 
|   3|0x0000000780300000, 0x0000000780400000, 0x0000000780400000|100%| O|  |TAMS 0x0000000780300000, 0x0000000780300000| Untracked 
|   4|0x0000000780400000, 0x000000078041f200, 0x0000000780500000| 12%| O|  |TAMS 0x0000000780400000, 0x0000000780400000| Untracked 
|   5|0x0000000780500000, 0x0000000780500000, 0x0000000780600000|  0%| F|  |TAMS 0x0000000780500000, 0x0000000780500000| Untracked 
|   6|0x0000000780600000, 0x0000000780600000, 0x0000000780700000|  0%| F|  |TAMS 0x0000000780600000, 0x0000000780600000| Untracked 
|   7|0x0000000780700000, 0x0000000780700000, 0x0000000780800000|  0%| F|  |TAMS 0x0000000780700000, 0x0000000780700000| Untracked 
|   8|0x0000000780800000, 0x0000000780800000, 0x0000000780900000|  0%| F|  |TAMS 0x0000000780800000, 0x0000000780800000| Untracked 
|   9|0x0000000780900000, 0x0000000780900000, 0x0000000780a00000|  0%| F|  |TAMS 0x0000000780900000, 0x0000000780900000| Untracked 
|  10|0x0000000780a00000, 0x0000000780a00000, 0x0000000780b00000|  0%| F|  |TAMS 0x0000000780a00000, 0x0000000780a00000| Untracked 
|  11|0x0000000780b00000, 0x0000000780b00000, 0x0000000780c00000|  0%| F|  |TAMS 0x0000000780b00000, 0x0000000780b00000| Untracked 
|  12|0x0000000780c00000, 0x0000000780c00000, 0x0000000780d00000|  0%| F|  |TAMS 0x0000000780c00000, 0x0000000780c00000| Untracked 
|  13|0x0000000780d00000, 0x0000000780d00000, 0x0000000780e00000|  0%| F|  |TAMS 0x0000000780d00000, 0x0000000780d00000| Untracked 
|  14|0x0000000780e00000, 0x0000000780e00000, 0x0000000780f00000|  0%| F|  |TAMS 0x0000000780e00000, 0x0000000780e00000| Untracked 
|  15|0x0000000780f00000, 0x0000000780f00000, 0x0000000781000000|  0%| F|  |TAMS 0x0000000780f00000, 0x0000000780f00000| Untracked 
|  16|0x0000000781000000, 0x0000000781000000, 0x0000000781100000|  0%| F|  |TAMS 0x0000000781000000, 0x0000000781000000| Untracked 
|  17|0x0000000781100000, 0x0000000781100000, 0x0000000781200000|  0%| F|  |TAMS 0x0000000781100000, 0x0000000781100000| Untracked 
|  18|0x0000000781200000, 0x0000000781200000, 0x0000000781300000|  0%| F|  |TAMS 0x0000000781200000, 0x0000000781200000| Untracked 
|  19|0x0000000781300000, 0x0000000781300000, 0x0000000781400000|  0%| F|  |TAMS 0x0000000781300000, 0x0000000781300000| Untracked 
|  20|0x0000000781400000, 0x0000000781400000, 0x0000000781500000|  0%| F|  |TAMS 0x0000000781400000, 0x0000000781400000| Untracked 
|  21|0x0000000781500000, 0x0000000781500000, 0x0000000781600000|  0%| F|  |TAMS 0x0000000781500000, 0x0000000781500000| Untracked 
|  22|0x0000000781600000, 0x0000000781600000, 0x0000000781700000|  0%| F|  |TAMS 0x0000000781600000, 0x0000000781600000| Untracked 
|  23|0x0000000781700000, 0x0000000781700000, 0x0000000781800000|  0%| F|  |TAMS 0x0000000781700000, 0x0000000781700000| Untracked 
|  24|0x0000000781800000, 0x0000000781800000, 0x0000000781900000|  0%| F|  |TAMS 0x0000000781800000, 0x0000000781800000| Untracked 
|  25|0x0000000781900000, 0x0000000781900000, 0x0000000781a00000|  0%| F|  |TAMS 0x0000000781900000, 0x0000000781900000| Untracked 
|  26|0x0000000781a00000, 0x0000000781a00000, 0x0000000781b00000|  0%| F|  |TAMS 0x0000000781a00000, 0x0000000781a00000| Untracked 
|  27|0x0000000781b00000, 0x0000000781b00000, 0x0000000781c00000|  0%| F|  |TAMS 0x0000000781b00000, 0x0000000781b00000| Untracked 
|  28|0x0000000781c00000, 0x0000000781c00000, 0x0000000781d00000|  0%| F|  |TAMS 0x0000000781c00000, 0x0000000781c00000| Untracked 
|  29|0x0000000781d00000, 0x0000000781d00000, 0x0000000781e00000|  0%| F|  |TAMS 0x0000000781d00000, 0x0000000781d00000| Untracked 
|  30|0x0000000781e00000, 0x0000000781e00000, 0x0000000781f00000|  0%| F|  |TAMS 0x0000000781e00000, 0x0000000781e00000| Untracked 
|  31|0x0000000781f00000, 0x0000000781f00000, 0x0000000782000000|  0%| F|  |TAMS 0x0000000781f00000, 0x0000000781f00000| Untracked 
|  32|0x0000000782000000, 0x0000000782000000, 0x0000000782100000|  0%| F|  |TAMS 0x0000000782000000, 0x0000000782000000| Untracked 
|  33|0x0000000782100000, 0x0000000782100000, 0x0000000782200000|  0%| F|  |TAMS 0x0000000782100000, 0x0000000782100000| Untracked 
|  34|0x0000000782200000, 0x0000000782200000, 0x0000000782300000|  0%| F|  |TAMS 0x0000000782200000, 0x0000000782200000| Untracked 
|  35|0x0000000782300000, 0x0000000782300000, 0x0000000782400000|  0%| F|  |TAMS 0x0000000782300000, 0x0000000782300000| Untracked 
|  36|0x0000000782400000, 0x0000000782400000, 0x0000000782500000|  0%| F|  |TAMS 0x0000000782400000, 0x0000000782400000| Untracked 
|  37|0x0000000782500000, 0x0000000782500000, 0x0000000782600000|  0%| F|  |TAMS 0x0000000782500000, 0x0000000782500000| Untracked 
|  38|0x0000000782600000, 0x0000000782600000, 0x0000000782700000|  0%| F|  |TAMS 0x0000000782600000, 0x0000000782600000| Untracked 
|  39|0x0000000782700000, 0x0000000782700000, 0x0000000782800000|  0%| F|  |TAMS 0x0000000782700000, 0x0000000782700000| Untracked 
|  40|0x0000000782800000, 0x0000000782800000, 0x0000000782900000|  0%| F|  |TAMS 0x0000000782800000, 0x0000000782800000| Untracked 
|  41|0x0000000782900000, 0x0000000782900000, 0x0000000782a00000|  0%| F|  |TAMS 0x0000000782900000, 0x0000000782900000| Untracked 
|  42|0x0000000782a00000, 0x0000000782a00000, 0x0000000782b00000|  0%| F|  |TAMS 0x0000000782a00000, 0x0000000782a00000| Untracked 
|  43|0x0000000782b00000, 0x0000000782b00000, 0x0000000782c00000|  0%| F|  |TAMS 0x0000000782b00000, 0x0000000782b00000| Untracked 
|  44|0x0000000782c00000, 0x0000000782c00000, 0x0000000782d00000|  0%| F|  |TAMS 0x0000000782c00000, 0x0000000782c00000| Untracked 
|  45|0x0000000782d00000, 0x0000000782d00000, 0x0000000782e00000|  0%| F|  |TAMS 0x0000000782d00000, 0x0000000782d00000| Untracked 
|  46|0x0000000782e00000, 0x0000000782e00000, 0x0000000782f00000|  0%| F|  |TAMS 0x0000000782e00000, 0x0000000782e00000| Untracked 
|  47|0x0000000782f00000, 0x0000000782f00000, 0x0000000783000000|  0%| F|  |TAMS 0x0000000782f00000, 0x0000000782f00000| Untracked 
|  48|0x0000000783000000, 0x0000000783000000, 0x0000000783100000|  0%| F|  |TAMS 0x0000000783000000, 0x0000000783000000| Untracked 
|  49|0x0000000783100000, 0x0000000783100000, 0x0000000783200000|  0%| F|  |TAMS 0x0000000783100000, 0x0000000783100000| Untracked 
|  50|0x0000000783200000, 0x0000000783200000, 0x0000000783300000|  0%| F|  |TAMS 0x0000000783200000, 0x0000000783200000| Untracked 
|  51|0x0000000783300000, 0x0000000783300000, 0x0000000783400000|  0%| F|  |TAMS 0x0000000783300000, 0x0000000783300000| Untracked 
|  52|0x0000000783400000, 0x0000000783400000, 0x0000000783500000|  0%| F|  |TAMS 0x0000000783400000, 0x0000000783400000| Untracked 
|  53|0x0000000783500000, 0x0000000783500000, 0x0000000783600000|  0%| F|  |TAMS 0x0000000783500000, 0x0000000783500000| Untracked 
|  54|0x0000000783600000, 0x0000000783600000, 0x0000000783700000|  0%| F|  |TAMS 0x0000000783600000, 0x0000000783600000| Untracked 
|  55|0x0000000783700000, 0x0000000783700000, 0x0000000783800000|  0%| F|  |TAMS 0x0000000783700000, 0x0000000783700000| Untracked 
|  56|0x0000000783800000, 0x0000000783800000, 0x0000000783900000|  0%| F|  |TAMS 0x0000000783800000, 0x0000000783800000| Untracked 
|  57|0x0000000783900000, 0x0000000783900000, 0x0000000783a00000|  0%| F|  |TAMS 0x0000000783900000, 0x0000000783900000| Untracked 
|  58|0x0000000783a00000, 0x0000000783a00000, 0x0000000783b00000|  0%| F|  |TAMS 0x0000000783a00000, 0x0000000783a00000| Untracked 
|  59|0x0000000783b00000, 0x0000000783b00000, 0x0000000783c00000|  0%| F|  |TAMS 0x0000000783b00000, 0x0000000783b00000| Untracked 
|  60|0x0000000783c00000, 0x0000000783c00000, 0x0000000783d00000|  0%| F|  |TAMS 0x0000000783c00000, 0x0000000783c00000| Untracked 
|  61|0x0000000783d00000, 0x0000000783d00000, 0x0000000783e00000|  0%| F|  |TAMS 0x0000000783d00000, 0x0000000783d00000| Untracked 
|  62|0x0000000783e00000, 0x0000000783e00000, 0x0000000783f00000|  0%| F|  |TAMS 0x0000000783e00000, 0x0000000783e00000| Untracked 
|  63|0x0000000783f00000, 0x0000000783f00000, 0x0000000784000000|  0%| F|  |TAMS 0x0000000783f00000, 0x0000000783f00000| Untracked 
|  64|0x0000000784000000, 0x0000000784000000, 0x0000000784100000|  0%| F|  |TAMS 0x0000000784000000, 0x0000000784000000| Untracked 
|  65|0x0000000784100000, 0x0000000784100000, 0x0000000784200000|  0%| F|  |TAMS 0x0000000784100000, 0x0000000784100000| Untracked 
|  66|0x0000000784200000, 0x0000000784200000, 0x0000000784300000|  0%| F|  |TAMS 0x0000000784200000, 0x0000000784200000| Untracked 
|  67|0x0000000784300000, 0x0000000784300000, 0x0000000784400000|  0%| F|  |TAMS 0x0000000784300000, 0x0000000784300000| Untracked 
|  68|0x0000000784400000, 0x0000000784400000, 0x0000000784500000|  0%| F|  |TAMS 0x0000000784400000, 0x0000000784400000| Untracked 
|  69|0x0000000784500000, 0x0000000784500000, 0x0000000784600000|  0%| F|  |TAMS 0x0000000784500000, 0x0000000784500000| Untracked 
|  70|0x0000000784600000, 0x0000000784600000, 0x0000000784700000|  0%| F|  |TAMS 0x0000000784600000, 0x0000000784600000| Untracked 
|  71|0x0000000784700000, 0x0000000784700000, 0x0000000784800000|  0%| F|  |TAMS 0x0000000784700000, 0x0000000784700000| Untracked 
|  72|0x0000000784800000, 0x0000000784800000, 0x0000000784900000|  0%| F|  |TAMS 0x0000000784800000, 0x0000000784800000| Untracked 
|  73|0x0000000784900000, 0x0000000784900000, 0x0000000784a00000|  0%| F|  |TAMS 0x0000000784900000, 0x0000000784900000| Untracked 
|  74|0x0000000784a00000, 0x0000000784a00000, 0x0000000784b00000|  0%| F|  |TAMS 0x0000000784a00000, 0x0000000784a00000| Untracked 
|  75|0x0000000784b00000, 0x0000000784b00000, 0x0000000784c00000|  0%| F|  |TAMS 0x0000000784b00000, 0x0000000784b00000| Untracked 
|  76|0x0000000784c00000, 0x0000000784c00000, 0x0000000784d00000|  0%| F|  |TAMS 0x0000000784c00000, 0x0000000784c00000| Untracked 
|  77|0x0000000784d00000, 0x0000000784d00000, 0x0000000784e00000|  0%| F|  |TAMS 0x0000000784d00000, 0x0000000784d00000| Untracked 
|  78|0x0000000784e00000, 0x0000000784e00000, 0x0000000784f00000|  0%| F|  |TAMS 0x0000000784e00000, 0x0000000784e00000| Untracked 
|  79|0x0000000784f00000, 0x0000000785000000, 0x0000000785000000|100%| S|CS|TAMS 0x0000000784f00000, 0x0000000784f00000| Complete 
|  80|0x0000000785000000, 0x0000000785100000, 0x0000000785100000|100%| S|CS|TAMS 0x0000000785000000, 0x0000000785000000| Complete 
|  81|0x0000000785100000, 0x0000000785200000, 0x0000000785200000|100%| S|CS|TAMS 0x0000000785100000, 0x0000000785100000| Complete 
|  82|0x0000000785200000, 0x0000000785300000, 0x0000000785300000|100%| S|CS|TAMS 0x0000000785200000, 0x0000000785200000| Complete 
|  83|0x0000000785300000, 0x0000000785400000, 0x0000000785400000|100%| S|CS|TAMS 0x0000000785300000, 0x0000000785300000| Complete 
|  84|0x0000000785400000, 0x0000000785500000, 0x0000000785500000|100%| S|CS|TAMS 0x0000000785400000, 0x0000000785400000| Complete 
|  85|0x0000000785500000, 0x0000000785500000, 0x0000000785600000|  0%| F|  |TAMS 0x0000000785500000, 0x0000000785500000| Untracked 
|  86|0x0000000785600000, 0x0000000785600000, 0x0000000785700000|  0%| F|  |TAMS 0x0000000785600000, 0x0000000785600000| Untracked 
|  87|0x0000000785700000, 0x0000000785700000, 0x0000000785800000|  0%| F|  |TAMS 0x0000000785700000, 0x0000000785700000| Untracked 
|  88|0x0000000785800000, 0x0000000785800000, 0x0000000785900000|  0%| F|  |TAMS 0x0000000785800000, 0x0000000785800000| Untracked 
|  89|0x0000000785900000, 0x0000000785900000, 0x0000000785a00000|  0%| F|  |TAMS 0x0000000785900000, 0x0000000785900000| Untracked 
|  90|0x0000000785a00000, 0x0000000785a00000, 0x0000000785b00000|  0%| F|  |TAMS 0x0000000785a00000, 0x0000000785a00000| Untracked 
|  91|0x0000000785b00000, 0x0000000785b00000, 0x0000000785c00000|  0%| F|  |TAMS 0x0000000785b00000, 0x0000000785b00000| Untracked 
|  92|0x0000000785c00000, 0x0000000785c00000, 0x0000000785d00000|  0%| F|  |TAMS 0x0000000785c00000, 0x0000000785c00000| Untracked 
|  93|0x0000000785d00000, 0x0000000785d00000, 0x0000000785e00000|  0%| F|  |TAMS 0x0000000785d00000, 0x0000000785d00000| Untracked 
|  94|0x0000000785e00000, 0x0000000785e00000, 0x0000000785f00000|  0%| F|  |TAMS 0x0000000785e00000, 0x0000000785e00000| Untracked 
|  95|0x0000000785f00000, 0x0000000785f00000, 0x0000000786000000|  0%| F|  |TAMS 0x0000000785f00000, 0x0000000785f00000| Untracked 
|  96|0x0000000786000000, 0x0000000786000000, 0x0000000786100000|  0%| F|  |TAMS 0x0000000786000000, 0x0000000786000000| Untracked 
|  97|0x0000000786100000, 0x0000000786100000, 0x0000000786200000|  0%| F|  |TAMS 0x0000000786100000, 0x0000000786100000| Untracked 
|  98|0x0000000786200000, 0x0000000786200000, 0x0000000786300000|  0%| F|  |TAMS 0x0000000786200000, 0x0000000786200000| Untracked 
|  99|0x0000000786300000, 0x0000000786300000, 0x0000000786400000|  0%| F|  |TAMS 0x0000000786300000, 0x0000000786300000| Untracked 
| 100|0x0000000786400000, 0x0000000786400000, 0x0000000786500000|  0%| F|  |TAMS 0x0000000786400000, 0x0000000786400000| Untracked 
| 101|0x0000000786500000, 0x0000000786500000, 0x0000000786600000|  0%| F|  |TAMS 0x0000000786500000, 0x0000000786500000| Untracked 
| 102|0x0000000786600000, 0x0000000786600000, 0x0000000786700000|  0%| F|  |TAMS 0x0000000786600000, 0x0000000786600000| Untracked 
| 103|0x0000000786700000, 0x0000000786700000, 0x0000000786800000|  0%| F|  |TAMS 0x0000000786700000, 0x0000000786700000| Untracked 
| 104|0x0000000786800000, 0x0000000786800000, 0x0000000786900000|  0%| F|  |TAMS 0x0000000786800000, 0x0000000786800000| Untracked 
| 105|0x0000000786900000, 0x0000000786900000, 0x0000000786a00000|  0%| F|  |TAMS 0x0000000786900000, 0x0000000786900000| Untracked 
| 106|0x0000000786a00000, 0x0000000786a00000, 0x0000000786b00000|  0%| F|  |TAMS 0x0000000786a00000, 0x0000000786a00000| Untracked 
| 107|0x0000000786b00000, 0x0000000786b00000, 0x0000000786c00000|  0%| F|  |TAMS 0x0000000786b00000, 0x0000000786b00000| Untracked 
| 108|0x0000000786c00000, 0x0000000786c00000, 0x0000000786d00000|  0%| F|  |TAMS 0x0000000786c00000, 0x0000000786c00000| Untracked 
| 109|0x0000000786d00000, 0x0000000786d00000, 0x0000000786e00000|  0%| F|  |TAMS 0x0000000786d00000, 0x0000000786d00000| Untracked 
| 110|0x0000000786e00000, 0x0000000786e00000, 0x0000000786f00000|  0%| F|  |TAMS 0x0000000786e00000, 0x0000000786e00000| Untracked 
| 111|0x0000000786f00000, 0x0000000786f00000, 0x0000000787000000|  0%| F|  |TAMS 0x0000000786f00000, 0x0000000786f00000| Untracked 
| 112|0x0000000787000000, 0x0000000787000000, 0x0000000787100000|  0%| F|  |TAMS 0x0000000787000000, 0x0000000787000000| Untracked 
| 113|0x0000000787100000, 0x0000000787100000, 0x0000000787200000|  0%| F|  |TAMS 0x0000000787100000, 0x0000000787100000| Untracked 
| 114|0x0000000787200000, 0x0000000787200000, 0x0000000787300000|  0%| F|  |TAMS 0x0000000787200000, 0x0000000787200000| Untracked 
| 115|0x0000000787300000, 0x0000000787300000, 0x0000000787400000|  0%| F|  |TAMS 0x0000000787300000, 0x0000000787300000| Untracked 
| 116|0x0000000787400000, 0x0000000787400000, 0x0000000787500000|  0%| F|  |TAMS 0x0000000787400000, 0x0000000787400000| Untracked 
| 117|0x0000000787500000, 0x0000000787500000, 0x0000000787600000|  0%| F|  |TAMS 0x0000000787500000, 0x0000000787500000| Untracked 
| 118|0x0000000787600000, 0x0000000787600000, 0x0000000787700000|  0%| F|  |TAMS 0x0000000787600000, 0x0000000787600000| Untracked 
| 119|0x0000000787700000, 0x0000000787700000, 0x0000000787800000|  0%| F|  |TAMS 0x0000000787700000, 0x0000000787700000| Untracked 
| 120|0x0000000787800000, 0x00000007878ac068, 0x0000000787900000| 67%| E|  |TAMS 0x0000000787800000, 0x0000000787800000| Complete 
| 121|0x0000000787900000, 0x0000000787a00000, 0x0000000787a00000|100%| E|CS|TAMS 0x0000000787900000, 0x0000000787900000| Complete 
| 122|0x0000000787a00000, 0x0000000787b00000, 0x0000000787b00000|100%| E|CS|TAMS 0x0000000787a00000, 0x0000000787a00000| Complete 
| 123|0x0000000787b00000, 0x0000000787c00000, 0x0000000787c00000|100%| E|CS|TAMS 0x0000000787b00000, 0x0000000787b00000| Complete 
| 124|0x0000000787c00000, 0x0000000787d00000, 0x0000000787d00000|100%| E|CS|TAMS 0x0000000787c00000, 0x0000000787c00000| Complete 
| 125|0x0000000787d00000, 0x0000000787e00000, 0x0000000787e00000|100%| E|CS|TAMS 0x0000000787d00000, 0x0000000787d00000| Complete 
| 126|0x0000000787e00000, 0x0000000787f00000, 0x0000000787f00000|100%| E|CS|TAMS 0x0000000787e00000, 0x0000000787e00000| Complete 
| 127|0x0000000787f00000, 0x0000000788000000, 0x0000000788000000|100%| E|CS|TAMS 0x0000000787f00000, 0x0000000787f00000| Complete 
|2046|0x00000007ffe00000, 0x00000007ffe78000, 0x00000007fff00000| 46%|OA|  |TAMS 0x00000007ffe00000, 0x00000007ffe00000| Untracked 
|2047|0x00000007fff00000, 0x00000007fff80000, 0x0000000800000000| 50%|CA|  |TAMS 0x00000007fff00000, 0x00000007fff00000| Untracked 

Card table byte_map: [0x0000000105540000,0x0000000105940000] _byte_map_base: 0x0000000101940000

Marking Bits (Prev, Next): (CMBitMap*) 0x0000000135839410, (CMBitMap*) 0x0000000135839450
 Prev Bits: [0x000000011d4b8000, 0x000000011f4b8000)
 Next Bits: [0x000000011f4b8000, 0x00000001214b8000)

Polling page: 0x0000000104d7c000

Metaspace:

Usage:
  Non-class:     14.29 MB used.
      Class:      2.53 MB used.
       Both:     16.82 MB used.

Virtual space:
  Non-class space:       16.00 MB reserved,      14.44 MB ( 90%) committed,  2 nodes.
      Class space:        1.00 GB reserved,       2.62 MB ( <1%) committed,  1 nodes.
             Both:        1.02 GB reserved,      17.06 MB (  2%) committed. 

Chunk freelists:
   Non-Class:  1.17 MB
       Class:  1.19 MB
        Both:  2.36 MB

MaxMetaspaceSize: unlimited
CompressedClassSpaceSize: 1.00 GB
Initial GC threshold: 21.00 MB
Current GC threshold: 21.00 MB
CDS: on
MetaspaceReclaimPolicy: balanced
 - commit_granule_bytes: 65536.
 - commit_granule_words: 8192.
 - virtual_space_node_default_size: 1048576.
 - enlarge_chunks_in_place: 1.
 - new_chunks_are_fully_committed: 0.
 - uncommit_free_chunks: 1.
 - use_allocation_guard: 0.
 - handle_deallocations: 1.


Internal statistics:

num_allocs_failed_limit: 0.
num_arena_births: 200.
num_arena_deaths: 0.
num_vsnodes_births: 3.
num_vsnodes_deaths: 0.
num_space_committed: 273.
num_space_uncommitted: 0.
num_chunks_returned_to_freelist: 0.
num_chunks_taken_from_freelist: 758.
num_chunk_merges: 0.
num_chunk_splits: 554.
num_chunks_enlarged: 457.
num_purges: 0.
num_inconsistent_stats: 0.

CodeHeap 'non-profiled nmethods': size=120032Kb used=1381Kb max_used=1381Kb free=118650Kb
 bounds [0x0000000115f80000, 0x00000001161f0000, 0x000000011d4b8000]
CodeHeap 'profiled nmethods': size=120016Kb used=6832Kb max_used=6832Kb free=113183Kb
 bounds [0x000000010ea4c000, 0x000000010f0fc000, 0x0000000115f80000]
CodeHeap 'non-nmethods': size=5712Kb used=1387Kb max_used=1463Kb free=4324Kb
 bounds [0x000000010e4b8000, 0x000000010e728000, 0x000000010ea4c000]
 total_blobs=3896 nmethods=3115 adapters=697
 compilation: enabled
              stopped_count=0, restarted_count=0
 full_count=0

Compilation events (20 events):
Event: 14.256 Thread 0x000000012700b000 nmethod 3172 0x000000010f0dfe90 code [0x000000010f0e0b40, 0x000000010f0e6738]
Event: 14.256 Thread 0x000000012700b000 3173       3       com.sun.prism.impl.VertexBuffer::addQuad (444 bytes)
Event: 14.257 Thread 0x000000012700b000 nmethod 3173 0x000000010f0e9110 code [0x000000010f0e9340, 0x000000010f0e9ec8]
Event: 14.257 Thread 0x000000012700b000 3171       3       javafx.beans.property.SimpleObjectProperty::<init> (11 bytes)
Event: 14.257 Thread 0x000000012700b000 nmethod 3171 0x000000010f0ea490 code [0x000000010f0ea680, 0x000000010f0eabe8]
Event: 14.257 Thread 0x000000012700b000 3170       3       javafx.scene.text.Text$StyleableProperties$6::getStyleableProperty (9 bytes)
Event: 14.257 Thread 0x000000012700b000 nmethod 3170 0x000000010f0ead90 code [0x000000010f0eaf80, 0x000000010f0eb3d8]
Event: 14.265 Thread 0x000000012700aa00 nmethod 3168 0x00000001160d5390 code [0x00000001160d5680, 0x00000001160d61c0]
Event: 14.265 Thread 0x000000012700aa00 3169       4       java.lang.String::getBytes (44 bytes)
Event: 14.266 Thread 0x000000012700aa00 nmethod 3169 0x00000001160d6990 code [0x00000001160d6b40, 0x00000001160d6dd0]
Event: 14.266 Thread 0x000000012700aa00 3175       4       com.sun.javafx.sg.prism.NGNode::renderForcedContent (1 bytes)
Event: 14.266 Thread 0x000000012700aa00 nmethod 3175 0x00000001160d6f10 code [0x00000001160d7080, 0x00000001160d7120]
Event: 14.266 Thread 0x000000012700aa00 3174       4       com.sun.javafx.geom.RectBounds::getWidth (10 bytes)
Event: 14.267 Thread 0x000000012700aa00 nmethod 3174 0x00000001160d7210 code [0x00000001160d7380, 0x00000001160d7420]
Event: 14.368 Thread 0x000000012700aa00 3176       4       javafx.scene.Node::getLocalBounds (162 bytes)
Event: 14.388 Thread 0x000000012700aa00 nmethod 3176 0x00000001160d7510 code [0x00000001160d7840, 0x00000001160d8700]
Event: 14.516 Thread 0x000000012700b000 3177       3       com.sun.javafx.scene.ParentHelper::processCSSImpl (10 bytes)
Event: 14.516 Thread 0x000000012700aa00 3180       4       javafx.scene.Node::updateBounds (174 bytes)
Event: 14.516 Thread 0x000000012700b000 nmethod 3177 0x000000010f0eb510 code [0x000000010f0eb700, 0x000000010f0eba58]
Event: 14.516 Thread 0x000000012700b000 3179       3       javafx.scene.Parent::doProcessCSS (131 bytes)

GC Heap History (4 events):
Event: 0.312 GC heap before
{Heap before GC invocations=0 (full 0):
 garbage-first heap   total 133120K, used 23520K [0x0000000780000000, 0x0000000800000000)
  region size 1024K, 23 young (23552K), 0 survivors (0K)
 Metaspace       used 6715K, committed 6848K, reserved 1056768K
  class space    used 859K, committed 896K, reserved 1048576K
}
Event: 0.314 GC heap after
{Heap after GC invocations=1 (full 0):
 garbage-first heap   total 133120K, used 4279K [0x0000000780000000, 0x0000000800000000)
  region size 1024K, 3 young (3072K), 3 survivors (3072K)
 Metaspace       used 6715K, committed 6848K, reserved 1056768K
  class space    used 859K, committed 896K, reserved 1048576K
}
Event: 10.606 GC heap before
{Heap before GC invocations=1 (full 0):
 garbage-first heap   total 133120K, used 47287K [0x0000000780000000, 0x0000000800000000)
  region size 1024K, 43 young (44032K), 3 survivors (3072K)
 Metaspace       used 16658K, committed 16960K, reserved 1064960K
  class space    used 2559K, committed 2688K, reserved 1048576K
}
Event: 10.610 GC heap after
{Heap after GC invocations=2 (full 0):
 garbage-first heap   total 133120K, used 11356K [0x0000000780000000, 0x0000000800000000)
  region size 1024K, 6 young (6144K), 6 survivors (6144K)
 Metaspace       used 16658K, committed 16960K, reserved 1064960K
  class space    used 2559K, committed 2688K, reserved 1048576K
}

Deoptimization events (20 events):
Event: 10.629 Thread 0x000000013595d000 Uncommon trap: trap_request=0xffffffd6 fr.pc=0x0000000116097ef0 relative=0x0000000000001930
Event: 10.629 Thread 0x000000013595d000 Uncommon trap: reason=array_check action=maybe_recompile pc=0x0000000116097ef0 method=javafx.css.SimpleSelector.applies(Ljavafx/css/Styleable;[Ljava/util/Set;I)Z @ 37 c2
Event: 10.629 Thread 0x000000013595d000 DEOPT PACKING pc=0x0000000116097ef0 sp=0x000000016b200a20
Event: 10.629 Thread 0x000000013595d000 DEOPT UNPACKING pc=0x000000010e4f6d1c sp=0x000000016b2009f0 mode 2
Event: 10.629 Thread 0x000000013595d000 Uncommon trap: trap_request=0xffffffd6 fr.pc=0x0000000116097ef0 relative=0x0000000000001930
Event: 10.629 Thread 0x000000013595d000 Uncommon trap: reason=array_check action=maybe_recompile pc=0x0000000116097ef0 method=javafx.css.SimpleSelector.applies(Ljavafx/css/Styleable;[Ljava/util/Set;I)Z @ 37 c2
Event: 10.629 Thread 0x000000013595d000 DEOPT PACKING pc=0x0000000116097ef0 sp=0x000000016b200ed0
Event: 10.629 Thread 0x000000013595d000 DEOPT UNPACKING pc=0x000000010e4f6d1c sp=0x000000016b200ea0 mode 2
Event: 10.629 Thread 0x000000013595d000 Uncommon trap: trap_request=0xffffffd6 fr.pc=0x0000000116097ef0 relative=0x0000000000001930
Event: 10.629 Thread 0x000000013595d000 Uncommon trap: reason=array_check action=maybe_recompile pc=0x0000000116097ef0 method=javafx.css.SimpleSelector.applies(Ljavafx/css/Styleable;[Ljava/util/Set;I)Z @ 37 c2
Event: 10.629 Thread 0x000000013595d000 DEOPT PACKING pc=0x0000000116097ef0 sp=0x000000016b200fb0
Event: 10.629 Thread 0x000000013595d000 DEOPT UNPACKING pc=0x000000010e4f6d1c sp=0x000000016b200f80 mode 2
Event: 10.642 Thread 0x000000013595d000 Uncommon trap: trap_request=0xffffff45 fr.pc=0x0000000115f976ec relative=0x000000000000036c
Event: 10.642 Thread 0x000000013595d000 Uncommon trap: reason=unstable_if action=reinterpret pc=0x0000000115f976ec method=java.lang.String.isLatin1()Z @ 10 c2
Event: 10.642 Thread 0x000000013595d000 DEOPT PACKING pc=0x0000000115f976ec sp=0x000000016b201af0
Event: 10.642 Thread 0x000000013595d000 DEOPT UNPACKING pc=0x000000010e4f6d1c sp=0x000000016b201a30 mode 2
Event: 10.680 Thread 0x000000012600ec00 Uncommon trap: trap_request=0xffffff45 fr.pc=0x000000011606248c relative=0x000000000000008c
Event: 10.680 Thread 0x000000012600ec00 Uncommon trap: reason=unstable_if action=reinterpret pc=0x000000011606248c method=com.sun.javafx.geom.RectBounds.isEmpty()Z @ 21 c2
Event: 10.680 Thread 0x000000012600ec00 DEOPT PACKING pc=0x000000011606248c sp=0x000000016e0a8460
Event: 10.680 Thread 0x000000012600ec00 DEOPT UNPACKING pc=0x000000010e4f6d1c sp=0x000000016e0a83f0 mode 2

Classes unloaded (0 events):
No events

Classes redefined (0 events):
No events

Internal exceptions (20 events):
Event: 0.403 Thread 0x000000013595d000 Exception <a 'sun/nio/fs/UnixException'{0x0000000787a502c0}> (0x0000000787a502c0) 
thrown [open/src/hotspot/share/prims/jni.cpp, line 516]
Event: 0.406 Thread 0x000000013595d000 Implicit null exception at 0x0000000115fadaf8 to 0x0000000115fadb88
Event: 0.411 Thread 0x000000013595d000 Implicit null exception at 0x0000000115fc6654 to 0x0000000115fc69ac
Event: 0.455 Thread 0x000000013595d000 Exception <a 'java/lang/NoSuchMethodError'{0x00000007875bd798}: 'java.lang.Object java.lang.invoke.DirectMethodHandle$Holder.invokeInterface(java.lang.Object, java.lang.Object, java.lang.Object)'> (0x00000007875bd798) 
thrown [open/src/hotspot/share/interpreter/linkResolver.cpp, line 766]
Event: 0.455 Thread 0x000000013595d000 Exception <a 'java/lang/IncompatibleClassChangeError'{0x00000007875c1120}: Found class java.lang.Object, but interface was expected> (0x00000007875c1120) 
thrown [open/src/hotspot/share/interpreter/linkResolver.cpp, line 833]
Event: 0.471 Thread 0x000000013595d000 Exception <a 'java/lang/ClassNotFoundException'{0x00000007873df1e8}: com/sun/javafx/scene/control/skin/resources/controls> (0x00000007873df1e8) 
thrown [open/src/hotspot/share/prims/jni.cpp, line 535]
Event: 0.471 Thread 0x000000013595d000 Exception <a 'java/lang/ClassNotFoundException'{0x00000007873ed188}: com/sun/javafx/scene/control/skin/resources/controls_en> (0x00000007873ed188) 
thrown [open/src/hotspot/share/prims/jni.cpp, line 535]
Event: 0.471 Thread 0x000000013595d000 Exception <a 'java/lang/ClassNotFoundException'{0x00000007873ee120}: com/sun/javafx/scene/control/skin/resources/controls_en_GB> (0x00000007873ee120) 
thrown [open/src/hotspot/share/prims/jni.cpp, line 535]
Event: 0.491 Thread 0x000000013595d000 Exception <a 'java/lang/NoSuchMethodError'{0x0000000787013cd0}: 'void java.lang.invoke.DirectMethodHandle$Holder.invokeSpecial(java.lang.Object, java.lang.Object, java.lang.Object, java.lang.Object, java.lang.Object, java.lang.Object)'> (0x0000000787013cd0) 
thrown [open/src/hotspot/share/interpreter/linkResolver.cpp, line 766]
Event: 0.544 Thread 0x000000013595d000 Exception <a 'java/lang/NoSuchMethodError'{0x0000000786a69a30}: 'java.lang.Object java.lang.invoke.DirectMethodHandle$Holder.newInvokeSpecial(java.lang.Object, java.lang.Object, int, int)'> (0x0000000786a69a30) 
thrown [open/src/hotspot/share/interpreter/linkResolver.cpp, line 766]
Event: 0.548 Thread 0x000000013595d000 Exception <a 'java/lang/NoSuchMethodError'{0x0000000786a84cf0}: 'java.lang.Object java.lang.invoke.DirectMethodHandle$Holder.newInvokeSpecial(java.lang.Object, java.lang.Object, int)'> (0x0000000786a84cf0) 
thrown [open/src/hotspot/share/interpreter/linkResolver.cpp, line 766]
Event: 0.581 Thread 0x000000012600ec00 Exception <a 'java/lang/NoSuchMethodError'{0x00000007869e7600}: 'int java.lang.invoke.DirectMethodHandle$Holder.invokeStaticInit(java.lang.Object, java.lang.Object)'> (0x00000007869e7600) 
thrown [open/src/hotspot/share/interpreter/linkResolver.cpp, line 766]
Event: 0.582 Thread 0x000000013595d000 Exception <a 'java/lang/NoSuchMethodError'{0x0000000786576038}: 'long java.lang.invoke.DirectMethodHandle$Holder.invokeStatic(java.lang.Object, java.lang.Object, java.lang.Object)'> (0x0000000786576038) 
thrown [open/src/hotspot/share/interpreter/linkResolver.cpp, line 766]
Event: 0.582 Thread 0x000000013595d000 Exception <a 'java/lang/NoSuchMethodError'{0x00000007865797e0}: 'long java.lang.invoke.DirectMethodHandle$Holder.invokeStaticInit(java.lang.Object, java.lang.Object, java.lang.Object)'> (0x00000007865797e0) 
thrown [open/src/hotspot/share/interpreter/linkResolver.cpp, line 766]
Event: 0.583 Thread 0x000000013595d000 Exception <a 'java/lang/NoSuchMethodError'{0x00000007865913e8}: 'java.lang.Object java.lang.invoke.DirectMethodHandle$Holder.newInvokeSpecial(java.lang.Object, java.lang.Object, long)'> (0x00000007865913e8) 
thrown [open/src/hotspot/share/interpreter/linkResolver.cpp, line 766]
Event: 0.583 Thread 0x000000013595d000 Exception <a 'java/lang/NoSuchMethodError'{0x0000000786594cb0}: 'java.lang.Object java.lang.invoke.Invokers$Holder.linkToTargetMethod(java.lang.Object, long, java.lang.Object)'> (0x0000000786594cb0) 
thrown [open/src/hotspot/share/interpreter/linkResolver.cpp, line 766]
Event: 8.430 Thread 0x000000013595d000 Exception <a 'java/lang/NoSuchMethodError'{0x0000000785f97348}: 'java.lang.Object java.lang.invoke.DirectMethodHandle$Holder.newInvokeSpecial(java.lang.Object, java.lang.Object, int, int, int, int, int, java.lang.Object)'> (0x0000000785f97348) 
thrown [open/src/hotspot/share/interpreter/linkResolver.cpp, line 766]
Event: 8.431 Thread 0x000000013595d000 Exception <a 'java/lang/NoSuchMethodError'{0x0000000785faa328}: 'java.lang.Object java.lang.invoke.DirectMethodHandle$Holder.newInvokeSpecial(java.lang.Object, java.lang.Object, java.lang.Object, int, int, int, int, int)'> (0x0000000785faa328) 
thrown [open/src/hotspot/share/interpreter/linkResolver.cpp, line 766]
Event: 8.431 Thread 0x000000013595d000 Exception <a 'java/lang/NoSuchMethodError'{0x0000000785fb1b88}: 'java.lang.Object java.lang.invoke.Invokers$Holder.linkToTargetMethod(java.lang.Object, java.lang.Object, int, int, int, int, int, java.lang.Object)'> (0x0000000785fb1b88) 
thrown [open/src/hotspot/share/interpreter/linkResolver.cpp, line 766]
Event: 12.586 Thread 0x000000013595d000 Exception <a 'java/lang/NoSuchMethodError'{0x0000000787a6ecb0}: 'java.lang.Object java.lang.invoke.DirectMethodHandle$Holder.newInvokeSpecial(java.lang.Object, java.lang.Object, int, java.lang.Object, double, double, double, double, double, double, int, int, int, int, int, int, int, int)'> (0x0000000787a6ecb0) 
thrown [open/src/hotspot/share/interpreter/linkResolver.cpp, line 766]

VM Operations (20 events):
Event: 8.214 Executing VM operation: Cleanup
Event: 8.214 Executing VM operation: Cleanup done
Event: 9.219 Executing VM operation: Cleanup
Event: 9.220 Executing VM operation: Cleanup done
Event: 10.225 Executing VM operation: Cleanup
Event: 10.225 Executing VM operation: Cleanup done
Event: 10.564 Executing VM operation: HandshakeAllThreads
Event: 10.564 Executing VM operation: HandshakeAllThreads done
Event: 10.592 Executing VM operation: ICBufferFull
Event: 10.592 Executing VM operation: ICBufferFull done
Event: 10.606 Executing VM operation: G1CollectForAllocation
Event: 10.610 Executing VM operation: G1CollectForAllocation done
Event: 10.672 Executing VM operation: ICBufferFull
Event: 10.672 Executing VM operation: ICBufferFull done
Event: 11.677 Executing VM operation: Cleanup
Event: 11.677 Executing VM operation: Cleanup done
Event: 12.683 Executing VM operation: Cleanup
Event: 12.683 Executing VM operation: Cleanup done
Event: 13.688 Executing VM operation: Cleanup
Event: 13.688 Executing VM operation: Cleanup done

Events (20 events):
Event: 10.580 loading class java/security/AllPermissionCollection
Event: 10.580 loading class java/security/AllPermissionCollection done
Event: 10.582 loading class java/io/CharArrayReader
Event: 10.582 loading class java/io/CharArrayReader done
Event: 10.596 Thread 0x0000000135a43600 Thread added: 0x0000000135a43600
Event: 10.596 Protecting memory [0x000000016d678000,0x000000016d684000] with protection modes 0
Event: 10.624 Thread 0x00000001350c5200 Thread added: 0x00000001350c5200
Event: 10.624 Protecting memory [0x000000016fde8000,0x000000016fdf4000] with protection modes 0
Event: 10.845 Protecting memory [0x000000016fde8000,0x000000016fdf4000] with protection modes 3
Event: 10.845 Thread 0x00000001350c5200 Thread exited: 0x00000001350c5200
Event: 10.853 Protecting memory [0x000000016d678000,0x000000016d684000] with protection modes 3
Event: 10.853 Thread 0x0000000135a43600 Thread exited: 0x0000000135a43600
Event: 10.933 Protecting memory [0x000000016e2c0000,0x000000016e2cc000] with protection modes 3
Event: 10.933 Thread 0x00000001350b5800 Thread exited: 0x00000001350b5800
Event: 11.082 Protecting memory [0x000000016d678000,0x000000016d684000] with protection modes 0
Event: 11.082 Thread 0x0000000126831a00 Thread added: 0x0000000126831a00
Event: 11.365 Protecting memory [0x000000016d678000,0x000000016d684000] with protection modes 3
Event: 11.365 Thread 0x0000000126831a00 Thread exited: 0x0000000126831a00
Event: 13.131 Protecting memory [0x000000016d678000,0x000000016d684000] with protection modes 0
Event: 13.131 Thread 0x00000001250ec800 Thread added: 0x00000001250ec800


Dynamic libraries:
0x0000000104d2c000 	/Users/alexbigas/Library/Java/JavaVirtualMachines/openjdk-17.0.1/Contents/Home/lib/libjli.dylib
0x000000019ef12000 	/usr/lib/libz.1.dylib
0x000000019efc9000 	/usr/lib/libSystem.B.dylib
0x000000019efc3000 	/usr/lib/system/libcache.dylib
0x000000019ef81000 	/usr/lib/system/libcommonCrypto.dylib
0x000000019efaa000 	/usr/lib/system/libcompiler_rt.dylib
0x000000019efa1000 	/usr/lib/system/libcopyfile.dylib
0x00000001941e7000 	/usr/lib/system/libcorecrypto.dylib
0x000000019429c000 	/usr/lib/system/libdispatch.dylib
0x000000019446a000 	/usr/lib/system/libdyld.dylib
0x000000019efb9000 	/usr/lib/system/libkeymgr.dylib
0x000000019ef5c000 	/usr/lib/system/libmacho.dylib
0x000000019e64c000 	/usr/lib/system/libquarantine.dylib
0x000000019efb6000 	/usr/lib/system/libremovefile.dylib
0x00000001995e2000 	/usr/lib/system/libsystem_asl.dylib
0x0000000194189000 	/usr/lib/system/libsystem_blocks.dylib
0x0000000194324000 	/usr/lib/system/libsystem_c.dylib
0x000000019efae000 	/usr/lib/system/libsystem_collections.dylib
0x000000019dae1000 	/usr/lib/system/libsystem_configuration.dylib
0x000000019cd3a000 	/usr/lib/system/libsystem_containermanager.dylib
0x000000019ecb9000 	/usr/lib/system/libsystem_coreservices.dylib
0x0000000196b9b000 	/usr/lib/system/libsystem_darwin.dylib
0x000000019efba000 	/usr/lib/system/libsystem_dnssd.dylib
0x0000000194321000 	/usr/lib/system/libsystem_featureflags.dylib
0x000000019447f000 	/usr/lib/system/libsystem_info.dylib
0x000000019ef24000 	/usr/lib/system/libsystem_m.dylib
0x0000000194271000 	/usr/lib/system/libsystem_malloc.dylib
0x0000000199570000 	/usr/lib/system/libsystem_networkextension.dylib
0x0000000196ff4000 	/usr/lib/system/libsystem_notify.dylib
0x00000001a531d000 	/usr/lib/system/libsystem_product_info_filter.dylib
0x000000019dae6000 	/usr/lib/system/libsystem_sandbox.dylib
0x000000019efb3000 	/usr/lib/system/libsystem_secinit.dylib
0x0000000194425000 	/usr/lib/system/libsystem_kernel.dylib
0x0000000194477000 	/usr/lib/system/libsystem_platform.dylib
0x000000019445d000 	/usr/lib/system/libsystem_pthread.dylib
0x000000019ad46000 	/usr/lib/system/libsystem_symptoms.dylib
0x00000001941cd000 	/usr/lib/system/libsystem_trace.dylib
0x000000019ef8e000 	/usr/lib/system/libunwind.dylib
0x000000019418b000 	/usr/lib/system/libxpc.dylib
0x000000019440d000 	/usr/lib/libc++abi.dylib
0x00000001942e3000 	/usr/lib/libobjc.A.dylib
0x000000019ef99000 	/usr/lib/liboah.dylib
0x00000001943a6000 	/usr/lib/libc++.1.dylib
0x00000001aae4c000 	/System/Library/Frameworks/Cocoa.framework/Versions/A/Cocoa
0x0000000197055000 	/System/Library/Frameworks/AppKit.framework/Versions/C/AppKit
0x000000019a56c000 	/System/Library/Frameworks/CoreData.framework/Versions/A/CoreData
0x00000001953b0000 	/System/Library/Frameworks/Foundation.framework/Versions/C/Foundation
0x0000000197f0e000 	/System/Library/PrivateFrameworks/UIFoundation.framework/Versions/A/UIFoundation
0x00000001a5017000 	/System/Library/PrivateFrameworks/RemoteViewServices.framework/Versions/A/RemoteViewServices
0x000000019d488000 	/System/Library/PrivateFrameworks/XCTTargetBootstrap.framework/Versions/A/XCTTargetBootstrap
0x00000001a0d0b000 	/System/Library/PrivateFrameworks/InternationalSupport.framework/Versions/A/InternationalSupport
0x00000001a0d94000 	/System/Library/PrivateFrameworks/UserActivity.framework/Versions/A/UserActivity
0x00000001a0200000 	/usr/lib/libspindump.dylib
0x000000019817f000 	/System/Library/Frameworks/UniformTypeIdentifiers.framework/Versions/A/UniformTypeIdentifiers
0x000000019b9d0000 	/usr/lib/libapp_launch_measurement.dylib
0x000000019aef8000 	/System/Library/PrivateFrameworks/CoreAnalytics.framework/Versions/A/CoreAnalytics
0x000000019b9d3000 	/System/Library/PrivateFrameworks/CoreAutoLayout.framework/Versions/A/CoreAutoLayout
0x000000019cd77000 	/System/Library/Frameworks/Metal.framework/Versions/A/Metal
0x000000019daf1000 	/usr/lib/liblangid.dylib
0x000000019d48d000 	/System/Library/PrivateFrameworks/CoreSVG.framework/Versions/A/CoreSVG
0x0000000199616000 	/System/Library/PrivateFrameworks/SkyLight.framework/Versions/A/SkyLight
0x00000001999f2000 	/System/Library/Frameworks/CoreGraphics.framework/Versions/A/CoreGraphics
0x00000001a56e3000 	/System/Library/Frameworks/Accelerate.framework/Versions/A/Accelerate
0x000000019fc77000 	/System/Library/PrivateFrameworks/IconServices.framework/Versions/A/IconServices
0x000000019cd59000 	/System/Library/Frameworks/IOSurface.framework/Versions/A/IOSurface
0x000000019af29000 	/usr/lib/libDiagnosticMessagesClient.dylib
0x00000001a8be9000 	/System/Library/Frameworks/ApplicationServices.framework/Versions/A/ApplicationServices
0x000000019d470000 	/System/Library/PrivateFrameworks/DFRFoundation.framework/Versions/A/DFRFoundation
0x00000001968e5000 	/usr/lib/libicucore.A.dylib
0x00000001a1bb9000 	/System/Library/Frameworks/AudioToolbox.framework/Versions/A/AudioToolbox
0x00000001a0d17000 	/System/Library/PrivateFrameworks/DataDetectorsCore.framework/Versions/A/DataDetectorsCore
0x00000001b7735000 	/System/Library/PrivateFrameworks/TextInput.framework/Versions/A/TextInput
0x000000019958b000 	/usr/lib/libMobileGestalt.dylib
0x000000019d13c000 	/System/Library/Frameworks/Carbon.framework/Versions/A/Frameworks/HIToolbox.framework/Versions/A/HIToolbox
0x000000019b3a9000 	/System/Library/Frameworks/QuartzCore.framework/Versions/A/QuartzCore
0x0000000196566000 	/System/Library/Frameworks/Security.framework/Versions/A/Security
0x00000001a5057000 	/System/Library/Frameworks/Carbon.framework/Versions/A/Frameworks/SpeechRecognition.framework/Versions/A/SpeechRecognition
0x000000019b725000 	/System/Library/PrivateFrameworks/CoreUI.framework/Versions/A/CoreUI
0x0000000195e42000 	/System/Library/Frameworks/CoreAudio.framework/Versions/A/CoreAudio
0x000000019b01d000 	/System/Library/Frameworks/DiskArbitration.framework/Versions/A/DiskArbitration
0x00000001a060a000 	/System/Library/PrivateFrameworks/MultitouchSupport.framework/Versions/A/MultitouchSupport
0x0000000199589000 	/usr/lib/libenergytrace.dylib
0x0000000196f1d000 	/System/Library/Frameworks/IOKit.framework/Versions/A/IOKit
0x00000001a5446000 	/System/Library/Frameworks/CoreServices.framework/Versions/A/CoreServices
0x000000019b960000 	/System/Library/PrivateFrameworks/PerformanceAnalysis.framework/Versions/A/PerformanceAnalysis
0x00000001f5bdf000 	/System/Library/Frameworks/OpenGL.framework/Versions/A/OpenGL
0x000000019e564000 	/System/Library/PrivateFrameworks/MobileKeyBag.framework/Versions/A/MobileKeyBag
0x000000019a000000 	/System/Library/Frameworks/ColorSync.framework/Versions/A/ColorSync
0x00000001944ac000 	/System/Library/Frameworks/CoreFoundation.framework/Versions/A/CoreFoundation
0x000000019d70d000 	/System/Library/Frameworks/CoreImage.framework/Versions/A/CoreImage
0x0000000195c66000 	/System/Library/Frameworks/CoreText.framework/Versions/A/CoreText
0x000000019d4bd000 	/System/Library/Frameworks/ImageIO.framework/Versions/A/ImageIO
0x000000019efcf000 	/System/Library/PrivateFrameworks/SoftLinking.framework/Versions/A/SoftLinking
0x000000019ba1e000 	/usr/lib/libxml2.2.dylib
0x000000019f268000 	/usr/lib/libcompression.dylib
0x00000001a0c67000 	/System/Library/PrivateFrameworks/TextureIO.framework/Versions/A/TextureIO
0x000000019f990000 	/usr/lib/libate.dylib
0x000000019f855000 	/usr/lib/liblzma.5.dylib
0x00000001950a3000 	/System/Library/Frameworks/SystemConfiguration.framework/Versions/A/SystemConfiguration
0x000000019efcb000 	/usr/lib/libfakelink.dylib
0x00000001990bb000 	/System/Library/Frameworks/CFNetwork.framework/Versions/A/CFNetwork
0x000000019f111000 	/usr/lib/libarchive.2.dylib
0x000000019daed000 	/System/Library/PrivateFrameworks/AppleSystemInfo.framework/Versions/A/AppleSystemInfo
0x000000019e677000 	/usr/lib/libbsm.0.dylib
0x0000000198628000 	/usr/lib/libnetwork.dylib
0x000000019ef65000 	/usr/lib/system/libkxld.dylib
0x000000019e291000 	/System/Library/PrivateFrameworks/IOMobileFramebuffer.framework/Versions/A/IOMobileFramebuffer
0x0000000213fce000 	/usr/lib/libCoreEntitlements.dylib
0x000000019ec9b000 	/System/Library/PrivateFrameworks/AppleFSCompression.framework/Versions/A/AppleFSCompression
0x000000019e65f000 	/usr/lib/libcoretls.dylib
0x000000019f86e000 	/usr/lib/libcoretls_cfhelpers.dylib
0x000000019f263000 	/usr/lib/libpam.2.dylib
0x000000019a95c000 	/usr/lib/libsqlite3.dylib
0x000000019f8d7000 	/usr/lib/libxar.1.dylib
0x000000019ecac000 	/usr/lib/libbz2.1.0.dylib
0x000000019efd0000 	/usr/lib/libpcap.A.dylib
0x000000019ad3d000 	/usr/lib/libdns_services.dylib
0x000000019f236000 	/usr/lib/libapple_nghttp2.dylib
0x000000019f00d000 	/usr/lib/libiconv.2.dylib
0x000000019ef5b000 	/usr/lib/libcharset.1.dylib
0x000000019b99c000 	/System/Library/Frameworks/CoreServices.framework/Versions/A/Frameworks/FSEvents.framework/Versions/A/FSEvents
0x0000000196ba6000 	/System/Library/Frameworks/CoreServices.framework/Versions/A/Frameworks/CarbonCore.framework/Versions/A/CarbonCore
0x000000019af7d000 	/System/Library/Frameworks/CoreServices.framework/Versions/A/Frameworks/Metadata.framework/Versions/A/Metadata
0x000000019ecbf000 	/System/Library/Frameworks/CoreServices.framework/Versions/A/Frameworks/OSServices.framework/Versions/A/OSServices
0x000000019f197000 	/System/Library/Frameworks/CoreServices.framework/Versions/A/Frameworks/SearchKit.framework/Versions/A/SearchKit
0x000000019accb000 	/System/Library/Frameworks/CoreServices.framework/Versions/A/Frameworks/AE.framework/Versions/A/AE
0x00000001949f3000 	/System/Library/Frameworks/CoreServices.framework/Versions/A/Frameworks/LaunchServices.framework/Versions/A/LaunchServices
0x000000019f7fe000 	/System/Library/Frameworks/CoreServices.framework/Versions/A/Frameworks/DictionaryServices.framework/Versions/A/DictionaryServices
0x000000019b9a9000 	/System/Library/Frameworks/CoreServices.framework/Versions/A/Frameworks/SharedFileList.framework/Versions/A/SharedFileList
0x000000019e64f000 	/usr/lib/libCheckFix.dylib
0x00000001995fa000 	/System/Library/PrivateFrameworks/TCC.framework/Versions/A/TCC
0x000000019daf3000 	/System/Library/PrivateFrameworks/CoreNLP.framework/Versions/A/CoreNLP
0x000000019af2c000 	/System/Library/PrivateFrameworks/MetadataUtilities.framework/Versions/A/MetadataUtilities
0x000000019515d000 	/usr/lib/libmecabra.dylib
0x000000019e688000 	/usr/lib/libmecab.dylib
0x0000000195129000 	/usr/lib/libCRFSuite.dylib
0x000000019e6e5000 	/usr/lib/libgermantok.dylib
0x000000019f20f000 	/usr/lib/libThaiTokenizer.dylib
0x000000019b025000 	/System/Library/Frameworks/Accelerate.framework/Versions/A/Frameworks/vImage.framework/Versions/A/vImage
0x00000001a541d000 	/System/Library/Frameworks/Accelerate.framework/Versions/A/Frameworks/vecLib.framework/Versions/A/vecLib
0x000000019f91c000 	/System/Library/Frameworks/Accelerate.framework/Versions/A/Frameworks/vecLib.framework/Versions/A/libvMisc.dylib
0x000000019e198000 	/System/Library/Frameworks/Accelerate.framework/Versions/A/Frameworks/vecLib.framework/Versions/A/libvDSP.dylib
0x0000000194d7e000 	/System/Library/Frameworks/Accelerate.framework/Versions/A/Frameworks/vecLib.framework/Versions/A/libBLAS.dylib
0x000000019f339000 	/System/Library/Frameworks/Accelerate.framework/Versions/A/Frameworks/vecLib.framework/Versions/A/libLAPACK.dylib
0x000000019e6e8000 	/System/Library/Frameworks/Accelerate.framework/Versions/A/Frameworks/vecLib.framework/Versions/A/libLinearAlgebra.dylib
0x000000019f24e000 	/System/Library/Frameworks/Accelerate.framework/Versions/A/Frameworks/vecLib.framework/Versions/A/libSparseBLAS.dylib
0x000000019f334000 	/System/Library/Frameworks/Accelerate.framework/Versions/A/Frameworks/vecLib.framework/Versions/A/libQuadrature.dylib
0x000000019dbec000 	/System/Library/Frameworks/Accelerate.framework/Versions/A/Frameworks/vecLib.framework/Versions/A/libBNNS.dylib
0x000000019503c000 	/System/Library/Frameworks/Accelerate.framework/Versions/A/Frameworks/vecLib.framework/Versions/A/libSparse.dylib
0x000000019dbe4000 	/System/Library/PrivateFrameworks/LinguisticData.framework/Versions/A/LinguisticData
0x0000000194ff4000 	/System/Library/PrivateFrameworks/Lexicon.framework/Versions/A/Lexicon
0x000000019f914000 	/usr/lib/libChineseTokenizer.dylib
0x00000001957a2000 	/System/Library/PrivateFrameworks/LanguageModeling.framework/Versions/A/LanguageModeling
0x000000019f211000 	/System/Library/PrivateFrameworks/AppleSauce.framework/Versions/A/AppleSauce
0x000000019e27e000 	/System/Library/PrivateFrameworks/CoreEmoji.framework/Versions/A/CoreEmoji
0x000000019f0ff000 	/usr/lib/libcmph.dylib
0x000000019b97c000 	/System/Library/Frameworks/OpenDirectory.framework/Versions/A/Frameworks/CFOpenDirectory.framework/Versions/A/CFOpenDirectory
0x000000019b96c000 	/System/Library/Frameworks/OpenDirectory.framework/Versions/A/OpenDirectory
0x000000019f870000 	/System/Library/PrivateFrameworks/APFS.framework/Versions/A/APFS
0x000000019e59f000 	/System/Library/Frameworks/SecurityFoundation.framework/Versions/A/SecurityFoundation
0x000000019f8e6000 	/usr/lib/libutil.dylib
0x0000000196edf000 	/System/Library/PrivateFrameworks/CoreServicesStore.framework/Versions/A/CoreServicesStore
0x000000019f8ea000 	/usr/lib/libxslt.1.dylib
0x000000019e633000 	/System/Library/PrivateFrameworks/BackgroundTaskManagement.framework/Versions/A/BackgroundTaskManagement
0x00000001a0b88000 	/System/Library/Frameworks/ImageIO.framework/Versions/A/Resources/libRadiance.dylib
0x00000001a0b91000 	/System/Library/Frameworks/ImageIO.framework/Versions/A/Resources/libJPEG.dylib
0x00000001a0ae2000 	/System/Library/Frameworks/ImageIO.framework/Versions/A/Resources/libPng.dylib
0x00000001a0b04000 	/System/Library/Frameworks/ImageIO.framework/Versions/A/Resources/libTIFF.dylib
0x00000001a0bec000 	/System/Library/Frameworks/ImageIO.framework/Versions/A/Resources/libGIF.dylib
0x00000001a051a000 	/System/Library/Frameworks/ImageIO.framework/Versions/A/Resources/libJP2.dylib
0x000000019fc3c000 	/usr/lib/libexpat.1.dylib
0x00000001a04d5000 	/System/Library/PrivateFrameworks/AppleJPEG.framework/Versions/A/AppleJPEG
0x000000019cff8000 	/System/Library/PrivateFrameworks/FontServices.framework/libFontParser.dylib
0x000000019ac70000 	/System/Library/PrivateFrameworks/RunningBoardServices.framework/Versions/A/RunningBoardServices
0x00000001ab523000 	/System/Library/PrivateFrameworks/IOSurfaceAccelerator.framework/Versions/A/IOSurfaceAccelerator
0x00000001a0606000 	/System/Library/PrivateFrameworks/WatchdogClient.framework/Versions/A/WatchdogClient
0x00000001958a2000 	/System/Library/Frameworks/CoreDisplay.framework/Versions/A/CoreDisplay
0x000000019cee2000 	/System/Library/Frameworks/CoreMedia.framework/Versions/A/CoreMedia
0x000000019cd6d000 	/System/Library/PrivateFrameworks/IOAccelerator.framework/Versions/A/IOAccelerator
0x000000019bb0c000 	/System/Library/Frameworks/CoreVideo.framework/Versions/A/CoreVideo
0x000000019f261000 	/System/Library/Frameworks/MetalPerformanceShaders.framework/Versions/A/MetalPerformanceShaders
0x00000001a0645000 	/System/Library/Frameworks/VideoToolbox.framework/Versions/A/VideoToolbox
0x000000019abb4000 	/System/Library/PrivateFrameworks/BaseBoard.framework/Versions/A/BaseBoard
0x000000019a942000 	/System/Library/PrivateFrameworks/ProtocolBuffer.framework/Versions/A/ProtocolBuffer
0x00000001a0b83000 	/System/Library/PrivateFrameworks/GPUWrangler.framework/Versions/A/GPUWrangler
0x00000001a0b63000 	/System/Library/PrivateFrameworks/IOPresentment.framework/Versions/A/IOPresentment
0x00000001a0b8b000 	/System/Library/PrivateFrameworks/DSExternalDisplay.framework/Versions/A/DSExternalDisplay
0x00000001f5bd2000 	/System/Library/Frameworks/OpenGL.framework/Versions/A/Libraries/libCoreFSCache.dylib
0x0000000200a9c000 	/System/Library/PrivateFrameworks/GPUCompiler.framework/Versions/31001/Libraries/libGPUCompilerUtils.dylib
0x00000001a0bf1000 	/System/Library/PrivateFrameworks/CMCaptureCore.framework/Versions/A/CMCaptureCore
0x00000001a01ed000 	/System/Library/PrivateFrameworks/AppServerSupport.framework/Versions/A/AppServerSupport
0x00000001a2477000 	/System/Library/PrivateFrameworks/perfdata.framework/Versions/A/perfdata
0x00000001959c2000 	/System/Library/PrivateFrameworks/AudioToolboxCore.framework/Versions/A/AudioToolboxCore
0x000000019cebb000 	/System/Library/PrivateFrameworks/caulk.framework/Versions/A/caulk
0x00000001a1d6c000 	/usr/lib/libAudioStatistics.dylib
0x00000001b3d88000 	/System/Library/PrivateFrameworks/SystemPolicy.framework/Versions/A/SystemPolicy
0x00000001a1fd8000 	/usr/lib/libSMC.dylib
0x00000001aad2a000 	/System/Library/Frameworks/CoreMIDI.framework/Versions/A/CoreMIDI
0x00000001a0ab0000 	/usr/lib/libAudioToolboxUtility.dylib
0x00000001afeeb000 	/System/Library/PrivateFrameworks/OSAServicesClient.framework/Versions/A/OSAServicesClient
0x00000001a2484000 	/usr/lib/libperfcheck.dylib
0x00000001b48a7000 	/usr/lib/libmis.dylib
0x00000001f5c34000 	/System/Library/Frameworks/OpenGL.framework/Versions/A/Libraries/libGLU.dylib
0x00000001f5bf3000 	/System/Library/Frameworks/OpenGL.framework/Versions/A/Libraries/libGFXShared.dylib
0x00000001f5de0000 	/System/Library/Frameworks/OpenGL.framework/Versions/A/Libraries/libGL.dylib
0x00000001f5bfc000 	/System/Library/Frameworks/OpenGL.framework/Versions/A/Libraries/libGLImage.dylib
0x00000001f5bf0000 	/System/Library/Frameworks/OpenGL.framework/Versions/A/Libraries/libCVMSPluginSupport.dylib
0x00000001f5bd9000 	/System/Library/Frameworks/OpenGL.framework/Versions/A/Libraries/libCoreVMClient.dylib
0x000000019da6d000 	/System/Library/Frameworks/MetalPerformanceShaders.framework/Versions/A/Frameworks/MPSCore.framework/Versions/A/MPSCore
0x000000019ec0e000 	/System/Library/Frameworks/MetalPerformanceShaders.framework/Versions/A/Frameworks/MPSImage.framework/Versions/A/MPSImage
0x000000019e6fd000 	/System/Library/Frameworks/MetalPerformanceShaders.framework/Versions/A/Frameworks/MPSNeuralNetwork.framework/Versions/A/MPSNeuralNetwork
0x000000019eb36000 	/System/Library/Frameworks/MetalPerformanceShaders.framework/Versions/A/Frameworks/MPSMatrix.framework/Versions/A/MPSMatrix
0x000000019e90f000 	/System/Library/Frameworks/MetalPerformanceShaders.framework/Versions/A/Frameworks/MPSRayIntersector.framework/Versions/A/MPSRayIntersector
0x000000019eb67000 	/System/Library/Frameworks/MetalPerformanceShaders.framework/Versions/A/Frameworks/MPSNDArray.framework/Versions/A/MPSNDArray
0x00000001f86db000 	/System/Library/Frameworks/MetalPerformanceShaders.framework/Versions/A/Frameworks/MPSFunctions.framework/Versions/A/MPSFunctions
0x0000000194c54000 	/System/Library/PrivateFrameworks/MetalTools.framework/Versions/A/MetalTools
0x000000019daeb000 	/System/Library/PrivateFrameworks/AggregateDictionary.framework/Versions/A/AggregateDictionary
0x000000019fa21000 	/usr/lib/libIOReport.dylib
0x00000001a9d43000 	/System/Library/PrivateFrameworks/ASEProcessing.framework/Versions/A/ASEProcessing
0x000000019fd96000 	/System/Library/PrivateFrameworks/FaceCore.framework/Versions/A/FaceCore
0x000000019fd88000 	/System/Library/PrivateFrameworks/GraphVisualizer.framework/Versions/A/GraphVisualizer
0x00000002009b3000 	/System/Library/PrivateFrameworks/FontServices.framework/Versions/A/FontServices
0x00000001a01a9000 	/System/Library/PrivateFrameworks/OTSVG.framework/Versions/A/OTSVG
0x000000019b6d5000 	/System/Library/Frameworks/ApplicationServices.framework/Versions/A/Frameworks/ATS.framework/Versions/A/Resources/libFontRegistry.dylib
0x00000001a01f6000 	/System/Library/PrivateFrameworks/FontServices.framework/libhvf.dylib
0x00000002009b4000 	/System/Library/PrivateFrameworks/FontServices.framework/libXTFontStaticRegistryData.dylib
0x00000001f5f81000 	/System/Library/Frameworks/OpenCL.framework/Versions/A/OpenCL
0x000000019fbf0000 	/System/Library/PrivateFrameworks/AppleVA.framework/Versions/A/AppleVA
0x00000001a1d94000 	/System/Library/Frameworks/ApplicationServices.framework/Versions/A/Frameworks/ATS.framework/Versions/A/ATS
0x000000019a0ff000 	/System/Library/Frameworks/ApplicationServices.framework/Versions/A/Frameworks/HIServices.framework/Versions/A/HIServices
0x00000001a0bfb000 	/System/Library/Frameworks/ApplicationServices.framework/Versions/A/Frameworks/PrintCore.framework/Versions/A/PrintCore
0x00000001a212b000 	/System/Library/Frameworks/ApplicationServices.framework/Versions/A/Frameworks/QD.framework/Versions/A/QD
0x00000001a2123000 	/System/Library/Frameworks/ApplicationServices.framework/Versions/A/Frameworks/ColorSyncLegacy.framework/Versions/A/ColorSyncLegacy
0x00000001a1d80000 	/System/Library/Frameworks/ApplicationServices.framework/Versions/A/Frameworks/SpeechSynthesis.framework/Versions/A/SpeechSynthesis
0x00000001a0bbc000 	/System/Library/Frameworks/ApplicationServices.framework/Versions/A/Frameworks/ATSUI.framework/Versions/A/ATSUI
0x00000001a20b8000 	/usr/lib/libcups.2.dylib
0x00000001a2492000 	/System/Library/Frameworks/Kerberos.framework/Versions/A/Kerberos
0x00000001a24a3000 	/System/Library/Frameworks/GSS.framework/Versions/A/GSS
0x00000001a1e04000 	/usr/lib/libresolv.9.dylib
0x00000001a0205000 	/System/Library/PrivateFrameworks/Heimdal.framework/Versions/A/Heimdal
0x00000001a8f79000 	/System/Library/Frameworks/Kerberos.framework/Versions/A/Libraries/libHeimdalProxy.dylib
0x000000019ad4f000 	/System/Library/Frameworks/Network.framework/Versions/A/Network
0x000000019fc57000 	/usr/lib/libheimdal-asn1.dylib
0x00000001a24f3000 	/System/Library/PrivateFrameworks/CommonAuth.framework/Versions/A/CommonAuth
0x00000001a1cfa000 	/System/Library/PrivateFrameworks/AudioSession.framework/Versions/A/AudioSession
0x000000019fce9000 	/System/Library/PrivateFrameworks/MediaExperience.framework/Versions/A/MediaExperience
0x00000001a1b7f000 	/System/Library/PrivateFrameworks/AudioSession.framework/libSessionUtility.dylib
0x00000001a2137000 	/System/Library/PrivateFrameworks/AudioResourceArbitration.framework/Versions/A/AudioResourceArbitration
0x00000001a62fa000 	/System/Library/PrivateFrameworks/PowerLog.framework/Versions/A/PowerLog
0x000000019fc61000 	/System/Library/PrivateFrameworks/IconFoundation.framework/Versions/A/IconFoundation
0x00000001a5043000 	/System/Library/PrivateFrameworks/SpeechRecognitionCore.framework/Versions/A/SpeechRecognitionCore
0x0000000105e2c000 	/Users/alexbigas/Library/Java/JavaVirtualMachines/openjdk-17.0.1/Contents/Home/lib/server/libjvm.dylib
0x0000000104d90000 	/Users/alexbigas/Library/Java/JavaVirtualMachines/openjdk-17.0.1/Contents/Home/lib/libjimage.dylib
0x0000000104dbc000 	/Users/alexbigas/Library/Java/JavaVirtualMachines/openjdk-17.0.1/Contents/Home/lib/libinstrument.dylib
0x0000000104e08000 	/Users/alexbigas/Library/Java/JavaVirtualMachines/openjdk-17.0.1/Contents/Home/lib/libjava.dylib
0x0000000104e3c000 	/Users/alexbigas/Library/Java/JavaVirtualMachines/openjdk-17.0.1/Contents/Home/lib/libnio.dylib
0x0000000105da8000 	/Users/alexbigas/Library/Java/JavaVirtualMachines/openjdk-17.0.1/Contents/Home/lib/libnet.dylib
0x0000000104df0000 	/Users/alexbigas/Library/Java/JavaVirtualMachines/openjdk-17.0.1/Contents/Home/lib/libzip.dylib
0x0000000104e5c000 	/Users/alexbigas/.openjfx/cache/17.0.1/libprism_es2.dylib
0x0000000196ea2000 	/System/Library/PrivateFrameworks/CoreServicesInternal.framework/Versions/A/CoreServicesInternal
0x00000001f5dea000 	/System/Library/Frameworks/OpenGL.framework/Versions/A/Resources/GLEngine.bundle/GLEngine
0x00000001f5c72000 	/System/Library/Frameworks/OpenGL.framework/Versions/A/Libraries/libGLProgrammability.dylib
0x0000000124940000 	/System/Library/Extensions/AppleMetalOpenGLRenderer.bundle/Contents/MacOS/AppleMetalOpenGLRenderer
0x00000001f5f59000 	/System/Library/Frameworks/OpenGL.framework/Versions/A/Resources/GLRendererFloat.bundle/GLRendererFloat
0x00000001f6059000 	/System/Library/Extensions/AGXMetal13_3.bundle/Contents/MacOS/AGXMetal13_3
0x00000001b48c3000 	/System/Library/PrivateFrameworks/GPURawCounter.framework/Versions/A/GPURawCounter
0x00000001af054000 	/System/Library/PrivateFrameworks/IOGPU.framework/Versions/A/IOGPU
0x00000001248a4000 	/Users/alexbigas/.openjfx/cache/17.0.1/libglass.dylib
0x00000001a6552000 	/System/Library/Frameworks/FileProvider.framework/Versions/A/FileProvider
0x000000019ab1c000 	/System/Library/Frameworks/Accounts.framework/Versions/A/Accounts
0x00000001a66d6000 	/System/Library/PrivateFrameworks/GenerationalStorage.framework/Versions/A/GenerationalStorage
0x00000001a7299000 	/System/Library/PrivateFrameworks/CoreSymbolication.framework/Versions/A/CoreSymbolication
0x00000001a62ee000 	/System/Library/PrivateFrameworks/SymptomDiagnosticReporter.framework/Versions/A/SymptomDiagnosticReporter
0x0000000198193000 	/System/Library/PrivateFrameworks/DesktopServicesPriv.framework/Versions/A/DesktopServicesPriv
0x0000000197004000 	/usr/lib/libsandbox.1.dylib
0x000000019bb9a000 	/System/Library/PrivateFrameworks/UserManagement.framework/Versions/A/UserManagement
0x00000001a7256000 	/System/Library/PrivateFrameworks/DebugSymbols.framework/Versions/A/DebugSymbols
0x00000001a2116000 	/System/Library/PrivateFrameworks/NetAuth.framework/Versions/A/NetAuth
0x00000001a3034000 	/System/Library/PrivateFrameworks/Sharing.framework/Versions/A/Sharing
0x000000019bb6a000 	/System/Library/PrivateFrameworks/login.framework/Versions/A/Frameworks/loginsupport.framework/Versions/A/loginsupport
0x00000001a848d000 	/System/Library/PrivateFrameworks/Apple80211.framework/Versions/A/Apple80211
0x000000019ecf2000 	/System/Library/PrivateFrameworks/AuthKit.framework/Versions/A/AuthKit
0x000000019e37a000 	/System/Library/PrivateFrameworks/CoreUtils.framework/Versions/A/CoreUtils
0x000000019e29d000 	/System/Library/Frameworks/CoreWLAN.framework/Versions/A/CoreWLAN
0x00000001a31a4000 	/System/Library/Frameworks/IOBluetooth.framework/Versions/A/IOBluetooth
0x00000001a84ed000 	/System/Library/PrivateFrameworks/CoreWiFi.framework/Versions/A/CoreWiFi
0x00000001a6e36000 	/System/Library/PrivateFrameworks/FrontBoardServices.framework/Versions/A/FrontBoardServices
0x00000001a6ece000 	/System/Library/PrivateFrameworks/BoardServices.framework/Versions/A/BoardServices
0x000000019e58d000 	/System/Library/PrivateFrameworks/AssertionServices.framework/Versions/A/AssertionServices
0x00000001a866a000 	/System/Library/PrivateFrameworks/BackBoardServices.framework/Versions/A/BackBoardServices
0x00000001a258a000 	/System/Library/PrivateFrameworks/CorePhoneNumbers.framework/Versions/A/CorePhoneNumbers
0x00000001a1e31000 	/System/Library/PrivateFrameworks/MultiverseSupport.framework/Versions/A/MultiverseSupport
0x00000001a88ec000 	/System/Library/PrivateFrameworks/RemoteServiceDiscovery.framework/Versions/A/RemoteServiceDiscovery
0x00000001a641e000 	/System/Library/PrivateFrameworks/DiskManagement.framework/Versions/A/DiskManagement
0x00000001a6321000 	/System/Library/PrivateFrameworks/AppleIDAuthSupport.framework/Versions/A/AppleIDAuthSupport
0x00000001faf18000 	/System/Library/PrivateFrameworks/AAAFoundation.framework/Versions/A/AAAFoundation
0x00000001a2569000 	/System/Library/PrivateFrameworks/KeychainCircle.framework/Versions/A/KeychainCircle
0x00000001a88fc000 	/System/Library/PrivateFrameworks/RemoteXPC.framework/Versions/A/RemoteXPC
0x00000001a63ea000 	/System/Library/PrivateFrameworks/MediaKit.framework/Versions/A/MediaKit
0x00000001a632e000 	/System/Library/Frameworks/DiscRecording.framework/Versions/A/DiscRecording
0x000000019fb6c000 	/usr/lib/libCoreStorage.dylib
0x00000001a8968000 	/usr/lib/libcsfde.dylib
0x00000001a3279000 	/System/Library/PrivateFrameworks/ProtectedCloudStorage.framework/Versions/A/ProtectedCloudStorage
0x00000001a8960000 	/System/Library/PrivateFrameworks/EFILogin.framework/Versions/A/EFILogin
0x00000001a66fd000 	/System/Library/PrivateFrameworks/OctagonTrust.framework/Versions/A/OctagonTrust
0x00000001ffb3a000 	/System/Library/PrivateFrameworks/CoreUtilsExtras.framework/Versions/A/CoreUtilsExtras
0x00000001a6253000 	/System/Library/Frameworks/CoreBluetooth.framework/Versions/A/CoreBluetooth
0x00000001a8ffe000 	/System/Library/Frameworks/AudioUnit.framework/Versions/A/AudioUnit
0x000000019fb64000 	/usr/lib/libMatch.1.dylib
0x00000001b8dab000 	/System/Library/Frameworks/Accelerate.framework/Versions/A/Frameworks/vImage.framework/Versions/A/Libraries/libCGInterfaces.dylib
0x0000000124de0000 	/usr/lib/libobjc-trampolines.dylib
0x000000019b864000 	/System/Library/PrivateFrameworks/ViewBridge.framework/Versions/A/ViewBridge
0x000000019fa2a000 	/System/Library/PrivateFrameworks/CrashReporterSupport.framework/Versions/A/CrashReporterSupport
0x00000001c0862000 	/System/Library/PrivateFrameworks/OSAnalytics.framework/Versions/A/OSAnalytics
0x00000001cbbcf000 	/System/Library/PrivateFrameworks/Symbolication.framework/Versions/A/Symbolication
0x00000001b4884000 	/System/Library/PrivateFrameworks/MallocStackLogging.framework/Versions/A/MallocStackLogging
0x000000013668c000 	/Users/alexbigas/.openjfx/cache/17.0.1/libjavafx_font.dylib
0x00000001a02c8000 	/System/Library/PrivateFrameworks/login.framework/Versions/A/login
0x000000021412b000 	/usr/lib/libRosetta.dylib
0x00000001a576c000 	/System/Library/PrivateFrameworks/SystemAdministration.framework/Versions/A/SystemAdministration
0x00000001a0e02000 	/System/Library/Frameworks/MediaToolbox.framework/Versions/A/MediaToolbox
0x00000001a500b000 	/System/Library/Frameworks/DirectoryService.framework/Versions/A/DirectoryService
0x00000001a87f4000 	/System/Library/PrivateFrameworks/DiskImages.framework/Versions/A/DiskImages
0x000000019e63e000 	/System/Library/Frameworks/ServiceManagement.framework/Versions/A/ServiceManagement
0x00000001a89de000 	/System/Library/PrivateFrameworks/LoginUIKit.framework/Versions/A/Frameworks/LoginUICore.framework/Versions/A/LoginUICore
0x00000001a047e000 	/usr/lib/libodfde.dylib
0x00000001a651e000 	/System/Library/PrivateFrameworks/CoreAVCHD.framework/Versions/A/CoreAVCHD
0x00000001a572e000 	/System/Library/Frameworks/MediaAccessibility.framework/Versions/A/MediaAccessibility
0x00000001a651a000 	/System/Library/PrivateFrameworks/Mangrove.framework/Versions/A/Mangrove
0x00000001a573b000 	/System/Library/PrivateFrameworks/AlgosScoreFramework.framework/Versions/A/AlgosScoreFramework
0x00000001fcc1d000 	/System/Library/PrivateFrameworks/CMPhoto.framework/Versions/A/CMPhoto
0x00000001a650e000 	/System/Library/PrivateFrameworks/CoreAUC.framework/Versions/A/CoreAUC
0x00000001a8974000 	/usr/lib/libcurl.4.dylib
0x00000002144d3000 	/usr/lib/libcrypto.46.dylib
0x000000021497c000 	/usr/lib/libssl.48.dylib
0x00000001a868a000 	/System/Library/Frameworks/LDAP.framework/Versions/A/LDAP
0x00000001a86c6000 	/System/Library/PrivateFrameworks/TrustEvaluationAgent.framework/Versions/A/TrustEvaluationAgent
0x00000001a1e1d000 	/usr/lib/libsasl2.2.dylib
0x00000001a5761000 	/System/Library/PrivateFrameworks/CoreDaemon.framework/Versions/B/CoreDaemon
0x00000001a575b000 	/System/Library/PrivateFrameworks/AppleSRP.framework/Versions/A/AppleSRP


VM Arguments:
jvm_args: -javaagent:/Applications/IntelliJ IDEA CE.app/Contents/lib/idea_rt.jar=54573:/Applications/IntelliJ IDEA CE.app/Contents/bin -Dfile.encoding=UTF-8 --module-path=/Users/alexbigas/.m2/repository/org/openjfx/javafx-graphics/17.0.1/javafx-graphics-17.0.1-mac-aarch64.jar:/Users/alexbigas/Desktop/kursach_demo/target/classes:/Users/alexbigas/.m2/repository/org/openjfx/javafx-base/17.0.1/javafx-base-17.0.1-mac-aarch64.jar:/Users/alexbigas/.m2/repository/org/openjfx/javafx-fxml/17.0.1/javafx-fxml-17.0.1-mac-aarch64.jar:/Users/alexbigas/.m2/repository/org/openjfx/javafx-controls/17.0.1/javafx-controls-17.0.1-mac-aarch64.jar -Djdk.module.main=com.example.kursach_demo 
java_command: com.example.kursach_demo/com.example.kursach_demo.Main
java_class_path (initial): /Users/alexbigas/.m2/repository/org/openjfx/javafx-controls/17.0.1/javafx-controls-17.0.1.jar:/Users/alexbigas/.m2/repository/org/openjfx/javafx-graphics/17.0.1/javafx-graphics-17.0.1.jar:/Users/alexbigas/.m2/repository/org/openjfx/javafx-base/17.0.1/javafx-base-17.0.1.jar:/Users/alexbigas/.m2/repository/org/openjfx/javafx-fxml/17.0.1/javafx-fxml-17.0.1.jar
Launcher Type: SUN_STANDARD

[Global flags]
     intx CICompilerCount                          = 4                                         {product} {ergonomic}
     uint ConcGCThreads                            = 2                                         {product} {ergonomic}
     uint G1ConcRefinementThreads                  = 8                                         {product} {ergonomic}
   size_t G1HeapRegionSize                         = 1048576                                   {product} {ergonomic}
    uintx GCDrainStackTargetSize                   = 64                                        {product} {ergonomic}
   size_t InitialHeapSize                          = 134217728                                 {product} {ergonomic}
   size_t MarkStackSize                            = 4194304                                   {product} {ergonomic}
   size_t MaxHeapSize                              = 2147483648                                {product} {ergonomic}
   size_t MaxNewSize                               = 1287651328                                {product} {ergonomic}
   size_t MinHeapDeltaBytes                        = 1048576                                   {product} {ergonomic}
   size_t MinHeapSize                              = 8388608                                   {product} {ergonomic}
    uintx NonNMethodCodeHeapSize                   = 5839564                                {pd product} {ergonomic}
    uintx NonProfiledCodeHeapSize                  = 122909338                              {pd product} {ergonomic}
    uintx ProfiledCodeHeapSize                     = 122909338                              {pd product} {ergonomic}
    uintx ReservedCodeCacheSize                    = 251658240                              {pd product} {ergonomic}
     bool SegmentedCodeCache                       = true                                      {product} {ergonomic}
   size_t SoftMaxHeapSize                          = 2147483648                             {manageable} {ergonomic}
     bool UseCompressedClassPointers               = true                           {product lp64_product} {ergonomic}
     bool UseCompressedOops                        = true                           {product lp64_product} {ergonomic}
     bool UseG1GC                                  = true                                      {product} {ergonomic}
     bool UseNUMA                                  = false                                     {product} {ergonomic}
     bool UseNUMAInterleaving                      = false                                     {product} {ergonomic}

Logging:
Log output configuration:
 #0: stdout all=warning uptime,level,tags
 #1: stderr all=off uptime,level,tags

Environment Variables:
PATH=/usr/local/bin:/usr/bin:/bin:/usr/sbin:/sbin:/Library/Apple/usr/bin
SHELL=/bin/zsh
LC_CTYPE=en_GB.UTF-8

Signal Handlers:
   SIGSEGV: _ZL13crash_handleriP9__siginfoPv in libjvm.dylib, mask=11100110000111110111111111111111, flags=SA_RESTART|SA_SIGINFO
    SIGBUS: _ZL13crash_handleriP9__siginfoPv in libjvm.dylib, mask=11100110000111110111111111111111, flags=SA_RESTART|SA_SIGINFO
    SIGFPE: _ZL13crash_handleriP9__siginfoPv in libjvm.dylib, mask=11100110000111110111111111111111, flags=SA_RESTART|SA_SIGINFO
   SIGPIPE: _ZL17javaSignalHandleriP9__siginfoPv in libjvm.dylib, mask=11100110000111110111111111111111, flags=SA_RESTART|SA_SIGINFO
   SIGXFSZ: _ZL17javaSignalHandleriP9__siginfoPv in libjvm.dylib, mask=11100110000111110111111111111111, flags=SA_RESTART|SA_SIGINFO
    SIGILL: _ZL13crash_handleriP9__siginfoPv in libjvm.dylib, mask=11100110000111110111111111111111, flags=SA_RESTART|SA_SIGINFO
   SIGUSR2: _ZL10SR_handleriP9__siginfoP17__darwin_ucontext in libjvm.dylib, mask=00100000000000000000000000000000, flags=SA_RESTART|SA_SIGINFO
    SIGHUP: _ZL11UserHandleriPvS_ in libjvm.dylib, mask=11100110000111110111111111111111, flags=SA_RESTART|SA_SIGINFO
    SIGINT: _ZL11UserHandleriPvS_ in libjvm.dylib, mask=11100110000111110111111111111111, flags=SA_RESTART|SA_SIGINFO
   SIGTERM: _ZL11UserHandleriPvS_ in libjvm.dylib, mask=11100110000111110111111111111111, flags=SA_RESTART|SA_SIGINFO
   SIGQUIT: _ZL11UserHandleriPvS_ in libjvm.dylib, mask=11100110000111110111111111111111, flags=SA_RESTART|SA_SIGINFO
   SIGTRAP: _ZL13crash_handleriP9__siginfoPv in libjvm.dylib, mask=11100110000111110111111111111111, flags=SA_RESTART|SA_SIGINFO


---------------  S Y S T E M  ---------------

OS:
uname: Darwin 21.6.0 Darwin Kernel Version 21.6.0: Mon Aug 22 20:20:05 PDT 2022; root:xnu-8020.140.49~2/RELEASE_ARM64_T8101 arm64
OS uptime: 3 days 11:22 hours
rlimit (soft/hard): STACK 8176k/65520k , CORE 0k/infinity , NPROC 1333/2000 , NOFILE 10240/infinity , AS infinity/infinity , CPU infinity/infinity , DATA infinity/infinity , FSIZE infinity/infinity , MEMLOCK infinity/infinity , RSS infinity/infinity
load average: 1.88 1.93 1.72

CPU: total 8 (initial active 8) 0x61:0x0:0x1b588bb3:0, fp, simd, crc, lse

Memory: 16k page, physical 8388608k(968256k free), swap 2097152k(1333952k free)

vm_info: OpenJDK 64-Bit Server VM (17.0.1+12-39) for bsd-aarch64 JRE (17.0.1+12-39), built on Sep 27 2021 17:36:05 by "mach5one" with clang Apple LLVM 12.0.0 (clang-1200.0.32.29)

END.
