#
# A fatal error has been detected by the Java Runtime Environment:
#
#  SIGBUS (0xa) at pc=0x00000001310014f0, pid=15048, tid=29451
#
# JRE version: OpenJDK Runtime Environment (17.0.1+12) (build 17.0.1+12-39)
# Java VM: OpenJDK 64-Bit Server VM (17.0.1+12-39, mixed mode, sharing, tiered, compressed oops, compressed class ptrs, g1 gc, bsd-aarch64)
# Problematic frame:
# v  ~StubRoutines::SafeFetchN
#
# No core dump will be written. Core dumps have been disabled. To enable core dumping, try "ulimit -c unlimited" before starting Java again
#
# If you would like to submit a bug report, please visit:
#   https://bugreport.java.com/bugreport/crash.jsp
# The crash happened outside the Java Virtual Machine in native code.
# See problematic frame for where to report the bug.
#

---------------  S U M M A R Y ------------

Command Line: -javaagent:/Applications/IntelliJ IDEA CE.app/Contents/lib/idea_rt.jar=57744:/Applications/IntelliJ IDEA CE.app/Contents/bin -Dfile.encoding=UTF-8 --module-path=/Users/alexbigas/.m2/repository/org/openjfx/javafx-controls/17.0.1/javafx-controls-17.0.1-mac-aarch64.jar:/Users/alexbigas/.m2/repository/org/openjfx/javafx-fxml/17.0.1/javafx-fxml-17.0.1-mac-aarch64.jar:/Users/alexbigas/.m2/repository/org/openjfx/javafx-graphics/17.0.1/javafx-graphics-17.0.1-mac-aarch64.jar:/Users/alexbigas/.m2/repository/org/openjfx/javafx-base/17.0.1/javafx-base-17.0.1-mac-aarch64.jar:/Users/alexbigas/Desktop/kursach_demo/target/classes -Djdk.module.main=com.example.kursach_demo com.example.kursach_demo/com.example.kursach_demo.Main

Host: "MacBookAir10,1" arm64 1 MHz, 8 cores, 8G, Darwin 21.6.0, macOS 12.6 (21G115)
Time: Mon Nov  7 17:10:46 2022 EET elapsed time: 18.410784 seconds (0d 0h 0m 18s)

---------------  T H R E A D  ---------------

Current thread (0x0000000130816e00):  JavaThread "InvokeLaterDispatcher" daemon [_thread_in_native, id=29451, stack(0x000000016e5f0000,0x000000016e7f3000)]

Stack: [0x000000016e5f0000,0x000000016e7f3000],  sp=0x000000016e7f2770,  free space=2057k
Native frames: (J=compiled Java code, j=interpreted, Vv=VM code, C=native code)
v  ~StubRoutines::SafeFetchN
V  [libjvm.dylib+0x7a068c]  _ZN10OopStorage7releaseEPKP7oopDesc+0x20
V  [libjvm.dylib+0x4b98c4]  jni_DeleteGlobalRef+0xd8
C  [libglass.dylib+0xab08]  -[GlassRunnable dealloc]+0x34
C  [Foundation+0x852b8]  -[_NSThreadPerformInfo dealloc]+0x30
C  [Foundation+0x51824]  -[NSObject(NSThreadPerformAdditions) performSelectorOnMainThread:withObject:waitUntilDone:]+0x88
C  0x631e8001310098ac
J 3232 c1 com.sun.glass.ui.mac.MacApplication.submitForLaterInvocation(Ljava/lang/Runnable;)V javafx.graphics (6 bytes) @ 0x0000000131c3c158 [0x0000000131c3c0c0+0x0000000000000098]
C  0x0000000785321f08

Java frames: (J=compiled Java code, j=interpreted, Vv=VM code)
j  com.sun.glass.ui.mac.MacApplication._submitForLaterInvocation(Ljava/lang/Runnable;)V+0 javafx.graphics
J 3232 c1 com.sun.glass.ui.mac.MacApplication.submitForLaterInvocation(Ljava/lang/Runnable;)V javafx.graphics (6 bytes) @ 0x0000000131c3c158 [0x0000000131c3c0c0+0x0000000000000098]
j  com.sun.glass.ui.InvokeLaterDispatcher.run()V+82 javafx.graphics
v  ~StubRoutines::call_stub

siginfo: si_signo: 10 (SIGBUS), si_code: 1 (BUS_ADRALN), si_addr: 0x00000001310014f0

Register to memory mapping:

 x0=0x000000010ee05e48 is a global jni handle
 x1=0x0 is NULL
 x2=0x0000000787b82e60 is an oop: com.sun.glass.ui.InvokeLaterDispatcher$Future 
{0x0000000787b82e60} - klass: 'com/sun/glass/ui/InvokeLaterDispatcher$Future'
 - ---- fields (total size 3 words):
 - private 'done' 'Z' @12  true
 - private final 'runnable' 'Ljava/lang/Runnable;' @16  a 'com/sun/javafx/application/PlatformImpl$$Lambda$92+0x0000000800c82600'{0x00000007877d6860} (f0efad0c)
 - final synthetic 'this$0' 'Lcom/sun/glass/ui/InvokeLaterDispatcher;' @20  a 'com/sun/glass/ui/InvokeLaterDispatcher'{0x0000000785321f08} (f0a643e1)
 x3=0x0 is NULL
 x4=0x00000000000130a8 is an unknown value
 x5=0x0 is NULL
 x6=0x0 is NULL
 x7=0x0 is NULL
 x8=0x00000001310014ec is at begin+0 in a stub
StubRoutines::SafeFetchN [0x00000001310014ec, 0x00000001310014f8] (12 bytes)
 x9=0x0 is NULL
x10=0x2010000030300000 is an unknown value
x11=0x0000000000000007 is an unknown value
x12=0x0000000000000005 is an unknown value
x13=0x0000600001ad4bc0 points into unknown readable memory: 0x116f00010de8e9e8 | e8 e9 e8 0d 01 00 6f 11
x14=0x00001c0000000000 is an unknown value
x15=0x000000010dec9f98: OBJC_CLASS_$_GlassRunnable+0 in /Users/alexbigas/.openjfx/cache/17.0.1/libglass.dylib at 0x000000010de84000
x16=0x000000018c2c70fc: pthread_getspecific+0 in /usr/lib/system/libsystem_pthread.dylib at 0x000000018c2c5000
x17=0x00006000010d9380 points into unknown readable memory: 0xfffffffffffffffe | fe ff ff ff ff ff ff ff
x18=0x0 is NULL
x19=0x0000600001fdc5b0 points into unknown readable memory: 0x00006000036c5720 | 20 57 6c 03 00 60 00 00
x20=0x000000010ee05c40 points into unknown readable memory: 0x0000000000000000 | 00 00 00 00 00 00 00 00
x21=0x000000010ee05e48 is a global jni handle
x22=0x0000000130816e00 is a thread
x23=0x0000000000000001 is an unknown value
x24=0x000000010ee05e00 is a global jni handle
x25=0x00000001061955d8: _ZN12StubRoutines17_safefetchN_entryE+0 in /Users/alexbigas/Library/Java/JavaVirtualMachines/openjdk-17.0.1/Contents/Home/lib/server/libjvm.dylib at 0x00000001055ec000
x26=0x000000011e919550 is pointing into metadata
x27=0x0 is NULL
x28=0x0000000130816e00 is a thread


Registers:
 x0=0x000000010ee05e48  x1=0x0000000000000000  x2=0x0000000787b82e60  x3=0x0000000000000000
 x4=0x00000000000130a8  x5=0x0000000000000000  x6=0x0000000000000000  x7=0x0000000000000000
 x8=0x00000001310014ec  x9=0x0000000000000000 x10=0x2010000030300000 x11=0x0000000000000007
x12=0x0000000000000005 x13=0x0000600001ad4bc0 x14=0x00001c0000000000 x15=0x000000010dec9f98
x16=0x000000018c2c70fc x17=0x00006000010d9380 x18=0x0000000000000000 x19=0x0000600001fdc5b0
x20=0x000000010ee05c40 x21=0x000000010ee05e48 x22=0x0000000130816e00 x23=0x0000000000000001
x24=0x000000010ee05e00 x25=0x00000001061955d8 x26=0x000000011e919550 x27=0x0000000000000000
x28=0x0000000130816e00  fp=0x000000016e7f27b0  lr=0x0000000105d8b45c  sp=0x000000016e7f2770
pc=0x00000001310014f0 cpsr=0x0000000060001000
Top of Stack: (sp=0x000000016e7f2770)
0x000000016e7f2770:   000000011e919550 0000000000000001
0x000000016e7f2780:   000000016e7f2978 0000000000000000
0x000000016e7f2790:   00000001308150a8 000000010ee05e30
0x000000016e7f27a0:   000000010ee05e30 0000600001fdc5b0
0x000000016e7f27b0:   000000016e7f27f0 0000000105d8c68c
0x000000016e7f27c0:   0000000000000001 000000010ee05e30
0x000000016e7f27d0:   00000001308150a8 000000010ee05e30
0x000000016e7f27e0:   0000000000000001 0000000130814e00
0x000000016e7f27f0:   000000016e7f2830 0000000105aa58c4
0x000000016e7f2800:   000000016e7f2978 00006000036c9da0
0x000000016e7f2810:   00006000036c9db0 00000001d6609909
0x000000016e7f2820:   0000000000000000 00006000036c9db0
0x000000016e7f2830:   000000016e7f2860 000000010de8eb08
0x000000016e7f2840:   8abce7ac24b10003 0000000000000000
0x000000016e7f2850:   0000000000000000 000060000210e600
0x000000016e7f2860:   000000016e7f28a0 000000018d29d2b8
0x000000016e7f2870:   000000016e7f2978 00006000036c9da0
0x000000016e7f2880:   00006000036c9db0 8abce7ac24b10003
0x000000016e7f2890:   0000000000000000 0000000000000000
0x000000016e7f28a0:   000000016e7f28e0 671500018d269824
0x000000016e7f28b0:   000000016e7f2978 00000001310087c0
0x000000016e7f28c0:   0000000000000000 000000010619cf90
0x000000016e7f28d0:   000000016e7f28f0 0000000131007730
0x000000016e7f28e0:   000000016e7f2950 631e8001310098ac
0x000000016e7f28f0:   0000000130816e00 0000000000000000
0x000000016e7f2900:   000000016e7f2900 0000000000000000
0x000000016e7f2910:   000000016e7f2978 000000011e919550
0x000000016e7f2920:   000000078511fcf8 0000000000000000
0x000000016e7f2930:   0000000000000000 000000011e8f7a60
0x000000016e7f2940:   0000000000000000 000000016e7f2980
0x000000016e7f2950:   000000016e7f2a60 0000000131c3c158
0x000000016e7f2960:   0000000000000000 0000000000000000 

Instructions: (pc=0x00000001310014f0)
0x00000001310013f0:   f2a0c2c9 f2c00029 6d425935 1e640886
0x0000000131001400:   0c402d31 1e6408c7 1f5654d0 1e6c1017
0x0000000131001410:   1f5050d0 1f504cd0 1f5048d0 1e650af6
0x0000000131001420:   1f50d8f6 1f5694d6 1f5158f6 1e762880
0x0000000131001430:   36000501 1e614000 14000026 2e251ca5
0x0000000131001440:   d2843009 f2a0c2c9 f2c00029 6d425d36
0x0000000131001450:   1e600806 0c402d32 1f5758c7 1e6c101a
0x0000000131001460:   1f4754c7 1e650805 1f4750c7 d2866668
0x0000000131001470:   f2a7fa68 1f474cc7 1e6608c0 1f4748c7
0x0000000131001480:   1e6e1019 eb08007f 540000ac 1f479400
0x0000000131001490:   1f460340 1e603b20 1400000e d2a7fd29
0x00000001310014a0:   eb09007f 540000ac 51480069 d3607d29
0x00000001310014b0:   9e670121 14000002 1e6a5001 1f679417
0x00000001310014c0:   1f668742 1e613b23 1e773857 1e773860
0x00000001310014d0:   a8c17ff3 910003bf a8c17bfd d65f03c0
0x00000001310014e0:   b9400001 aa0103e0 d65f03c0 f9400001
0x00000001310014f0:   aa0103e0 d65f03c0 00000000 00000000
0x0000000131001500:   00000000 00000000 00000000 00000000
0x0000000131001510:   00000000 00000000 00000000 00000000
0x0000000131001520:   00000000 00000000 00000000 00000000
0x0000000131001530:   00000000 00000000 00000000 00000000
0x0000000131001540:   00000000 00000000 00000000 00000000
0x0000000131001550:   00000000 00000000 00000000 00000000
0x0000000131001560:   00000000 00000000 00000000 00000000
0x0000000131001570:   00000000 00000000 00000000 00000000
0x0000000131001580:   00000000 00000000 00000000 00000000
0x0000000131001590:   00000000 00000000 00000000 00000000
0x00000001310015a0:   00000000 00000000 00000000 00000000
0x00000001310015b0:   00000000 00000000 00000000 00000000
0x00000001310015c0:   00000000 00000000 00000000 00000000
0x00000001310015d0:   00000000 00000000 00000000 00000000
0x00000001310015e0:   00000000 00000000 00000000 00000000 


Stack slot to memory mapping:
stack at sp + 0 slots: 0x000000011e919550 is pointing into metadata
stack at sp + 1 slots: 0x0000000000000001 is an unknown value
stack at sp + 2 slots: 0x000000016e7f2978 is pointing into the stack for thread: 0x0000000130816e00
stack at sp + 3 slots: 0x0 is NULL
stack at sp + 4 slots: 0x00000001308150a8 points into unknown readable memory: 0x0000000106152728 | 28 27 15 06 01 00 00 00
stack at sp + 5 slots: 0x000000010ee05e30 is a global jni handle
stack at sp + 6 slots: 0x000000010ee05e30 is a global jni handle
stack at sp + 7 slots: 0x0000600001fdc5b0 points into unknown readable memory: 0x00006000036c5720 | 20 57 6c 03 00 60 00 00

StubRoutines::SafeFetchN [0x00000001310014ec, 0x00000001310014f8] (12 bytes)
[MachCode]
  0x00000001310014ec: 0100 40f9 | e003 01aa | c003 5fd6 
[/MachCode]

---------------  P R O C E S S  ---------------

Threads class SMR info:
_java_thread_list=0x00006000034271c0, length=20, elements={
0x000000011f012000, 0x000000010f008600, 0x000000011f0b3c00, 0x000000010f009c00,
0x000000012f00e800, 0x000000012f00d600, 0x000000012f00dc00, 0x000000012f00e200,
0x000000012f019000, 0x000000010f818800, 0x000000012f0abe00, 0x000000010e00c200,
0x000000012f00f400, 0x0000000130816e00, 0x0000000130814e00, 0x000000010f0d5a00,
0x0000000130ab1400, 0x000000012f3fce00, 0x000000010f115e00, 0x000000010f81c800
}

Java Threads: ( => current thread )
  0x000000011f012000 JavaThread "main" [_thread_blocked, id=5891, stack(0x000000016bb5c000,0x000000016bd5f000)]
  0x000000010f008600 JavaThread "Reference Handler" daemon [_thread_blocked, id=16131, stack(0x000000016c9b0000,0x000000016cbb3000)]
  0x000000011f0b3c00 JavaThread "Finalizer" daemon [_thread_blocked, id=15107, stack(0x000000016cbbc000,0x000000016cdbf000)]
  0x000000010f009c00 JavaThread "Signal Dispatcher" daemon [_thread_blocked, id=23043, stack(0x000000016cf6c000,0x000000016d16f000)]
  0x000000012f00e800 JavaThread "Service Thread" daemon [_thread_blocked, id=42499, stack(0x000000016d178000,0x000000016d37b000)]
  0x000000012f00d600 JavaThread "Monitor Deflation Thread" daemon [_thread_blocked, id=23555, stack(0x000000016d384000,0x000000016d587000)]
  0x000000012f00dc00 JavaThread "C2 CompilerThread0" daemon [_thread_in_native, id=23811, stack(0x000000016d590000,0x000000016d793000)]
  0x000000012f00e200 JavaThread "C1 CompilerThread0" daemon [_thread_blocked, id=41475, stack(0x000000016d79c000,0x000000016d99f000)]
  0x000000012f019000 JavaThread "Sweeper thread" daemon [_thread_blocked, id=24323, stack(0x000000016d9a8000,0x000000016dbab000)]
  0x000000010f818800 JavaThread "Common-Cleaner" daemon [_thread_blocked, id=40963, stack(0x000000016dbb4000,0x000000016ddb7000)]
  0x000000012f0abe00 JavaThread "Monitor Ctrl-Break" daemon [_thread_in_native, id=40707, stack(0x000000016ddc0000,0x000000016dfc3000)]
  0x000000010e00c200 JavaThread "Notification Thread" daemon [_thread_blocked, id=25091, stack(0x000000016dfcc000,0x000000016e1cf000)]
  0x000000012f00f400 JavaThread "QuantumRenderer-0" daemon [_thread_blocked, id=40195, stack(0x000000016e3e4000,0x000000016e5e7000)]
=>0x0000000130816e00 JavaThread "InvokeLaterDispatcher" daemon [_thread_in_native, id=29451, stack(0x000000016e5f0000,0x000000016e7f3000)]
  0x0000000130814e00 JavaThread "JavaFX Application Thread" [_thread_in_vm, id=259, stack(0x000000016b2d4000,0x000000016bad0000)]
  0x000000010f0d5a00 JavaThread "JavaFX-Launcher" [_thread_blocked, id=51979, stack(0x000000016e914000,0x000000016eb17000)]
  0x0000000130ab1400 JavaThread "Prism Font Disposer" daemon [_thread_blocked, id=70663, stack(0x000000016f5e8000,0x000000016f7eb000)]
  0x000000012f3fce00 JavaThread "Cleaner-0" daemon [_thread_blocked, id=65543, stack(0x000000016f880000,0x000000016fa83000)]
  0x000000010f115e00 JavaThread "Attach Listener" daemon [_thread_blocked, id=1479, stack(0x000000016fa8c000,0x000000016fc8f000)]
  0x000000010f81c800 JavaThread "PulseTimer-CVDisplayLink thread" daemon [_thread_in_native, id=61527, stack(0x000000016e7fc000,0x000000016e87f000)]

Other Threads:
  0x000000011ee0caa0 VMThread "VM Thread" [stack: 0x000000016c7a4000,0x000000016c9a7000] [id=14339]
  0x000000010ef05f90 WatcherThread [stack: 0x000000016e1d8000,0x000000016e3db000] [id=25603]
  0x000000011ee06df0 GCTaskThread "GC Thread#0" [stack: 0x000000016bd68000,0x000000016bf6b000] [id=19715]
  0x000000012ee225d0 GCTaskThread "GC Thread#1" [stack: 0x000000016ebac000,0x000000016edaf000] [id=75011]
  0x000000012ee22a50 GCTaskThread "GC Thread#2" [stack: 0x000000016edb8000,0x000000016efbb000] [id=55299]
  0x000000012ee232c0 GCTaskThread "GC Thread#3" [stack: 0x000000016efc4000,0x000000016f1c7000] [id=74243]
  0x0000000130034e80 GCTaskThread "GC Thread#4" [stack: 0x000000016f1d0000,0x000000016f3d3000] [id=73731]
  0x0000000130035750 GCTaskThread "GC Thread#5" [stack: 0x000000016f3dc000,0x000000016f5df000] [id=55555]
  0x000000012ee62010 GCTaskThread "GC Thread#6" [stack: 0x000000016fc98000,0x000000016fe9b000] [id=61703]
  0x000000012ee62490 GCTaskThread "GC Thread#7" [stack: 0x0000000280004000,0x0000000280207000] [id=64515]
  0x000000012ef04420 ConcurrentGCThread "G1 Main Marker" [stack: 0x000000016bf74000,0x000000016c177000] [id=19203]
  0x000000011c004080 ConcurrentGCThread "G1 Conc#0" [stack: 0x000000016c180000,0x000000016c383000] [id=18691]
  0x000000011ee085b0 ConcurrentGCThread "G1 Refine#0" [stack: 0x000000016c38c000,0x000000016c58f000] [id=18179]
  0x000000012ee62d00 ConcurrentGCThread "G1 Refine#1" [stack: 0x0000000280210000,0x0000000280413000] [id=64003]
  0x000000011c0075e0 ConcurrentGCThread "G1 Refine#2" [stack: 0x000000028041c000,0x000000028061f000] [id=63747]
  0x000000010dd04700 ConcurrentGCThread "G1 Refine#3" [stack: 0x0000000280628000,0x000000028082b000] [id=87299]
  0x000000011c008220 ConcurrentGCThread "G1 Refine#4" [stack: 0x0000000280834000,0x0000000280a37000] [id=174339]
  0x000000011ee08e50 ConcurrentGCThread "G1 Service" [stack: 0x000000016c598000,0x000000016c79b000] [id=13315]

Threads with active compile tasks:
C2 CompilerThread0    18422 3405       4       com.sun.marlin.Renderer::_endRendering (2473 bytes)

VM state: not at safepoint (normal execution)

VM Mutex/Monitor currently owned by a thread: None

Heap address: 0x0000000780000000, size: 2048 MB, Compressed Oops mode: Zero based, Oop shift amount: 3

CDS archive(s) mapped at: [0x0000000800000000-0x0000000800bd4000-0x0000000800bd4000), size 12402688, SharedBaseAddress: 0x0000000800000000, ArchiveRelocationMode: 0.
Compressed class space mapped at: 0x0000000800c00000-0x0000000840c00000, reserved size: 1073741824
Narrow klass base: 0x0000000800000000, Narrow klass shift: 0, Narrow klass range: 0x100000000

GC Precious Log:
 CPUs: 8 total, 8 available
 Memory: 8192M
 Large Page Support: Disabled
 NUMA Support: Disabled
 Compressed Oops: Enabled (Zero based)
 Heap Region Size: 1M
 Heap Min Capacity: 8M
 Heap Initial Capacity: 128M
 Heap Max Capacity: 2G
 Pre-touch: Disabled
 Parallel Workers: 8
 Concurrent Workers: 2
 Concurrent Refinement Workers: 8
 Periodic GC: Disabled

Heap:
 garbage-first heap   total 133120K, used 23707K [0x0000000780000000, 0x0000000800000000)
  region size 1024K, 16 young (16384K), 6 survivors (6144K)
 Metaspace       used 17443K, committed 17728K, reserved 1064960K
  class space    used 2612K, committed 2752K, reserved 1048576K

Heap Regions: E=young(eden), S=young(survivor), O=old, HS=humongous(starts), HC=humongous(continues), CS=collection set, F=free, OA=open archive, CA=closed archive, TAMS=top-at-mark-start (previous, next)
|   0|0x0000000780000000, 0x0000000780100000, 0x0000000780100000|100%| O|  |TAMS 0x0000000780000000, 0x0000000780000000| Untracked 
|   1|0x0000000780100000, 0x0000000780200000, 0x0000000780200000|100%|HS|  |TAMS 0x0000000780100000, 0x0000000780100000| Complete 
|   2|0x0000000780200000, 0x0000000780300000, 0x0000000780300000|100%|HC|  |TAMS 0x0000000780200000, 0x0000000780200000| Complete 
|   3|0x0000000780300000, 0x0000000780400000, 0x0000000780400000|100%| O|  |TAMS 0x0000000780300000, 0x0000000780300000| Untracked 
|   4|0x0000000780400000, 0x000000078042ee00, 0x0000000780500000| 18%| O|  |TAMS 0x0000000780400000, 0x0000000780400000| Untracked 
|   5|0x0000000780500000, 0x0000000780600000, 0x0000000780600000|100%|HS|  |TAMS 0x0000000780500000, 0x0000000780500000| Complete 
|   6|0x0000000780600000, 0x0000000780700000, 0x0000000780700000|100%|HS|  |TAMS 0x0000000780600000, 0x0000000780600000| Complete 
|   7|0x0000000780700000, 0x0000000780800000, 0x0000000780800000|100%|HC|  |TAMS 0x0000000780700000, 0x0000000780700000| Complete 
|   8|0x0000000780800000, 0x0000000780800000, 0x0000000780900000|  0%| F|  |TAMS 0x0000000780800000, 0x0000000780800000| Untracked 
|   9|0x0000000780900000, 0x0000000780900000, 0x0000000780a00000|  0%| F|  |TAMS 0x0000000780900000, 0x0000000780900000| Untracked 
|  10|0x0000000780a00000, 0x0000000780a00000, 0x0000000780b00000|  0%| F|  |TAMS 0x0000000780a00000, 0x0000000780a00000| Untracked 
|  11|0x0000000780b00000, 0x0000000780b00000, 0x0000000780c00000|  0%| F|  |TAMS 0x0000000780b00000, 0x0000000780b00000| Untracked 
|  12|0x0000000780c00000, 0x0000000780c00000, 0x0000000780d00000|  0%| F|  |TAMS 0x0000000780c00000, 0x0000000780c00000| Untracked 
|  13|0x0000000780d00000, 0x0000000780d00000, 0x0000000780e00000|  0%| F|  |TAMS 0x0000000780d00000, 0x0000000780d00000| Untracked 
|  14|0x0000000780e00000, 0x0000000780e00000, 0x0000000780f00000|  0%| F|  |TAMS 0x0000000780e00000, 0x0000000780e00000| Untracked 
|  15|0x0000000780f00000, 0x0000000780f00000, 0x0000000781000000|  0%| F|  |TAMS 0x0000000780f00000, 0x0000000780f00000| Untracked 
|  16|0x0000000781000000, 0x0000000781000000, 0x0000000781100000|  0%| F|  |TAMS 0x0000000781000000, 0x0000000781000000| Untracked 
|  17|0x0000000781100000, 0x0000000781100000, 0x0000000781200000|  0%| F|  |TAMS 0x0000000781100000, 0x0000000781100000| Untracked 
|  18|0x0000000781200000, 0x0000000781200000, 0x0000000781300000|  0%| F|  |TAMS 0x0000000781200000, 0x0000000781200000| Untracked 
|  19|0x0000000781300000, 0x0000000781300000, 0x0000000781400000|  0%| F|  |TAMS 0x0000000781300000, 0x0000000781300000| Untracked 
|  20|0x0000000781400000, 0x0000000781400000, 0x0000000781500000|  0%| F|  |TAMS 0x0000000781400000, 0x0000000781400000| Untracked 
|  21|0x0000000781500000, 0x0000000781500000, 0x0000000781600000|  0%| F|  |TAMS 0x0000000781500000, 0x0000000781500000| Untracked 
|  22|0x0000000781600000, 0x0000000781600000, 0x0000000781700000|  0%| F|  |TAMS 0x0000000781600000, 0x0000000781600000| Untracked 
|  23|0x0000000781700000, 0x0000000781700000, 0x0000000781800000|  0%| F|  |TAMS 0x0000000781700000, 0x0000000781700000| Untracked 
|  24|0x0000000781800000, 0x0000000781800000, 0x0000000781900000|  0%| F|  |TAMS 0x0000000781800000, 0x0000000781800000| Untracked 
|  25|0x0000000781900000, 0x0000000781900000, 0x0000000781a00000|  0%| F|  |TAMS 0x0000000781900000, 0x0000000781900000| Untracked 
|  26|0x0000000781a00000, 0x0000000781a00000, 0x0000000781b00000|  0%| F|  |TAMS 0x0000000781a00000, 0x0000000781a00000| Untracked 
|  27|0x0000000781b00000, 0x0000000781b00000, 0x0000000781c00000|  0%| F|  |TAMS 0x0000000781b00000, 0x0000000781b00000| Untracked 
|  28|0x0000000781c00000, 0x0000000781c00000, 0x0000000781d00000|  0%| F|  |TAMS 0x0000000781c00000, 0x0000000781c00000| Untracked 
|  29|0x0000000781d00000, 0x0000000781d00000, 0x0000000781e00000|  0%| F|  |TAMS 0x0000000781d00000, 0x0000000781d00000| Untracked 
|  30|0x0000000781e00000, 0x0000000781e00000, 0x0000000781f00000|  0%| F|  |TAMS 0x0000000781e00000, 0x0000000781e00000| Untracked 
|  31|0x0000000781f00000, 0x0000000781f00000, 0x0000000782000000|  0%| F|  |TAMS 0x0000000781f00000, 0x0000000781f00000| Untracked 
|  32|0x0000000782000000, 0x0000000782000000, 0x0000000782100000|  0%| F|  |TAMS 0x0000000782000000, 0x0000000782000000| Untracked 
|  33|0x0000000782100000, 0x0000000782100000, 0x0000000782200000|  0%| F|  |TAMS 0x0000000782100000, 0x0000000782100000| Untracked 
|  34|0x0000000782200000, 0x0000000782200000, 0x0000000782300000|  0%| F|  |TAMS 0x0000000782200000, 0x0000000782200000| Untracked 
|  35|0x0000000782300000, 0x0000000782300000, 0x0000000782400000|  0%| F|  |TAMS 0x0000000782300000, 0x0000000782300000| Untracked 
|  36|0x0000000782400000, 0x0000000782400000, 0x0000000782500000|  0%| F|  |TAMS 0x0000000782400000, 0x0000000782400000| Untracked 
|  37|0x0000000782500000, 0x0000000782500000, 0x0000000782600000|  0%| F|  |TAMS 0x0000000782500000, 0x0000000782500000| Untracked 
|  38|0x0000000782600000, 0x0000000782600000, 0x0000000782700000|  0%| F|  |TAMS 0x0000000782600000, 0x0000000782600000| Untracked 
|  39|0x0000000782700000, 0x0000000782700000, 0x0000000782800000|  0%| F|  |TAMS 0x0000000782700000, 0x0000000782700000| Untracked 
|  40|0x0000000782800000, 0x0000000782800000, 0x0000000782900000|  0%| F|  |TAMS 0x0000000782800000, 0x0000000782800000| Untracked 
|  41|0x0000000782900000, 0x0000000782900000, 0x0000000782a00000|  0%| F|  |TAMS 0x0000000782900000, 0x0000000782900000| Untracked 
|  42|0x0000000782a00000, 0x0000000782a00000, 0x0000000782b00000|  0%| F|  |TAMS 0x0000000782a00000, 0x0000000782a00000| Untracked 
|  43|0x0000000782b00000, 0x0000000782b00000, 0x0000000782c00000|  0%| F|  |TAMS 0x0000000782b00000, 0x0000000782b00000| Untracked 
|  44|0x0000000782c00000, 0x0000000782c00000, 0x0000000782d00000|  0%| F|  |TAMS 0x0000000782c00000, 0x0000000782c00000| Untracked 
|  45|0x0000000782d00000, 0x0000000782d00000, 0x0000000782e00000|  0%| F|  |TAMS 0x0000000782d00000, 0x0000000782d00000| Untracked 
|  46|0x0000000782e00000, 0x0000000782e00000, 0x0000000782f00000|  0%| F|  |TAMS 0x0000000782e00000, 0x0000000782e00000| Untracked 
|  47|0x0000000782f00000, 0x0000000782f00000, 0x0000000783000000|  0%| F|  |TAMS 0x0000000782f00000, 0x0000000782f00000| Untracked 
|  48|0x0000000783000000, 0x0000000783000000, 0x0000000783100000|  0%| F|  |TAMS 0x0000000783000000, 0x0000000783000000| Untracked 
|  49|0x0000000783100000, 0x0000000783100000, 0x0000000783200000|  0%| F|  |TAMS 0x0000000783100000, 0x0000000783100000| Untracked 
|  50|0x0000000783200000, 0x0000000783200000, 0x0000000783300000|  0%| F|  |TAMS 0x0000000783200000, 0x0000000783200000| Untracked 
|  51|0x0000000783300000, 0x0000000783300000, 0x0000000783400000|  0%| F|  |TAMS 0x0000000783300000, 0x0000000783300000| Untracked 
|  52|0x0000000783400000, 0x0000000783400000, 0x0000000783500000|  0%| F|  |TAMS 0x0000000783400000, 0x0000000783400000| Untracked 
|  53|0x0000000783500000, 0x0000000783500000, 0x0000000783600000|  0%| F|  |TAMS 0x0000000783500000, 0x0000000783500000| Untracked 
|  54|0x0000000783600000, 0x0000000783600000, 0x0000000783700000|  0%| F|  |TAMS 0x0000000783600000, 0x0000000783600000| Untracked 
|  55|0x0000000783700000, 0x0000000783700000, 0x0000000783800000|  0%| F|  |TAMS 0x0000000783700000, 0x0000000783700000| Untracked 
|  56|0x0000000783800000, 0x0000000783800000, 0x0000000783900000|  0%| F|  |TAMS 0x0000000783800000, 0x0000000783800000| Untracked 
|  57|0x0000000783900000, 0x0000000783900000, 0x0000000783a00000|  0%| F|  |TAMS 0x0000000783900000, 0x0000000783900000| Untracked 
|  58|0x0000000783a00000, 0x0000000783a00000, 0x0000000783b00000|  0%| F|  |TAMS 0x0000000783a00000, 0x0000000783a00000| Untracked 
|  59|0x0000000783b00000, 0x0000000783b00000, 0x0000000783c00000|  0%| F|  |TAMS 0x0000000783b00000, 0x0000000783b00000| Untracked 
|  60|0x0000000783c00000, 0x0000000783c00000, 0x0000000783d00000|  0%| F|  |TAMS 0x0000000783c00000, 0x0000000783c00000| Untracked 
|  61|0x0000000783d00000, 0x0000000783d00000, 0x0000000783e00000|  0%| F|  |TAMS 0x0000000783d00000, 0x0000000783d00000| Untracked 
|  62|0x0000000783e00000, 0x0000000783e00000, 0x0000000783f00000|  0%| F|  |TAMS 0x0000000783e00000, 0x0000000783e00000| Untracked 
|  63|0x0000000783f00000, 0x0000000783f00000, 0x0000000784000000|  0%| F|  |TAMS 0x0000000783f00000, 0x0000000783f00000| Untracked 
|  64|0x0000000784000000, 0x0000000784000000, 0x0000000784100000|  0%| F|  |TAMS 0x0000000784000000, 0x0000000784000000| Untracked 
|  65|0x0000000784100000, 0x0000000784100000, 0x0000000784200000|  0%| F|  |TAMS 0x0000000784100000, 0x0000000784100000| Untracked 
|  66|0x0000000784200000, 0x0000000784200000, 0x0000000784300000|  0%| F|  |TAMS 0x0000000784200000, 0x0000000784200000| Untracked 
|  67|0x0000000784300000, 0x0000000784300000, 0x0000000784400000|  0%| F|  |TAMS 0x0000000784300000, 0x0000000784300000| Untracked 
|  68|0x0000000784400000, 0x0000000784400000, 0x0000000784500000|  0%| F|  |TAMS 0x0000000784400000, 0x0000000784400000| Untracked 
|  69|0x0000000784500000, 0x0000000784500000, 0x0000000784600000|  0%| F|  |TAMS 0x0000000784500000, 0x0000000784500000| Untracked 
|  70|0x0000000784600000, 0x0000000784600000, 0x0000000784700000|  0%| F|  |TAMS 0x0000000784600000, 0x0000000784600000| Untracked 
|  71|0x0000000784700000, 0x0000000784700000, 0x0000000784800000|  0%| F|  |TAMS 0x0000000784700000, 0x0000000784700000| Untracked 
|  72|0x0000000784800000, 0x0000000784800000, 0x0000000784900000|  0%| F|  |TAMS 0x0000000784800000, 0x0000000784800000| Untracked 
|  73|0x0000000784900000, 0x0000000784900000, 0x0000000784a00000|  0%| F|  |TAMS 0x0000000784900000, 0x0000000784900000| Untracked 
|  74|0x0000000784a00000, 0x0000000784a00000, 0x0000000784b00000|  0%| F|  |TAMS 0x0000000784a00000, 0x0000000784a00000| Untracked 
|  75|0x0000000784b00000, 0x0000000784b00000, 0x0000000784c00000|  0%| F|  |TAMS 0x0000000784b00000, 0x0000000784b00000| Untracked 
|  76|0x0000000784c00000, 0x0000000784c00000, 0x0000000784d00000|  0%| F|  |TAMS 0x0000000784c00000, 0x0000000784c00000| Untracked 
|  77|0x0000000784d00000, 0x0000000784d00000, 0x0000000784e00000|  0%| F|  |TAMS 0x0000000784d00000, 0x0000000784d00000| Untracked 
|  78|0x0000000784e00000, 0x0000000784f00000, 0x0000000784f00000|100%| S|CS|TAMS 0x0000000784e00000, 0x0000000784e00000| Complete 
|  79|0x0000000784f00000, 0x0000000785000000, 0x0000000785000000|100%| S|CS|TAMS 0x0000000784f00000, 0x0000000784f00000| Complete 
|  80|0x0000000785000000, 0x0000000785100000, 0x0000000785100000|100%| S|CS|TAMS 0x0000000785000000, 0x0000000785000000| Complete 
|  81|0x0000000785100000, 0x0000000785200000, 0x0000000785200000|100%| S|CS|TAMS 0x0000000785100000, 0x0000000785100000| Complete 
|  82|0x0000000785200000, 0x0000000785300000, 0x0000000785300000|100%| S|CS|TAMS 0x0000000785200000, 0x0000000785200000| Complete 
|  83|0x0000000785300000, 0x0000000785400000, 0x0000000785400000|100%| S|CS|TAMS 0x0000000785300000, 0x0000000785300000| Complete 
|  84|0x0000000785400000, 0x0000000785400000, 0x0000000785500000|  0%| F|  |TAMS 0x0000000785400000, 0x0000000785400000| Untracked 
|  85|0x0000000785500000, 0x0000000785500000, 0x0000000785600000|  0%| F|  |TAMS 0x0000000785500000, 0x0000000785500000| Untracked 
|  86|0x0000000785600000, 0x0000000785600000, 0x0000000785700000|  0%| F|  |TAMS 0x0000000785600000, 0x0000000785600000| Untracked 
|  87|0x0000000785700000, 0x0000000785700000, 0x0000000785800000|  0%| F|  |TAMS 0x0000000785700000, 0x0000000785700000| Untracked 
|  88|0x0000000785800000, 0x0000000785800000, 0x0000000785900000|  0%| F|  |TAMS 0x0000000785800000, 0x0000000785800000| Untracked 
|  89|0x0000000785900000, 0x0000000785900000, 0x0000000785a00000|  0%| F|  |TAMS 0x0000000785900000, 0x0000000785900000| Untracked 
|  90|0x0000000785a00000, 0x0000000785a00000, 0x0000000785b00000|  0%| F|  |TAMS 0x0000000785a00000, 0x0000000785a00000| Untracked 
|  91|0x0000000785b00000, 0x0000000785b00000, 0x0000000785c00000|  0%| F|  |TAMS 0x0000000785b00000, 0x0000000785b00000| Untracked 
|  92|0x0000000785c00000, 0x0000000785c00000, 0x0000000785d00000|  0%| F|  |TAMS 0x0000000785c00000, 0x0000000785c00000| Untracked 
|  93|0x0000000785d00000, 0x0000000785d00000, 0x0000000785e00000|  0%| F|  |TAMS 0x0000000785d00000, 0x0000000785d00000| Untracked 
|  94|0x0000000785e00000, 0x0000000785e00000, 0x0000000785f00000|  0%| F|  |TAMS 0x0000000785e00000, 0x0000000785e00000| Untracked 
|  95|0x0000000785f00000, 0x0000000785f00000, 0x0000000786000000|  0%| F|  |TAMS 0x0000000785f00000, 0x0000000785f00000| Untracked 
|  96|0x0000000786000000, 0x0000000786000000, 0x0000000786100000|  0%| F|  |TAMS 0x0000000786000000, 0x0000000786000000| Untracked 
|  97|0x0000000786100000, 0x0000000786100000, 0x0000000786200000|  0%| F|  |TAMS 0x0000000786100000, 0x0000000786100000| Untracked 
|  98|0x0000000786200000, 0x0000000786200000, 0x0000000786300000|  0%| F|  |TAMS 0x0000000786200000, 0x0000000786200000| Untracked 
|  99|0x0000000786300000, 0x0000000786300000, 0x0000000786400000|  0%| F|  |TAMS 0x0000000786300000, 0x0000000786300000| Untracked 
| 100|0x0000000786400000, 0x0000000786400000, 0x0000000786500000|  0%| F|  |TAMS 0x0000000786400000, 0x0000000786400000| Untracked 
| 101|0x0000000786500000, 0x0000000786500000, 0x0000000786600000|  0%| F|  |TAMS 0x0000000786500000, 0x0000000786500000| Untracked 
| 102|0x0000000786600000, 0x0000000786600000, 0x0000000786700000|  0%| F|  |TAMS 0x0000000786600000, 0x0000000786600000| Untracked 
| 103|0x0000000786700000, 0x0000000786700000, 0x0000000786800000|  0%| F|  |TAMS 0x0000000786700000, 0x0000000786700000| Untracked 
| 104|0x0000000786800000, 0x0000000786800000, 0x0000000786900000|  0%| F|  |TAMS 0x0000000786800000, 0x0000000786800000| Untracked 
| 105|0x0000000786900000, 0x0000000786900000, 0x0000000786a00000|  0%| F|  |TAMS 0x0000000786900000, 0x0000000786900000| Untracked 
| 106|0x0000000786a00000, 0x0000000786a00000, 0x0000000786b00000|  0%| F|  |TAMS 0x0000000786a00000, 0x0000000786a00000| Untracked 
| 107|0x0000000786b00000, 0x0000000786b00000, 0x0000000786c00000|  0%| F|  |TAMS 0x0000000786b00000, 0x0000000786b00000| Untracked 
| 108|0x0000000786c00000, 0x0000000786c00000, 0x0000000786d00000|  0%| F|  |TAMS 0x0000000786c00000, 0x0000000786c00000| Untracked 
| 109|0x0000000786d00000, 0x0000000786d00000, 0x0000000786e00000|  0%| F|  |TAMS 0x0000000786d00000, 0x0000000786d00000| Untracked 
| 110|0x0000000786e00000, 0x0000000786e00000, 0x0000000786f00000|  0%| F|  |TAMS 0x0000000786e00000, 0x0000000786e00000| Untracked 
| 111|0x0000000786f00000, 0x0000000786f00000, 0x0000000787000000|  0%| F|  |TAMS 0x0000000786f00000, 0x0000000786f00000| Untracked 
| 112|0x0000000787000000, 0x0000000787000000, 0x0000000787100000|  0%| F|  |TAMS 0x0000000787000000, 0x0000000787000000| Untracked 
| 113|0x0000000787100000, 0x0000000787100000, 0x0000000787200000|  0%| F|  |TAMS 0x0000000787100000, 0x0000000787100000| Untracked 
| 114|0x0000000787200000, 0x0000000787200000, 0x0000000787300000|  0%| F|  |TAMS 0x0000000787200000, 0x0000000787200000| Untracked 
| 115|0x0000000787300000, 0x0000000787300000, 0x0000000787400000|  0%| F|  |TAMS 0x0000000787300000, 0x0000000787300000| Untracked 
| 116|0x0000000787400000, 0x0000000787400000, 0x0000000787500000|  0%| F|  |TAMS 0x0000000787400000, 0x0000000787400000| Untracked 
| 117|0x0000000787500000, 0x0000000787500000, 0x0000000787600000|  0%| F|  |TAMS 0x0000000787500000, 0x0000000787500000| Untracked 
| 118|0x0000000787600000, 0x0000000787600800, 0x0000000787700000|  0%| E|  |TAMS 0x0000000787600000, 0x0000000787600000| Complete 
| 119|0x0000000787700000, 0x0000000787800000, 0x0000000787800000|100%| E|CS|TAMS 0x0000000787700000, 0x0000000787700000| Complete 
| 120|0x0000000787800000, 0x0000000787900000, 0x0000000787900000|100%| E|CS|TAMS 0x0000000787800000, 0x0000000787800000| Complete 
| 121|0x0000000787900000, 0x0000000787a00000, 0x0000000787a00000|100%| E|CS|TAMS 0x0000000787900000, 0x0000000787900000| Complete 
| 122|0x0000000787a00000, 0x0000000787b00000, 0x0000000787b00000|100%| E|CS|TAMS 0x0000000787a00000, 0x0000000787a00000| Complete 
| 123|0x0000000787b00000, 0x0000000787c00000, 0x0000000787c00000|100%| E|CS|TAMS 0x0000000787b00000, 0x0000000787b00000| Complete 
| 124|0x0000000787c00000, 0x0000000787d00000, 0x0000000787d00000|100%| E|CS|TAMS 0x0000000787c00000, 0x0000000787c00000| Complete 
| 125|0x0000000787d00000, 0x0000000787e00000, 0x0000000787e00000|100%| E|CS|TAMS 0x0000000787d00000, 0x0000000787d00000| Complete 
| 126|0x0000000787e00000, 0x0000000787f00000, 0x0000000787f00000|100%| E|CS|TAMS 0x0000000787e00000, 0x0000000787e00000| Complete 
| 127|0x0000000787f00000, 0x0000000788000000, 0x0000000788000000|100%| E|CS|TAMS 0x0000000787f00000, 0x0000000787f00000| Complete 
|2046|0x00000007ffe00000, 0x00000007ffe78000, 0x00000007fff00000| 46%|OA|  |TAMS 0x00000007ffe00000, 0x00000007ffe00000| Untracked 
|2047|0x00000007fff00000, 0x00000007fff80000, 0x0000000800000000| 50%|CA|  |TAMS 0x00000007fff00000, 0x00000007fff00000| Untracked 

Card table byte_map: [0x0000000104cc0000,0x00000001050c0000] _byte_map_base: 0x00000001010c0000

Marking Bits (Prev, Next): (CMBitMap*) 0x000000010f808210, (CMBitMap*) 0x000000010f808250
 Prev Bits: [0x0000000118000000, 0x000000011a000000)
 Next Bits: [0x000000011a000000, 0x000000011c000000)

Polling page: 0x00000001044b4000

Metaspace:

Usage:
  Non-class:     14.48 MB used.
      Class:      2.55 MB used.
       Both:     17.03 MB used.

Virtual space:
  Non-class space:       16.00 MB reserved,      14.62 MB ( 91%) committed,  2 nodes.
      Class space:        1.00 GB reserved,       2.69 MB ( <1%) committed,  1 nodes.
             Both:        1.02 GB reserved,      17.31 MB (  2%) committed. 

Chunk freelists:
   Non-Class:  1.02 MB
       Class:  1.17 MB
        Both:  2.19 MB

MaxMetaspaceSize: unlimited
CompressedClassSpaceSize: 1.00 GB
Initial GC threshold: 21.00 MB
Current GC threshold: 21.00 MB
CDS: on
MetaspaceReclaimPolicy: balanced
 - commit_granule_bytes: 65536.
 - commit_granule_words: 8192.
 - virtual_space_node_default_size: 1048576.
 - enlarge_chunks_in_place: 1.
 - new_chunks_are_fully_committed: 0.
 - uncommit_free_chunks: 1.
 - use_allocation_guard: 0.
 - handle_deallocations: 1.


Internal statistics:

num_allocs_failed_limit: 0.
num_arena_births: 206.
num_arena_deaths: 0.
num_vsnodes_births: 3.
num_vsnodes_deaths: 0.
num_space_committed: 277.
num_space_uncommitted: 0.
num_chunks_returned_to_freelist: 0.
num_chunks_taken_from_freelist: 785.
num_chunk_merges: 0.
num_chunk_splits: 566.
num_chunks_enlarged: 452.
num_purges: 0.
num_inconsistent_stats: 0.

CodeHeap 'non-profiled nmethods': size=120032Kb used=1615Kb max_used=1615Kb free=118416Kb
 bounds [0x0000000138ac8000, 0x0000000138d38000, 0x0000000140000000]
CodeHeap 'profiled nmethods': size=120016Kb used=7207Kb max_used=7207Kb free=112808Kb
 bounds [0x0000000131594000, 0x0000000131ca4000, 0x0000000138ac8000]
CodeHeap 'non-nmethods': size=5712Kb used=1389Kb max_used=1547Kb free=4322Kb
 bounds [0x0000000131000000, 0x0000000131270000, 0x0000000131594000]
 total_blobs=4103 nmethods=3322 adapters=697
 compilation: enabled
              stopped_count=0, restarted_count=0
 full_count=0

Compilation events (20 events):
Event: 18.243 Thread 0x000000012f00dc00 nmethod 3391 0x0000000138c59290 code [0x0000000138c59680, 0x0000000138c5a3c0]
Event: 18.385 Thread 0x000000012f00dc00 3392       4       java.util.stream.AbstractPipeline::isParallel (8 bytes)
Event: 18.385 Thread 0x000000012f00e200 3393       3       javafx.beans.property.IntegerPropertyBase::set (76 bytes)
Event: 18.386 Thread 0x000000012f00dc00 nmethod 3392 0x0000000138c5b290 code [0x0000000138c5b400, 0x0000000138c5b4b0]
Event: 18.387 Thread 0x000000012f00e200 nmethod 3393 0x0000000131c94510 code [0x0000000131c947c0, 0x0000000131c95388]
Event: 18.405 Thread 0x000000012f00dc00 3394       4       javafx.beans.property.DoublePropertyBase::isBound (13 bytes)
Event: 18.405 Thread 0x000000012f00e200 3395       3       javafx.scene.paint.Color::color (14 bytes)
Event: 18.406 Thread 0x000000012f00e200 nmethod 3395 0x0000000131c95690 code [0x0000000131c95840, 0x0000000131c959d8]
Event: 18.406 Thread 0x000000012f00e200 3396       3       javafx.css.SizeUnits$5::pixels (11 bytes)
Event: 18.406 Thread 0x000000012f00dc00 nmethod 3394 0x0000000138c5b590 code [0x0000000138c5b700, 0x0000000138c5b7b0]
Event: 18.406 Thread 0x000000012f00e200 nmethod 3396 0x0000000131c95b10 code [0x0000000131c95d00, 0x0000000131c96008]
Event: 18.406 Thread 0x000000012f00e200 3397       3       javafx.css.SizeUnits::pixelSize (18 bytes)
Event: 18.406 Thread 0x000000012f00e200 nmethod 3397 0x0000000131c96190 code [0x0000000131c96340, 0x0000000131c96558]
Event: 18.406 Thread 0x000000012f00e200 3398       3       javafx.css.SizeUnits::round (38 bytes)
Event: 18.407 Thread 0x000000012f00e200 nmethod 3398 0x0000000131c96690 code [0x0000000131c96880, 0x0000000131c96a68]
Event: 18.407 Thread 0x000000012f00e200 3399       3       javafx.scene.control.skin.LabeledSkinBase::leftLabelPadding (18 bytes)
Event: 18.408 Thread 0x000000012f00e200 nmethod 3399 0x0000000131c96b10 code [0x0000000131c96e40, 0x0000000131c97c68]
Event: 18.408 Thread 0x000000012f00e200 3400       3       com.sun.javafx.sg.prism.NGNode::getOpaqueRegion (173 bytes)
Event: 18.408 Thread 0x000000012f00dc00 3401       4       java.lang.Float::isNaN (12 bytes)
Event: 18.409 Thread 0x000000012f00dc00 nmethod 3401 0x0000000138c5b890 code [0x0000000138c5ba00, 0x0000000138c5baa0]

GC Heap History (4 events):
Event: 0.349 GC heap before
{Heap before GC invocations=0 (full 0):
 garbage-first heap   total 133120K, used 23520K [0x0000000780000000, 0x0000000800000000)
  region size 1024K, 23 young (23552K), 0 survivors (0K)
 Metaspace       used 6785K, committed 6912K, reserved 1056768K
  class space    used 867K, committed 960K, reserved 1048576K
}
Event: 0.351 GC heap after
{Heap after GC invocations=1 (full 0):
 garbage-first heap   total 133120K, used 4506K [0x0000000780000000, 0x0000000800000000)
  region size 1024K, 3 young (3072K), 3 survivors (3072K)
 Metaspace       used 6785K, committed 6912K, reserved 1056768K
  class space    used 867K, committed 960K, reserved 1048576K
}
Event: 2.525 GC heap before
{Heap before GC invocations=1 (full 0):
 garbage-first heap   total 133120K, used 48538K [0x0000000780000000, 0x0000000800000000)
  region size 1024K, 44 young (45056K), 3 survivors (3072K)
 Metaspace       used 16529K, committed 16768K, reserved 1064960K
  class space    used 2577K, committed 2688K, reserved 1048576K
}
Event: 2.531 GC heap after
{Heap after GC invocations=2 (full 0):
 garbage-first heap   total 133120K, used 11419K [0x0000000780000000, 0x0000000800000000)
  region size 1024K, 6 young (6144K), 6 survivors (6144K)
 Metaspace       used 16529K, committed 16768K, reserved 1064960K
  class space    used 2577K, committed 2688K, reserved 1048576K
}

Deoptimization events (20 events):
Event: 15.974 Thread 0x0000000130814e00 DEOPT PACKING pc=0x0000000138c27548 sp=0x000000016bacaaf0
Event: 15.974 Thread 0x0000000130814e00 DEOPT UNPACKING pc=0x000000013103ed1c sp=0x000000016baca990 mode 2
Event: 15.975 Thread 0x000000012f00f400 Uncommon trap: trap_request=0xffffff45 fr.pc=0x0000000138bee2c4 relative=0x00000000000019c4
Event: 15.975 Thread 0x000000012f00f400 Uncommon trap: reason=unstable_if action=reinterpret pc=0x0000000138bee2c4 method=com.sun.marlin.Renderer._endRendering(IILcom/sun/marlin/MarlinAlphaConsumer;)V @ 325 c2
Event: 15.975 Thread 0x000000012f00f400 DEOPT PACKING pc=0x0000000138bee2c4 sp=0x000000016e5e5670
Event: 15.975 Thread 0x000000012f00f400 DEOPT UNPACKING pc=0x000000013103ed1c sp=0x000000016e5e54a0 mode 2
Event: 16.021 Thread 0x0000000130814e00 Uncommon trap: trap_request=0xffffffde fr.pc=0x0000000138bcf7e8 relative=0x0000000000000528
Event: 16.021 Thread 0x0000000130814e00 Uncommon trap: reason=class_check action=maybe_recompile pc=0x0000000138bcf7e8 method=javafx.scene.Node.updateLocalToParentTransform()V @ 11 c2
Event: 16.021 Thread 0x0000000130814e00 DEOPT PACKING pc=0x0000000138bcf7e8 sp=0x000000016baca510
Event: 16.021 Thread 0x0000000130814e00 DEOPT UNPACKING pc=0x000000013103ed1c sp=0x000000016baca440 mode 2
Event: 16.021 Thread 0x0000000130814e00 Uncommon trap: trap_request=0xffffffde fr.pc=0x0000000138bcf7e8 relative=0x0000000000000528
Event: 16.021 Thread 0x0000000130814e00 Uncommon trap: reason=class_check action=maybe_recompile pc=0x0000000138bcf7e8 method=javafx.scene.Node.updateLocalToParentTransform()V @ 11 c2
Event: 16.021 Thread 0x0000000130814e00 DEOPT PACKING pc=0x0000000138bcf7e8 sp=0x000000016bac9b40
Event: 16.021 Thread 0x0000000130814e00 DEOPT UNPACKING pc=0x000000013103ed1c sp=0x000000016bac9a70 mode 2
Event: 16.818 Thread 0x0000000130814e00 Uncommon trap: trap_request=0xffffff45 fr.pc=0x0000000138be7830 relative=0x0000000000000670
Event: 16.818 Thread 0x0000000130814e00 Uncommon trap: reason=unstable_if action=reinterpret pc=0x0000000138be7830 method=javafx.scene.Node.intersectsBounds(Lcom/sun/javafx/geom/PickRay;)D @ 902 c2
Event: 16.818 Thread 0x0000000130814e00 DEOPT PACKING pc=0x0000000138be7830 sp=0x000000016bacaf70
Event: 16.818 Thread 0x0000000130814e00 DEOPT UNPACKING pc=0x000000013103ed1c sp=0x000000016bacadf0 mode 2
Event: 17.678 Thread 0x000000012f00f400 DEOPT PACKING pc=0x0000000131c2dc14 sp=0x000000016e5e5070
Event: 17.678 Thread 0x000000012f00f400 DEOPT UNPACKING pc=0x000000013103eb7c sp=0x000000016e5e4c70 mode 0

Classes unloaded (0 events):
No events

Classes redefined (0 events):
No events

Internal exceptions (20 events):
Event: 0.487 Thread 0x0000000130814e00 Exception <a 'java/lang/NoSuchMethodError'{0x000000078753b788}: 'java.lang.Object java.lang.invoke.DirectMethodHandle$Holder.invokeInterface(java.lang.Object, java.lang.Object, java.lang.Object)'> (0x000000078753b788) 
thrown [open/src/hotspot/share/interpreter/linkResolver.cpp, line 766]
Event: 0.487 Thread 0x0000000130814e00 Exception <a 'java/lang/IncompatibleClassChangeError'{0x000000078753f110}: Found class java.lang.Object, but interface was expected> (0x000000078753f110) 
thrown [open/src/hotspot/share/interpreter/linkResolver.cpp, line 833]
Event: 0.505 Thread 0x0000000130814e00 Exception <a 'java/lang/ClassNotFoundException'{0x000000078735c910}: com/sun/javafx/scene/control/skin/resources/controls> (0x000000078735c910) 
thrown [open/src/hotspot/share/prims/jni.cpp, line 535]
Event: 0.505 Thread 0x0000000130814e00 Exception <a 'java/lang/ClassNotFoundException'{0x000000078736a8b0}: com/sun/javafx/scene/control/skin/resources/controls_en> (0x000000078736a8b0) 
thrown [open/src/hotspot/share/prims/jni.cpp, line 535]
Event: 0.506 Thread 0x0000000130814e00 Exception <a 'java/lang/ClassNotFoundException'{0x000000078736b848}: com/sun/javafx/scene/control/skin/resources/controls_en_GB> (0x000000078736b848) 
thrown [open/src/hotspot/share/prims/jni.cpp, line 535]
Event: 0.522 Thread 0x0000000130814e00 Exception <a 'java/lang/NoSuchMethodError'{0x000000078718f1e0}: 'void java.lang.invoke.DirectMethodHandle$Holder.invokeSpecial(java.lang.Object, java.lang.Object, java.lang.Object, java.lang.Object, java.lang.Object, java.lang.Object)'> (0x000000078718f1e0) 
thrown [open/src/hotspot/share/interpreter/linkResolver.cpp, line 766]
Event: 0.573 Thread 0x0000000130814e00 Exception <a 'java/lang/NoSuchMethodError'{0x0000000786be8ba8}: 'java.lang.Object java.lang.invoke.DirectMethodHandle$Holder.newInvokeSpecial(java.lang.Object, java.lang.Object, int, int)'> (0x0000000786be8ba8) 
thrown [open/src/hotspot/share/interpreter/linkResolver.cpp, line 766]
Event: 0.577 Thread 0x0000000130814e00 Exception <a 'java/lang/NoSuchMethodError'{0x0000000786a04660}: 'java.lang.Object java.lang.invoke.DirectMethodHandle$Holder.newInvokeSpecial(java.lang.Object, java.lang.Object, int)'> (0x0000000786a04660) 
thrown [open/src/hotspot/share/interpreter/linkResolver.cpp, line 766]
Event: 0.609 Thread 0x000000012f00f400 Exception <a 'java/lang/NoSuchMethodError'{0x00000007869e8610}: 'int java.lang.invoke.DirectMethodHandle$Holder.invokeStaticInit(java.lang.Object, java.lang.Object)'> (0x00000007869e8610) 
thrown [open/src/hotspot/share/interpreter/linkResolver.cpp, line 766]
Event: 0.621 Thread 0x0000000130814e00 Exception <a 'java/lang/NoSuchMethodError'{0x00000007865fac68}: 'long java.lang.invoke.DirectMethodHandle$Holder.invokeStatic(java.lang.Object, java.lang.Object, java.lang.Object)'> (0x00000007865fac68) 
thrown [open/src/hotspot/share/interpreter/linkResolver.cpp, line 766]
Event: 0.621 Thread 0x0000000130814e00 Exception <a 'java/lang/NoSuchMethodError'{0x00000007865fe410}: 'long java.lang.invoke.DirectMethodHandle$Holder.invokeStaticInit(java.lang.Object, java.lang.Object, java.lang.Object)'> (0x00000007865fe410) 
thrown [open/src/hotspot/share/interpreter/linkResolver.cpp, line 766]
Event: 0.621 Thread 0x0000000130814e00 Exception <a 'java/lang/NoSuchMethodError'{0x0000000786416b38}: 'java.lang.Object java.lang.invoke.DirectMethodHandle$Holder.newInvokeSpecial(java.lang.Object, java.lang.Object, long)'> (0x0000000786416b38) 
thrown [open/src/hotspot/share/interpreter/linkResolver.cpp, line 766]
Event: 0.621 Thread 0x0000000130814e00 Exception <a 'java/lang/NoSuchMethodError'{0x000000078641a400}: 'java.lang.Object java.lang.invoke.Invokers$Holder.linkToTargetMethod(java.lang.Object, long, java.lang.Object)'> (0x000000078641a400) 
thrown [open/src/hotspot/share/interpreter/linkResolver.cpp, line 766]
Event: 1.684 Thread 0x0000000130814e00 Exception <a 'java/lang/NoSuchMethodError'{0x0000000785f22078}: 'java.lang.Object java.lang.invoke.DirectMethodHandle$Holder.newInvokeSpecial(java.lang.Object, java.lang.Object, int, int, int, int, int, java.lang.Object)'> (0x0000000785f22078) 
thrown [open/src/hotspot/share/interpreter/linkResolver.cpp, line 766]
Event: 1.685 Thread 0x0000000130814e00 Exception <a 'java/lang/NoSuchMethodError'{0x0000000785f35058}: 'java.lang.Object java.lang.invoke.DirectMethodHandle$Holder.newInvokeSpecial(java.lang.Object, java.lang.Object, java.lang.Object, int, int, int, int, int)'> (0x0000000785f35058) 
thrown [open/src/hotspot/share/interpreter/linkResolver.cpp, line 766]
Event: 1.685 Thread 0x0000000130814e00 Exception <a 'java/lang/NoSuchMethodError'{0x0000000785f3c8b8}: 'java.lang.Object java.lang.invoke.Invokers$Holder.linkToTargetMethod(java.lang.Object, java.lang.Object, int, int, int, int, int, java.lang.Object)'> (0x0000000785f3c8b8) 
thrown [open/src/hotspot/share/interpreter/linkResolver.cpp, line 766]
Event: 8.757 Thread 0x0000000130814e00 Exception <a 'java/lang/NoSuchMethodError'{0x00000007879000f8}: 'java.lang.Object java.lang.invoke.DirectMethodHandle$Holder.newInvokeSpecial(java.lang.Object, java.lang.Object, int, java.lang.Object, double, double, double, double, double, double, int, int, int, int, int, int, int, int)'> (0x00000007879000f8) 
thrown [open/src/hotspot/share/interpreter/linkResolver.cpp, line 766]
Event: 13.539 Thread 0x0000000130814e00 Exception <a 'java/lang/NoSuchMethodError'{0x00000007879d1318}: 'int java.lang.invoke.DirectMethodHandle$Holder.invokeVirtual(java.lang.Object, java.lang.Object)'> (0x00000007879d1318) 
thrown [open/src/hotspot/share/interpreter/linkResolver.cpp, line 766]
Event: 13.540 Thread 0x0000000130814e00 Exception <a 'java/lang/NoSuchMethodError'{0x00000007879d7b30}: 'void java.lang.invoke.DirectMethodHandle$Holder.invokeVirtual(java.lang.Object, java.lang.Object, int)'> (0x00000007879d7b30) 
thrown [open/src/hotspot/share/interpreter/linkResolver.cpp, line 766]
Event: 15.972 Thread 0x0000000130814e00 Implicit null exception at 0x0000000138be35d0 to 0x0000000138be4010

VM Operations (20 events):
Event: 8.362 Executing VM operation: Cleanup
Event: 8.362 Executing VM operation: Cleanup done
Event: 9.367 Executing VM operation: Cleanup
Event: 9.367 Executing VM operation: Cleanup done
Event: 10.370 Executing VM operation: Cleanup
Event: 10.370 Executing VM operation: Cleanup done
Event: 12.378 Executing VM operation: Cleanup
Event: 12.378 Executing VM operation: Cleanup done
Event: 13.382 Executing VM operation: Cleanup
Event: 13.382 Executing VM operation: Cleanup done
Event: 13.544 Executing VM operation: HandshakeAllThreads
Event: 13.544 Executing VM operation: HandshakeAllThreads done
Event: 14.549 Executing VM operation: Cleanup
Event: 14.549 Executing VM operation: Cleanup done
Event: 15.554 Executing VM operation: Cleanup
Event: 15.555 Executing VM operation: Cleanup done
Event: 16.557 Executing VM operation: Cleanup
Event: 16.557 Executing VM operation: Cleanup done
Event: 17.562 Executing VM operation: Cleanup
Event: 17.562 Executing VM operation: Cleanup done

Events (20 events):
Event: 13.542 loading class java/util/stream/ReduceOps$5
Event: 13.542 loading class java/util/stream/ReduceOps$5 done
Event: 13.542 loading class java/util/stream/ReduceOps$CountingSink$OfRef
Event: 13.542 loading class java/util/stream/ReduceOps$CountingSink
Event: 13.542 loading class java/util/stream/ReduceOps$CountingSink done
Event: 13.542 loading class java/util/stream/ReduceOps$CountingSink$OfRef done
Event: 13.553 Protecting memory [0x000000016e7fc000,0x000000016e808000] with protection modes 0
Event: 13.553 Thread 0x000000012f433000 Thread added: 0x000000012f433000
Event: 15.504 Protecting memory [0x000000016e7fc000,0x000000016e808000] with protection modes 3
Event: 15.504 Thread 0x000000012f433000 Thread exited: 0x000000012f433000
Event: 15.970 Protecting memory [0x000000016e7fc000,0x000000016e808000] with protection modes 0
Event: 15.970 Thread 0x000000012f849e00 Thread added: 0x000000012f849e00
Event: 16.453 Protecting memory [0x000000016e7fc000,0x000000016e808000] with protection modes 3
Event: 16.453 Thread 0x000000012f849e00 Thread exited: 0x000000012f849e00
Event: 16.519 Protecting memory [0x000000016e7fc000,0x000000016e808000] with protection modes 0
Event: 16.519 Thread 0x000000012f84b600 Thread added: 0x000000012f84b600
Event: 18.254 Protecting memory [0x000000016e7fc000,0x000000016e808000] with protection modes 3
Event: 18.254 Thread 0x000000012f84b600 Thread exited: 0x000000012f84b600
Event: 18.404 Protecting memory [0x000000016e7fc000,0x000000016e808000] with protection modes 0
Event: 18.404 Thread 0x000000010f81c800 Thread added: 0x000000010f81c800


Dynamic libraries:
0x0000000104464000 	/Users/alexbigas/Library/Java/JavaVirtualMachines/openjdk-17.0.1/Contents/Home/lib/libjli.dylib
0x0000000196d7a000 	/usr/lib/libz.1.dylib
0x0000000196e31000 	/usr/lib/libSystem.B.dylib
0x0000000196e2b000 	/usr/lib/system/libcache.dylib
0x0000000196de9000 	/usr/lib/system/libcommonCrypto.dylib
0x0000000196e12000 	/usr/lib/system/libcompiler_rt.dylib
0x0000000196e09000 	/usr/lib/system/libcopyfile.dylib
0x000000018c04f000 	/usr/lib/system/libcorecrypto.dylib
0x000000018c104000 	/usr/lib/system/libdispatch.dylib
0x000000018c2d2000 	/usr/lib/system/libdyld.dylib
0x0000000196e21000 	/usr/lib/system/libkeymgr.dylib
0x0000000196dc4000 	/usr/lib/system/libmacho.dylib
0x00000001964b4000 	/usr/lib/system/libquarantine.dylib
0x0000000196e1e000 	/usr/lib/system/libremovefile.dylib
0x000000019144a000 	/usr/lib/system/libsystem_asl.dylib
0x000000018bff1000 	/usr/lib/system/libsystem_blocks.dylib
0x000000018c18c000 	/usr/lib/system/libsystem_c.dylib
0x0000000196e16000 	/usr/lib/system/libsystem_collections.dylib
0x0000000195949000 	/usr/lib/system/libsystem_configuration.dylib
0x0000000194ba2000 	/usr/lib/system/libsystem_containermanager.dylib
0x0000000196b21000 	/usr/lib/system/libsystem_coreservices.dylib
0x000000018ea03000 	/usr/lib/system/libsystem_darwin.dylib
0x0000000196e22000 	/usr/lib/system/libsystem_dnssd.dylib
0x000000018c189000 	/usr/lib/system/libsystem_featureflags.dylib
0x000000018c2e7000 	/usr/lib/system/libsystem_info.dylib
0x0000000196d8c000 	/usr/lib/system/libsystem_m.dylib
0x000000018c0d9000 	/usr/lib/system/libsystem_malloc.dylib
0x00000001913d8000 	/usr/lib/system/libsystem_networkextension.dylib
0x000000018ee5c000 	/usr/lib/system/libsystem_notify.dylib
0x000000019d185000 	/usr/lib/system/libsystem_product_info_filter.dylib
0x000000019594e000 	/usr/lib/system/libsystem_sandbox.dylib
0x0000000196e1b000 	/usr/lib/system/libsystem_secinit.dylib
0x000000018c28d000 	/usr/lib/system/libsystem_kernel.dylib
0x000000018c2df000 	/usr/lib/system/libsystem_platform.dylib
0x000000018c2c5000 	/usr/lib/system/libsystem_pthread.dylib
0x0000000192bae000 	/usr/lib/system/libsystem_symptoms.dylib
0x000000018c035000 	/usr/lib/system/libsystem_trace.dylib
0x0000000196df6000 	/usr/lib/system/libunwind.dylib
0x000000018bff3000 	/usr/lib/system/libxpc.dylib
0x000000018c275000 	/usr/lib/libc++abi.dylib
0x000000018c14b000 	/usr/lib/libobjc.A.dylib
0x0000000196e01000 	/usr/lib/liboah.dylib
0x000000018c20e000 	/usr/lib/libc++.1.dylib
0x00000001a2cb4000 	/System/Library/Frameworks/Cocoa.framework/Versions/A/Cocoa
0x000000018eebd000 	/System/Library/Frameworks/AppKit.framework/Versions/C/AppKit
0x00000001923d4000 	/System/Library/Frameworks/CoreData.framework/Versions/A/CoreData
0x000000018d218000 	/System/Library/Frameworks/Foundation.framework/Versions/C/Foundation
0x000000018fd76000 	/System/Library/PrivateFrameworks/UIFoundation.framework/Versions/A/UIFoundation
0x000000019ce7f000 	/System/Library/PrivateFrameworks/RemoteViewServices.framework/Versions/A/RemoteViewServices
0x00000001952f0000 	/System/Library/PrivateFrameworks/XCTTargetBootstrap.framework/Versions/A/XCTTargetBootstrap
0x0000000198b73000 	/System/Library/PrivateFrameworks/InternationalSupport.framework/Versions/A/InternationalSupport
0x0000000198bfc000 	/System/Library/PrivateFrameworks/UserActivity.framework/Versions/A/UserActivity
0x0000000198068000 	/usr/lib/libspindump.dylib
0x000000018ffe7000 	/System/Library/Frameworks/UniformTypeIdentifiers.framework/Versions/A/UniformTypeIdentifiers
0x0000000193838000 	/usr/lib/libapp_launch_measurement.dylib
0x0000000192d60000 	/System/Library/PrivateFrameworks/CoreAnalytics.framework/Versions/A/CoreAnalytics
0x000000019383b000 	/System/Library/PrivateFrameworks/CoreAutoLayout.framework/Versions/A/CoreAutoLayout
0x0000000194bdf000 	/System/Library/Frameworks/Metal.framework/Versions/A/Metal
0x0000000195959000 	/usr/lib/liblangid.dylib
0x00000001952f5000 	/System/Library/PrivateFrameworks/CoreSVG.framework/Versions/A/CoreSVG
0x000000019147e000 	/System/Library/PrivateFrameworks/SkyLight.framework/Versions/A/SkyLight
0x000000019185a000 	/System/Library/Frameworks/CoreGraphics.framework/Versions/A/CoreGraphics
0x000000019d54b000 	/System/Library/Frameworks/Accelerate.framework/Versions/A/Accelerate
0x0000000197adf000 	/System/Library/PrivateFrameworks/IconServices.framework/Versions/A/IconServices
0x0000000194bc1000 	/System/Library/Frameworks/IOSurface.framework/Versions/A/IOSurface
0x0000000192d91000 	/usr/lib/libDiagnosticMessagesClient.dylib
0x00000001a0a51000 	/System/Library/Frameworks/ApplicationServices.framework/Versions/A/ApplicationServices
0x00000001952d8000 	/System/Library/PrivateFrameworks/DFRFoundation.framework/Versions/A/DFRFoundation
0x000000018e74d000 	/usr/lib/libicucore.A.dylib
0x0000000199a21000 	/System/Library/Frameworks/AudioToolbox.framework/Versions/A/AudioToolbox
0x0000000198b7f000 	/System/Library/PrivateFrameworks/DataDetectorsCore.framework/Versions/A/DataDetectorsCore
0x00000001af59d000 	/System/Library/PrivateFrameworks/TextInput.framework/Versions/A/TextInput
0x00000001913f3000 	/usr/lib/libMobileGestalt.dylib
0x0000000194fa4000 	/System/Library/Frameworks/Carbon.framework/Versions/A/Frameworks/HIToolbox.framework/Versions/A/HIToolbox
0x0000000193211000 	/System/Library/Frameworks/QuartzCore.framework/Versions/A/QuartzCore
0x000000018e3ce000 	/System/Library/Frameworks/Security.framework/Versions/A/Security
0x000000019cebf000 	/System/Library/Frameworks/Carbon.framework/Versions/A/Frameworks/SpeechRecognition.framework/Versions/A/SpeechRecognition
0x000000019358d000 	/System/Library/PrivateFrameworks/CoreUI.framework/Versions/A/CoreUI
0x000000018dcaa000 	/System/Library/Frameworks/CoreAudio.framework/Versions/A/CoreAudio
0x0000000192e85000 	/System/Library/Frameworks/DiskArbitration.framework/Versions/A/DiskArbitration
0x0000000198472000 	/System/Library/PrivateFrameworks/MultitouchSupport.framework/Versions/A/MultitouchSupport
0x00000001913f1000 	/usr/lib/libenergytrace.dylib
0x000000018ed85000 	/System/Library/Frameworks/IOKit.framework/Versions/A/IOKit
0x000000019d2ae000 	/System/Library/Frameworks/CoreServices.framework/Versions/A/CoreServices
0x00000001937c8000 	/System/Library/PrivateFrameworks/PerformanceAnalysis.framework/Versions/A/PerformanceAnalysis
0x00000001eda47000 	/System/Library/Frameworks/OpenGL.framework/Versions/A/OpenGL
0x00000001963cc000 	/System/Library/PrivateFrameworks/MobileKeyBag.framework/Versions/A/MobileKeyBag
0x0000000191e68000 	/System/Library/Frameworks/ColorSync.framework/Versions/A/ColorSync
0x000000018c314000 	/System/Library/Frameworks/CoreFoundation.framework/Versions/A/CoreFoundation
0x0000000195575000 	/System/Library/Frameworks/CoreImage.framework/Versions/A/CoreImage
0x000000018dace000 	/System/Library/Frameworks/CoreText.framework/Versions/A/CoreText
0x0000000195325000 	/System/Library/Frameworks/ImageIO.framework/Versions/A/ImageIO
0x0000000196e37000 	/System/Library/PrivateFrameworks/SoftLinking.framework/Versions/A/SoftLinking
0x0000000193886000 	/usr/lib/libxml2.2.dylib
0x00000001970d0000 	/usr/lib/libcompression.dylib
0x0000000198acf000 	/System/Library/PrivateFrameworks/TextureIO.framework/Versions/A/TextureIO
0x00000001977f8000 	/usr/lib/libate.dylib
0x00000001976bd000 	/usr/lib/liblzma.5.dylib
0x000000018cf0b000 	/System/Library/Frameworks/SystemConfiguration.framework/Versions/A/SystemConfiguration
0x0000000196e33000 	/usr/lib/libfakelink.dylib
0x0000000190f23000 	/System/Library/Frameworks/CFNetwork.framework/Versions/A/CFNetwork
0x0000000196f79000 	/usr/lib/libarchive.2.dylib
0x0000000195955000 	/System/Library/PrivateFrameworks/AppleSystemInfo.framework/Versions/A/AppleSystemInfo
0x00000001964df000 	/usr/lib/libbsm.0.dylib
0x0000000190490000 	/usr/lib/libnetwork.dylib
0x0000000196dcd000 	/usr/lib/system/libkxld.dylib
0x00000001960f9000 	/System/Library/PrivateFrameworks/IOMobileFramebuffer.framework/Versions/A/IOMobileFramebuffer
0x000000020be36000 	/usr/lib/libCoreEntitlements.dylib
0x0000000196b03000 	/System/Library/PrivateFrameworks/AppleFSCompression.framework/Versions/A/AppleFSCompression
0x00000001964c7000 	/usr/lib/libcoretls.dylib
0x00000001976d6000 	/usr/lib/libcoretls_cfhelpers.dylib
0x00000001970cb000 	/usr/lib/libpam.2.dylib
0x00000001927c4000 	/usr/lib/libsqlite3.dylib
0x000000019773f000 	/usr/lib/libxar.1.dylib
0x0000000196b14000 	/usr/lib/libbz2.1.0.dylib
0x0000000196e38000 	/usr/lib/libpcap.A.dylib
0x0000000192ba5000 	/usr/lib/libdns_services.dylib
0x000000019709e000 	/usr/lib/libapple_nghttp2.dylib
0x0000000196e75000 	/usr/lib/libiconv.2.dylib
0x0000000196dc3000 	/usr/lib/libcharset.1.dylib
0x0000000193804000 	/System/Library/Frameworks/CoreServices.framework/Versions/A/Frameworks/FSEvents.framework/Versions/A/FSEvents
0x000000018ea0e000 	/System/Library/Frameworks/CoreServices.framework/Versions/A/Frameworks/CarbonCore.framework/Versions/A/CarbonCore
0x0000000192de5000 	/System/Library/Frameworks/CoreServices.framework/Versions/A/Frameworks/Metadata.framework/Versions/A/Metadata
0x0000000196b27000 	/System/Library/Frameworks/CoreServices.framework/Versions/A/Frameworks/OSServices.framework/Versions/A/OSServices
0x0000000196fff000 	/System/Library/Frameworks/CoreServices.framework/Versions/A/Frameworks/SearchKit.framework/Versions/A/SearchKit
0x0000000192b33000 	/System/Library/Frameworks/CoreServices.framework/Versions/A/Frameworks/AE.framework/Versions/A/AE
0x000000018c85b000 	/System/Library/Frameworks/CoreServices.framework/Versions/A/Frameworks/LaunchServices.framework/Versions/A/LaunchServices
0x0000000197666000 	/System/Library/Frameworks/CoreServices.framework/Versions/A/Frameworks/DictionaryServices.framework/Versions/A/DictionaryServices
0x0000000193811000 	/System/Library/Frameworks/CoreServices.framework/Versions/A/Frameworks/SharedFileList.framework/Versions/A/SharedFileList
0x00000001964b7000 	/usr/lib/libCheckFix.dylib
0x0000000191462000 	/System/Library/PrivateFrameworks/TCC.framework/Versions/A/TCC
0x000000019595b000 	/System/Library/PrivateFrameworks/CoreNLP.framework/Versions/A/CoreNLP
0x0000000192d94000 	/System/Library/PrivateFrameworks/MetadataUtilities.framework/Versions/A/MetadataUtilities
0x000000018cfc5000 	/usr/lib/libmecabra.dylib
0x00000001964f0000 	/usr/lib/libmecab.dylib
0x000000018cf91000 	/usr/lib/libCRFSuite.dylib
0x000000019654d000 	/usr/lib/libgermantok.dylib
0x0000000197077000 	/usr/lib/libThaiTokenizer.dylib
0x0000000192e8d000 	/System/Library/Frameworks/Accelerate.framework/Versions/A/Frameworks/vImage.framework/Versions/A/vImage
0x000000019d285000 	/System/Library/Frameworks/Accelerate.framework/Versions/A/Frameworks/vecLib.framework/Versions/A/vecLib
0x0000000197784000 	/System/Library/Frameworks/Accelerate.framework/Versions/A/Frameworks/vecLib.framework/Versions/A/libvMisc.dylib
0x0000000196000000 	/System/Library/Frameworks/Accelerate.framework/Versions/A/Frameworks/vecLib.framework/Versions/A/libvDSP.dylib
0x000000018cbe6000 	/System/Library/Frameworks/Accelerate.framework/Versions/A/Frameworks/vecLib.framework/Versions/A/libBLAS.dylib
0x00000001971a1000 	/System/Library/Frameworks/Accelerate.framework/Versions/A/Frameworks/vecLib.framework/Versions/A/libLAPACK.dylib
0x0000000196550000 	/System/Library/Frameworks/Accelerate.framework/Versions/A/Frameworks/vecLib.framework/Versions/A/libLinearAlgebra.dylib
0x00000001970b6000 	/System/Library/Frameworks/Accelerate.framework/Versions/A/Frameworks/vecLib.framework/Versions/A/libSparseBLAS.dylib
0x000000019719c000 	/System/Library/Frameworks/Accelerate.framework/Versions/A/Frameworks/vecLib.framework/Versions/A/libQuadrature.dylib
0x0000000195a54000 	/System/Library/Frameworks/Accelerate.framework/Versions/A/Frameworks/vecLib.framework/Versions/A/libBNNS.dylib
0x000000018cea4000 	/System/Library/Frameworks/Accelerate.framework/Versions/A/Frameworks/vecLib.framework/Versions/A/libSparse.dylib
0x0000000195a4c000 	/System/Library/PrivateFrameworks/LinguisticData.framework/Versions/A/LinguisticData
0x000000018ce5c000 	/System/Library/PrivateFrameworks/Lexicon.framework/Versions/A/Lexicon
0x000000019777c000 	/usr/lib/libChineseTokenizer.dylib
0x000000018d60a000 	/System/Library/PrivateFrameworks/LanguageModeling.framework/Versions/A/LanguageModeling
0x0000000197079000 	/System/Library/PrivateFrameworks/AppleSauce.framework/Versions/A/AppleSauce
0x00000001960e6000 	/System/Library/PrivateFrameworks/CoreEmoji.framework/Versions/A/CoreEmoji
0x0000000196f67000 	/usr/lib/libcmph.dylib
0x00000001937e4000 	/System/Library/Frameworks/OpenDirectory.framework/Versions/A/Frameworks/CFOpenDirectory.framework/Versions/A/CFOpenDirectory
0x00000001937d4000 	/System/Library/Frameworks/OpenDirectory.framework/Versions/A/OpenDirectory
0x00000001976d8000 	/System/Library/PrivateFrameworks/APFS.framework/Versions/A/APFS
0x0000000196407000 	/System/Library/Frameworks/SecurityFoundation.framework/Versions/A/SecurityFoundation
0x000000019774e000 	/usr/lib/libutil.dylib
0x000000018ed47000 	/System/Library/PrivateFrameworks/CoreServicesStore.framework/Versions/A/CoreServicesStore
0x0000000197752000 	/usr/lib/libxslt.1.dylib
0x000000019649b000 	/System/Library/PrivateFrameworks/BackgroundTaskManagement.framework/Versions/A/BackgroundTaskManagement
0x00000001989f0000 	/System/Library/Frameworks/ImageIO.framework/Versions/A/Resources/libRadiance.dylib
0x00000001989f9000 	/System/Library/Frameworks/ImageIO.framework/Versions/A/Resources/libJPEG.dylib
0x000000019894a000 	/System/Library/Frameworks/ImageIO.framework/Versions/A/Resources/libPng.dylib
0x000000019896c000 	/System/Library/Frameworks/ImageIO.framework/Versions/A/Resources/libTIFF.dylib
0x0000000198a54000 	/System/Library/Frameworks/ImageIO.framework/Versions/A/Resources/libGIF.dylib
0x0000000198382000 	/System/Library/Frameworks/ImageIO.framework/Versions/A/Resources/libJP2.dylib
0x0000000197aa4000 	/usr/lib/libexpat.1.dylib
0x000000019833d000 	/System/Library/PrivateFrameworks/AppleJPEG.framework/Versions/A/AppleJPEG
0x0000000194e60000 	/System/Library/PrivateFrameworks/FontServices.framework/libFontParser.dylib
0x0000000192ad8000 	/System/Library/PrivateFrameworks/RunningBoardServices.framework/Versions/A/RunningBoardServices
0x00000001a338b000 	/System/Library/PrivateFrameworks/IOSurfaceAccelerator.framework/Versions/A/IOSurfaceAccelerator
0x000000019846e000 	/System/Library/PrivateFrameworks/WatchdogClient.framework/Versions/A/WatchdogClient
0x000000018d70a000 	/System/Library/Frameworks/CoreDisplay.framework/Versions/A/CoreDisplay
0x0000000194d4a000 	/System/Library/Frameworks/CoreMedia.framework/Versions/A/CoreMedia
0x0000000194bd5000 	/System/Library/PrivateFrameworks/IOAccelerator.framework/Versions/A/IOAccelerator
0x0000000193974000 	/System/Library/Frameworks/CoreVideo.framework/Versions/A/CoreVideo
0x00000001970c9000 	/System/Library/Frameworks/MetalPerformanceShaders.framework/Versions/A/MetalPerformanceShaders
0x00000001984ad000 	/System/Library/Frameworks/VideoToolbox.framework/Versions/A/VideoToolbox
0x0000000192a1c000 	/System/Library/PrivateFrameworks/BaseBoard.framework/Versions/A/BaseBoard
0x00000001927aa000 	/System/Library/PrivateFrameworks/ProtocolBuffer.framework/Versions/A/ProtocolBuffer
0x00000001989eb000 	/System/Library/PrivateFrameworks/GPUWrangler.framework/Versions/A/GPUWrangler
0x00000001989cb000 	/System/Library/PrivateFrameworks/IOPresentment.framework/Versions/A/IOPresentment
0x00000001989f3000 	/System/Library/PrivateFrameworks/DSExternalDisplay.framework/Versions/A/DSExternalDisplay
0x00000001eda3a000 	/System/Library/Frameworks/OpenGL.framework/Versions/A/Libraries/libCoreFSCache.dylib
0x00000001f8904000 	/System/Library/PrivateFrameworks/GPUCompiler.framework/Versions/31001/Libraries/libGPUCompilerUtils.dylib
0x0000000198a59000 	/System/Library/PrivateFrameworks/CMCaptureCore.framework/Versions/A/CMCaptureCore
0x0000000198055000 	/System/Library/PrivateFrameworks/AppServerSupport.framework/Versions/A/AppServerSupport
0x000000019a2df000 	/System/Library/PrivateFrameworks/perfdata.framework/Versions/A/perfdata
0x000000018d82a000 	/System/Library/PrivateFrameworks/AudioToolboxCore.framework/Versions/A/AudioToolboxCore
0x0000000194d23000 	/System/Library/PrivateFrameworks/caulk.framework/Versions/A/caulk
0x0000000199bd4000 	/usr/lib/libAudioStatistics.dylib
0x00000001abbf0000 	/System/Library/PrivateFrameworks/SystemPolicy.framework/Versions/A/SystemPolicy
0x0000000199e40000 	/usr/lib/libSMC.dylib
0x00000001a2b92000 	/System/Library/Frameworks/CoreMIDI.framework/Versions/A/CoreMIDI
0x0000000198918000 	/usr/lib/libAudioToolboxUtility.dylib
0x00000001a7d53000 	/System/Library/PrivateFrameworks/OSAServicesClient.framework/Versions/A/OSAServicesClient
0x000000019a2ec000 	/usr/lib/libperfcheck.dylib
0x00000001ac70f000 	/usr/lib/libmis.dylib
0x00000001eda9c000 	/System/Library/Frameworks/OpenGL.framework/Versions/A/Libraries/libGLU.dylib
0x00000001eda5b000 	/System/Library/Frameworks/OpenGL.framework/Versions/A/Libraries/libGFXShared.dylib
0x00000001edc48000 	/System/Library/Frameworks/OpenGL.framework/Versions/A/Libraries/libGL.dylib
0x00000001eda64000 	/System/Library/Frameworks/OpenGL.framework/Versions/A/Libraries/libGLImage.dylib
0x00000001eda58000 	/System/Library/Frameworks/OpenGL.framework/Versions/A/Libraries/libCVMSPluginSupport.dylib
0x00000001eda41000 	/System/Library/Frameworks/OpenGL.framework/Versions/A/Libraries/libCoreVMClient.dylib
0x00000001958d5000 	/System/Library/Frameworks/MetalPerformanceShaders.framework/Versions/A/Frameworks/MPSCore.framework/Versions/A/MPSCore
0x0000000196a76000 	/System/Library/Frameworks/MetalPerformanceShaders.framework/Versions/A/Frameworks/MPSImage.framework/Versions/A/MPSImage
0x0000000196565000 	/System/Library/Frameworks/MetalPerformanceShaders.framework/Versions/A/Frameworks/MPSNeuralNetwork.framework/Versions/A/MPSNeuralNetwork
0x000000019699e000 	/System/Library/Frameworks/MetalPerformanceShaders.framework/Versions/A/Frameworks/MPSMatrix.framework/Versions/A/MPSMatrix
0x0000000196777000 	/System/Library/Frameworks/MetalPerformanceShaders.framework/Versions/A/Frameworks/MPSRayIntersector.framework/Versions/A/MPSRayIntersector
0x00000001969cf000 	/System/Library/Frameworks/MetalPerformanceShaders.framework/Versions/A/Frameworks/MPSNDArray.framework/Versions/A/MPSNDArray
0x00000001f0543000 	/System/Library/Frameworks/MetalPerformanceShaders.framework/Versions/A/Frameworks/MPSFunctions.framework/Versions/A/MPSFunctions
0x000000018cabc000 	/System/Library/PrivateFrameworks/MetalTools.framework/Versions/A/MetalTools
0x0000000195953000 	/System/Library/PrivateFrameworks/AggregateDictionary.framework/Versions/A/AggregateDictionary
0x0000000197889000 	/usr/lib/libIOReport.dylib
0x00000001a1bab000 	/System/Library/PrivateFrameworks/ASEProcessing.framework/Versions/A/ASEProcessing
0x0000000197bfe000 	/System/Library/PrivateFrameworks/FaceCore.framework/Versions/A/FaceCore
0x0000000197bf0000 	/System/Library/PrivateFrameworks/GraphVisualizer.framework/Versions/A/GraphVisualizer
0x00000001f881b000 	/System/Library/PrivateFrameworks/FontServices.framework/Versions/A/FontServices
0x0000000198011000 	/System/Library/PrivateFrameworks/OTSVG.framework/Versions/A/OTSVG
0x000000019353d000 	/System/Library/Frameworks/ApplicationServices.framework/Versions/A/Frameworks/ATS.framework/Versions/A/Resources/libFontRegistry.dylib
0x000000019805e000 	/System/Library/PrivateFrameworks/FontServices.framework/libhvf.dylib
0x00000001f881c000 	/System/Library/PrivateFrameworks/FontServices.framework/libXTFontStaticRegistryData.dylib
0x00000001edde9000 	/System/Library/Frameworks/OpenCL.framework/Versions/A/OpenCL
0x0000000197a58000 	/System/Library/PrivateFrameworks/AppleVA.framework/Versions/A/AppleVA
0x0000000199bfc000 	/System/Library/Frameworks/ApplicationServices.framework/Versions/A/Frameworks/ATS.framework/Versions/A/ATS
0x0000000191f67000 	/System/Library/Frameworks/ApplicationServices.framework/Versions/A/Frameworks/HIServices.framework/Versions/A/HIServices
0x0000000198a63000 	/System/Library/Frameworks/ApplicationServices.framework/Versions/A/Frameworks/PrintCore.framework/Versions/A/PrintCore
0x0000000199f93000 	/System/Library/Frameworks/ApplicationServices.framework/Versions/A/Frameworks/QD.framework/Versions/A/QD
0x0000000199f8b000 	/System/Library/Frameworks/ApplicationServices.framework/Versions/A/Frameworks/ColorSyncLegacy.framework/Versions/A/ColorSyncLegacy
0x0000000199be8000 	/System/Library/Frameworks/ApplicationServices.framework/Versions/A/Frameworks/SpeechSynthesis.framework/Versions/A/SpeechSynthesis
0x0000000198a24000 	/System/Library/Frameworks/ApplicationServices.framework/Versions/A/Frameworks/ATSUI.framework/Versions/A/ATSUI
0x0000000199f20000 	/usr/lib/libcups.2.dylib
0x000000019a2fa000 	/System/Library/Frameworks/Kerberos.framework/Versions/A/Kerberos
0x000000019a30b000 	/System/Library/Frameworks/GSS.framework/Versions/A/GSS
0x0000000199c6c000 	/usr/lib/libresolv.9.dylib
0x000000019806d000 	/System/Library/PrivateFrameworks/Heimdal.framework/Versions/A/Heimdal
0x00000001a0de1000 	/System/Library/Frameworks/Kerberos.framework/Versions/A/Libraries/libHeimdalProxy.dylib
0x0000000192bb7000 	/System/Library/Frameworks/Network.framework/Versions/A/Network
0x0000000197abf000 	/usr/lib/libheimdal-asn1.dylib
0x000000019a35b000 	/System/Library/PrivateFrameworks/CommonAuth.framework/Versions/A/CommonAuth
0x0000000199b62000 	/System/Library/PrivateFrameworks/AudioSession.framework/Versions/A/AudioSession
0x0000000197b51000 	/System/Library/PrivateFrameworks/MediaExperience.framework/Versions/A/MediaExperience
0x00000001999e7000 	/System/Library/PrivateFrameworks/AudioSession.framework/libSessionUtility.dylib
0x0000000199f9f000 	/System/Library/PrivateFrameworks/AudioResourceArbitration.framework/Versions/A/AudioResourceArbitration
0x000000019e162000 	/System/Library/PrivateFrameworks/PowerLog.framework/Versions/A/PowerLog
0x0000000197ac9000 	/System/Library/PrivateFrameworks/IconFoundation.framework/Versions/A/IconFoundation
0x000000019ceab000 	/System/Library/PrivateFrameworks/SpeechRecognitionCore.framework/Versions/A/SpeechRecognitionCore
0x00000001055ec000 	/Users/alexbigas/Library/Java/JavaVirtualMachines/openjdk-17.0.1/Contents/Home/lib/server/libjvm.dylib
0x00000001044c8000 	/Users/alexbigas/Library/Java/JavaVirtualMachines/openjdk-17.0.1/Contents/Home/lib/libjimage.dylib
0x00000001044f4000 	/Users/alexbigas/Library/Java/JavaVirtualMachines/openjdk-17.0.1/Contents/Home/lib/libinstrument.dylib
0x0000000104540000 	/Users/alexbigas/Library/Java/JavaVirtualMachines/openjdk-17.0.1/Contents/Home/lib/libjava.dylib
0x00000001054c0000 	/Users/alexbigas/Library/Java/JavaVirtualMachines/openjdk-17.0.1/Contents/Home/lib/libnio.dylib
0x00000001054e0000 	/Users/alexbigas/Library/Java/JavaVirtualMachines/openjdk-17.0.1/Contents/Home/lib/libnet.dylib
0x0000000104528000 	/Users/alexbigas/Library/Java/JavaVirtualMachines/openjdk-17.0.1/Contents/Home/lib/libzip.dylib
0x000000010461c000 	/Users/alexbigas/.openjfx/cache/17.0.1/libprism_es2.dylib
0x000000018ed0a000 	/System/Library/PrivateFrameworks/CoreServicesInternal.framework/Versions/A/CoreServicesInternal
0x00000001edc52000 	/System/Library/Frameworks/OpenGL.framework/Versions/A/Resources/GLEngine.bundle/GLEngine
0x00000001edada000 	/System/Library/Frameworks/OpenGL.framework/Versions/A/Libraries/libGLProgrammability.dylib
0x000000010df40000 	/System/Library/Extensions/AppleMetalOpenGLRenderer.bundle/Contents/MacOS/AppleMetalOpenGLRenderer
0x00000001eddc1000 	/System/Library/Frameworks/OpenGL.framework/Versions/A/Resources/GLRendererFloat.bundle/GLRendererFloat
0x00000001edec1000 	/System/Library/Extensions/AGXMetal13_3.bundle/Contents/MacOS/AGXMetal13_3
0x00000001ac72b000 	/System/Library/PrivateFrameworks/GPURawCounter.framework/Versions/A/GPURawCounter
0x00000001a6ebc000 	/System/Library/PrivateFrameworks/IOGPU.framework/Versions/A/IOGPU
0x000000010de84000 	/Users/alexbigas/.openjfx/cache/17.0.1/libglass.dylib
0x000000019e3ba000 	/System/Library/Frameworks/FileProvider.framework/Versions/A/FileProvider
0x0000000192984000 	/System/Library/Frameworks/Accounts.framework/Versions/A/Accounts
0x000000019e53e000 	/System/Library/PrivateFrameworks/GenerationalStorage.framework/Versions/A/GenerationalStorage
0x000000019f101000 	/System/Library/PrivateFrameworks/CoreSymbolication.framework/Versions/A/CoreSymbolication
0x000000019e156000 	/System/Library/PrivateFrameworks/SymptomDiagnosticReporter.framework/Versions/A/SymptomDiagnosticReporter
0x000000018fffb000 	/System/Library/PrivateFrameworks/DesktopServicesPriv.framework/Versions/A/DesktopServicesPriv
0x000000018ee6c000 	/usr/lib/libsandbox.1.dylib
0x0000000193a02000 	/System/Library/PrivateFrameworks/UserManagement.framework/Versions/A/UserManagement
0x000000019f0be000 	/System/Library/PrivateFrameworks/DebugSymbols.framework/Versions/A/DebugSymbols
0x0000000199f7e000 	/System/Library/PrivateFrameworks/NetAuth.framework/Versions/A/NetAuth
0x000000019ae9c000 	/System/Library/PrivateFrameworks/Sharing.framework/Versions/A/Sharing
0x00000001939d2000 	/System/Library/PrivateFrameworks/login.framework/Versions/A/Frameworks/loginsupport.framework/Versions/A/loginsupport
0x00000001a02f5000 	/System/Library/PrivateFrameworks/Apple80211.framework/Versions/A/Apple80211
0x0000000196b5a000 	/System/Library/PrivateFrameworks/AuthKit.framework/Versions/A/AuthKit
0x00000001961e2000 	/System/Library/PrivateFrameworks/CoreUtils.framework/Versions/A/CoreUtils
0x0000000196105000 	/System/Library/Frameworks/CoreWLAN.framework/Versions/A/CoreWLAN
0x000000019b00c000 	/System/Library/Frameworks/IOBluetooth.framework/Versions/A/IOBluetooth
0x00000001a0355000 	/System/Library/PrivateFrameworks/CoreWiFi.framework/Versions/A/CoreWiFi
0x000000019ec9e000 	/System/Library/PrivateFrameworks/FrontBoardServices.framework/Versions/A/FrontBoardServices
0x000000019ed36000 	/System/Library/PrivateFrameworks/BoardServices.framework/Versions/A/BoardServices
0x00000001963f5000 	/System/Library/PrivateFrameworks/AssertionServices.framework/Versions/A/AssertionServices
0x00000001a04d2000 	/System/Library/PrivateFrameworks/BackBoardServices.framework/Versions/A/BackBoardServices
0x000000019a3f2000 	/System/Library/PrivateFrameworks/CorePhoneNumbers.framework/Versions/A/CorePhoneNumbers
0x0000000199c99000 	/System/Library/PrivateFrameworks/MultiverseSupport.framework/Versions/A/MultiverseSupport
0x00000001a0754000 	/System/Library/PrivateFrameworks/RemoteServiceDiscovery.framework/Versions/A/RemoteServiceDiscovery
0x000000019e286000 	/System/Library/PrivateFrameworks/DiskManagement.framework/Versions/A/DiskManagement
0x000000019e189000 	/System/Library/PrivateFrameworks/AppleIDAuthSupport.framework/Versions/A/AppleIDAuthSupport
0x00000001f2d80000 	/System/Library/PrivateFrameworks/AAAFoundation.framework/Versions/A/AAAFoundation
0x000000019a3d1000 	/System/Library/PrivateFrameworks/KeychainCircle.framework/Versions/A/KeychainCircle
0x00000001a0764000 	/System/Library/PrivateFrameworks/RemoteXPC.framework/Versions/A/RemoteXPC
0x000000019e252000 	/System/Library/PrivateFrameworks/MediaKit.framework/Versions/A/MediaKit
0x000000019e196000 	/System/Library/Frameworks/DiscRecording.framework/Versions/A/DiscRecording
0x00000001979d4000 	/usr/lib/libCoreStorage.dylib
0x00000001a07d0000 	/usr/lib/libcsfde.dylib
0x000000019b0e1000 	/System/Library/PrivateFrameworks/ProtectedCloudStorage.framework/Versions/A/ProtectedCloudStorage
0x00000001a07c8000 	/System/Library/PrivateFrameworks/EFILogin.framework/Versions/A/EFILogin
0x000000019e565000 	/System/Library/PrivateFrameworks/OctagonTrust.framework/Versions/A/OctagonTrust
0x00000001f79a2000 	/System/Library/PrivateFrameworks/CoreUtilsExtras.framework/Versions/A/CoreUtilsExtras
0x000000019e0bb000 	/System/Library/Frameworks/CoreBluetooth.framework/Versions/A/CoreBluetooth
0x00000001a0e66000 	/System/Library/Frameworks/AudioUnit.framework/Versions/A/AudioUnit
0x00000001979cc000 	/usr/lib/libMatch.1.dylib
0x00000001b0c13000 	/System/Library/Frameworks/Accelerate.framework/Versions/A/Frameworks/vImage.framework/Versions/A/Libraries/libCGInterfaces.dylib
0x000000011e1f0000 	/usr/lib/libobjc-trampolines.dylib
0x000000020bf93000 	/usr/lib/libRosetta.dylib
0x00000001936cc000 	/System/Library/PrivateFrameworks/ViewBridge.framework/Versions/A/ViewBridge
0x0000000197892000 	/System/Library/PrivateFrameworks/CrashReporterSupport.framework/Versions/A/CrashReporterSupport
0x00000001b86ca000 	/System/Library/PrivateFrameworks/OSAnalytics.framework/Versions/A/OSAnalytics
0x00000001c3a37000 	/System/Library/PrivateFrameworks/Symbolication.framework/Versions/A/Symbolication
0x00000001ac6ec000 	/System/Library/PrivateFrameworks/MallocStackLogging.framework/Versions/A/MallocStackLogging
0x000000012c56c000 	/Users/alexbigas/.openjfx/cache/17.0.1/libjavafx_font.dylib
0x0000000198130000 	/System/Library/PrivateFrameworks/login.framework/Versions/A/login
0x000000019d5d4000 	/System/Library/PrivateFrameworks/SystemAdministration.framework/Versions/A/SystemAdministration
0x0000000198c6a000 	/System/Library/Frameworks/MediaToolbox.framework/Versions/A/MediaToolbox
0x000000019ce73000 	/System/Library/Frameworks/DirectoryService.framework/Versions/A/DirectoryService
0x00000001a065c000 	/System/Library/PrivateFrameworks/DiskImages.framework/Versions/A/DiskImages
0x00000001964a6000 	/System/Library/Frameworks/ServiceManagement.framework/Versions/A/ServiceManagement
0x00000001a0846000 	/System/Library/PrivateFrameworks/LoginUIKit.framework/Versions/A/Frameworks/LoginUICore.framework/Versions/A/LoginUICore
0x00000001982e6000 	/usr/lib/libodfde.dylib
0x000000019e386000 	/System/Library/PrivateFrameworks/CoreAVCHD.framework/Versions/A/CoreAVCHD
0x000000019d596000 	/System/Library/Frameworks/MediaAccessibility.framework/Versions/A/MediaAccessibility
0x000000019e382000 	/System/Library/PrivateFrameworks/Mangrove.framework/Versions/A/Mangrove
0x000000019d5a3000 	/System/Library/PrivateFrameworks/AlgosScoreFramework.framework/Versions/A/AlgosScoreFramework
0x00000001f4a85000 	/System/Library/PrivateFrameworks/CMPhoto.framework/Versions/A/CMPhoto
0x000000019e376000 	/System/Library/PrivateFrameworks/CoreAUC.framework/Versions/A/CoreAUC
0x00000001a07dc000 	/usr/lib/libcurl.4.dylib
0x000000020c33b000 	/usr/lib/libcrypto.46.dylib
0x000000020c7e4000 	/usr/lib/libssl.48.dylib
0x00000001a04f2000 	/System/Library/Frameworks/LDAP.framework/Versions/A/LDAP
0x00000001a052e000 	/System/Library/PrivateFrameworks/TrustEvaluationAgent.framework/Versions/A/TrustEvaluationAgent
0x0000000199c85000 	/usr/lib/libsasl2.2.dylib
0x000000019d5c9000 	/System/Library/PrivateFrameworks/CoreDaemon.framework/Versions/B/CoreDaemon
0x000000019d5c3000 	/System/Library/PrivateFrameworks/AppleSRP.framework/Versions/A/AppleSRP
0x00000001b3435000 	/System/Library/CoreServices/RawCamera.bundle/Contents/MacOS/RawCamera
0x000000019a36c000 	/System/Library/PrivateFrameworks/MobileAsset.framework/Versions/A/MobileAsset
0x00000001a0e94000 	/System/Library/PrivateFrameworks/StreamingZip.framework/Versions/A/StreamingZip


VM Arguments:
jvm_args: -javaagent:/Applications/IntelliJ IDEA CE.app/Contents/lib/idea_rt.jar=57744:/Applications/IntelliJ IDEA CE.app/Contents/bin -Dfile.encoding=UTF-8 --module-path=/Users/alexbigas/.m2/repository/org/openjfx/javafx-controls/17.0.1/javafx-controls-17.0.1-mac-aarch64.jar:/Users/alexbigas/.m2/repository/org/openjfx/javafx-fxml/17.0.1/javafx-fxml-17.0.1-mac-aarch64.jar:/Users/alexbigas/.m2/repository/org/openjfx/javafx-graphics/17.0.1/javafx-graphics-17.0.1-mac-aarch64.jar:/Users/alexbigas/.m2/repository/org/openjfx/javafx-base/17.0.1/javafx-base-17.0.1-mac-aarch64.jar:/Users/alexbigas/Desktop/kursach_demo/target/classes -Djdk.module.main=com.example.kursach_demo 
java_command: com.example.kursach_demo/com.example.kursach_demo.Main
java_class_path (initial): /Users/alexbigas/.m2/repository/org/openjfx/javafx-controls/17.0.1/javafx-controls-17.0.1.jar:/Users/alexbigas/.m2/repository/org/openjfx/javafx-graphics/17.0.1/javafx-graphics-17.0.1.jar:/Users/alexbigas/.m2/repository/org/openjfx/javafx-base/17.0.1/javafx-base-17.0.1.jar:/Users/alexbigas/.m2/repository/org/openjfx/javafx-fxml/17.0.1/javafx-fxml-17.0.1.jar
Launcher Type: SUN_STANDARD

[Global flags]
     intx CICompilerCount                          = 4                                         {product} {ergonomic}
     uint ConcGCThreads                            = 2                                         {product} {ergonomic}
     uint G1ConcRefinementThreads                  = 8                                         {product} {ergonomic}
   size_t G1HeapRegionSize                         = 1048576                                   {product} {ergonomic}
    uintx GCDrainStackTargetSize                   = 64                                        {product} {ergonomic}
   size_t InitialHeapSize                          = 134217728                                 {product} {ergonomic}
   size_t MarkStackSize                            = 4194304                                   {product} {ergonomic}
   size_t MaxHeapSize                              = 2147483648                                {product} {ergonomic}
   size_t MaxNewSize                               = 1287651328                                {product} {ergonomic}
   size_t MinHeapDeltaBytes                        = 1048576                                   {product} {ergonomic}
   size_t MinHeapSize                              = 8388608                                   {product} {ergonomic}
    uintx NonNMethodCodeHeapSize                   = 5839564                                {pd product} {ergonomic}
    uintx NonProfiledCodeHeapSize                  = 122909338                              {pd product} {ergonomic}
    uintx ProfiledCodeHeapSize                     = 122909338                              {pd product} {ergonomic}
    uintx ReservedCodeCacheSize                    = 251658240                              {pd product} {ergonomic}
     bool SegmentedCodeCache                       = true                                      {product} {ergonomic}
   size_t SoftMaxHeapSize                          = 2147483648                             {manageable} {ergonomic}
     bool UseCompressedClassPointers               = true                           {product lp64_product} {ergonomic}
     bool UseCompressedOops                        = true                           {product lp64_product} {ergonomic}
     bool UseG1GC                                  = true                                      {product} {ergonomic}
     bool UseNUMA                                  = false                                     {product} {ergonomic}
     bool UseNUMAInterleaving                      = false                                     {product} {ergonomic}

Logging:
Log output configuration:
 #0: stdout all=warning uptime,level,tags
 #1: stderr all=off uptime,level,tags

Environment Variables:
PATH=/usr/local/bin:/usr/bin:/bin:/usr/sbin:/sbin:/Library/Apple/usr/bin
SHELL=/bin/zsh
LC_CTYPE=en_GB.UTF-8

Signal Handlers:
   SIGSEGV: _ZL13crash_handleriP9__siginfoPv in libjvm.dylib, mask=11100110000111110111111111111111, flags=SA_RESTART|SA_SIGINFO
    SIGBUS: _ZL13crash_handleriP9__siginfoPv in libjvm.dylib, mask=11100110000111110111111111111111, flags=SA_RESTART|SA_SIGINFO
    SIGFPE: _ZL13crash_handleriP9__siginfoPv in libjvm.dylib, mask=11100110000111110111111111111111, flags=SA_RESTART|SA_SIGINFO
   SIGPIPE: _ZL17javaSignalHandleriP9__siginfoPv in libjvm.dylib, mask=11100110000111110111111111111111, flags=SA_RESTART|SA_SIGINFO
   SIGXFSZ: _ZL17javaSignalHandleriP9__siginfoPv in libjvm.dylib, mask=11100110000111110111111111111111, flags=SA_RESTART|SA_SIGINFO
    SIGILL: _ZL13crash_handleriP9__siginfoPv in libjvm.dylib, mask=11100110000111110111111111111111, flags=SA_RESTART|SA_SIGINFO
   SIGUSR2: _ZL10SR_handleriP9__siginfoP17__darwin_ucontext in libjvm.dylib, mask=00100000000000000000000000000000, flags=SA_RESTART|SA_SIGINFO
    SIGHUP: _ZL11UserHandleriPvS_ in libjvm.dylib, mask=11100110000111110111111111111111, flags=SA_RESTART|SA_SIGINFO
    SIGINT: _ZL11UserHandleriPvS_ in libjvm.dylib, mask=11100110000111110111111111111111, flags=SA_RESTART|SA_SIGINFO
   SIGTERM: _ZL11UserHandleriPvS_ in libjvm.dylib, mask=11100110000111110111111111111111, flags=SA_RESTART|SA_SIGINFO
   SIGQUIT: _ZL11UserHandleriPvS_ in libjvm.dylib, mask=11100110000111110111111111111111, flags=SA_RESTART|SA_SIGINFO
   SIGTRAP: _ZL13crash_handleriP9__siginfoPv in libjvm.dylib, mask=11100110000111110111111111111111, flags=SA_RESTART|SA_SIGINFO


---------------  S Y S T E M  ---------------

OS:
uname: Darwin 21.6.0 Darwin Kernel Version 21.6.0: Mon Aug 22 20:20:05 PDT 2022; root:xnu-8020.140.49~2/RELEASE_ARM64_T8101 arm64
OS uptime: 23 days 5:29 hours
rlimit (soft/hard): STACK 8176k/65520k , CORE 0k/infinity , NPROC 1333/2000 , NOFILE 10240/infinity , AS infinity/infinity , CPU infinity/infinity , DATA infinity/infinity , FSIZE infinity/infinity , MEMLOCK infinity/infinity , RSS infinity/infinity
load average: 3.15 2.28 1.86

CPU: total 8 (initial active 8) 0x61:0x0:0x1b588bb3:0, fp, simd, crc, lse

Memory: 16k page, physical 8388608k(82096k free), swap 4194304k(950400k free)

vm_info: OpenJDK 64-Bit Server VM (17.0.1+12-39) for bsd-aarch64 JRE (17.0.1+12-39), built on Sep 27 2021 17:36:05 by "mach5one" with clang Apple LLVM 12.0.0 (clang-1200.0.32.29)

END.
